[ 3586.941764] VT-GPIO_BENCHMARK: Pause ; 0 ; 32580 
[ 3587.949074] VT-GPIO_BENCHMARK: Resume ; 0 ; 27372 
[ 3602.745739] VT-GPIO_BENCHMARK: Pause ; 0 ; 37829 
[ 3603.772801] VT-GPIO_BENCHMARK: Resume ; 0 ; 33705 
[ 3608.276735] VT-GPIO_BENCHMARK: Pause ; 0 ; 37205 
[ 3609.294766] VT-GPIO_BENCHMARK: Resume ; 0 ; 44996 
[ 3615.370041] VT-GPIO_BENCHMARK: Pause ; 0 ; 41413 
[ 3616.388778] VT-GPIO_BENCHMARK: Resume ; 0 ; 40163 
[ 3623.227208] VT-GPIO_BENCHMARK: Pause ; 0 ; 44662 
[ 3624.234858] VT-GPIO_BENCHMARK: Resume ; 0 ; 44162 
[ 3632.237374] VT-GPIO_BENCHMARK: Pause ; 0 ; 43620 
[ 3633.261744] VT-GPIO_BENCHMARK: Resume ; 0 ; 34288 
[ 3637.695157] VT-GPIO_BENCHMARK: Pause ; 0 ; 41287 
[ 3638.713697] VT-GPIO_BENCHMARK: Resume ; 0 ; 39080 
[ 3645.404512] VT-GPIO_BENCHMARK: Pause ; 0 ; 52286 
[ 3646.412189] VT-GPIO_BENCHMARK: Resume ; 0 ; 51328 
[ 3653.658915] VT-GPIO_BENCHMARK: Pause ; 0 ; 40121 
[ 3654.683749] VT-GPIO_BENCHMARK: Resume ; 0 ; 34205 
[ 3662.487406] VT-GPIO_BENCHMARK: Pause ; 0 ; 50620 
[ 3663.513042] VT-GPIO_BENCHMARK: Resume ; 0 ; 39746 
[ 3668.236016] VT-GPIO_BENCHMARK: Pause ; 0 ; 44912 
[ 3669.242599] VT-GPIO_BENCHMARK: Resume ; 0 ; 37829 
[ 3675.617564] VT-GPIO_BENCHMARK: Pause ; 0 ; 52203 
[ 3676.625281] VT-GPIO_BENCHMARK: Resume ; 0 ; 59203 
[ 3683.943761] VT-GPIO_BENCHMARK: Pause ; 0 ; 46454 
[ 3684.951499] VT-GPIO_BENCHMARK: Resume ; 0 ; 39496 
[ 3692.923267] VT-GPIO_BENCHMARK: Pause ; 0 ; 45662 
[ 3693.930944] VT-GPIO_BENCHMARK: Resume ; 0 ; 42746 
[ 3698.419674] VT-GPIO_BENCHMARK: Pause ; 0 ; 38372 
[ 3699.438561] VT-GPIO_BENCHMARK: Resume ; 0 ; 37581 
[ 3705.848170] VT-GPIO_BENCHMARK: Pause ; 0 ; 52788 
[ 3706.855811] VT-GPIO_BENCHMARK: Resume ; 0 ; 46497 
[ 3714.402815] VT-GPIO_BENCHMARK: Pause ; 0 ; 29498 
[ 3715.428810] VT-GPIO_BENCHMARK: Resume ; 0 ; 28706 
[ 3723.191137] VT-GPIO_BENCHMARK: Pause ; 0 ; 45747 
[ 3724.217124] VT-GPIO_BENCHMARK: Resume ; 0 ; 39289 
[ 3728.842312] VT-GPIO_BENCHMARK: Pause ; 0 ; 39747 
[ 3729.861189] VT-GPIO_BENCHMARK: Resume ; 0 ; 35081 
[ 3734.681972] VT-GPIO_BENCHMARK: Pause ; 0 ; 35331 
[ 3734.701214] VT-GPIO_BENCHMARK: Resume ; 0 ; 28540 
[ 3737.054239] VT-GPIO_BENCHMARK: Pause ; 0 ; 52538 
[ 3738.069701] VT-GPIO_BENCHMARK: Resume ; 0 ; 57995 
[ 3745.736299] VT-GPIO_BENCHMARK: Pause ; 0 ; 30331 
[ 3746.743894] VT-GPIO_BENCHMARK: Resume ; 0 ; 29373 
[ 3754.619031] VT-GPIO_BENCHMARK: Pause ; 0 ; 31956 
[ 3755.645478] VT-GPIO_BENCHMARK: Resume ; 0 ; 29581 
[ 3759.915300] VT-GPIO_BENCHMARK: Pause ; 0 ; 28998 
[ 3760.936699] VT-GPIO_BENCHMARK: Resume ; 0 ; 35122 
[ 3768.300587] VT-GPIO_BENCHMARK: Pause ; 0 ; 52455 
[ 3769.327409] VT-GPIO_BENCHMARK: Resume ; 0 ; 46372 
[ 3777.046983] VT-GPIO_BENCHMARK: Pause ; 0 ; 49288 
[ 3778.073735] VT-GPIO_BENCHMARK: Resume ; 0 ; 39539 
[ 3785.898322] VT-GPIO_BENCHMARK: Pause ; 0 ; 37414 
[ 3786.924803] VT-GPIO_BENCHMARK: Resume ; 0 ; 33164 
[ 3791.150403] VT-GPIO_BENCHMARK: Pause ; 0 ; 37663 
[ 3792.161168] VT-GPIO_BENCHMARK: Resume ; 0 ; 33040 
[ 3798.501895] VT-GPIO_BENCHMARK: Pause ; 0 ; 45580 
[ 3799.507762] VT-GPIO_BENCHMARK: Resume ; 0 ; 37205 
[ 3807.340954] VT-GPIO_BENCHMARK: Pause ; 0 ; 41205 
[ 3808.348599] VT-GPIO_BENCHMARK: Resume ; 0 ; 36789 
[ 3816.169846] VT-GPIO_BENCHMARK: Pause ; 0 ; 46163 
[ 3817.196476] VT-GPIO_BENCHMARK: Resume ; 0 ; 38872 
[ 3821.441844] VT-GPIO_BENCHMARK: Pause ; 0 ; 35081 
[ 3822.449467] VT-GPIO_BENCHMARK: Resume ; 0 ; 33414 
[ 3829.651026] VT-GPIO_BENCHMARK: Pause ; 0 ; 51079 
[ 3830.679201] VT-GPIO_BENCHMARK: Resume ; 0 ; 41830 
[ 3838.580731] VT-GPIO_BENCHMARK: Pause ; 0 ; 30748 
[ 3839.588352] VT-GPIO_BENCHMARK: Resume ; 0 ; 26457 
[ 3847.455016] VT-GPIO_BENCHMARK: Pause ; 0 ; 36581 
[ 3848.481591] VT-GPIO_BENCHMARK: Resume ; 0 ; 34664 
[ 3852.900394] VT-GPIO_BENCHMARK: Pause ; 0 ; 49288 
[ 3853.907029] VT-GPIO_BENCHMARK: Resume ; 0 ; 40288 
[ 3860.896572] VT-GPIO_BENCHMARK: Pause ; 0 ; 56662 
[ 3861.923447] VT-GPIO_BENCHMARK: Resume ; 0 ; 49871 
[ 3870.023790] VT-GPIO_BENCHMARK: Pause ; 0 ; 30539 
[ 3871.050411] VT-GPIO_BENCHMARK: Resume ; 0 ; 36580 
[ 3878.754775] VT-GPIO_BENCHMARK: Pause ; 0 ; 27831 
[ 3879.762515] VT-GPIO_BENCHMARK: Resume ; 0 ; 24748 
[ 3884.406755] VT-GPIO_BENCHMARK: Pause ; 0 ; 28248 
[ 3885.425729] VT-GPIO_BENCHMARK: Resume ; 0 ; 26747 
[ 3892.215468] VT-GPIO_BENCHMARK: Pause ; 0 ; 45205 
[ 3893.236056] VT-GPIO_BENCHMARK: Resume ; 0 ; 46121 
[ 3900.283894] VT-GPIO_BENCHMARK: Pause ; 0 ; 31455 
[ 3901.291865] VT-GPIO_BENCHMARK: Resume ; 0 ; 35455 
[ 3909.088655] VT-GPIO_BENCHMARK: Pause ; 0 ; 35997 
[ 3910.115288] VT-GPIO_BENCHMARK: Resume ; 0 ; 33789 
[ 3914.557797] VT-GPIO_BENCHMARK: Pause ; 0 ; 39038 
[ 3915.564833] VT-GPIO_BENCHMARK: Resume ; 0 ; 33998 
[ 3922.270643] VT-GPIO_BENCHMARK: Pause ; 0 ; 62370 
[ 3923.297275] VT-GPIO_BENCHMARK: Resume ; 0 ; 48913 
[ 3931.753195] VT-GPIO_BENCHMARK: Pause ; 0 ; 48829 
[ 3932.780094] VT-GPIO_BENCHMARK: Resume ; 0 ; 38706 
[ 3940.354128] VT-GPIO_BENCHMARK: Pause ; 0 ; 37206 
[ 3941.361811] VT-GPIO_BENCHMARK: Resume ; 0 ; 34373 
[ 3946.119854] VT-GPIO_BENCHMARK: Pause ; 0 ; 42372 
[ 3947.126592] VT-GPIO_BENCHMARK: Resume ; 0 ; 38580 
[ 3953.650743] VT-GPIO_BENCHMARK: Pause ; 0 ; 54870 
[ 3954.658534] VT-GPIO_BENCHMARK: Resume ; 0 ; 46663 
[ 3962.005478] VT-GPIO_BENCHMARK: Pause ; 0 ; 47788 
[ 3963.013214] VT-GPIO_BENCHMARK: Resume ; 0 ; 38788 
[ 3970.776448] VT-GPIO_BENCHMARK: Pause ; 0 ; 49121 
[ 3971.784124] VT-GPIO_BENCHMARK: Resume ; 0 ; 42038 
[ 3976.220190] VT-GPIO_BENCHMARK: Pause ; 0 ; 46496 
[ 3977.227013] VT-GPIO_BENCHMARK: Resume ; 0 ; 39164 
[ 3983.898653] VT-GPIO_BENCHMARK: Pause ; 0 ; 50829 
[ 3984.925200] VT-GPIO_BENCHMARK: Resume ; 0 ; 46704 
[ 3992.476353] VT-GPIO_BENCHMARK: Pause ; 0 ; 30706 
[ 3993.502925] VT-GPIO_BENCHMARK: Resume ; 0 ; 26914 
[ 4001.043035] VT-GPIO_BENCHMARK: Pause ; 0 ; 37622 
[ 4002.069608] VT-GPIO_BENCHMARK: Resume ; 0 ; 35372 
[ 4006.611483] VT-GPIO_BENCHMARK: Pause ; 0 ; 37163 
[ 4007.630452] VT-GPIO_BENCHMARK: Resume ; 0 ; 34372 
[ 4014.242935] VT-GPIO_BENCHMARK: Pause ; 0 ; 55370 
[ 4015.250637] VT-GPIO_BENCHMARK: Resume ; 0 ; 49829 
[ 4022.741106] VT-GPIO_BENCHMARK: Pause ; 0 ; 41288 
[ 4023.767672] VT-GPIO_BENCHMARK: Resume ; 0 ; 36788 
[ 4031.446552] VT-GPIO_BENCHMARK: Pause ; 0 ; 48079 
[ 4032.454353] VT-GPIO_BENCHMARK: Resume ; 0 ; 40205 
[ 4036.954080] VT-GPIO_BENCHMARK: Pause ; 0 ; 45163 
[ 4037.972954] VT-GPIO_BENCHMARK: Resume ; 0 ; 37331 
[ 4044.480924] VT-GPIO_BENCHMARK: Pause ; 0 ; 52245 
[ 4045.507613] VT-GPIO_BENCHMARK: Resume ; 0 ; 47038 
[ 4053.232329] VT-GPIO_BENCHMARK: Pause ; 0 ; 50746 
[ 4054.258925] VT-GPIO_BENCHMARK: Resume ; 0 ; 39664 
[ 4061.752724] VT-GPIO_BENCHMARK: Pause ; 0 ; 60328 
[ 4062.760569] VT-GPIO_BENCHMARK: Resume ; 0 ; 41997 
[ 4067.651598] VT-GPIO_BENCHMARK: Pause ; 0 ; 38330 
[ 4068.658699] VT-GPIO_BENCHMARK: Resume ; 0 ; 32456 
[ 4075.893868] VT-GPIO_BENCHMARK: Pause ; 0 ; 54453 
[ 4076.901600] VT-GPIO_BENCHMARK: Resume ; 0 ; 47579 
[ 4084.509351] VT-GPIO_BENCHMARK: Pause ; 0 ; 36913 
[ 4085.536072] VT-GPIO_BENCHMARK: Resume ; 0 ; 33039 
[ 4093.188399] VT-GPIO_BENCHMARK: Pause ; 0 ; 45788 
[ 4094.196049] VT-GPIO_BENCHMARK: Resume ; 0 ; 39455 
[ 4098.627514] VT-GPIO_BENCHMARK: Pause ; 0 ; 27622 
[ 4099.646519] VT-GPIO_BENCHMARK: Resume ; 0 ; 27581 
[ 4106.079014] VT-GPIO_BENCHMARK: Pause ; 0 ; 41871 
[ 4107.084846] VT-GPIO_BENCHMARK: Resume ; 0 ; 46496 
[ 4113.965626] VT-GPIO_BENCHMARK: Pause ; 0 ; 39080 
[ 4114.992254] VT-GPIO_BENCHMARK: Resume ; 0 ; 32872 
[ 4122.407079] VT-GPIO_BENCHMARK: Pause ; 0 ; 35747 
[ 4123.433559] VT-GPIO_BENCHMARK: Resume ; 0 ; 35247 
[ 4128.164329] VT-GPIO_BENCHMARK: Pause ; 0 ; 50538 
[ 4129.183691] VT-GPIO_BENCHMARK: Resume ; 0 ; 39038 
[ 4136.100779] VT-GPIO_BENCHMARK: Pause ; 0 ; 53078 
[ 4137.108417] VT-GPIO_BENCHMARK: Resume ; 0 ; 44662 
[ 4145.259153] VT-GPIO_BENCHMARK: Pause ; 0 ; 48454 
[ 4146.266856] VT-GPIO_BENCHMARK: Resume ; 0 ; 40080 
[ 4153.858860] VT-GPIO_BENCHMARK: Pause ; 0 ; 36288 
[ 4154.866726] VT-GPIO_BENCHMARK: Resume ; 0 ; 35956 
[ 4159.336365] VT-GPIO_BENCHMARK: Pause ; 0 ; 38080 
[ 4160.343466] VT-GPIO_BENCHMARK: Resume ; 0 ; 34080 
[ 4167.347197] VT-GPIO_BENCHMARK: Pause ; 0 ; 52120 
[ 4168.355039] VT-GPIO_BENCHMARK: Resume ; 0 ; 61995 
[ 4175.727773] VT-GPIO_BENCHMARK: Pause ; 0 ; 40163 
[ 4176.735389] VT-GPIO_BENCHMARK: Resume ; 0 ; 30706 
[ 4184.118661] VT-GPIO_BENCHMARK: Pause ; 0 ; 46163 
[ 4185.124509] VT-GPIO_BENCHMARK: Resume ; 0 ; 36955 
[ 4189.613894] VT-GPIO_BENCHMARK: Pause ; 0 ; 47621 
[ 4190.625600] VT-GPIO_BENCHMARK: Resume ; 0 ; 38622 
[ 4197.565143] VT-GPIO_BENCHMARK: Pause ; 0 ; 55536 
[ 4198.591777] VT-GPIO_BENCHMARK: Resume ; 0 ; 51204 
[ 4206.030380] VT-GPIO_BENCHMARK: Pause ; 0 ; 39705 
[ 4207.056888] VT-GPIO_BENCHMARK: Resume ; 0 ; 31247 
[ 4214.357646] VT-GPIO_BENCHMARK: Pause ; 0 ; 27956 
[ 4215.365330] VT-GPIO_BENCHMARK: Resume ; 0 ; 27331 
[ 4219.607898] VT-GPIO_BENCHMARK: Pause ; 0 ; 27373 
[ 4220.614979] VT-GPIO_BENCHMARK: Resume ; 0 ; 32955 
[ 4227.771817] VT-GPIO_BENCHMARK: Pause ; 0 ; 59871 
[ 4228.798397] VT-GPIO_BENCHMARK: Resume ; 0 ; 45248 
[ 4236.298286] VT-GPIO_BENCHMARK: Pause ; 0 ; 31707 
[ 4237.306211] VT-GPIO_BENCHMARK: Resume ; 0 ; 27998 
[ 4244.638544] VT-GPIO_BENCHMARK: Pause ; 0 ; 38039 
[ 4245.665235] VT-GPIO_BENCHMARK: Resume ; 0 ; 32332 
[ 4250.377138] VT-GPIO_BENCHMARK: Pause ; 0 ; 38206 
[ 4251.384265] VT-GPIO_BENCHMARK: Resume ; 0 ; 33831 
[ 4258.045304] VT-GPIO_BENCHMARK: Pause ; 0 ; 53455 
[ 4259.053187] VT-GPIO_BENCHMARK: Resume ; 0 ; 47289 
[ 4266.554297] VT-GPIO_BENCHMARK: Pause ; 0 ; 32456 
[ 4267.580899] VT-GPIO_BENCHMARK: Resume ; 0 ; 28624 
[ 4275.070422] VT-GPIO_BENCHMARK: Pause ; 0 ; 28248 
[ 4276.097117] VT-GPIO_BENCHMARK: Resume ; 0 ; 25665 
[ 4280.261268] VT-GPIO_BENCHMARK: Pause ; 0 ; 39289 
[ 4281.268557] VT-GPIO_BENCHMARK: Resume ; 0 ; 39206 
[ 4288.226483] VT-GPIO_BENCHMARK: Pause ; 0 ; 56204 
[ 4289.234274] VT-GPIO_BENCHMARK: Resume ; 0 ; 43122 
[ 4296.855537] VT-GPIO_BENCHMARK: Pause ; 0 ; 29207 
[ 4297.863281] VT-GPIO_BENCHMARK: Resume ; 0 ; 28873 
[ 4305.307344] VT-GPIO_BENCHMARK: Pause ; 0 ; 35206 
[ 4306.333892] VT-GPIO_BENCHMARK: Resume ; 0 ; 34081 
[ 4310.815681] VT-GPIO_BENCHMARK: Pause ; 0 ; 44872 
[ 4311.822866] VT-GPIO_BENCHMARK: Resume ; 0 ; 36331 
[ 4318.491592] VT-GPIO_BENCHMARK: Pause ; 0 ; 53288 
[ 4319.499333] VT-GPIO_BENCHMARK: Resume ; 0 ; 55579 
[ 4327.182498] VT-GPIO_BENCHMARK: Pause ; 0 ; 46789 
[ 4328.190298] VT-GPIO_BENCHMARK: Resume ; 0 ; 39248 
[ 4335.592566] VT-GPIO_BENCHMARK: Pause ; 0 ; 34748 
[ 4336.619264] VT-GPIO_BENCHMARK: Resume ; 0 ; 34539 
[ 4341.087352] VT-GPIO_BENCHMARK: Pause ; 0 ; 48455 
[ 4342.095394] VT-GPIO_BENCHMARK: Resume ; 0 ; 38622 
[ 4348.814218] VT-GPIO_BENCHMARK: Pause ; 0 ; 49747 
[ 4349.840877] VT-GPIO_BENCHMARK: Resume ; 0 ; 43414 
[ 4357.439726] VT-GPIO_BENCHMARK: Pause ; 0 ; 38789 
[ 4358.466387] VT-GPIO_BENCHMARK: Resume ; 0 ; 33873 
[ 4366.925764] VT-GPIO_BENCHMARK: Pause ; 0 ; 39206 
[ 4367.933624] VT-GPIO_BENCHMARK: Resume ; 0 ; 34581 
[ 4372.365505] VT-GPIO_BENCHMARK: Pause ; 0 ; 37789 
[ 4373.372734] VT-GPIO_BENCHMARK: Resume ; 0 ; 35914 
[ 4380.090524] VT-GPIO_BENCHMARK: Pause ; 0 ; 52288 
[ 4381.117064] VT-GPIO_BENCHMARK: Resume ; 0 ; 45288 
[ 4388.784773] VT-GPIO_BENCHMARK: Pause ; 0 ; 28832 
[ 4389.811379] VT-GPIO_BENCHMARK: Resume ; 0 ; 28498 
[ 4397.166837] VT-GPIO_BENCHMARK: Pause ; 0 ; 31372 
[ 4398.174735] VT-GPIO_BENCHMARK: Resume ; 0 ; 29373 
[ 4402.659007] VT-GPIO_BENCHMARK: Pause ; 0 ; 45288 
[ 4403.666498] VT-GPIO_BENCHMARK: Resume ; 0 ; 36998 
[ 4410.413534] VT-GPIO_BENCHMARK: Pause ; 0 ; 54371 
[ 4411.440094] VT-GPIO_BENCHMARK: Resume ; 0 ; 46288 
[ 4419.154861] VT-GPIO_BENCHMARK: Pause ; 0 ; 45080 
[ 4420.162751] VT-GPIO_BENCHMARK: Resume ; 0 ; 38372 
[ 4428.456525] VT-GPIO_BENCHMARK: Pause ; 0 ; 37247 
[ 4429.483371] VT-GPIO_BENCHMARK: Resume ; 0 ; 34247 
[ 4433.931771] VT-GPIO_BENCHMARK: Pause ; 0 ; 44039 
[ 4434.938991] VT-GPIO_BENCHMARK: Resume ; 0 ; 39831 
[ 4441.654309] VT-GPIO_BENCHMARK: Pause ; 0 ; 51121 
[ 4442.680851] VT-GPIO_BENCHMARK: Resume ; 0 ; 46788 
[ 4450.555271] VT-GPIO_BENCHMARK: Pause ; 0 ; 31665 
[ 4451.589592] VT-GPIO_BENCHMARK: Resume ; 0 ; 26290 
[ 4459.735615] VT-GPIO_BENCHMARK: Pause ; 0 ; 29248 
[ 4460.762346] VT-GPIO_BENCHMARK: Resume ; 0 ; 25540 
[ 4465.584802] VT-GPIO_BENCHMARK: Pause ; 0 ; 37289 
[ 4466.592118] VT-GPIO_BENCHMARK: Resume ; 0 ; 35497 
[ 4473.023397] VT-GPIO_BENCHMARK: Pause ; 0 ; 53996 
[ 4474.050156] VT-GPIO_BENCHMARK: Resume ; 0 ; 48621 
[ 4481.922352] VT-GPIO_BENCHMARK: Pause ; 0 ; 36539 
[ 4482.930035] VT-GPIO_BENCHMARK: Resume ; 0 ; 37456 
[ 4491.130325] VT-GPIO_BENCHMARK: Pause ; 0 ; 60370 
[ 4492.156964] VT-GPIO_BENCHMARK: Resume ; 0 ; 54704 
[ 4496.415986] VT-GPIO_BENCHMARK: Pause ; 0 ; 43038 
[ 4497.423329] VT-GPIO_BENCHMARK: Resume ; 0 ; 36497 
[ 4504.290338] VT-GPIO_BENCHMARK: Pause ; 0 ; 51580 
[ 4505.298092] VT-GPIO_BENCHMARK: Resume ; 0 ; 55912 
[ 4513.333306] VT-GPIO_BENCHMARK: Pause ; 0 ; 36830 
[ 4514.359883] VT-GPIO_BENCHMARK: Resume ; 0 ; 32789 
[ 4522.400953] VT-GPIO_BENCHMARK: Pause ; 0 ; 34039 
[ 4523.408827] VT-GPIO_BENCHMARK: Resume ; 0 ; 36206 
[ 4528.245546] VT-GPIO_BENCHMARK: Pause ; 0 ; 41747 
[ 4529.252774] VT-GPIO_BENCHMARK: Resume ; 0 ; 40205 
[ 4535.692872] VT-GPIO_BENCHMARK: Pause ; 0 ; 59954 
[ 4536.719435] VT-GPIO_BENCHMARK: Resume ; 0 ; 44663 
[ 4544.633178] VT-GPIO_BENCHMARK: Pause ; 0 ; 37080 
[ 4545.641100] VT-GPIO_BENCHMARK: Resume ; 0 ; 33164 
[ 4553.842755] VT-GPIO_BENCHMARK: Pause ; 0 ; 48038 
[ 4554.850608] VT-GPIO_BENCHMARK: Resume ; 0 ; 40206 
[ 4559.330614] VT-GPIO_BENCHMARK: Pause ; 0 ; 38872 
[ 4560.338055] VT-GPIO_BENCHMARK: Resume ; 0 ; 34706 
