[23940.485358] VT-GPIO_BENCHMARK: Pause ; 0 ; 61995 
[23941.500455] VT-GPIO_BENCHMARK: Resume ; 0 ; 39705 
[23949.425305] VT-GPIO_BENCHMARK: Pause ; 0 ; 42746 
[23950.432617] VT-GPIO_BENCHMARK: Resume ; 0 ; 37496 
[23965.229356] VT-GPIO_BENCHMARK: Pause ; 0 ; 55579 
[23966.256403] VT-GPIO_BENCHMARK: Resume ; 0 ; 45538 
[23970.760352] VT-GPIO_BENCHMARK: Pause ; 0 ; 51246 
[23971.778407] VT-GPIO_BENCHMARK: Resume ; 0 ; 45954 
[23977.853690] VT-GPIO_BENCHMARK: Pause ; 0 ; 41871 
[23978.872412] VT-GPIO_BENCHMARK: Resume ; 0 ; 38538 
[23985.710886] VT-GPIO_BENCHMARK: Pause ; 0 ; 50662 
[23986.718533] VT-GPIO_BENCHMARK: Resume ; 0 ; 44830 
[23994.721085] VT-GPIO_BENCHMARK: Pause ; 0 ; 47204 
[23995.745444] VT-GPIO_BENCHMARK: Resume ; 0 ; 38205 
[24000.178879] VT-GPIO_BENCHMARK: Pause ; 0 ; 51996 
[24001.197422] VT-GPIO_BENCHMARK: Resume ; 0 ; 50287 
[24007.888253] VT-GPIO_BENCHMARK: Pause ; 0 ; 43704 
[24008.895923] VT-GPIO_BENCHMARK: Resume ; 0 ; 36122 
[24016.142680] VT-GPIO_BENCHMARK: Pause ; 0 ; 45287 
[24017.167525] VT-GPIO_BENCHMARK: Resume ; 0 ; 28623 
[24024.971227] VT-GPIO_BENCHMARK: Pause ; 0 ; 60162 
[24025.996837] VT-GPIO_BENCHMARK: Resume ; 0 ; 46454 
[24030.719881] VT-GPIO_BENCHMARK: Pause ; 0 ; 55412 
[24031.726422] VT-GPIO_BENCHMARK: Resume ; 0 ; 41121 
[24038.101395] VT-GPIO_BENCHMARK: Pause ; 0 ; 46830 
[24039.109090] VT-GPIO_BENCHMARK: Resume ; 0 ; 33164 
[24046.427642] VT-GPIO_BENCHMARK: Pause ; 0 ; 53162 
[24047.435375] VT-GPIO_BENCHMARK: Resume ; 0 ; 45080 
[24055.407161] VT-GPIO_BENCHMARK: Pause ; 0 ; 44912 
[24056.414879] VT-GPIO_BENCHMARK: Resume ; 0 ; 39579 
[24060.903636] VT-GPIO_BENCHMARK: Pause ; 0 ; 52246 
[24061.922500] VT-GPIO_BENCHMARK: Resume ; 0 ; 40746 
[24068.332116] VT-GPIO_BENCHMARK: Pause ; 0 ; 47121 
[24069.339749] VT-GPIO_BENCHMARK: Resume ; 0 ; 35080 
[24076.886820] VT-GPIO_BENCHMARK: Pause ; 0 ; 43204 
[24077.912809] VT-GPIO_BENCHMARK: Resume ; 0 ; 40121 
[24085.675163] VT-GPIO_BENCHMARK: Pause ; 0 ; 50329 
[24086.701159] VT-GPIO_BENCHMARK: Resume ; 0 ; 46121 
[24091.326358] VT-GPIO_BENCHMARK: Pause ; 0 ; 50788 
[24092.345248] VT-GPIO_BENCHMARK: Resume ; 0 ; 46787 
[24097.163932] VT-GPIO_BENCHMARK: Resume ; 0 ; 20415 
[24097.176777] VT-GPIO_BENCHMARK: Pause ; 0 ; 39080 
[24097.189559] VT-GPIO_BENCHMARK: Resume ; 0 ; 21790 
[24099.538292] VT-GPIO_BENCHMARK: Pause ; 0 ; 42497 
[24100.553748] VT-GPIO_BENCHMARK: Resume ; 0 ; 36830 
[24108.220421] VT-GPIO_BENCHMARK: Pause ; 0 ; 42538 
[24109.228005] VT-GPIO_BENCHMARK: Resume ; 0 ; 35872 
[24117.103173] VT-GPIO_BENCHMARK: Pause ; 0 ; 33622 
[24118.129616] VT-GPIO_BENCHMARK: Resume ; 0 ; 34997 
[24122.399452] VT-GPIO_BENCHMARK: Pause ; 0 ; 55329 
[24123.420859] VT-GPIO_BENCHMARK: Resume ; 0 ; 47163 
[24130.784795] VT-GPIO_BENCHMARK: Pause ; 0 ; 64370 
[24131.811576] VT-GPIO_BENCHMARK: Resume ; 0 ; 39788 
[24139.531172] VT-GPIO_BENCHMARK: Pause ; 0 ; 46162 
[24140.557946] VT-GPIO_BENCHMARK: Resume ; 0 ; 38330 
[24148.382592] VT-GPIO_BENCHMARK: Pause ; 0 ; 44496 
[24149.409030] VT-GPIO_BENCHMARK: Resume ; 0 ; 37164 
[24153.634681] VT-GPIO_BENCHMARK: Pause ; 0 ; 67745 
[24154.645473] VT-GPIO_BENCHMARK: Resume ; 0 ; 45121 
[24160.986174] VT-GPIO_BENCHMARK: Pause ; 0 ; 45580 
[24161.992073] VT-GPIO_BENCHMARK: Resume ; 0 ; 35664 
[24169.825263] VT-GPIO_BENCHMARK: Pause ; 0 ; 44371 
[24170.832949] VT-GPIO_BENCHMARK: Resume ; 0 ; 68744 
[24178.654201] VT-GPIO_BENCHMARK: Pause ; 0 ; 46871 
[24179.680814] VT-GPIO_BENCHMARK: Resume ; 0 ; 36455 
[24183.926246] VT-GPIO_BENCHMARK: Pause ; 0 ; 62411 
[24184.933859] VT-GPIO_BENCHMARK: Resume ; 0 ; 62578 
[24192.135395] VT-GPIO_BENCHMARK: Pause ; 0 ; 46663 
[24193.163566] VT-GPIO_BENCHMARK: Resume ; 0 ; 31955 
[24201.065148] VT-GPIO_BENCHMARK: Pause ; 0 ; 44163 
[24202.072773] VT-GPIO_BENCHMARK: Resume ; 0 ; 37205 
[24209.939514] VT-GPIO_BENCHMARK: Pause ; 0 ; 84076 
[24210.966025] VT-GPIO_BENCHMARK: Resume ; 0 ; 36455 
[24215.384848] VT-GPIO_BENCHMARK: Pause ; 0 ; 51788 
[24216.391485] VT-GPIO_BENCHMARK: Resume ; 0 ; 48537 
[24223.381052] VT-GPIO_BENCHMARK: Pause ; 0 ; 47871 
[24224.407932] VT-GPIO_BENCHMARK: Resume ; 0 ; 45412 
[24232.508332] VT-GPIO_BENCHMARK: Pause ; 0 ; 45579 
[24233.534935] VT-GPIO_BENCHMARK: Resume ; 0 ; 39580 
[24241.239358] VT-GPIO_BENCHMARK: Pause ; 0 ; 41955 
[24242.247096] VT-GPIO_BENCHMARK: Resume ; 0 ; 42663 
[24246.891330] VT-GPIO_BENCHMARK: Pause ; 0 ; 55328 
[24247.910341] VT-GPIO_BENCHMARK: Resume ; 0 ; 45829 
[24254.700077] VT-GPIO_BENCHMARK: Pause ; 0 ; 42413 
[24255.720630] VT-GPIO_BENCHMARK: Resume ; 0 ; 34538 
[24262.768535] VT-GPIO_BENCHMARK: Pause ; 0 ; 49329 
[24263.776482] VT-GPIO_BENCHMARK: Resume ; 0 ; 39580 
[24271.573314] VT-GPIO_BENCHMARK: Pause ; 0 ; 43121 
[24272.599942] VT-GPIO_BENCHMARK: Resume ; 0 ; 34872 
[24277.042492] VT-GPIO_BENCHMARK: Pause ; 0 ; 58120 
[24278.049508] VT-GPIO_BENCHMARK: Resume ; 0 ; 44830 
[24284.755359] VT-GPIO_BENCHMARK: Pause ; 0 ; 52912 
[24285.781986] VT-GPIO_BENCHMARK: Resume ; 0 ; 45705 
[24294.237904] VT-GPIO_BENCHMARK: Pause ; 0 ; 45329 
[24295.264828] VT-GPIO_BENCHMARK: Resume ; 0 ; 33997 
[24302.838921] VT-GPIO_BENCHMARK: Pause ; 0 ; 46413 
[24303.846591] VT-GPIO_BENCHMARK: Resume ; 0 ; 37997 
[24308.604666] VT-GPIO_BENCHMARK: Pause ; 0 ; 52037 
[24309.611381] VT-GPIO_BENCHMARK: Resume ; 0 ; 39955 
[24316.135530] VT-GPIO_BENCHMARK: Pause ; 0 ; 37246 
[24317.143339] VT-GPIO_BENCHMARK: Resume ; 0 ; 39580 
[24324.490361] VT-GPIO_BENCHMARK: Pause ; 0 ; 74286 
[24325.498064] VT-GPIO_BENCHMARK: Resume ; 0 ; 41413 
[24333.261321] VT-GPIO_BENCHMARK: Pause ; 0 ; 44705 
[24334.268997] VT-GPIO_BENCHMARK: Resume ; 0 ; 37038 
[24338.705099] VT-GPIO_BENCHMARK: Pause ; 0 ; 53329 
[24339.711876] VT-GPIO_BENCHMARK: Resume ; 0 ; 42371 
[24346.383581] VT-GPIO_BENCHMARK: Pause ; 0 ; 56412 
[24347.410103] VT-GPIO_BENCHMARK: Resume ; 0 ; 41622 
[24354.961312] VT-GPIO_BENCHMARK: Pause ; 0 ; 44788 
[24355.987882] VT-GPIO_BENCHMARK: Resume ; 0 ; 39830 
[24363.528032] VT-GPIO_BENCHMARK: Pause ; 0 ; 51537 
[24364.554621] VT-GPIO_BENCHMARK: Resume ; 0 ; 47246 
[24369.096461] VT-GPIO_BENCHMARK: Pause ; 0 ; 52495 
[24370.115423] VT-GPIO_BENCHMARK: Resume ; 0 ; 37747 
[24376.727956] VT-GPIO_BENCHMARK: Pause ; 0 ; 44079 
[24377.735633] VT-GPIO_BENCHMARK: Resume ; 0 ; 35497 
[24385.226167] VT-GPIO_BENCHMARK: Pause ; 0 ; 54412 
[24386.252736] VT-GPIO_BENCHMARK: Resume ; 0 ; 46705 
[24393.931629] VT-GPIO_BENCHMARK: Pause ; 0 ; 44204 
[24394.939430] VT-GPIO_BENCHMARK: Resume ; 0 ; 37331 
[24399.439193] VT-GPIO_BENCHMARK: Pause ; 0 ; 65911 
[24400.458062] VT-GPIO_BENCHMARK: Resume ; 0 ; 44037 
[24406.966078] VT-GPIO_BENCHMARK: Pause ; 0 ; 55745 
[24407.992760] VT-GPIO_BENCHMARK: Resume ; 0 ; 46079 
[24415.717467] VT-GPIO_BENCHMARK: Pause ; 0 ; 42663 
[24416.744094] VT-GPIO_BENCHMARK: Resume ; 0 ; 37872 
[24424.237900] VT-GPIO_BENCHMARK: Pause ; 0 ; 52870 
[24425.245749] VT-GPIO_BENCHMARK: Resume ; 0 ; 44371 
[24430.136820] VT-GPIO_BENCHMARK: Pause ; 0 ; 56662 
[24431.143930] VT-GPIO_BENCHMARK: Resume ; 0 ; 42621 
[24438.379087] VT-GPIO_BENCHMARK: Pause ; 0 ; 45537 
[24439.386825] VT-GPIO_BENCHMARK: Resume ; 0 ; 39664 
[24446.994644] VT-GPIO_BENCHMARK: Pause ; 0 ; 54871 
[24448.021337] VT-GPIO_BENCHMARK: Resume ; 0 ; 49079 
[24455.673675] VT-GPIO_BENCHMARK: Pause ; 0 ; 42413 
[24456.681317] VT-GPIO_BENCHMARK: Resume ; 0 ; 36956 
[24461.112870] VT-GPIO_BENCHMARK: Pause ; 0 ; 54079 
[24462.131824] VT-GPIO_BENCHMARK: Resume ; 0 ; 38872 
[24468.564363] VT-GPIO_BENCHMARK: Pause ; 0 ; 46287 
[24469.570177] VT-GPIO_BENCHMARK: Resume ; 0 ; 39329 
[24476.451007] VT-GPIO_BENCHMARK: Pause ; 0 ; 42455 
[24477.477634] VT-GPIO_BENCHMARK: Resume ; 0 ; 37122 
[24484.892481] VT-GPIO_BENCHMARK: Pause ; 0 ; 56079 
[24485.918955] VT-GPIO_BENCHMARK: Resume ; 0 ; 47996 
[24490.649728] VT-GPIO_BENCHMARK: Pause ; 0 ; 54953 
[24491.669111] VT-GPIO_BENCHMARK: Resume ; 0 ; 40830 
[24498.586208] VT-GPIO_BENCHMARK: Pause ; 0 ; 46830 
[24499.593838] VT-GPIO_BENCHMARK: Resume ; 0 ; 36580 
[24507.744597] VT-GPIO_BENCHMARK: Pause ; 0 ; 53162 
[24508.752392] VT-GPIO_BENCHMARK: Resume ; 0 ; 77576 
[24516.344369] VT-GPIO_BENCHMARK: Pause ; 0 ; 44496 
[24517.352200] VT-GPIO_BENCHMARK: Resume ; 0 ; 37163 
[24521.821907] VT-GPIO_BENCHMARK: Pause ; 0 ; 56620 
[24522.828987] VT-GPIO_BENCHMARK: Resume ; 0 ; 45621 
[24529.832716] VT-GPIO_BENCHMARK: Pause ; 0 ; 46996 
[24530.840539] VT-GPIO_BENCHMARK: Resume ; 0 ; 35747 
[24538.213349] VT-GPIO_BENCHMARK: Pause ; 0 ; 46871 
[24539.220974] VT-GPIO_BENCHMARK: Resume ; 0 ; 42746 
[24546.604287] VT-GPIO_BENCHMARK: Pause ; 0 ; 55912 
[24547.610119] VT-GPIO_BENCHMARK: Resume ; 0 ; 43746 
[24552.099522] VT-GPIO_BENCHMARK: Pause ; 0 ; 54870 
[24553.111215] VT-GPIO_BENCHMARK: Resume ; 0 ; 45204 
[24560.050799] VT-GPIO_BENCHMARK: Pause ; 0 ; 45663 
[24561.077419] VT-GPIO_BENCHMARK: Resume ; 0 ; 37455 
[24568.516055] VT-GPIO_BENCHMARK: Pause ; 0 ; 45746 
[24569.542586] VT-GPIO_BENCHMARK: Resume ; 0 ; 36496 
[24576.843387] VT-GPIO_BENCHMARK: Pause ; 0 ; 54537 
[24577.851042] VT-GPIO_BENCHMARK: Resume ; 0 ; 38330 
[24582.093656] VT-GPIO_BENCHMARK: Pause ; 0 ; 51912 
[24583.100712] VT-GPIO_BENCHMARK: Resume ; 0 ; 53204 
[24590.257546] VT-GPIO_BENCHMARK: Pause ; 0 ; 46205 
[24591.284141] VT-GPIO_BENCHMARK: Resume ; 0 ; 37164 
[24598.784095] VT-GPIO_BENCHMARK: Pause ; 0 ; 47329 
[24599.792004] VT-GPIO_BENCHMARK: Resume ; 0 ; 34372 
[24607.124382] VT-GPIO_BENCHMARK: Pause ; 0 ; 65870 
[24608.151074] VT-GPIO_BENCHMARK: Resume ; 0 ; 40997 
[24612.862969] VT-GPIO_BENCHMARK: Pause ; 0 ; 52829 
[24613.870090] VT-GPIO_BENCHMARK: Resume ; 0 ; 55120 
[24620.531131] VT-GPIO_BENCHMARK: Pause ; 0 ; 40996 
[24621.539040] VT-GPIO_BENCHMARK: Resume ; 0 ; 38496 
[24629.040155] VT-GPIO_BENCHMARK: Pause ; 0 ; 41538 
[24630.066789] VT-GPIO_BENCHMARK: Resume ; 0 ; 37497 
[24637.556329] VT-GPIO_BENCHMARK: Pause ; 0 ; 44330 
[24638.583022] VT-GPIO_BENCHMARK: Resume ; 0 ; 33997 
[24642.747195] VT-GPIO_BENCHMARK: Pause ; 0 ; 51912 
[24643.754492] VT-GPIO_BENCHMARK: Resume ; 0 ; 45038 
[24650.712417] VT-GPIO_BENCHMARK: Pause ; 0 ; 48162 
[24651.720256] VT-GPIO_BENCHMARK: Resume ; 0 ; 49079 
[24659.341532] VT-GPIO_BENCHMARK: Pause ; 0 ; 44288 
[24660.349279] VT-GPIO_BENCHMARK: Resume ; 0 ; 37955 
[24667.793340] VT-GPIO_BENCHMARK: Pause ; 0 ; 46037 
[24668.819902] VT-GPIO_BENCHMARK: Resume ; 0 ; 38122 
[24673.301711] VT-GPIO_BENCHMARK: Pause ; 0 ; 44288 
[24674.308895] VT-GPIO_BENCHMARK: Resume ; 0 ; 39705 
[24680.977621] VT-GPIO_BENCHMARK: Pause ; 0 ; 47871 
[24681.985384] VT-GPIO_BENCHMARK: Resume ; 0 ; 36080 
[24689.668576] VT-GPIO_BENCHMARK: Pause ; 0 ; 45496 
[24690.676371] VT-GPIO_BENCHMARK: Resume ; 0 ; 36580 
[24698.078690] VT-GPIO_BENCHMARK: Pause ; 0 ; 42288 
[24699.105378] VT-GPIO_BENCHMARK: Resume ; 0 ; 35080 
[24703.573487] VT-GPIO_BENCHMARK: Pause ; 0 ; 53329 
[24704.581535] VT-GPIO_BENCHMARK: Resume ; 0 ; 48413 
[24711.300402] VT-GPIO_BENCHMARK: Pause ; 0 ; 50871 
[24712.327044] VT-GPIO_BENCHMARK: Resume ; 0 ; 37163 
[24719.925906] VT-GPIO_BENCHMARK: Pause ; 0 ; 45455 
[24720.952606] VT-GPIO_BENCHMARK: Resume ; 0 ; 37121 
[24729.411979] VT-GPIO_BENCHMARK: Pause ; 0 ; 44537 
[24730.419866] VT-GPIO_BENCHMARK: Resume ; 0 ; 36247 
[24734.851756] VT-GPIO_BENCHMARK: Pause ; 0 ; 50787 
[24735.858959] VT-GPIO_BENCHMARK: Resume ; 0 ; 38914 
[24742.576799] VT-GPIO_BENCHMARK: Pause ; 0 ; 51953 
[24743.603331] VT-GPIO_BENCHMARK: Resume ; 0 ; 41080 
[24751.271074] VT-GPIO_BENCHMARK: Pause ; 0 ; 48079 
[24752.297694] VT-GPIO_BENCHMARK: Resume ; 0 ; 37205 
[24759.653169] VT-GPIO_BENCHMARK: Pause ; 0 ; 44496 
[24760.661058] VT-GPIO_BENCHMARK: Resume ; 0 ; 37163 
[24765.145378] VT-GPIO_BENCHMARK: Pause ; 0 ; 50996 
[24766.152825] VT-GPIO_BENCHMARK: Resume ; 0 ; 40288 
[24772.899892] VT-GPIO_BENCHMARK: Pause ; 0 ; 46205 
[24773.926429] VT-GPIO_BENCHMARK: Resume ; 0 ; 38622 
[24781.641265] VT-GPIO_BENCHMARK: Pause ; 0 ; 45912 
[24782.649165] VT-GPIO_BENCHMARK: Resume ; 0 ; 43163 
[24790.942942] VT-GPIO_BENCHMARK: Pause ; 0 ; 41747 
[24791.969807] VT-GPIO_BENCHMARK: Resume ; 0 ; 34956 
[24796.418242] VT-GPIO_BENCHMARK: Pause ; 0 ; 51037 
[24797.425447] VT-GPIO_BENCHMARK: Resume ; 0 ; 41955 
[24804.140789] VT-GPIO_BENCHMARK: Pause ; 0 ; 57703 
[24805.167324] VT-GPIO_BENCHMARK: Resume ; 0 ; 42038 
[24813.041786] VT-GPIO_BENCHMARK: Pause ; 0 ; 41955 
[24814.076107] VT-GPIO_BENCHMARK: Resume ; 0 ; 37747 
[24822.222216] VT-GPIO_BENCHMARK: Pause ; 0 ; 60036 
[24823.248910] VT-GPIO_BENCHMARK: Resume ; 0 ; 41621 
[24828.071371] VT-GPIO_BENCHMARK: Pause ; 0 ; 50454 
[24829.078669] VT-GPIO_BENCHMARK: Resume ; 0 ; 41413 
[24835.509950] VT-GPIO_BENCHMARK: Pause ; 0 ; 42579 
[24836.536735] VT-GPIO_BENCHMARK: Resume ; 0 ; 36830 
[24844.409126] VT-GPIO_BENCHMARK: Pause ; 0 ; 103533 
[24845.416654] VT-GPIO_BENCHMARK: Resume ; 0 ; 46704 
[24853.616968] VT-GPIO_BENCHMARK: Pause ; 0 ; 58620 
[24854.643566] VT-GPIO_BENCHMARK: Resume ; 0 ; 38039 
[24858.902659] VT-GPIO_BENCHMARK: Pause ; 0 ; 53288 
[24859.909984] VT-GPIO_BENCHMARK: Resume ; 0 ; 41913 
[24866.777008] VT-GPIO_BENCHMARK: Pause ; 0 ; 55954 
[24867.784770] VT-GPIO_BENCHMARK: Resume ; 0 ; 45038 
[24875.820019] VT-GPIO_BENCHMARK: Pause ; 0 ; 45829 
[24876.846607] VT-GPIO_BENCHMARK: Resume ; 0 ; 56703 
[24884.887749] VT-GPIO_BENCHMARK: Pause ; 0 ; 55662 
[24885.895569] VT-GPIO_BENCHMARK: Resume ; 0 ; 45163 
[24890.732339] VT-GPIO_BENCHMARK: Pause ; 0 ; 49954 
[24891.739520] VT-GPIO_BENCHMARK: Resume ; 0 ; 43205 
[24898.179607] VT-GPIO_BENCHMARK: Pause ; 0 ; 32081 
[24899.206219] VT-GPIO_BENCHMARK: Resume ; 0 ; 37914 
[24907.120031] VT-GPIO_BENCHMARK: Pause ; 0 ; 56078 
[24908.127911] VT-GPIO_BENCHMARK: Resume ; 0 ; 46454 
[24916.329602] VT-GPIO_BENCHMARK: Pause ; 0 ; 41622 
[24917.337463] VT-GPIO_BENCHMARK: Resume ; 0 ; 36955 
[24921.817511] VT-GPIO_BENCHMARK: Pause ; 0 ; 51287 
[24922.824953] VT-GPIO_BENCHMARK: Resume ; 0 ; 63120 
