[   66.726454] VT-GPIO_TEST: Initializing the Virtual Time GPIO_TEST LKM
[   66.739292] VT-GPIO_TEST: Input signal is mapped to IRQ: 181
[   66.753420] VT-GPIO_TEST: Input signal is mapped to IRQ: 182
[   66.765205] VT-GPIO_TEST: The interrupt rising request result is 0
[   66.777309] VT-GPIO_TEST: The interrupt rising request result is 0
[  110.247512] VT-GPIO_TEST: Dilating 1542
[  111.927709] VT-GPIO_TIME: TIME-RISE: 1522082222 464174788 nanoseconds
[  111.937475] VT-GPIO_TEST: Rising Edge detectedVT-DEBUG: returning from freeze_time with 1522082222483936536n sec and kill status 0 
[  111.960466] VT-GPIO_TEST: Freezing 1542
[  111.969672] VT-GPIO_TIME: TIME-RISE: 1522082222 506152327 nanoseconds
[  111.980622] VT-GPIO_TIME: TIME-PAUSE: 0 41977539 nanoseconds
[  120.958339] VT-GPIO_TIME: TIME-FALL: 1522082231 494042182 nanoseconds
[  120.968388] VT-GPIO_TEST: Falling Edge detectedVT-DEBUG: returning from unfreeze_time with 1522082231514126403n nsec and kill status 0
[  120.991976] VT-GPIO_TEST: Unfreezing 1542
[  121.001361] VT-GPIO_TIME: TIME-FALL: 1522082231 537079091 nanoseconds
[  121.012397] VT-GPIO_TIME: TIME-RESUME: 0 43036909 nanoseconds
[  121.381891] VT-GPIO_TEST: pause
[  121.390735] VT-GPIO_TIME: TIME-RISE: 1522082231 926413775 nanoseconds
[  121.400493] VT-GPIO_TEST: Rising Edge detectedVT-DEBUG: returning from freeze_time with 1522082231946136110n sec and kill status 0 
[  121.423468] VT-GPIO_TEST: Freezing 1542
[  121.432675] VT-GPIO_TIME: TIME-RISE: 1522082231 968355943 nanoseconds
[  121.443624] VT-GPIO_TIME: TIME-PAUSE: 0 41942168 nanoseconds
[  131.483401] VT-GPIO_TEST: resume
[  131.489993] VT-GPIO_TEST: value of pin: 0
[  131.499398] VT-GPIO_TIME: TIME-FALL: 1522082242 34311609 nanoseconds
[  131.509141] VT-GPIO_TEST: Falling Edge detectedVT-DEBUG: returning from unfreeze_time with 1522082242053987823n nsec and kill status 0
[  131.532746] VT-GPIO_TEST: Unfreezing 1542
[  131.542048] VT-GPIO_TIME: TIME-FALL: 1522082242 76961842 nanoseconds
[  131.552994] VT-GPIO_TIME: TIME-RESUME: 0 42650233 nanoseconds
[  137.128787] VT-GPIO_TIME: TIME-RISE: 1522082247 663126281 nanoseconds
[  137.138749] VT-GPIO_TEST: Rising Edge detectedVT-DEBUG: returning from freeze_time with 1522082247683051932n sec and kill status 0 
[  137.161709] VT-GPIO_TEST: Freezing 1542
[  137.170916] VT-GPIO_TIME: TIME-RISE: 1522082247 705268849 nanoseconds
[  137.181864] VT-GPIO_TIME: TIME-PAUSE: 0 42142568 nanoseconds
[  142.159817] VT-GPIO_TIME: TIME-FALL: 1522082252 693734063 nanoseconds
[  142.169865] VT-GPIO_TEST: Falling Edge detectedVT-DEBUG: returning from unfreeze_time with 1522082252713803660n nsec and kill status 0
[  142.193444] VT-GPIO_TEST: Unfreezing 1542
[  142.202832] VT-GPIO_TIME: TIME-FALL: 1522082252 736759931 nanoseconds
[  142.213867] VT-GPIO_TIME: TIME-RESUME: 0 43025868 nanoseconds
[  144.535697] VT-GPIO_TEST: pause
[  144.544481] VT-GPIO_TIME: TIME-RISE: 1522082255 78289738 nanoseconds
[  144.554154] VT-GPIO_TEST: Rising Edge detectedVT-DEBUG: returning from freeze_time with 1522082255097848545n sec and kill status 0 
[  144.586297] VT-GPIO_TEST: Freezing 1542
[  144.604829] VT-GPIO_TIME: TIME-RISE: 1522082255 138552943 nanoseconds
[  144.615779] VT-GPIO_TIME: TIME-PAUSE: 0 60263205 nanoseconds
[  150.660238] VT-GPIO_TEST: resume
[  150.685541] VT-GPIO_TEST: value of pin: 0
[  150.704209] VT-GPIO_TIME: TIME-FALL: 1522082261 237414114 nanoseconds
[  150.714038] VT-GPIO_TEST: Falling Edge detectedVT-DEBUG: returning from unfreeze_time with 1522082261266476077n nsec and kill status 0
[  150.756390] VT-GPIO_TEST: Unfreezing 1542
[  150.775493] VT-GPIO_TIME: TIME-FALL: 1522082261 308697473 nanoseconds
[  150.786528] VT-GPIO_TIME: TIME-RESUME: 0 71283359 nanoseconds
[  158.401804] VT-GPIO_TIME: TIME-RISE: 1522082268 934348958 nanoseconds
[  158.421317] VT-GPIO_TEST: Rising Edge detectedVT-DEBUG: returning from freeze_time with 1522082268973141101n sec and kill status 0 
[  158.463087] VT-GPIO_TEST: Freezing 1542
[  158.481894] VT-GPIO_TIME: TIME-RISE: 1522082269 14534565 nanoseconds
[  158.493794] VT-GPIO_TIME: TIME-PAUSE: 1 18446744072789737223 nanoseconds
[  164.453810] VT-GPIO_TIME: TIME-FALL: 1522082274 985843625 nanoseconds
[  164.473399] VT-GPIO_TEST: Falling Edge detectedVT-DEBUG: returning from unfreeze_time with 1522082275024751050n nsec and kill status 0
[  164.515773] VT-GPIO_TEST: Unfreezing 1542
[  164.534763] VT-GPIO_TIME: TIME-FALL: 1522082275 66892451 nanoseconds
[  164.546749] VT-GPIO_TIME: TIME-RESUME: 1 18446744072790600442 nanoseconds
[  173.498916] VT-GPIO_TIME: TIME-RISE: 1522082284 30272582 nanoseconds
[  173.518528] VT-GPIO_TEST: Rising Edge detectedVT-DEBUG: returning from freeze_time with 1522082284069268208n sec and kill status 0 
[  173.560519] VT-GPIO_TEST: Freezing 1542
[  173.579399] VT-GPIO_TIME: TIME-RISE: 1522082284 110688004 nanoseconds
[  173.590348] VT-GPIO_TIME: TIME-PAUSE: 0 80415422 nanoseconds
[  183.663034] VT-GPIO_TIME: TIME-FALL: 1522082294 193448960 nanoseconds
[  183.682839] VT-GPIO_TEST: Falling Edge detectedVT-DEBUG: returning from unfreeze_time with 1522082294233064783n nsec and kill status 0
[  183.726210] VT-GPIO_TEST: Unfreezing 1542
[  183.745577] VT-GPIO_TIME: TIME-FALL: 1522082294 275998658 nanoseconds
[  183.756613] VT-GPIO_TIME: TIME-RESUME: 0 82549698 nanoseconds
[  188.972366] VT-GPIO_TEST: pause
[  189.001093] VT-GPIO_TIME: TIME-RISE: 1522082299 531060289 nanoseconds
[  189.010859] VT-GPIO_TEST: Rising Edge detectedVT-DEBUG: returning from freeze_time with 1522082299560648084n sec and kill status 0 
[  189.053517] VT-GPIO_TEST: Freezing 1542
[  189.072547] VT-GPIO_TIME: TIME-RISE: 1522082299 602520092 nanoseconds
[  189.083496] VT-GPIO_TIME: TIME-PAUSE: 0 71459803 nanoseconds
[  195.128222] VT-GPIO_TEST: resume
[  195.154808] VT-GPIO_TEST: value of pin: 0
[  195.173843] VT-GPIO_TIME: TIME-FALL: 1522082305 703293643 nanoseconds
[  195.183673] VT-GPIO_TEST: Falling Edge detectedVT-DEBUG: returning from unfreeze_time with 1522082305732520759n nsec and kill status 0
[  195.226220] VT-GPIO_TEST: Unfreezing 1542
[  195.245366] VT-GPIO_TIME: TIME-FALL: 1522082305 774817148 nanoseconds
[  195.256401] VT-GPIO_TIME: TIME-RESUME: 0 71523505 nanoseconds
[  201.870513] VT-GPIO_TIME: TIME-RISE: 1522082312 399388369 nanoseconds
[  201.890290] VT-GPIO_TEST: Rising Edge detectedVT-DEBUG: returning from freeze_time with 1522082312438695092n sec and kill status 0 
[  201.932392] VT-GPIO_TEST: Freezing 1542
[  201.951339] VT-GPIO_TIME: TIME-RISE: 1522082312 480225335 nanoseconds
[  201.962289] VT-GPIO_TIME: TIME-PAUSE: 0 80836966 nanoseconds
[  209.922836] VT-GPIO_TIME: TIME-FALL: 1522082320 451031778 nanoseconds
[  209.942697] VT-GPIO_TEST: Falling Edge detectedVT-DEBUG: returning from unfreeze_time with 1522082320490751259n nsec and kill status 0
[  209.986147] VT-GPIO_TEST: Unfreezing 1542
[  210.005537] VT-GPIO_TIME: TIME-FALL: 1522082320 533742713 nanoseconds
[  210.016572] VT-GPIO_TIME: TIME-RESUME: 0 82710935 nanoseconds
[  210.227110] VT-GPIO_TEST: pause
[  210.256141] VT-GPIO_TIME: TIME-RISE: 1522082320 784310109 nanoseconds
[  210.265903] VT-GPIO_TEST: Rising Edge detectedVT-DEBUG: returning from freeze_time with 1522082320813916152n sec and kill status 0 
[  210.308579] VT-GPIO_TEST: Freezing 1542
[  210.327622] VT-GPIO_TIME: TIME-RISE: 1522082320 855800534 nanoseconds
[  210.338572] VT-GPIO_TIME: TIME-PAUSE: 0 71490425 nanoseconds
[  219.385592] VT-GPIO_TEST: resume
[  219.412208] VT-GPIO_TEST: value of pin: 0
[  219.431257] VT-GPIO_TIME: TIME-FALL: 1522082329 958661602 nanoseconds
[  219.441089] VT-GPIO_TEST: Falling Edge detectedVT-DEBUG: returning from unfreeze_time with 1522082329987876429n nsec and kill status 0
[  219.483629] VT-GPIO_TEST: Unfreezing 1542
[  219.502678] VT-GPIO_TIME: TIME-FALL: 1522082330 30169234 nanoseconds
[  219.514664] VT-GPIO_TIME: TIME-RESUME: 1 18446744072781059248 nanoseconds
[  225.132127] VT-GPIO_TIME: TIME-RISE: 1522082335 659039735 nanoseconds
[  225.151697] VT-GPIO_TEST: Rising Edge detectedVT-DEBUG: returning from freeze_time with 1522082335697955616n sec and kill status 0 
[  225.193591] VT-GPIO_TEST: Freezing 1542
[  225.212540] VT-GPIO_TIME: TIME-RISE: 1522082335 739463199 nanoseconds
[  225.223489] VT-GPIO_TIME: TIME-PAUSE: 0 80423464 nanoseconds
[  231.286618] VT-GPIO_TIME: TIME-FALL: 1522082341 813011296 nanoseconds
[  231.306264] VT-GPIO_TEST: Falling Edge detectedVT-DEBUG: returning from unfreeze_time with 1522082341852035877n nsec and kill status 0
[  231.348742] VT-GPIO_TEST: Unfreezing 1542
[  231.367872] VT-GPIO_TIME: TIME-FALL: 1522082341 894275937 nanoseconds
[  231.378907] VT-GPIO_TIME: TIME-RESUME: 0 81264641 nanoseconds
[  231.582133] VT-GPIO_TEST: pause
[  231.610386] VT-GPIO_TIME: TIME-RISE: 1522082342 136757432 nanoseconds
[  231.620164] VT-GPIO_TEST: Rising Edge detectedVT-DEBUG: returning from freeze_time with 1522082342165911845n sec and kill status 0 
[  231.662093] VT-GPIO_TEST: Freezing 1542
[  231.681022] VT-GPIO_TIME: TIME-RISE: 1522082342 207399013 nanoseconds
[  231.691971] VT-GPIO_TIME: TIME-PAUSE: 0 70641581 nanoseconds
[  238.634925] VT-GPIO_TEST: resume
[  238.661234] VT-GPIO_TEST: value of pin: 0
[  238.666462] VT-GPIO_TIME: TIME-FALL: 1522082349 189343489 nanoseconds
[  238.669776] VT-GPIO_TEST: Falling Edge detectedVT-DEBUG: returning from unfreeze_time with 1522082349200852517n nsec and kill status 0
[  238.690839] VT-GPIO_TEST: Unfreezing 1542
[  238.696059] VT-GPIO_TIME: TIME-FALL: 1522082349 221846828 nanoseconds
[  238.700761] VT-GPIO_TIME: TIME-RESUME: 0 32503339 nanoseconds
[  247.681734] VT-GPIO_TEST: pause
[  247.709921] VT-GPIO_TIME: TIME-RISE: 1522082358 234929723 nanoseconds
[  247.719685] VT-GPIO_TEST: Rising Edge detectedVT-DEBUG: returning from freeze_time with 1522082358264041265n sec and kill status 0 
[  247.761576] VT-GPIO_TEST: Freezing 1542
[  247.780521] VT-GPIO_TIME: TIME-RISE: 1522082358 305539218 nanoseconds
[  247.791470] VT-GPIO_TIME: TIME-PAUSE: 0 70609495 nanoseconds
[  257.839641] VT-GPIO_TEST: resume
[  257.865276] VT-GPIO_TEST: value of pin: 0
[  257.884039] VT-GPIO_TIME: TIME-FALL: 1522082368 408200456 nanoseconds
[  257.893867] VT-GPIO_TEST: Falling Edge detectedVT-DEBUG: returning from unfreeze_time with 1522082368437344372n nsec and kill status 0
[  257.936264] VT-GPIO_TEST: Unfreezing 1542
[  257.955116] VT-GPIO_TIME: TIME-FALL: 1522082368 479275915 nanoseconds
[  257.966152] VT-GPIO_TIME: TIME-RESUME: 0 71075459 nanoseconds
[  264.554881] VT-GPIO_TIME: TIME-RISE: 1522082375 78555271 nanoseconds
[  264.574066] VT-GPIO_TEST: Rising Edge detectedVT-DEBUG: returning from freeze_time with 1522082375116898783n sec and kill status 0 
[  264.615789] VT-GPIO_TEST: Freezing 1542
[  264.634738] VT-GPIO_TIME: TIME-RISE: 1522082375 158332704 nanoseconds
[  264.645686] VT-GPIO_TIME: TIME-PAUSE: 0 79777433 nanoseconds
[  269.605046] VT-GPIO_TIME: TIME-FALL: 1522082380 128207612 nanoseconds
[  269.624686] VT-GPIO_TEST: Falling Edge detectedVT-DEBUG: returning from unfreeze_time with 1522082380167202946n nsec and kill status 0
[  269.667139] VT-GPIO_TEST: Unfreezing 1542
[  269.686251] VT-GPIO_TIME: TIME-FALL: 1522082380 209420175 nanoseconds
[  269.697286] VT-GPIO_TIME: TIME-RESUME: 0 81212563 nanoseconds
[  270.943426] VT-GPIO_TEST: pause
[  270.971347] VT-GPIO_TIME: TIME-RISE: 1522082381 494396190 nanoseconds
[  270.981127] VT-GPIO_TEST: Rising Edge detectedVT-DEBUG: returning from freeze_time with 1522082381523538729n sec and kill status 0 
[  271.023046] VT-GPIO_TEST: Freezing 1542
[  271.042001] VT-GPIO_TIME: TIME-RISE: 1522082381 565055433 nanoseconds
[  271.052950] VT-GPIO_TIME: TIME-PAUSE: 0 70659243 nanoseconds
[  276.994768] VT-GPIO_TEST: resume
[  277.020151] VT-GPIO_TEST: value of pin: 0
[  277.025381] VT-GPIO_TIME: TIME-FALL: 1522082387 545037970 nanoseconds
[  277.028694] VT-GPIO_TEST: Falling Edge detectedVT-DEBUG: returning from unfreeze_time with 1522082387556532125n nsec and kill status 0
[  277.049765] VT-GPIO_TEST: Unfreezing 1542
[  277.054987] VT-GPIO_TIME: TIME-FALL: 1522082387 577536227 nanoseconds
[  277.059689] VT-GPIO_TIME: TIME-RESUME: 0 32498257 nanoseconds
[  281.697438] VT-GPIO_TIME: TIME-RISE: 1522082392 219577094 nanoseconds
[  281.716721] VT-GPIO_TEST: Rising Edge detectedVT-DEBUG: returning from freeze_time with 1522082392258104050n sec and kill status 0 
[  281.758447] VT-GPIO_TEST: Freezing 1542
[  281.777391] VT-GPIO_TIME: TIME-RISE: 1522082392 299540969 nanoseconds
[  281.788340] VT-GPIO_TIME: TIME-PAUSE: 0 79963875 nanoseconds
[  287.852931] VT-GPIO_TIME: TIME-FALL: 1522082398 374551362 nanoseconds
[  287.872569] VT-GPIO_TEST: Falling Edge detectedVT-DEBUG: returning from unfreeze_time with 1522082398413554319n nsec and kill status 0
[  287.915040] VT-GPIO_TEST: Unfreezing 1542
[  287.934176] VT-GPIO_TIME: TIME-FALL: 1522082398 455806628 nanoseconds
[  287.945211] VT-GPIO_TIME: TIME-RESUME: 0 81255266 nanoseconds
[  292.193064] VT-GPIO_TEST: pause
[  292.229109] VT-GPIO_TIME: TIME-RISE: 1522082402 750361570 nanoseconds
[  292.238878] VT-GPIO_TEST: Rising Edge detectedVT-DEBUG: returning from freeze_time with 1522082402779502072n sec and kill status 0 
[  292.280802] VT-GPIO_TEST: Freezing 1542
[  292.299746] VT-GPIO_TIME: TIME-RISE: 1522082402 821007609 nanoseconds
[  292.310695] VT-GPIO_TIME: TIME-PAUSE: 0 70646039 nanoseconds
[  300.357490] VT-GPIO_TEST: resume
[  300.384105] VT-GPIO_TEST: value of pin: 0
[  300.403143] VT-GPIO_TIME: TIME-FALL: 1522082410 923715334 nanoseconds
[  300.412973] VT-GPIO_TEST: Falling Edge detectedVT-DEBUG: returning from unfreeze_time with 1522082410952930993n nsec and kill status 0
[  300.455503] VT-GPIO_TEST: Unfreezing 1542
[  300.474643] VT-GPIO_TIME: TIME-FALL: 1522082410 995214800 nanoseconds
[  300.485678] VT-GPIO_TIME: TIME-RESUME: 0 71499466 nanoseconds
[  302.047203] VT-GPIO_TIME: TIME-RISE: 1522082412 567627140 nanoseconds
[  302.066774] VT-GPIO_TEST: Rising Edge detectedVT-DEBUG: returning from freeze_time with 1522082412606521606n sec and kill status 0 
[  302.108639] VT-GPIO_TEST: Freezing 1542
[  302.127583] VT-GPIO_TIME: TIME-RISE: 1522082412 648015311 nanoseconds
[  302.138530] VT-GPIO_TIME: TIME-PAUSE: 0 80388171 nanoseconds
[  307.098260] VT-GPIO_TIME: TIME-FALL: 1522082417 618256066 nanoseconds
[  307.117913] VT-GPIO_TEST: Falling Edge detectedVT-DEBUG: returning from unfreeze_time with 1522082417657278604n nsec and kill status 0
[  307.160393] VT-GPIO_TEST: Unfreezing 1542
[  307.179524] VT-GPIO_TIME: TIME-FALL: 1522082417 699529997 nanoseconds
[  307.190560] VT-GPIO_TIME: TIME-RESUME: 0 81273931 nanoseconds
[  313.456237] VT-GPIO_TEST: pause
[  313.484613] VT-GPIO_TIME: TIME-RISE: 1522082424 4247170 nanoseconds
[  313.494193] VT-GPIO_TEST: Rising Edge detectedVT-DEBUG: returning from freeze_time with 1522082424033015408n sec and kill status 0 
[  313.536089] VT-GPIO_TEST: Freezing 1542
[  313.554929] VT-GPIO_TIME: TIME-RISE: 1522082424 74483157 nanoseconds
[  313.565785] VT-GPIO_TIME: TIME-PAUSE: 0 70235987 nanoseconds
[  320.610869] VT-GPIO_TEST: resume
[  320.627120] VT-GPIO_TEST: value of pin: 0
[  320.646181] VT-GPIO_TIME: TIME-FALL: 1522082431 165046719 nanoseconds
[  320.656009] VT-GPIO_TEST: Falling Edge detectedVT-DEBUG: returning from unfreeze_time with 1522082431194507900n nsec and kill status 0
[  320.698837] VT-GPIO_TEST: Unfreezing 1542
[  320.717850] VT-GPIO_TIME: TIME-FALL: 1522082431 236713546 nanoseconds
[  320.728886] VT-GPIO_TIME: TIME-RESUME: 0 71666827 nanoseconds
[  325.289373] VT-GPIO_TIME: TIME-RISE: 1522082435 807834813 nanoseconds
[  325.309007] VT-GPIO_TEST: Rising Edge detectedVT-DEBUG: returning from freeze_time with 1522082435847047962n sec and kill status 0 
[  325.351185] VT-GPIO_TEST: Freezing 1542
[  325.369959] VT-GPIO_TIME: TIME-RISE: 1522082435 888438927 nanoseconds
[  325.380908] VT-GPIO_TIME: TIME-PAUSE: 0 80604114 nanoseconds
[  333.453767] VT-GPIO_TIME: TIME-FALL: 1522082443 971537433 nanoseconds
[  333.473469] VT-GPIO_TEST: Falling Edge detectedVT-DEBUG: returning from unfreeze_time with 1522082444010856196n nsec and kill status 0
[  333.516442] VT-GPIO_TEST: Unfreezing 1542
[  333.535516] VT-GPIO_TIME: TIME-FALL: 1522082444 53384360 nanoseconds
[  333.547501] VT-GPIO_TIME: TIME-RESUME: 1 18446744072791398543 nanoseconds
[  335.812111] VT-GPIO_TEST: pause
[  335.831084] VT-GPIO_TIME: TIME-RISE: 1522082446 348661068 nanoseconds
[  335.840845] VT-GPIO_TEST: Rising Edge detectedVT-DEBUG: returning from freeze_time with 1522082446378520298n sec and kill status 0 
[  335.884243] VT-GPIO_TEST: Freezing 1542
[  335.903703] VT-GPIO_TIME: TIME-RISE: 1522082446 421285105 nanoseconds
[  335.914651] VT-GPIO_TIME: TIME-PAUSE: 0 72624037 nanoseconds
[  344.963123] VT-GPIO_TEST: resume
[  344.990268] VT-GPIO_TEST: value of pin: 0
[  345.009763] VT-GPIO_TIME: TIME-FALL: 1522082455 526571387 nanoseconds
[  345.019593] VT-GPIO_TEST: Falling Edge detectedVT-DEBUG: returning from unfreeze_time with 1522082455556253881n nsec and kill status 0
[  345.062872] VT-GPIO_TEST: Unfreezing 1542
[  345.082272] VT-GPIO_TIME: TIME-FALL: 1522082455 599078807 nanoseconds
[  345.093307] VT-GPIO_TIME: TIME-RESUME: 0 72507420 nanoseconds
[  351.015853] VT-GPIO_TEST: pause
[  351.044776] VT-GPIO_TIME: TIME-RISE: 1522082461 561063573 nanoseconds
[  351.054564] VT-GPIO_TEST: Rising Edge detectedVT-DEBUG: returning from freeze_time with 1522082461590515878n sec and kill status 0 
[  351.097065] VT-GPIO_TEST: Freezing 1542
[  351.116294] VT-GPIO_TIME: TIME-RISE: 1522082461 632592285 nanoseconds
[  351.127243] VT-GPIO_TIME: TIME-PAUSE: 0 71528712 nanoseconds
[  358.067295] VT-GPIO_TEST: resume
[  358.094047] VT-GPIO_TEST: value of pin: 0
[  358.113103] VT-GPIO_TIME: TIME-FALL: 1522082468 628804934 nanoseconds
[  358.122933] VT-GPIO_TEST: Falling Edge detectedVT-DEBUG: returning from unfreeze_time with 1522082468658221950n nsec and kill status 0
[  358.165892] VT-GPIO_TEST: Unfreezing 1542
[  358.185214] VT-GPIO_TIME: TIME-FALL: 1522082468 700914844 nanoseconds
[  358.196249] VT-GPIO_TIME: TIME-RESUME: 0 72109910 nanoseconds
[  358.714813] VT-GPIO_TIME: TIME-RISE: 1522082469 230453241 nanoseconds
[  358.734647] VT-GPIO_TEST: Rising Edge detectedVT-DEBUG: returning from freeze_time with 1522082469269946740n sec and kill status 0 
[  358.777264] VT-GPIO_TEST: Freezing 1542
[  358.796598] VT-GPIO_TIME: TIME-RISE: 1522082469 312247836 nanoseconds
[  358.807546] VT-GPIO_TIME: TIME-PAUSE: 0 81794595 nanoseconds
[  367.769761] VT-GPIO_TIME: TIME-FALL: 1522082478 284637250 nanoseconds
[  367.789603] VT-GPIO_TEST: Falling Edge detectedVT-DEBUG: returning from unfreeze_time with 1522082478324243323n nsec and kill status 0
[  367.832880] VT-GPIO_TEST: Unfreezing 1542
[  367.852418] VT-GPIO_TIME: TIME-FALL: 1522082478 367303441 nanoseconds
[  367.863453] VT-GPIO_TIME: TIME-RESUME: 0 82666191 nanoseconds
[  375.168643] VT-GPIO_TEST: pause
[  375.197196] VT-GPIO_TIME: TIME-RISE: 1522082485 711446767 nanoseconds
[  375.206975] VT-GPIO_TEST: Rising Edge detectedVT-DEBUG: returning from freeze_time with 1522082485741040435n sec and kill status 0 
[  375.249776] VT-GPIO_TEST: Freezing 1542
[  375.268931] VT-GPIO_TIME: TIME-RISE: 1522082485 783191252 nanoseconds
[  375.279880] VT-GPIO_TIME: TIME-PAUSE: 0 71744485 nanoseconds
[  383.227180] VT-GPIO_TEST: resume
[  383.253425] VT-GPIO_TEST: value of pin: 0
[  383.258654] VT-GPIO_TIME: TIME-FALL: 1522082493 769343773 nanoseconds
[  383.261967] VT-GPIO_TEST: Falling Edge detectedVT-DEBUG: returning from unfreeze_time with 1522082493780840886n nsec and kill status 0
[  383.283033] VT-GPIO_TEST: Unfreezing 1542
[  383.288254] VT-GPIO_TIME: TIME-FALL: 1522082493 801839113 nanoseconds
[  383.292955] VT-GPIO_TIME: TIME-RESUME: 0 32495340 nanoseconds
[  386.875152] VT-GPIO_TIME: TIME-RISE: 1522082497 388417680 nanoseconds
[  386.894430] VT-GPIO_TEST: Rising Edge detectedVT-DEBUG: returning from freeze_time with 1522082497426921889n sec and kill status 0 
[  386.936125] VT-GPIO_TEST: Freezing 1542
[  386.955064] VT-GPIO_TIME: TIME-RISE: 1522082497 468338268 nanoseconds
[  386.966013] VT-GPIO_TIME: TIME-PAUSE: 0 79920588 nanoseconds
[  396.929778] VT-GPIO_TIME: TIME-FALL: 1522082507 442193080 nanoseconds
[  396.949386] VT-GPIO_TEST: Falling Edge detectedVT-DEBUG: returning from unfreeze_time with 1522082507481138377n nsec and kill status 0
[  396.991800] VT-GPIO_TEST: Unfreezing 1542
[  397.010912] VT-GPIO_TIME: TIME-FALL: 1522082507 523337857 nanoseconds
[  397.021948] VT-GPIO_TIME: TIME-RESUME: 0 81144777 nanoseconds
[  414.342587] VT-GPIO_TEST: pause
[  414.371026] VT-GPIO_TIME: TIME-RISE: 1522082524 881971773 nanoseconds
[  414.380789] VT-GPIO_TEST: Rising Edge detectedVT-DEBUG: returning from freeze_time with 1522082524911100106n sec and kill status 0 
[  414.422689] VT-GPIO_TEST: Freezing 1542
[  414.441617] VT-GPIO_TIME: TIME-RISE: 1522082524 952571607 nanoseconds
[  414.452565] VT-GPIO_TIME: TIME-PAUSE: 0 70599834 nanoseconds
[  420.496364] VT-GPIO_TEST: resume
[  420.522906] VT-GPIO_TEST: value of pin: 0
[  420.541842] VT-GPIO_TIME: TIME-FALL: 1522082531 52362240 nanoseconds
[  420.551573] VT-GPIO_TEST: Falling Edge detectedVT-DEBUG: returning from unfreeze_time with 1522082531081361168n nsec and kill status 0
[  420.594048] VT-GPIO_TEST: Unfreezing 1542
[  420.613165] VT-GPIO_TIME: TIME-FALL: 1522082531 123599436 nanoseconds
[  420.624201] VT-GPIO_TIME: TIME-RESUME: 0 71237196 nanoseconds
[  422.140496] VT-GPIO_TIME: TIME-RISE: 1522082532 650782720 nanoseconds
[  422.160063] VT-GPIO_TEST: Rising Edge detectedVT-DEBUG: returning from freeze_time with 1522082532689673478n sec and kill status 0 
[  422.201924] VT-GPIO_TEST: Freezing 1542
[  422.220857] VT-GPIO_TIME: TIME-RISE: 1522082532 731155225 nanoseconds
[  422.231806] VT-GPIO_TIME: TIME-PAUSE: 0 80372505 nanoseconds
[  430.193972] VT-GPIO_TIME: TIME-FALL: 1522082540 703581822 nanoseconds
[  430.213611] VT-GPIO_TEST: Falling Edge detectedVT-DEBUG: returning from unfreeze_time with 1522082540742582987n nsec and kill status 0
[  430.256079] VT-GPIO_TEST: Unfreezing 1542
[  430.275205] VT-GPIO_TIME: TIME-FALL: 1522082540 784823215 nanoseconds
[  430.286240] VT-GPIO_TIME: TIME-RESUME: 0 81241393 nanoseconds
[  435.594790] VT-GPIO_TEST: pause
[  435.623055] VT-GPIO_TIME: TIME-RISE: 1522082546 132206765 nanoseconds
[  435.632833] VT-GPIO_TEST: Rising Edge detectedVT-DEBUG: returning from freeze_time with 1522082546161376343n sec and kill status 0 
[  435.674778] VT-GPIO_TEST: Freezing 1542
[  435.693711] VT-GPIO_TIME: TIME-RISE: 1522082546 202872381 nanoseconds
[  435.704660] VT-GPIO_TIME: TIME-PAUSE: 0 70665616 nanoseconds
[  442.647923] VT-GPIO_TEST: resume
[  442.674280] VT-GPIO_TEST: value of pin: 0
[  442.679509] VT-GPIO_TIME: TIME-FALL: 1522082553 185167872 nanoseconds
[  442.682823] VT-GPIO_TEST: Falling Edge detectedVT-DEBUG: returning from unfreeze_time with 1522082553196685274n nsec and kill status 0
[  442.703890] VT-GPIO_TEST: Unfreezing 1542
[  442.709110] VT-GPIO_TIME: TIME-FALL: 1522082553 217680877 nanoseconds
[  442.713812] VT-GPIO_TIME: TIME-RESUME: 0 32513005 nanoseconds
[  449.295004] VT-GPIO_TIME: TIME-RISE: 1522082559 803000912 nanoseconds
[  449.314582] VT-GPIO_TEST: Rising Edge detectedVT-DEBUG: returning from freeze_time with 1522082559841902251n sec and kill status 0 
[  449.356450] VT-GPIO_TEST: Freezing 1542
[  449.375388] VT-GPIO_TIME: TIME-RISE: 1522082559 883403747 nanoseconds
[  449.386338] VT-GPIO_TIME: TIME-PAUSE: 0 80402835 nanoseconds
[  458.459489] VT-GPIO_TIME: TIME-FALL: 1522082568 966711844 nanoseconds
[  458.479142] VT-GPIO_TEST: Falling Edge detectedVT-DEBUG: returning from unfreeze_time with 1522082569005742674n nsec and kill status 0
[  458.521633] VT-GPIO_TEST: Unfreezing 1542
[  458.540685] VT-GPIO_TIME: TIME-FALL: 1522082569 48004189 nanoseconds
[  458.552671] VT-GPIO_TIME: TIME-RESUME: 1 18446744072790843961 nanoseconds
