[   77.143248] VT-GPIO_TEST: Initializing the Virtual Time GPIO_TEST LKM
[   77.155628] VT-GPIO_TEST: Input signal is mapped to IRQ: 181
[   77.166226] VT-GPIO_TEST: Input signal is mapped to IRQ: 182
[   77.177403] VT-GPIO_TEST: The interrupt rising request result is 0
[   77.189106] VT-GPIO_TEST: The interrupt rising request result is 0
[  116.833829] VT-GPIO_TEST: Dilating 1553
[  118.921954] VT-GPIO_TEST: pause
[  118.930714] VT-GPIO_TIME: TIME-RISE: 1522082222 425675153 nanoseconds
[  118.940502] VT-GPIO_TEST: Rising Edge detectedVT-DEBUG: returning from freeze_time with 1522082222445472351n sec and kill status 0 
[  118.963513] VT-GPIO_TEST: Freezing 1553
[  118.972721] VT-GPIO_TIME: TIME-RISE: 1522082222 467695810 nanoseconds
[  118.983671] VT-GPIO_TIME: TIME-PAUSE: 0 42020657 nanoseconds
[  127.952174] VT-GPIO_TEST: resume
[  127.958954] VT-GPIO_TEST: value of pin: 0
[  127.964182] VT-GPIO_TIME: TIME-FALL: 1522082231 456895685 nanoseconds
[  127.977722] VT-GPIO_TEST: Falling Edge detectedVT-DEBUG: returning from unfreeze_time with 1522082231478615869n nsec and kill status 0
[  128.000666] VT-GPIO_TEST: Unfreezing 1553
[  128.009883] VT-GPIO_TIME: TIME-FALL: 1522082231 501500923 nanoseconds
[  128.020660] VT-GPIO_TIME: TIME-RESUME: 0 44605238 nanoseconds
[  128.393697] VT-GPIO_TIME: TIME-RISE: 1522082231 889320531 nanoseconds
[  128.403660] VT-GPIO_TEST: Rising Edge detectedVT-DEBUG: returning from freeze_time with 1522082231909258469n sec and kill status 0 
[  128.426625] VT-GPIO_TEST: Freezing 1553
[  128.435833] VT-GPIO_TIME: TIME-RISE: 1522082231 931475186 nanoseconds
[  128.446781] VT-GPIO_TIME: TIME-PAUSE: 0 42154655 nanoseconds
[  138.495233] VT-GPIO_TIME: TIME-FALL: 1522082241 991508966 nanoseconds
[  138.505283] VT-GPIO_TEST: Falling Edge detectedVT-DEBUG: returning from unfreeze_time with 1522082242011600344n nsec and kill status 0
[  138.528881] VT-GPIO_TEST: Unfreezing 1553
[  138.538181] VT-GPIO_TIME: TIME-FALL: 1522082242 34565051 nanoseconds
[  138.550167] VT-GPIO_TIME: TIME-RESUME: 1 18446744072752607701 nanoseconds
[  144.122690] VT-GPIO_TEST: pause
[  144.131653] VT-GPIO_TIME: TIME-RISE: 1522082247 628278338 nanoseconds
[  144.141430] VT-GPIO_TEST: Rising Edge detectedVT-DEBUG: returning from freeze_time with 1522082247648031421n sec and kill status 0 
[  144.164408] VT-GPIO_TEST: Freezing 1553
[  144.173619] VT-GPIO_TIME: TIME-RISE: 1522082247 670257359 nanoseconds
[  144.184568] VT-GPIO_TIME: TIME-PAUSE: 0 41979021 nanoseconds
[  149.153635] VT-GPIO_TEST: resume
[  149.160311] VT-GPIO_TEST: value of pin: 0
[  149.165534] VT-GPIO_TIME: TIME-FALL: 1522082252 659558796 nanoseconds
[  149.179074] VT-GPIO_TEST: Falling Edge detectedVT-DEBUG: returning from unfreeze_time with 1522082252681277228n nsec and kill status 0
[  149.202027] VT-GPIO_TEST: Unfreezing 1553
[  149.211235] VT-GPIO_TIME: TIME-FALL: 1522082252 704178520 nanoseconds
[  149.222003] VT-GPIO_TIME: TIME-RESUME: 0 44619724 nanoseconds
[  151.547274] VT-GPIO_TIME: TIME-RISE: 1522082255 44403509 nanoseconds
[  151.566003] VT-GPIO_TEST: Rising Edge detectedVT-DEBUG: returning from freeze_time with 1522082255081856729n sec and kill status 0 
[  151.606889] VT-GPIO_TEST: Freezing 1553
[  151.625246] VT-GPIO_TIME: TIME-RISE: 1522082255 122310363 nanoseconds
[  151.636194] VT-GPIO_TIME: TIME-PAUSE: 0 77906854 nanoseconds
[  157.690673] VT-GPIO_TIME: TIME-FALL: 1522082261 188044139 nanoseconds
[  157.709922] VT-GPIO_TEST: Falling Edge detectedVT-DEBUG: returning from unfreeze_time with 1522082261226481588n nsec and kill status 0
[  157.752161] VT-GPIO_TEST: Unfreezing 1553
[  157.771235] VT-GPIO_TIME: TIME-FALL: 1522082261 268626065 nanoseconds
[  157.782269] VT-GPIO_TIME: TIME-RESUME: 0 80581926 nanoseconds
[  165.376213] VT-GPIO_TEST: pause
[  165.404542] VT-GPIO_TIME: TIME-RISE: 1522082268 902302064 nanoseconds
[  165.414320] VT-GPIO_TEST: Rising Edge detectedVT-DEBUG: returning from freeze_time with 1522082268931509847n sec and kill status 0 
[  165.456331] VT-GPIO_TEST: Freezing 1553
[  165.475296] VT-GPIO_TIME: TIME-RISE: 1522082268 973072526 nanoseconds
[  165.486245] VT-GPIO_TIME: TIME-PAUSE: 0 70770462 nanoseconds
[  171.427740] VT-GPIO_TEST: resume
[  171.454160] VT-GPIO_TEST: value of pin: 0
[  171.459388] VT-GPIO_TIME: TIME-FALL: 1522082274 954533988 nanoseconds
[  171.462702] VT-GPIO_TEST: Falling Edge detectedVT-DEBUG: returning from unfreeze_time with 1522082274966052510n nsec and kill status 0
[  171.483772] VT-GPIO_TEST: Unfreezing 1553
[  171.488992] VT-GPIO_TIME: TIME-FALL: 1522082274 987051421 nanoseconds
[  171.493694] VT-GPIO_TIME: TIME-RESUME: 0 32517433 nanoseconds
[  180.473516] VT-GPIO_TEST: pause
[  180.501283] VT-GPIO_TIME: TIME-RISE: 1522082284 61162 nanoseconds
[  180.510684] VT-GPIO_TEST: Rising Edge detectedVT-DEBUG: returning from freeze_time with 1522082284028504330n sec and kill status 0 
[  180.552657] VT-GPIO_TEST: Freezing 1553
[  180.571536] VT-GPIO_TIME: TIME-RISE: 1522082284 70071079 nanoseconds
[  180.582395] VT-GPIO_TIME: TIME-PAUSE: 0 70009917 nanoseconds
[  190.637813] VT-GPIO_TEST: resume
[  190.663259] VT-GPIO_TEST: value of pin: 0
[  190.668487] VT-GPIO_TIME: TIME-FALL: 1522082294 164428021 nanoseconds
[  190.671801] VT-GPIO_TEST: Falling Edge detectedVT-DEBUG: returning from unfreeze_time with 1522082294175924394n nsec and kill status 0
[  190.692873] VT-GPIO_TEST: Unfreezing 1553
[  190.698094] VT-GPIO_TIME: TIME-FALL: 1522082294 196934235 nanoseconds
[  190.702796] VT-GPIO_TIME: TIME-RESUME: 0 32506214 nanoseconds
[  196.003637] VT-GPIO_TIME: TIME-RISE: 1522082299 502642306 nanoseconds
[  196.022887] VT-GPIO_TEST: Rising Edge detectedVT-DEBUG: returning from freeze_time with 1522082299541107776n sec and kill status 0 
[  196.064540] VT-GPIO_TEST: Freezing 1553
[  196.083460] VT-GPIO_TIME: TIME-RISE: 1522082299 582487387 nanoseconds
[  196.094411] VT-GPIO_TIME: TIME-PAUSE: 0 79845081 nanoseconds
[  202.159672] VT-GPIO_TIME: TIME-FALL: 1522082305 658880984 nanoseconds
[  202.179273] VT-GPIO_TEST: Falling Edge detectedVT-DEBUG: returning from unfreeze_time with 1522082305697812453n nsec and kill status 0
[  202.221673] VT-GPIO_TEST: Unfreezing 1553
[  202.240756] VT-GPIO_TIME: TIME-FALL: 1522082305 739982940 nanoseconds
[  202.251791] VT-GPIO_TIME: TIME-RESUME: 0 81101956 nanoseconds
[  208.845174] VT-GPIO_TEST: pause
[  208.872989] VT-GPIO_TIME: TIME-RISE: 1522082312 372397835 nanoseconds
[  208.882767] VT-GPIO_TEST: Rising Edge detectedVT-DEBUG: returning from freeze_time with 1522082312401531912n sec and kill status 0 
[  208.924651] VT-GPIO_TEST: Freezing 1553
[  208.943573] VT-GPIO_TIME: TIME-RISE: 1522082312 443000046 nanoseconds
[  208.954522] VT-GPIO_TIME: TIME-PAUSE: 0 70602211 nanoseconds
[  216.897571] VT-GPIO_TEST: resume
[  216.922913] VT-GPIO_TEST: value of pin: 0
[  216.928141] VT-GPIO_TIME: TIME-FALL: 1522082320 424869605 nanoseconds
[  216.931454] VT-GPIO_TEST: Falling Edge detectedVT-DEBUG: returning from unfreeze_time with 1522082320436384393n nsec and kill status 0
[  216.952529] VT-GPIO_TEST: Unfreezing 1553
[  216.957750] VT-GPIO_TIME: TIME-FALL: 1522082320 457392920 nanoseconds
[  216.962460] VT-GPIO_TIME: TIME-RESUME: 0 32523315 nanoseconds
[  217.258548] VT-GPIO_TIME: TIME-RISE: 1522082320 758180216 nanoseconds
[  217.277784] VT-GPIO_TEST: Rising Edge detectedVT-DEBUG: returning from freeze_time with 1522082320796638637n sec and kill status 0 
[  217.319444] VT-GPIO_TEST: Freezing 1553
[  217.338355] VT-GPIO_TIME: TIME-RISE: 1522082320 838006090 nanoseconds
[  217.349305] VT-GPIO_TIME: TIME-PAUSE: 0 79825874 nanoseconds
[  226.416912] VT-GPIO_TIME: TIME-FALL: 1522082329 916755977 nanoseconds
[  226.436496] VT-GPIO_TEST: Falling Edge detectedVT-DEBUG: returning from unfreeze_time with 1522082329955672480n nsec and kill status 0
[  226.478896] VT-GPIO_TEST: Unfreezing 1553
[  226.497978] VT-GPIO_TIME: TIME-FALL: 1522082329 997840264 nanoseconds
[  226.509012] VT-GPIO_TIME: TIME-RESUME: 0 81084287 nanoseconds
[  232.105919] VT-GPIO_TEST: pause
[  232.134476] VT-GPIO_TIME: TIME-RISE: 1522082335 634437789 nanoseconds
[  232.144239] VT-GPIO_TEST: Rising Edge detectedVT-DEBUG: returning from freeze_time with 1522082335663555306n sec and kill status 0 
[  232.186128] VT-GPIO_TEST: Freezing 1553
[  232.205050] VT-GPIO_TIME: TIME-RISE: 1522082335 705028810 nanoseconds
[  232.215998] VT-GPIO_TIME: TIME-PAUSE: 0 70591021 nanoseconds
[  238.260007] VT-GPIO_TEST: resume
[  238.286571] VT-GPIO_TEST: value of pin: 0
[  238.305595] VT-GPIO_TIME: TIME-FALL: 1522082341 805677875 nanoseconds
[  238.315426] VT-GPIO_TEST: Falling Edge detectedVT-DEBUG: returning from unfreeze_time with 1522082341834872703n nsec and kill status 0
[  238.357910] VT-GPIO_TEST: Unfreezing 1553
[  238.377025] VT-GPIO_TIME: TIME-FALL: 1522082341 877113586 nanoseconds
[  238.388062] VT-GPIO_TIME: TIME-RESUME: 0 71435711 nanoseconds
[  238.612675] VT-GPIO_TIME: TIME-RISE: 1522082342 112751377 nanoseconds
[  238.632244] VT-GPIO_TEST: Rising Edge detectedVT-DEBUG: returning from freeze_time with 1522082342151623980n sec and kill status 0 
[  238.674072] VT-GPIO_TEST: Freezing 1553
[  238.692996] VT-GPIO_TIME: TIME-RISE: 1522082342 193091210 nanoseconds
[  238.703947] VT-GPIO_TIME: TIME-PAUSE: 0 80339833 nanoseconds
[  245.665851] VT-GPIO_TIME: TIME-FALL: 1522082349 166035688 nanoseconds
[  245.685469] VT-GPIO_TEST: Falling Edge detectedVT-DEBUG: returning from unfreeze_time with 1522082349205014275n nsec and kill status 0
[  245.727922] VT-GPIO_TEST: Unfreezing 1553
[  245.747036] VT-GPIO_TIME: TIME-FALL: 1522082349 247239245 nanoseconds
[  245.758071] VT-GPIO_TIME: TIME-RESUME: 0 81203557 nanoseconds
[  254.712124] VT-GPIO_TIME: TIME-RISE: 1522082358 212421969 nanoseconds
[  254.731862] VT-GPIO_TEST: Rising Edge detectedVT-DEBUG: returning from freeze_time with 1522082358251646187n sec and kill status 0 
[  254.773861] VT-GPIO_TEST: Freezing 1553
[  254.792740] VT-GPIO_TIME: TIME-RISE: 1522082358 293064553 nanoseconds
[  254.803688] VT-GPIO_TIME: TIME-PAUSE: 0 80642584 nanoseconds
[  264.869772] VT-GPIO_TIME: TIME-FALL: 1522082368 370167895 nanoseconds
[  264.889578] VT-GPIO_TEST: Falling Edge detectedVT-DEBUG: returning from unfreeze_time with 1522082368409779855n nsec and kill status 0
[  264.932934] VT-GPIO_TEST: Unfreezing 1553
[  264.952285] VT-GPIO_TIME: TIME-FALL: 1522082368 452694510 nanoseconds
[  264.963319] VT-GPIO_TIME: TIME-RESUME: 0 82526615 nanoseconds
[  271.528450] VT-GPIO_TEST: pause
[  271.557004] VT-GPIO_TIME: TIME-RISE: 1522082375 57527750 nanoseconds
[  271.566695] VT-GPIO_TEST: Rising Edge detectedVT-DEBUG: returning from freeze_time with 1522082375086954568n sec and kill status 0 
[  271.609313] VT-GPIO_TEST: Freezing 1553
[  271.628310] VT-GPIO_TIME: TIME-RISE: 1522082375 128762824 nanoseconds
[  271.639260] VT-GPIO_TIME: TIME-PAUSE: 0 71235074 nanoseconds
[  276.578474] VT-GPIO_TEST: resume
[  276.604780] VT-GPIO_TEST: value of pin: 0
[  276.610007] VT-GPIO_TIME: TIME-FALL: 1522082380 107596598 nanoseconds
[  276.613321] VT-GPIO_TEST: Falling Edge detectedVT-DEBUG: returning from unfreeze_time with 1522082380119083513n nsec and kill status 0
[  276.634405] VT-GPIO_TEST: Unfreezing 1553
[  276.639627] VT-GPIO_TIME: TIME-FALL: 1522082380 140102170 nanoseconds
[  276.644328] VT-GPIO_TIME: TIME-RESUME: 0 32505572 nanoseconds
[  277.973423] VT-GPIO_TIME: TIME-RISE: 1522082381 473885544 nanoseconds
[  277.993150] VT-GPIO_TEST: Rising Edge detectedVT-DEBUG: returning from freeze_time with 1522082381513095921n sec and kill status 0 
[  278.035145] VT-GPIO_TEST: Freezing 1553
[  278.054044] VT-GPIO_TIME: TIME-RISE: 1522082381 554524305 nanoseconds
[  278.064993] VT-GPIO_TIME: TIME-PAUSE: 0 80638761 nanoseconds
[  284.024538] VT-GPIO_TIME: TIME-FALL: 1522082387 525013591 nanoseconds
[  284.044347] VT-GPIO_TEST: Falling Edge detectedVT-DEBUG: returning from unfreeze_time with 1522082387564651518n nsec and kill status 0
[  284.087722] VT-GPIO_TEST: Unfreezing 1553
[  284.107073] VT-GPIO_TIME: TIME-FALL: 1522082387 607567121 nanoseconds
[  284.118110] VT-GPIO_TIME: TIME-RESUME: 0 82553530 nanoseconds
[  288.670898] VT-GPIO_TEST: pause
[  288.699434] VT-GPIO_TIME: TIME-RISE: 1522082392 199918889 nanoseconds
[  288.709193] VT-GPIO_TEST: Rising Edge detectedVT-DEBUG: returning from freeze_time with 1522082392229490507n sec and kill status 0 
[  288.751828] VT-GPIO_TEST: Freezing 1553
[  288.770843] VT-GPIO_TIME: TIME-RISE: 1522082392 271339665 nanoseconds
[  288.781792] VT-GPIO_TIME: TIME-PAUSE: 0 71420776 nanoseconds
[  294.826218] VT-GPIO_TEST: resume
[  294.852562] VT-GPIO_TEST: value of pin: 0
[  294.857791] VT-GPIO_TIME: TIME-FALL: 1522082398 355368254 nanoseconds
[  294.861105] VT-GPIO_TEST: Falling Edge detectedVT-DEBUG: returning from unfreeze_time with 1522082398366887773n nsec and kill status 0
[  294.882175] VT-GPIO_TEST: Unfreezing 1553
[  294.887396] VT-GPIO_TIME: TIME-FALL: 1522082398 387887439 nanoseconds
[  294.892098] VT-GPIO_TIME: TIME-RESUME: 0 32519185 nanoseconds
[  299.231078] VT-GPIO_TIME: TIME-RISE: 1522082402 731539218 nanoseconds
[  299.250639] VT-GPIO_TEST: Rising Edge detectedVT-DEBUG: returning from freeze_time with 1522082402770436135n sec and kill status 0 
[  299.292506] VT-GPIO_TEST: Freezing 1553
[  299.311434] VT-GPIO_TIME: TIME-RISE: 1522082402 811913002 nanoseconds
[  299.322382] VT-GPIO_TIME: TIME-PAUSE: 0 80373784 nanoseconds
[  307.388352] VT-GPIO_TIME: TIME-FALL: 1522082410 888779678 nanoseconds
[  307.407993] VT-GPIO_TEST: Falling Edge detectedVT-DEBUG: returning from unfreeze_time with 1522082410927779338n nsec and kill status 0
[  307.450456] VT-GPIO_TEST: Unfreezing 1553
[  307.469584] VT-GPIO_TIME: TIME-FALL: 1522082410 970026107 nanoseconds
[  307.480620] VT-GPIO_TIME: TIME-RESUME: 0 81246429 nanoseconds
[  309.020758] VT-GPIO_TEST: pause
[  309.049096] VT-GPIO_TIME: TIME-RISE: 1522082412 549514799 nanoseconds
[  309.058884] VT-GPIO_TEST: Rising Edge detectedVT-DEBUG: returning from freeze_time with 1522082412578687706n sec and kill status 0 
[  309.100816] VT-GPIO_TEST: Freezing 1553
[  309.119759] VT-GPIO_TIME: TIME-RISE: 1522082412 620190665 nanoseconds
[  309.130709] VT-GPIO_TIME: TIME-PAUSE: 0 70675866 nanoseconds
[  314.071444] VT-GPIO_TEST: resume
[  314.097774] VT-GPIO_TEST: value of pin: 0
[  314.103002] VT-GPIO_TIME: TIME-FALL: 1522082417 600492633 nanoseconds
[  314.106316] VT-GPIO_TEST: Falling Edge detectedVT-DEBUG: returning from unfreeze_time with 1522082417612004255n nsec and kill status 0
[  314.127390] VT-GPIO_TEST: Unfreezing 1553
[  314.132610] VT-GPIO_TIME: TIME-FALL: 1522082417 633010765 nanoseconds
[  314.137312] VT-GPIO_TIME: TIME-RESUME: 0 32518132 nanoseconds
[  320.486600] VT-GPIO_TIME: TIME-RISE: 1522082423 986928733 nanoseconds
[  320.506160] VT-GPIO_TEST: Rising Edge detectedVT-DEBUG: returning from freeze_time with 1522082424025814171n sec and kill status 0 
[  320.548004] VT-GPIO_TEST: Freezing 1553
[  320.566846] VT-GPIO_TIME: TIME-RISE: 1522082424 67276710 nanoseconds
[  320.578745] VT-GPIO_TIME: TIME-PAUSE: 1 18446744072789899593 nanoseconds
[  327.631242] VT-GPIO_TIME: TIME-FALL: 1522082431 131497213 nanoseconds
[  327.650860] VT-GPIO_TEST: Falling Edge detectedVT-DEBUG: returning from unfreeze_time with 1522082431170484192n nsec and kill status 0
[  327.693336] VT-GPIO_TEST: Unfreezing 1553
[  327.712454] VT-GPIO_TIME: TIME-FALL: 1522082431 212726096 nanoseconds
[  327.723488] VT-GPIO_TIME: TIME-RESUME: 0 81228883 nanoseconds
[  332.262579] VT-GPIO_TEST: pause
[  332.291131] VT-GPIO_TIME: TIME-RISE: 1522082435 791336807 nanoseconds
[  332.300892] VT-GPIO_TEST: Rising Edge detectedVT-DEBUG: returning from freeze_time with 1522082435820473699n sec and kill status 0 
[  332.342816] VT-GPIO_TEST: Freezing 1553
[  332.361759] VT-GPIO_TIME: TIME-RISE: 1522082435 861977481 nanoseconds
[  332.372707] VT-GPIO_TIME: TIME-PAUSE: 0 70640674 nanoseconds
[  340.426765] VT-GPIO_TEST: resume
[  340.453118] VT-GPIO_TEST: value of pin: 0
[  340.458346] VT-GPIO_TIME: TIME-FALL: 1522082443 955548281 nanoseconds
[  340.461660] VT-GPIO_TEST: Falling Edge detectedVT-DEBUG: returning from unfreeze_time with 1522082443967061741n nsec and kill status 0
[  340.482733] VT-GPIO_TEST: Unfreezing 1553
[  340.487954] VT-GPIO_TIME: TIME-FALL: 1522082443 988065107 nanoseconds
[  340.492656] VT-GPIO_TIME: TIME-RESUME: 0 32516826 nanoseconds
[  342.832781] VT-GPIO_TIME: TIME-RISE: 1522082446 332838571 nanoseconds
[  342.852355] VT-GPIO_TEST: Rising Edge detectedVT-DEBUG: returning from freeze_time with 1522082446371762986n sec and kill status 0 
[  342.894256] VT-GPIO_TEST: Freezing 1553
[  342.913200] VT-GPIO_TIME: TIME-RISE: 1522082446 413274282 nanoseconds
[  342.924150] VT-GPIO_TIME: TIME-PAUSE: 0 80435711 nanoseconds
[  351.994263] VT-GPIO_TIME: TIME-FALL: 1522082455 494173844 nanoseconds
[  352.013896] VT-GPIO_TEST: Falling Edge detectedVT-DEBUG: returning from unfreeze_time with 1522082455533166882n nsec and kill status 0
[  352.056369] VT-GPIO_TEST: Unfreezing 1553
[  352.075505] VT-GPIO_TIME: TIME-FALL: 1522082455 575432493 nanoseconds
[  352.086541] VT-GPIO_TIME: TIME-RESUME: 0 81258649 nanoseconds
[  358.046352] VT-GPIO_TIME: TIME-RISE: 1522082461 546153415 nanoseconds
[  358.066115] VT-GPIO_TEST: Rising Edge detectedVT-DEBUG: returning from freeze_time with 1522082461585415518n sec and kill status 0 
[  358.108157] VT-GPIO_TEST: Freezing 1553
[  358.127065] VT-GPIO_TIME: TIME-RISE: 1522082461 626884455 nanoseconds
[  358.138015] VT-GPIO_TIME: TIME-PAUSE: 0 80731040 nanoseconds
[  365.097936] VT-GPIO_TIME: TIME-FALL: 1522082468 597603353 nanoseconds
[  365.117778] VT-GPIO_TEST: Falling Edge detectedVT-DEBUG: returning from unfreeze_time with 1522082468637298302n nsec and kill status 0
[  365.161210] VT-GPIO_TEST: Unfreezing 1553
[  365.180589] VT-GPIO_TIME: TIME-FALL: 1522082468 680271729 nanoseconds
[  365.191624] VT-GPIO_TIME: TIME-RESUME: 0 82668376 nanoseconds
[  365.687759] VT-GPIO_TEST: pause
[  365.716350] VT-GPIO_TIME: TIME-RISE: 1522082469 216004839 nanoseconds
[  365.726128] VT-GPIO_TEST: Rising Edge detectedVT-DEBUG: returning from freeze_time with 1522082469245632233n sec and kill status 0 
[  365.768798] VT-GPIO_TEST: Freezing 1553
[  365.787821] VT-GPIO_TIME: TIME-RISE: 1522082469 287490922 nanoseconds
[  365.798770] VT-GPIO_TIME: TIME-PAUSE: 0 71486083 nanoseconds
[  374.742580] VT-GPIO_TEST: resume
[  374.768926] VT-GPIO_TEST: value of pin: 0
[  374.774156] VT-GPIO_TIME: TIME-FALL: 1522082478 270745470 nanoseconds
[  374.777469] VT-GPIO_TEST: Falling Edge detectedVT-DEBUG: returning from unfreeze_time with 1522082478282238838n nsec and kill status 0
[  374.798535] VT-GPIO_TEST: Unfreezing 1553
[  374.803756] VT-GPIO_TIME: TIME-FALL: 1522082478 303234326 nanoseconds
[  374.808466] VT-GPIO_TIME: TIME-RESUME: 0 32488856 nanoseconds
[  382.198628] VT-GPIO_TIME: TIME-RISE: 1522082485 698668623 nanoseconds
[  382.218350] VT-GPIO_TEST: Rising Edge detectedVT-DEBUG: returning from freeze_time with 1522082485737877030n sec and kill status 0 
[  382.260345] VT-GPIO_TEST: Freezing 1553
[  382.279234] VT-GPIO_TIME: TIME-RISE: 1522082485 779301978 nanoseconds
[  382.290183] VT-GPIO_TIME: TIME-PAUSE: 0 80633355 nanoseconds
[  390.257174] VT-GPIO_TIME: TIME-FALL: 1522082493 758249900 nanoseconds
[  390.276988] VT-GPIO_TEST: Falling Edge detectedVT-DEBUG: returning from unfreeze_time with 1522082493797889755n nsec and kill status 0
[  390.320348] VT-GPIO_TEST: Unfreezing 1553
[  390.339703] VT-GPIO_TIME: TIME-FALL: 1522082493 840806268 nanoseconds
[  390.350740] VT-GPIO_TIME: TIME-RESUME: 0 82556368 nanoseconds
[  393.847908] VT-GPIO_TEST: pause
[  393.876541] VT-GPIO_TIME: TIME-RISE: 1522082497 378067008 nanoseconds
[  393.886320] VT-GPIO_TEST: Rising Edge detectedVT-DEBUG: returning from freeze_time with 1522082497407678725n sec and kill status 0 
[  393.928957] VT-GPIO_TEST: Freezing 1553
[  393.947962] VT-GPIO_TIME: TIME-RISE: 1522082497 449511649 nanoseconds
[  393.958913] VT-GPIO_TIME: TIME-PAUSE: 0 71444641 nanoseconds
[  403.902449] VT-GPIO_TEST: resume
[  403.928765] VT-GPIO_TEST: value of pin: 0
[  403.933994] VT-GPIO_TIME: TIME-FALL: 1522082507 433825513 nanoseconds
[  403.937308] VT-GPIO_TEST: Falling Edge detectedVT-DEBUG: returning from unfreeze_time with 1522082507445344969n nsec and kill status 0
[  403.958380] VT-GPIO_TEST: Unfreezing 1553
[  403.963600] VT-GPIO_TIME: TIME-FALL: 1522082507 466346479 nanoseconds
[  403.968302] VT-GPIO_TIME: TIME-RESUME: 0 32520966 nanoseconds
[  421.372238] VT-GPIO_TIME: TIME-RISE: 1522082524 876875140 nanoseconds
[  421.391780] VT-GPIO_TEST: Rising Edge detectedVT-DEBUG: returning from freeze_time with 1522082524915726895n sec and kill status 0 
[  421.433603] VT-GPIO_TEST: Freezing 1553
[  421.452533] VT-GPIO_TIME: TIME-RISE: 1522082524 957197256 nanoseconds
[  421.463483] VT-GPIO_TIME: TIME-PAUSE: 0 80322116 nanoseconds
[  427.526356] VT-GPIO_TIME: TIME-FALL: 1522082531 31708575 nanoseconds
[  427.545872] VT-GPIO_TEST: Falling Edge detectedVT-DEBUG: returning from unfreeze_time with 1522082531070477172n nsec and kill status 0
[  427.588283] VT-GPIO_TEST: Unfreezing 1553
[  427.607376] VT-GPIO_TIME: TIME-FALL: 1522082531 112667140 nanoseconds
[  427.618411] VT-GPIO_TIME: TIME-RESUME: 0 80958565 nanoseconds
[  429.113397] VT-GPIO_TEST: pause
[  429.141701] VT-GPIO_TIME: TIME-RISE: 1522082532 647129551 nanoseconds
[  429.151489] VT-GPIO_TEST: Rising Edge detectedVT-DEBUG: returning from freeze_time with 1522082532676290189n sec and kill status 0 
[  429.193378] VT-GPIO_TEST: Freezing 1553
[  429.212300] VT-GPIO_TIME: TIME-RISE: 1522082532 717749381 nanoseconds
[  429.223250] VT-GPIO_TIME: TIME-PAUSE: 0 70619830 nanoseconds
[  437.166372] VT-GPIO_TEST: resume
[  437.192770] VT-GPIO_TEST: value of pin: 0
[  437.197999] VT-GPIO_TIME: TIME-FALL: 1522082540 701320070 nanoseconds
[  437.201312] VT-GPIO_TEST: Falling Edge detectedVT-DEBUG: returning from unfreeze_time with 1522082540712822153n nsec and kill status 0
[  437.222365] VT-GPIO_TEST: Unfreezing 1553
[  437.227586] VT-GPIO_TIME: TIME-FALL: 1522082540 733810627 nanoseconds
[  437.232287] VT-GPIO_TIME: TIME-RESUME: 0 32490557 nanoseconds
[  442.624154] VT-GPIO_TIME: TIME-RISE: 1522082546 130859890 nanoseconds
[  442.643703] VT-GPIO_TEST: Rising Edge detectedVT-DEBUG: returning from freeze_time with 1522082546169739117n sec and kill status 0 
[  442.685553] VT-GPIO_TEST: Freezing 1553
[  442.704478] VT-GPIO_TIME: TIME-RISE: 1522082546 211205995 nanoseconds
[  442.715428] VT-GPIO_TIME: TIME-PAUSE: 0 80346105 nanoseconds
[  449.677701] VT-GPIO_TIME: TIME-FALL: 1522082553 185031959 nanoseconds
[  449.697322] VT-GPIO_TEST: Falling Edge detectedVT-DEBUG: returning from unfreeze_time with 1522082553224007825n nsec and kill status 0
[  449.739764] VT-GPIO_TEST: Unfreezing 1553
[  449.758876] VT-GPIO_TIME: TIME-FALL: 1522082553 266230765 nanoseconds
[  449.769912] VT-GPIO_TIME: TIME-RESUME: 0 81198806 nanoseconds
[  456.267634] VT-GPIO_TEST: pause
[  456.296029] VT-GPIO_TIME: TIME-RISE: 1522082559 803930866 nanoseconds
[  456.305795] VT-GPIO_TEST: Rising Edge detectedVT-DEBUG: returning from freeze_time with 1522082559833050821n sec and kill status 0 
[  456.347696] VT-GPIO_TEST: Freezing 1553
[  456.366621] VT-GPIO_TIME: TIME-RISE: 1522082559 874535092 nanoseconds
[  456.377570] VT-GPIO_TIME: TIME-PAUSE: 0 70604226 nanoseconds
[  465.431408] VT-GPIO_TEST: resume
[  465.458117] VT-GPIO_TEST: value of pin: 0
[  465.477150] VT-GPIO_TIME: TIME-FALL: 1522082568 985788813 nanoseconds
[  465.486981] VT-GPIO_TEST: Falling Edge detectedVT-DEBUG: returning from unfreeze_time with 1522082569014995173n nsec and kill status 0
[  465.529499] VT-GPIO_TEST: Unfreezing 1553
[  465.548546] VT-GPIO_TIME: TIME-FALL: 1522082569 57281730 nanoseconds
[  465.560532] VT-GPIO_TIME: TIME-RESUME: 1 18446744072781044533 nanoseconds
