2018-03-26 11:37:00,302 - root - INFO - Starting Service ID: #1
2018-03-26 11:37:00,315 - root - INFO - Connection Manager Started: 1522082220.313647985
2018-03-26 11:37:00,325 - root - INFO - Host Activities Started: 1522082220.324775934
2018-03-26 11:37:02,389 - root - INFO - Host_System_pasuing: 1522082222.389556885
2018-03-26 11:37:02,405 - root - INFO - NCProcHandler_Stop_Services: 1522082222.405111074
2018-03-26 11:37:02,426 - root - INFO - NetCoor_Stop_Services: 1522082222.426723003
2018-03-26 11:37:11,437 - root - INFO - NCProcHandler_Resume_Services: 1522082231.437719107
2018-03-26 11:37:11,528 - root - INFO - NetCoor_Resume_Services: 1522082231.528646946
2018-03-26 11:37:08,465 - root - INFO - Host_System_pasuing: 1522082247.601075411
2018-03-26 11:37:27,609 - root - INFO - NCProcHandler_Stop_Services: 1522082247.609373093
2018-03-26 11:37:27,630 - root - INFO - NetCoor_Stop_Services: 1522082247.629890919
2018-03-26 11:37:32,640 - root - INFO - NCProcHandler_Resume_Services: 1522082252.640456915
2018-03-26 11:37:32,731 - root - INFO - NetCoor_Resume_Services: 1522082252.731520891
2018-03-26 11:37:18,542 - root - INFO - Host_System_pasuing: 1522082268.855829239
2018-03-26 11:37:48,863 - root - INFO - NCProcHandler_Stop_Services: 1522082268.863789082
2018-03-26 11:37:48,904 - root - INFO - NetCoor_Stop_Services: 1522082268.903954029
2018-03-26 11:37:54,915 - root - INFO - NCProcHandler_Resume_Services: 1522082274.915693045
2018-03-26 11:37:55,055 - root - INFO - NetCoor_Resume_Services: 1522082275.054792881
2018-03-26 11:37:27,605 - root - INFO - Host_System_pasuing: 1522082283.952814817
2018-03-26 11:38:03,961 - root - INFO - NCProcHandler_Stop_Services: 1522082283.961174011
2018-03-26 11:38:04,111 - root - INFO - NetCoor_Stop_Services: 1522082284.110764980
2018-03-26 11:38:14,126 - root - INFO - NCProcHandler_Resume_Services: 1522082294.126456976
2018-03-26 11:38:14,262 - root - INFO - NetCoor_Resume_Services: 1522082294.262187958
2018-03-26 11:37:39,674 - root - INFO - Host_System_pasuing: 1522082312.325965643
2018-03-26 11:38:32,334 - root - INFO - NCProcHandler_Stop_Services: 1522082312.333959103
2018-03-26 11:38:32,373 - root - INFO - NetCoor_Stop_Services: 1522082312.373442888
2018-03-26 11:38:40,387 - root - INFO - NCProcHandler_Resume_Services: 1522082320.387119055
2018-03-26 11:38:40,522 - root - INFO - NetCoor_Resume_Services: 1522082320.522471905
2018-03-26 11:37:45,741 - root - INFO - Host_System_pasuing: 1522082335.587051868
2018-03-26 11:38:55,595 - root - INFO - NCProcHandler_Stop_Services: 1522082335.595395088
2018-03-26 11:38:55,738 - root - INFO - NetCoor_Stop_Services: 1522082335.738187075
2018-03-26 11:39:01,749 - root - INFO - NCProcHandler_Resume_Services: 1522082341.749339104
2018-03-26 11:39:01,918 - root - INFO - NetCoor_Resume_Services: 1522082341.918097019
2018-03-26 11:38:01,781 - root - INFO - Host_System_pasuing: 1522082375.009979248
2018-03-26 11:39:35,018 - root - INFO - NCProcHandler_Stop_Services: 1522082375.018291950
2018-03-26 11:39:35,058 - root - INFO - NetCoor_Stop_Services: 1522082375.058577061
2018-03-26 11:39:40,068 - root - INFO - NCProcHandler_Resume_Services: 1522082380.068614006
2018-03-26 11:39:40,206 - root - INFO - NetCoor_Resume_Services: 1522082380.206732988
2018-03-26 11:38:07,840 - root - INFO - Host_System_pasuing: 1522082392.152954578
2018-03-26 11:39:52,161 - root - INFO - NCProcHandler_Stop_Services: 1522082392.161108971
2018-03-26 11:39:52,305 - root - INFO - NetCoor_Stop_Services: 1522082392.304841042
2018-03-26 11:39:58,316 - root - INFO - NCProcHandler_Resume_Services: 1522082398.316459894
2018-03-26 11:39:58,454 - root - INFO - NetCoor_Resume_Services: 1522082398.454546928
2018-03-26 11:38:13,895 - root - INFO - Host_System_pasuing: 1522082412.502300978
2018-03-26 11:40:12,510 - root - INFO - NCProcHandler_Stop_Services: 1522082412.510562897
2018-03-26 11:40:12,551 - root - INFO - NetCoor_Stop_Services: 1522082412.550932884
2018-03-26 11:40:17,561 - root - INFO - NCProcHandler_Resume_Services: 1522082417.561438084
2018-03-26 11:40:17,699 - root - INFO - NetCoor_Resume_Services: 1522082417.699254036
2018-03-26 11:38:24,959 - root - INFO - Host_System_pasuing: 1522082435.744352579
2018-03-26 11:40:35,752 - root - INFO - NCProcHandler_Stop_Services: 1522082435.752398014
2018-03-26 11:40:35,903 - root - INFO - NetCoor_Stop_Services: 1522082435.902869940
2018-03-26 11:40:43,916 - root - INFO - NCProcHandler_Resume_Services: 1522082443.916647911
2018-03-26 11:40:44,054 - root - INFO - NetCoor_Resume_Services: 1522082444.054356098
2018-03-26 11:38:34,023 - root - INFO - Host_System_pasuing: 1522082469.168368340
2018-03-26 11:41:09,176 - root - INFO - NCProcHandler_Stop_Services: 1522082469.176784992
2018-03-26 11:41:09,217 - root - INFO - NetCoor_Stop_Services: 1522082469.217092037
2018-03-26 11:41:18,231 - root - INFO - NCProcHandler_Resume_Services: 1522082478.231616974
2018-03-26 11:41:18,369 - root - INFO - NetCoor_Resume_Services: 1522082478.369256973
2018-03-26 11:38:45,089 - root - INFO - Host_System_pasuing: 1522082497.330896854
2018-03-26 11:41:37,339 - root - INFO - NCProcHandler_Stop_Services: 1522082497.338980913
2018-03-26 11:41:37,379 - root - INFO - NetCoor_Stop_Services: 1522082497.379148006
2018-03-26 11:41:47,394 - root - INFO - NCProcHandler_Resume_Services: 1522082507.394819975
2018-03-26 11:41:47,532 - root - INFO - NetCoor_Resume_Services: 1522082507.532231092
2018-03-26 11:39:04,165 - root - INFO - Host_System_pasuing: 1522082532.599747181
2018-03-26 11:42:12,608 - root - INFO - NCProcHandler_Stop_Services: 1522082532.608210087
2018-03-26 11:42:12,648 - root - INFO - NetCoor_Stop_Services: 1522082532.648583889
2018-03-26 11:42:20,662 - root - INFO - NCProcHandler_Resume_Services: 1522082540.662096977
2018-03-26 11:42:20,799 - root - INFO - NetCoor_Resume_Services: 1522082540.799645901
2018-03-26 11:39:16,232 - root - INFO - Host_System_pasuing: 1522082559.756780863
2018-03-26 11:42:39,765 - root - INFO - NCProcHandler_Stop_Services: 1522082559.765260935
2018-03-26 11:42:39,915 - root - INFO - NetCoor_Stop_Services: 1522082559.915218115
2018-03-26 11:42:48,929 - root - INFO - NCProcHandler_Resume_Services: 1522082568.929256916
2018-03-26 11:42:49,093 - root - INFO - NetCoor_Resume_Services: 1522082569.092704058
