2018-03-26 11:37:00,757 - root - INFO - Starting Service ID: #2
2018-03-26 11:37:00,770 - root - INFO - Connection Manager Started: 1522082220.768925905
2018-03-26 11:37:00,781 - root - INFO - Host Activities Started: 1522082220.780319929
2018-03-26 11:37:02,852 - root - INFO - Host_System_pasuing: 1522082231.882438660
2018-03-26 11:37:11,898 - root - INFO - NCProcHandler_Stop_Services: 1522082231.897783995
2018-03-26 11:37:11,992 - root - INFO - NetCoor_Stop_Services: 1522082231.992055893
2018-03-26 11:37:22,007 - root - INFO - NCProcHandler_Resume_Services: 1522082242.007839918
2018-03-26 11:37:22,100 - root - INFO - NetCoor_Resume_Services: 1522082242.100491047
2018-03-26 11:37:10,883 - root - INFO - Host_System_pasuing: 1522082255.051552296
2018-03-26 11:37:35,059 - root - INFO - NCProcHandler_Stop_Services: 1522082255.059593916
2018-03-26 11:37:35,171 - root - INFO - NetCoor_Stop_Services: 1522082255.171312094
2018-03-26 11:37:41,183 - root - INFO - NCProcHandler_Resume_Services: 1522082261.183011055
2018-03-26 11:37:41,342 - root - INFO - NetCoor_Resume_Services: 1522082261.342108011
2018-03-26 11:37:32,930 - root - INFO - Host_System_pasuing: 1522082299.483548403
2018-03-26 11:38:19,491 - root - INFO - NCProcHandler_Stop_Services: 1522082299.491849899
2018-03-26 11:38:19,636 - root - INFO - NetCoor_Stop_Services: 1522082299.635965109
2018-03-26 11:38:25,647 - root - INFO - NCProcHandler_Resume_Services: 1522082305.646981955
2018-03-26 11:38:25,808 - root - INFO - NetCoor_Resume_Services: 1522082305.808202028
2018-03-26 11:37:39,959 - root - INFO - Host_System_pasuing: 1522082320.736267328
2018-03-26 11:38:40,744 - root - INFO - NCProcHandler_Stop_Services: 1522082320.744383097
2018-03-26 11:38:40,889 - root - INFO - NetCoor_Stop_Services: 1522082320.889014959
2018-03-26 11:38:49,902 - root - INFO - NCProcHandler_Resume_Services: 1522082329.902380943
2018-03-26 11:38:50,066 - root - INFO - NetCoor_Resume_Services: 1522082330.066051960
2018-03-26 11:37:45,985 - root - INFO - Host_System_pasuing: 1522082342.090392590
2018-03-26 11:39:02,098 - root - INFO - NCProcHandler_Stop_Services: 1522082342.098325014
2018-03-26 11:39:02,138 - root - INFO - NetCoor_Stop_Services: 1522082342.138407946
2018-03-26 11:39:09,150 - root - INFO - NCProcHandler_Resume_Services: 1522082349.150666952
2018-03-26 11:39:09,295 - root - INFO - NetCoor_Resume_Services: 1522082349.295718908
2018-03-26 11:37:55,048 - root - INFO - Host_System_pasuing: 1522082358.187869310
2018-03-26 11:39:18,196 - root - INFO - NCProcHandler_Stop_Services: 1522082358.196146011
2018-03-26 11:39:18,338 - root - INFO - NetCoor_Stop_Services: 1522082358.338466883
2018-03-26 11:39:28,353 - root - INFO - NCProcHandler_Resume_Services: 1522082368.353545904
2018-03-26 11:39:28,512 - root - INFO - NetCoor_Resume_Services: 1522082368.512237072
2018-03-26 11:38:03,084 - root - INFO - Host_System_pasuing: 1522082381.447400570
2018-03-26 11:39:41,456 - root - INFO - NCProcHandler_Stop_Services: 1522082381.455987930
2018-03-26 11:39:41,496 - root - INFO - NetCoor_Stop_Services: 1522082381.496037006
2018-03-26 11:39:47,507 - root - INFO - NCProcHandler_Resume_Services: 1522082387.507062912
2018-03-26 11:39:47,643 - root - INFO - NetCoor_Resume_Services: 1522082387.643011093
2018-03-26 11:38:12,143 - root - INFO - Host_System_pasuing: 1522082402.695441246
2018-03-26 11:40:02,703 - root - INFO - NCProcHandler_Stop_Services: 1522082402.703169107
2018-03-26 11:40:02,854 - root - INFO - NetCoor_Stop_Services: 1522082402.853877068
2018-03-26 11:40:10,867 - root - INFO - NCProcHandler_Resume_Services: 1522082410.867594004
2018-03-26 11:40:11,028 - root - INFO - NetCoor_Resume_Services: 1522082411.028593063
2018-03-26 11:38:20,181 - root - INFO - Host_System_pasuing: 1522082423.956744194
2018-03-26 11:40:23,965 - root - INFO - NCProcHandler_Stop_Services: 1522082423.965143919
2018-03-26 11:40:24,107 - root - INFO - NetCoor_Stop_Services: 1522082424.107338905
2018-03-26 11:40:31,119 - root - INFO - NCProcHandler_Resume_Services: 1522082431.119465113
2018-03-26 11:40:31,270 - root - INFO - NetCoor_Resume_Services: 1522082431.270127058
2018-03-26 11:38:27,208 - root - INFO - Host_System_pasuing: 1522082446.308982849
2018-03-26 11:40:46,317 - root - INFO - NCProcHandler_Stop_Services: 1522082446.317701101
2018-03-26 11:40:46,455 - root - INFO - NetCoor_Stop_Services: 1522082446.455131054
2018-03-26 11:40:55,469 - root - INFO - NCProcHandler_Resume_Services: 1522082455.469361067
2018-03-26 11:40:55,632 - root - INFO - NetCoor_Resume_Services: 1522082455.632718086
2018-03-26 11:38:33,234 - root - INFO - Host_System_pasuing: 1522082461.513262510
2018-03-26 11:41:01,521 - root - INFO - NCProcHandler_Stop_Services: 1522082461.521677971
2018-03-26 11:41:01,562 - root - INFO - NetCoor_Stop_Services: 1522082461.562488079
2018-03-26 11:41:08,572 - root - INFO - NCProcHandler_Resume_Services: 1522082468.572427034
2018-03-26 11:41:08,734 - root - INFO - NetCoor_Resume_Services: 1522082468.734452009
2018-03-26 11:38:41,263 - root - INFO - Host_System_pasuing: 1522082485.664634228
2018-03-26 11:41:25,672 - root - INFO - NCProcHandler_Stop_Services: 1522082485.672805071
2018-03-26 11:41:25,713 - root - INFO - NetCoor_Stop_Services: 1522082485.713061094
2018-03-26 11:41:33,730 - root - INFO - NCProcHandler_Resume_Services: 1522082493.730601072
2018-03-26 11:41:33,867 - root - INFO - NetCoor_Resume_Services: 1522082493.866914988
2018-03-26 11:39:02,339 - root - INFO - Host_System_pasuing: 1522082524.834494352
2018-03-26 11:42:04,842 - root - INFO - NCProcHandler_Stop_Services: 1522082524.842784882
2018-03-26 11:42:04,985 - root - INFO - NetCoor_Stop_Services: 1522082524.985547066
2018-03-26 11:42:10,996 - root - INFO - NCProcHandler_Resume_Services: 1522082530.996561050
2018-03-26 11:42:11,157 - root - INFO - NetCoor_Resume_Services: 1522082531.157140017
2018-03-26 11:39:09,367 - root - INFO - Host_System_pasuing: 1522082546.085548878
2018-03-26 11:42:26,094 - root - INFO - NCProcHandler_Stop_Services: 1522082546.093883038
2018-03-26 11:42:26,134 - root - INFO - NetCoor_Stop_Services: 1522082546.133857012
2018-03-26 11:42:33,145 - root - INFO - NCProcHandler_Resume_Services: 1522082553.145870924
2018-03-26 11:42:33,291 - root - INFO - NetCoor_Resume_Services: 1522082553.291405916
