2018-04-12 12:33:00,933 - root - INFO - Starting Service ID: #1
2018-04-12 12:33:00,947 - root - INFO - Connection Manager Started: 1523554380.945696115
2018-04-12 12:33:00,958 - root - INFO - Host Activities Started: 1523554380.956871986
2018-04-12 12:33:03,024 - root - INFO - Host_System_pasuing: 1523554383.024250984
2018-04-12 12:33:03,041 - root - INFO - NCProcHandler_Stop_Services: 1523554383.041568995
2018-04-12 12:33:03,122 - root - INFO - NetCoor_Stop_Services: 1523554383.121990919
2018-04-12 12:33:08,132 - root - INFO - NCProcHandler_Resume_Services: 1523554388.132191896
2018-04-12 12:33:08,226 - root - INFO - NetCoor_Resume_Services: 1523554388.225768089
2018-04-12 12:33:10,055 - root - INFO - Host_System_pasuing: 1523554395.151953220
2018-04-12 12:33:15,160 - root - INFO - NCProcHandler_Stop_Services: 1523554395.160778046
2018-04-12 12:33:15,246 - root - INFO - NetCoor_Stop_Services: 1523554395.246059895
2018-04-12 12:33:21,258 - root - INFO - NCProcHandler_Resume_Services: 1523554401.258584976
2018-04-12 12:33:21,360 - root - INFO - NetCoor_Resume_Services: 1523554401.359796047
2018-04-12 12:33:17,084 - root - INFO - Host_System_pasuing: 1523554408.285537481
2018-04-12 12:33:28,294 - root - INFO - NCProcHandler_Stop_Services: 1523554408.294195890
2018-04-12 12:33:28,379 - root - INFO - NetCoor_Stop_Services: 1523554408.379189014
2018-04-12 12:33:33,389 - root - INFO - NCProcHandler_Resume_Services: 1523554413.389494896
2018-04-12 12:33:33,509 - root - INFO - NetCoor_Resume_Services: 1523554413.509680033
2018-04-12 12:33:24,113 - root - INFO - Host_System_pasuing: 1523554420.418220282
2018-04-12 12:33:40,426 - root - INFO - NCProcHandler_Stop_Services: 1523554420.426297903
2018-04-12 12:33:40,465 - root - INFO - NetCoor_Stop_Services: 1523554420.465342999
2018-04-12 12:33:46,477 - root - INFO - NCProcHandler_Resume_Services: 1523554426.477190971
2018-04-12 12:33:46,612 - root - INFO - NetCoor_Resume_Services: 1523554426.612504959
2018-04-12 12:33:31,173 - root - INFO - Host_System_pasuing: 1523554433.513292074
2018-04-12 12:33:53,521 - root - INFO - NCProcHandler_Stop_Services: 1523554433.521342039
2018-04-12 12:33:53,562 - root - INFO - NetCoor_Stop_Services: 1523554433.562046051
2018-04-12 12:33:59,573 - root - INFO - NCProcHandler_Resume_Services: 1523554439.573734045
2018-04-12 12:33:59,709 - root - INFO - NetCoor_Resume_Services: 1523554439.708986998
2018-04-12 12:33:38,241 - root - INFO - Host_System_pasuing: 1523554446.615205765
2018-04-12 12:34:06,624 - root - INFO - NCProcHandler_Stop_Services: 1523554446.624515057
2018-04-12 12:34:06,773 - root - INFO - NetCoor_Stop_Services: 1523554446.773447037
2018-04-12 12:34:12,785 - root - INFO - NCProcHandler_Resume_Services: 1523554452.785317898
2018-04-12 12:34:12,920 - root - INFO - NetCoor_Resume_Services: 1523554452.920540094
2018-04-12 12:33:45,300 - root - INFO - Host_System_pasuing: 1523554459.816715240
2018-04-12 12:34:19,825 - root - INFO - NCProcHandler_Stop_Services: 1523554459.825629950
2018-04-12 12:34:19,968 - root - INFO - NetCoor_Stop_Services: 1523554459.968478918
2018-04-12 12:34:24,979 - root - INFO - NCProcHandler_Resume_Services: 1523554464.979315042
2018-04-12 12:34:25,114 - root - INFO - NetCoor_Resume_Services: 1523554465.114464998
2018-04-12 12:33:52,360 - root - INFO - Host_System_pasuing: 1523554472.013095856
2018-04-12 12:34:32,029 - root - INFO - NCProcHandler_Stop_Services: 1523554472.029537916
2018-04-12 12:34:32,070 - root - INFO - NetCoor_Stop_Services: 1523554472.069739103
2018-04-12 12:34:38,081 - root - INFO - NCProcHandler_Resume_Services: 1523554478.081449986
2018-04-12 12:34:38,216 - root - INFO - NetCoor_Resume_Services: 1523554478.216366053
2018-04-12 12:33:59,429 - root - INFO - Host_System_pasuing: 1523554485.115746260
2018-04-12 12:34:45,125 - root - INFO - NCProcHandler_Stop_Services: 1523554485.125044107
2018-04-12 12:34:45,274 - root - INFO - NetCoor_Stop_Services: 1523554485.274540901
2018-04-12 12:34:51,286 - root - INFO - NCProcHandler_Resume_Services: 1523554491.286362886
2018-04-12 12:34:51,421 - root - INFO - NetCoor_Resume_Services: 1523554491.421103954
2018-04-12 12:34:06,491 - root - INFO - Host_System_pasuing: 1523554498.320321321
2018-04-12 12:34:58,331 - root - INFO - NCProcHandler_Stop_Services: 1523554498.330790043
2018-04-12 12:34:58,479 - root - INFO - NetCoor_Stop_Services: 1523554498.479703903
2018-04-12 12:35:03,490 - root - INFO - NCProcHandler_Resume_Services: 1523554503.490552902
2018-04-12 12:35:03,625 - root - INFO - NetCoor_Resume_Services: 1523554503.625679970
2018-04-12 12:34:13,554 - root - INFO - Host_System_pasuing: 1523554510.524590254
2018-04-12 12:35:10,533 - root - INFO - NCProcHandler_Stop_Services: 1523554510.533735991
2018-04-12 12:35:10,675 - root - INFO - NetCoor_Stop_Services: 1523554510.675453901
2018-04-12 12:35:15,686 - root - INFO - NCProcHandler_Resume_Services: 1523554515.686811924
2018-04-12 12:35:15,845 - root - INFO - NetCoor_Resume_Services: 1523554515.844865084
2018-04-12 12:34:20,583 - root - INFO - Host_System_pasuing: 1523554522.722818613
2018-04-12 12:35:22,731 - root - INFO - NCProcHandler_Stop_Services: 1523554522.731286049
2018-04-12 12:35:22,771 - root - INFO - NetCoor_Stop_Services: 1523554522.771485090
2018-04-12 12:35:27,782 - root - INFO - NCProcHandler_Resume_Services: 1523554527.782206059
2018-04-12 12:35:27,917 - root - INFO - NetCoor_Resume_Services: 1523554527.917372942
2018-04-12 12:34:27,645 - root - INFO - Host_System_pasuing: 1523554534.816720009
2018-04-12 12:35:34,826 - root - INFO - NCProcHandler_Stop_Services: 1523554534.826042891
2018-04-12 12:35:34,975 - root - INFO - NetCoor_Stop_Services: 1523554534.975684881
2018-04-12 12:35:39,986 - root - INFO - NCProcHandler_Resume_Services: 1523554539.986517906
2018-04-12 12:35:40,121 - root - INFO - NetCoor_Resume_Services: 1523554540.121298075
2018-04-12 12:34:34,714 - root - INFO - Host_System_pasuing: 1523554547.027753115
2018-04-12 12:35:47,037 - root - INFO - NCProcHandler_Stop_Services: 1523554547.037328005
2018-04-12 12:35:47,178 - root - INFO - NetCoor_Stop_Services: 1523554547.178210974
2018-04-12 12:35:52,189 - root - INFO - NCProcHandler_Resume_Services: 1523554552.189105988
2018-04-12 12:35:52,347 - root - INFO - NetCoor_Resume_Services: 1523554552.347414970
2018-04-12 12:34:41,743 - root - INFO - Host_System_pasuing: 1523554559.225080729
2018-04-12 12:35:59,234 - root - INFO - NCProcHandler_Stop_Services: 1523554559.233917952
2018-04-12 12:35:59,274 - root - INFO - NetCoor_Stop_Services: 1523554559.273838997
2018-04-12 12:36:05,281 - root - INFO - NCProcHandler_Resume_Services: 1523554565.280997038
2018-04-12 12:36:05,416 - root - INFO - NetCoor_Resume_Services: 1523554565.416040897
2018-04-12 12:34:48,805 - root - INFO - Host_System_pasuing: 1523554572.316387653
2018-04-12 12:36:12,332 - root - INFO - NCProcHandler_Stop_Services: 1523554572.332000017
2018-04-12 12:36:12,371 - root - INFO - NetCoor_Stop_Services: 1523554572.371295929
2018-04-12 12:36:17,382 - root - INFO - NCProcHandler_Resume_Services: 1523554577.382280111
2018-04-12 12:36:17,518 - root - INFO - NetCoor_Resume_Services: 1523554577.517791986
2018-04-12 12:34:55,873 - root - INFO - Host_System_pasuing: 1523554584.416490078
2018-04-12 12:36:24,429 - root - INFO - NCProcHandler_Stop_Services: 1523554584.429538965
2018-04-12 12:36:24,571 - root - INFO - NetCoor_Stop_Services: 1523554584.571641922
2018-04-12 12:36:30,580 - root - INFO - NCProcHandler_Resume_Services: 1523554590.580854893
2018-04-12 12:36:30,748 - root - INFO - NetCoor_Resume_Services: 1523554590.748039961
2018-04-12 12:35:02,901 - root - INFO - Host_System_pasuing: 1523554597.619973421
2018-04-12 12:36:37,629 - root - INFO - NCProcHandler_Stop_Services: 1523554597.629039049
2018-04-12 12:36:37,669 - root - INFO - NetCoor_Stop_Services: 1523554597.669718981
2018-04-12 12:36:42,681 - root - INFO - NCProcHandler_Resume_Services: 1523554602.681139946
2018-04-12 12:36:42,816 - root - INFO - NetCoor_Resume_Services: 1523554602.816633940
2018-04-12 12:35:09,962 - root - INFO - Host_System_pasuing: 1523554609.715042830
2018-04-12 12:36:49,728 - root - INFO - NCProcHandler_Stop_Services: 1523554609.727835894
2018-04-12 12:36:49,877 - root - INFO - NetCoor_Stop_Services: 1523554609.877512932
2018-04-12 12:36:55,890 - root - INFO - NCProcHandler_Resume_Services: 1523554615.890213966
2018-04-12 12:36:56,026 - root - INFO - NetCoor_Resume_Services: 1523554616.025885105
2018-04-12 12:35:17,024 - root - INFO - Host_System_pasuing: 1523554622.920929432
2018-04-12 12:37:02,931 - root - INFO - NCProcHandler_Stop_Services: 1523554622.931606054
2018-04-12 12:37:03,082 - root - INFO - NetCoor_Stop_Services: 1523554623.082011938
2018-04-12 12:37:09,093 - root - INFO - NCProcHandler_Resume_Services: 1523554629.093780994
2018-04-12 12:37:09,229 - root - INFO - NetCoor_Resume_Services: 1523554629.229445934
2018-04-12 12:35:24,086 - root - INFO - Host_System_pasuing: 1523554636.128161192
2018-04-12 12:37:16,136 - root - INFO - NCProcHandler_Stop_Services: 1523554636.136603117
2018-04-12 12:37:16,278 - root - INFO - NetCoor_Stop_Services: 1523554636.277879953
2018-04-12 12:37:22,289 - root - INFO - NCProcHandler_Resume_Services: 1523554642.289619923
2018-04-12 12:37:22,424 - root - INFO - NetCoor_Resume_Services: 1523554642.424556017
2018-04-12 12:35:31,146 - root - INFO - Host_System_pasuing: 1523554649.323313475
2018-04-12 12:37:29,332 - root - INFO - NCProcHandler_Stop_Services: 1523554649.332242966
2018-04-12 12:37:29,372 - root - INFO - NetCoor_Stop_Services: 1523554649.372082949
2018-04-12 12:37:34,382 - root - INFO - NCProcHandler_Resume_Services: 1523554654.382235050
2018-04-12 12:37:34,517 - root - INFO - NetCoor_Resume_Services: 1523554654.517589092
2018-04-12 12:35:38,208 - root - INFO - Host_System_pasuing: 1523554661.417005777
2018-04-12 12:37:41,426 - root - INFO - NCProcHandler_Stop_Services: 1523554661.425972939
2018-04-12 12:37:41,576 - root - INFO - NetCoor_Stop_Services: 1523554661.576219082
2018-04-12 12:37:47,588 - root - INFO - NCProcHandler_Resume_Services: 1523554667.588303089
2018-04-12 12:37:47,723 - root - INFO - NetCoor_Resume_Services: 1523554667.723562002
2018-04-12 12:35:45,269 - root - INFO - Host_System_pasuing: 1523554674.621539593
2018-04-12 12:37:54,630 - root - INFO - NCProcHandler_Stop_Services: 1523554674.630569935
2018-04-12 12:37:54,780 - root - INFO - NetCoor_Stop_Services: 1523554674.780080080
2018-04-12 12:38:00,792 - root - INFO - NCProcHandler_Resume_Services: 1523554680.791881084
2018-04-12 12:38:00,927 - root - INFO - NetCoor_Resume_Services: 1523554680.927274942
2018-04-12 12:35:52,330 - root - INFO - Host_System_pasuing: 1523554687.825637102
2018-04-12 12:38:07,834 - root - INFO - NCProcHandler_Stop_Services: 1523554687.834677935
2018-04-12 12:38:07,976 - root - INFO - NetCoor_Stop_Services: 1523554687.976440907
2018-04-12 12:38:13,995 - root - INFO - NCProcHandler_Resume_Services: 1523554693.995717049
2018-04-12 12:38:14,154 - root - INFO - NetCoor_Resume_Services: 1523554694.154097080
2018-04-12 12:35:59,359 - root - INFO - Host_System_pasuing: 1523554701.032011271
2018-04-12 12:38:21,041 - root - INFO - NCProcHandler_Stop_Services: 1523554701.041506052
2018-04-12 12:38:21,183 - root - INFO - NetCoor_Stop_Services: 1523554701.183137894
2018-04-12 12:38:27,194 - root - INFO - NCProcHandler_Resume_Services: 1523554707.194448948
2018-04-12 12:38:27,329 - root - INFO - NetCoor_Resume_Services: 1523554707.329411030
2018-04-12 12:36:06,423 - root - INFO - Host_System_pasuing: 1523554714.230043411
2018-04-12 12:38:34,238 - root - INFO - NCProcHandler_Stop_Services: 1523554714.238867998
2018-04-12 12:38:34,279 - root - INFO - NetCoor_Stop_Services: 1523554714.279536963
2018-04-12 12:38:39,290 - root - INFO - NCProcHandler_Resume_Services: 1523554719.290307045
2018-04-12 12:38:39,425 - root - INFO - NetCoor_Resume_Services: 1523554719.425030947
2018-04-12 12:36:13,484 - root - INFO - Host_System_pasuing: 1523554726.324649572
2018-04-12 12:38:46,333 - root - INFO - NCProcHandler_Stop_Services: 1523554726.333842993
2018-04-12 12:38:46,483 - root - INFO - NetCoor_Stop_Services: 1523554726.483064890
2018-04-12 12:38:51,493 - root - INFO - NCProcHandler_Resume_Services: 1523554731.493765116
2018-04-12 12:38:51,629 - root - INFO - NetCoor_Resume_Services: 1523554731.628858089
2018-04-12 12:36:20,555 - root - INFO - Host_System_pasuing: 1523554738.537198305
2018-04-12 12:38:58,546 - root - INFO - NCProcHandler_Stop_Services: 1523554738.545963049
2018-04-12 12:38:58,689 - root - INFO - NetCoor_Stop_Services: 1523554738.688761950
2018-04-12 12:39:03,699 - root - INFO - NCProcHandler_Resume_Services: 1523554743.699489117
2018-04-12 12:39:03,858 - root - INFO - NetCoor_Resume_Services: 1523554743.857970953
2018-04-12 12:36:27,583 - root - INFO - Host_System_pasuing: 1523554750.733636379
2018-04-12 12:39:10,742 - root - INFO - NCProcHandler_Stop_Services: 1523554750.742399931
2018-04-12 12:39:10,782 - root - INFO - NetCoor_Stop_Services: 1523554750.782574892
2018-04-12 12:39:15,791 - root - INFO - NCProcHandler_Resume_Services: 1523554755.790924072
2018-04-12 12:39:15,926 - root - INFO - NetCoor_Resume_Services: 1523554755.926172018
2018-04-12 12:36:34,644 - root - INFO - Host_System_pasuing: 1523554762.825979948
2018-04-12 12:39:22,835 - root - INFO - NCProcHandler_Stop_Services: 1523554762.835127115
2018-04-12 12:39:22,985 - root - INFO - NetCoor_Stop_Services: 1523554762.984786987
2018-04-12 12:39:28,996 - root - INFO - NCProcHandler_Resume_Services: 1523554768.996604919
2018-04-12 12:39:29,131 - root - INFO - NetCoor_Resume_Services: 1523554769.131732941
2018-04-12 12:36:41,707 - root - INFO - Host_System_pasuing: 1523554776.031417370
2018-04-12 12:39:36,040 - root - INFO - NCProcHandler_Stop_Services: 1523554776.040318966
2018-04-12 12:39:36,190 - root - INFO - NetCoor_Stop_Services: 1523554776.190300941
2018-04-12 12:39:41,201 - root - INFO - NCProcHandler_Resume_Services: 1523554781.201153040
2018-04-12 12:39:41,336 - root - INFO - NetCoor_Resume_Services: 1523554781.335844040
2018-04-12 12:36:48,769 - root - INFO - Host_System_pasuing: 1523554788.235188484
2018-04-12 12:39:48,250 - root - INFO - NCProcHandler_Stop_Services: 1523554788.250471115
2018-04-12 12:39:48,291 - root - INFO - NetCoor_Stop_Services: 1523554788.290849924
2018-04-12 12:39:54,302 - root - INFO - NCProcHandler_Resume_Services: 1523554794.302618980
2018-04-12 12:39:54,437 - root - INFO - NetCoor_Resume_Services: 1523554794.437623024
2018-04-12 12:36:55,830 - root - INFO - Host_System_pasuing: 1523554801.330474854
2018-04-12 12:40:01,339 - root - INFO - NCProcHandler_Stop_Services: 1523554801.339696884
2018-04-12 12:40:01,489 - root - INFO - NetCoor_Stop_Services: 1523554801.489051104
2018-04-12 12:40:06,500 - root - INFO - NCProcHandler_Resume_Services: 1523554806.499993086
2018-04-12 12:40:06,635 - root - INFO - NetCoor_Resume_Services: 1523554806.634960890
2018-04-12 12:37:02,891 - root - INFO - Host_System_pasuing: 1523554813.534156799
2018-04-12 12:40:13,543 - root - INFO - NCProcHandler_Stop_Services: 1523554813.543258905
2018-04-12 12:40:13,686 - root - INFO - NetCoor_Stop_Services: 1523554813.685822010
2018-04-12 12:40:19,698 - root - INFO - NCProcHandler_Resume_Services: 1523554819.698210955
2018-04-12 12:40:19,864 - root - INFO - NetCoor_Resume_Services: 1523554819.864644051
2018-04-12 12:37:09,921 - root - INFO - Host_System_pasuing: 1523554826.734436989
2018-04-12 12:40:26,743 - root - INFO - NCProcHandler_Stop_Services: 1523554826.743014097
2018-04-12 12:40:26,783 - root - INFO - NetCoor_Stop_Services: 1523554826.783711910
2018-04-12 12:40:31,794 - root - INFO - NCProcHandler_Resume_Services: 1523554831.794497967
2018-04-12 12:40:31,930 - root - INFO - NetCoor_Resume_Services: 1523554831.929995060
2018-04-12 12:37:16,990 - root - INFO - Host_System_pasuing: 1523554838.836742878
2018-04-12 12:40:38,845 - root - INFO - NCProcHandler_Stop_Services: 1523554838.845357895
2018-04-12 12:40:38,885 - root - INFO - NetCoor_Stop_Services: 1523554838.885013103
2018-04-12 12:40:43,896 - root - INFO - NCProcHandler_Resume_Services: 1523554843.895860910
2018-04-12 12:40:44,031 - root - INFO - NetCoor_Resume_Services: 1523554844.030972958
2018-04-12 12:37:24,058 - root - INFO - Host_System_pasuing: 1523554850.938221216
2018-04-12 12:40:50,946 - root - INFO - NCProcHandler_Stop_Services: 1523554850.946662903
2018-04-12 12:40:51,091 - root - INFO - NetCoor_Stop_Services: 1523554851.091399908
2018-04-12 12:40:57,102 - root - INFO - NCProcHandler_Resume_Services: 1523554857.102739096
2018-04-12 12:40:57,269 - root - INFO - NetCoor_Resume_Services: 1523554857.268904924
2018-04-12 12:37:31,088 - root - INFO - Host_System_pasuing: 1523554864.146235943
2018-04-12 12:41:04,155 - root - INFO - NCProcHandler_Stop_Services: 1523554864.155862093
2018-04-12 12:41:04,298 - root - INFO - NetCoor_Stop_Services: 1523554864.297910929
2018-04-12 12:41:09,308 - root - INFO - NCProcHandler_Resume_Services: 1523554869.308291912
2018-04-12 12:41:09,391 - root - INFO - NetCoor_Resume_Services: 1523554869.391278982
2018-04-12 12:37:38,122 - root - INFO - Host_System_pasuing: 1523554876.315254450
2018-04-12 12:41:16,324 - root - INFO - NCProcHandler_Stop_Services: 1523554876.323985100
2018-04-12 12:41:16,475 - root - INFO - NetCoor_Stop_Services: 1523554876.474879026
2018-04-12 12:41:22,486 - root - INFO - NCProcHandler_Resume_Services: 1523554882.486238003
2018-04-12 12:41:22,645 - root - INFO - NetCoor_Resume_Services: 1523554882.645256996
2018-04-12 12:37:45,151 - root - INFO - Host_System_pasuing: 1523554889.513671637
2018-04-12 12:41:29,522 - root - INFO - NCProcHandler_Stop_Services: 1523554889.522227049
2018-04-12 12:41:29,563 - root - INFO - NetCoor_Stop_Services: 1523554889.563570023
2018-04-12 12:41:34,574 - root - INFO - NCProcHandler_Resume_Services: 1523554894.574376106
2018-04-12 12:41:34,710 - root - INFO - NetCoor_Resume_Services: 1523554894.710541964
2018-04-12 12:37:52,210 - root - INFO - Host_System_pasuing: 1523554901.606365204
2018-04-12 12:41:41,615 - root - INFO - NCProcHandler_Stop_Services: 1523554901.615844965
2018-04-12 12:41:41,765 - root - INFO - NetCoor_Stop_Services: 1523554901.765600920
2018-04-12 12:41:46,777 - root - INFO - NCProcHandler_Resume_Services: 1523554906.777291059
2018-04-12 12:41:46,928 - root - INFO - NetCoor_Resume_Services: 1523554906.927875996
2018-04-12 12:37:59,239 - root - INFO - Host_System_pasuing: 1523554913.813963413
2018-04-12 12:41:53,829 - root - INFO - NCProcHandler_Stop_Services: 1523554913.829046011
2018-04-12 12:41:53,869 - root - INFO - NetCoor_Stop_Services: 1523554913.869343042
2018-04-12 12:41:59,881 - root - INFO - NCProcHandler_Resume_Services: 1523554919.881115913
2018-04-12 12:42:00,016 - root - INFO - NetCoor_Resume_Services: 1523554920.016144991
2018-04-12 12:38:06,307 - root - INFO - Host_System_pasuing: 1523554926.915251970
2018-04-12 12:42:06,924 - root - INFO - NCProcHandler_Stop_Services: 1523554926.924422979
2018-04-12 12:42:07,070 - root - INFO - NetCoor_Stop_Services: 1523554927.070329905
2018-04-12 12:42:12,081 - root - INFO - NCProcHandler_Resume_Services: 1523554932.081187010
2018-04-12 12:42:12,217 - root - INFO - NetCoor_Resume_Services: 1523554932.216928959
2018-04-12 12:38:13,367 - root - INFO - Host_System_pasuing: 1523554939.112716913
2018-04-12 12:42:19,129 - root - INFO - NCProcHandler_Stop_Services: 1523554939.129362106
2018-04-12 12:42:19,169 - root - INFO - NetCoor_Stop_Services: 1523554939.168921947
2018-04-12 12:42:25,180 - root - INFO - NCProcHandler_Resume_Services: 1523554945.180823088
2018-04-12 12:42:25,316 - root - INFO - NetCoor_Resume_Services: 1523554945.315954924
2018-04-12 12:38:20,436 - root - INFO - Host_System_pasuing: 1523554952.216090441
2018-04-12 12:42:32,225 - root - INFO - NCProcHandler_Stop_Services: 1523554952.225732088
2018-04-12 12:42:32,375 - root - INFO - NetCoor_Stop_Services: 1523554952.375247002
2018-04-12 12:42:37,385 - root - INFO - NCProcHandler_Resume_Services: 1523554957.385442972
2018-04-12 12:42:37,521 - root - INFO - NetCoor_Resume_Services: 1523554957.521684885
2018-04-12 12:38:27,500 - root - INFO - Host_System_pasuing: 1523554964.421122313
2018-04-12 12:42:44,430 - root - INFO - NCProcHandler_Stop_Services: 1523554964.430380106
2018-04-12 12:42:44,572 - root - INFO - NetCoor_Stop_Services: 1523554964.572437048
2018-04-12 12:42:50,584 - root - INFO - NCProcHandler_Resume_Services: 1523554970.584312916
2018-04-12 12:42:50,720 - root - INFO - NetCoor_Resume_Services: 1523554970.720208883
2018-04-12 12:38:34,562 - root - INFO - Host_System_pasuing: 1523554977.619782925
2018-04-12 12:42:57,636 - root - INFO - NCProcHandler_Stop_Services: 1523554977.636755943
2018-04-12 12:42:57,778 - root - INFO - NetCoor_Stop_Services: 1523554977.778331041
2018-04-12 12:43:03,790 - root - INFO - NCProcHandler_Resume_Services: 1523554983.790349007
2018-04-12 12:43:03,925 - root - INFO - NetCoor_Resume_Services: 1523554983.925234079
2018-04-12 12:38:41,624 - root - INFO - Host_System_pasuing: 1523554990.817288160
2018-04-12 12:43:10,826 - root - INFO - NCProcHandler_Stop_Services: 1523554990.826575994
2018-04-12 12:43:10,976 - root - INFO - NetCoor_Stop_Services: 1523554990.976320982
2018-04-12 12:43:15,987 - root - INFO - NCProcHandler_Resume_Services: 1523554995.987174034
2018-04-12 12:43:16,145 - root - INFO - NetCoor_Resume_Services: 1523554996.145536900
2018-04-12 12:38:48,654 - root - INFO - Host_System_pasuing: 1523555003.015432358
2018-04-12 12:43:23,025 - root - INFO - NCProcHandler_Stop_Services: 1523555003.024902105
2018-04-12 12:43:23,167 - root - INFO - NetCoor_Stop_Services: 1523555003.166924953
2018-04-12 12:43:29,179 - root - INFO - NCProcHandler_Resume_Services: 1523555009.178958893
2018-04-12 12:43:29,313 - root - INFO - NetCoor_Resume_Services: 1523555009.313618898
2018-04-12 12:38:55,715 - root - INFO - Host_System_pasuing: 1523555016.212475777
2018-04-12 12:43:36,221 - root - INFO - NCProcHandler_Stop_Services: 1523555016.221713066
2018-04-12 12:43:36,363 - root - INFO - NetCoor_Stop_Services: 1523555016.363430023
2018-04-12 12:43:41,371 - root - INFO - NCProcHandler_Resume_Services: 1523555021.371115923
2018-04-12 12:43:41,506 - root - INFO - NetCoor_Resume_Services: 1523555021.505769014
2018-04-12 12:39:02,776 - root - INFO - Host_System_pasuing: 1523555028.404072285
2018-04-12 12:43:48,411 - root - INFO - NCProcHandler_Stop_Services: 1523555028.411875963
2018-04-12 12:43:48,454 - root - INFO - NetCoor_Stop_Services: 1523555028.453897953
2018-04-12 12:43:54,465 - root - INFO - NCProcHandler_Resume_Services: 1523555034.465739965
2018-04-12 12:43:54,601 - root - INFO - NetCoor_Resume_Services: 1523555034.601315022
2018-04-12 12:39:09,849 - root - INFO - Host_System_pasuing: 1523555041.512662649
2018-04-12 12:44:01,521 - root - INFO - NCProcHandler_Stop_Services: 1523555041.521457911
2018-04-12 12:44:01,562 - root - INFO - NetCoor_Stop_Services: 1523555041.562079906
2018-04-12 12:44:06,572 - root - INFO - NCProcHandler_Resume_Services: 1523555046.572835922
2018-04-12 12:44:06,708 - root - INFO - NetCoor_Resume_Services: 1523555046.707865000
2018-04-12 12:39:16,909 - root - INFO - Host_System_pasuing: 1523555053.606143475
2018-04-12 12:44:13,615 - root - INFO - NCProcHandler_Stop_Services: 1523555053.615181923
2018-04-12 12:44:13,656 - root - INFO - NetCoor_Stop_Services: 1523555053.655945063
2018-04-12 12:44:19,668 - root - INFO - NCProcHandler_Resume_Services: 1523555059.667913914
2018-04-12 12:44:19,803 - root - INFO - NetCoor_Resume_Services: 1523555059.802809000
2018-04-12 12:39:23,971 - root - INFO - Host_System_pasuing: 1523555066.702474356
2018-04-12 12:44:26,711 - root - INFO - NCProcHandler_Stop_Services: 1523555066.711513996
2018-04-12 12:44:26,752 - root - INFO - NetCoor_Stop_Services: 1523555066.752312899
2018-04-12 12:44:32,764 - root - INFO - NCProcHandler_Resume_Services: 1523555072.764080048
2018-04-12 12:44:32,899 - root - INFO - NetCoor_Resume_Services: 1523555072.899416924
2018-04-12 12:39:31,031 - root - INFO - Host_System_pasuing: 1523555079.797418356
2018-04-12 12:44:39,805 - root - INFO - NCProcHandler_Stop_Services: 1523555079.805871964
2018-04-12 12:44:39,957 - root - INFO - NetCoor_Stop_Services: 1523555079.957652092
2018-04-12 12:44:44,968 - root - INFO - NCProcHandler_Resume_Services: 1523555084.968547106
2018-04-12 12:44:45,103 - root - INFO - NetCoor_Resume_Services: 1523555085.103301048
2018-04-12 12:39:38,091 - root - INFO - Host_System_pasuing: 1523555091.999517441
2018-04-12 12:44:52,008 - root - INFO - NCProcHandler_Stop_Services: 1523555092.008224010
2018-04-12 12:44:52,051 - root - INFO - NetCoor_Stop_Services: 1523555092.051553011
2018-04-12 12:44:57,062 - root - INFO - NCProcHandler_Resume_Services: 1523555097.062285900
2018-04-12 12:44:57,197 - root - INFO - NetCoor_Resume_Services: 1523555097.197731018
2018-04-12 12:39:45,151 - root - INFO - Host_System_pasuing: 1523555104.093757868
2018-04-12 12:45:04,101 - root - INFO - NCProcHandler_Stop_Services: 1523555104.101597071
2018-04-12 12:45:04,243 - root - INFO - NetCoor_Stop_Services: 1523555104.243527889
2018-04-12 12:45:09,254 - root - INFO - NCProcHandler_Resume_Services: 1523555109.254210949
2018-04-12 12:45:09,412 - root - INFO - NetCoor_Resume_Services: 1523555109.411878109
2018-04-12 12:39:52,192 - root - INFO - Host_System_pasuing: 1523555116.301973820
2018-04-12 12:45:16,310 - root - INFO - NCProcHandler_Stop_Services: 1523555116.310834885
2018-04-12 12:45:16,351 - root - INFO - NetCoor_Stop_Services: 1523555116.351114035
2018-04-12 12:45:21,361 - root - INFO - NCProcHandler_Resume_Services: 1523555121.361829042
2018-04-12 12:45:21,497 - root - INFO - NetCoor_Resume_Services: 1523555121.497334957
2018-04-12 12:39:59,255 - root - INFO - Host_System_pasuing: 1523555128.398184061
2018-04-12 12:45:28,406 - root - INFO - NCProcHandler_Stop_Services: 1523555128.406555891
2018-04-12 12:45:28,548 - root - INFO - NetCoor_Stop_Services: 1523555128.547753096
2018-04-12 12:45:33,558 - root - INFO - NCProcHandler_Resume_Services: 1523555133.558578968
2018-04-12 12:45:33,694 - root - INFO - NetCoor_Resume_Services: 1523555133.693964005
2018-04-12 12:40:06,315 - root - INFO - Host_System_pasuing: 1523555140.593106031
2018-04-12 12:45:40,601 - root - INFO - NCProcHandler_Stop_Services: 1523555140.601428986
2018-04-12 12:45:40,642 - root - INFO - NetCoor_Stop_Services: 1523555140.642507076
2018-04-12 12:45:45,653 - root - INFO - NCProcHandler_Resume_Services: 1523555145.653238058
2018-04-12 12:45:45,788 - root - INFO - NetCoor_Resume_Services: 1523555145.788409948
2018-04-12 12:40:13,385 - root - INFO - Host_System_pasuing: 1523555152.696714163
2018-04-12 12:45:52,705 - root - INFO - NCProcHandler_Stop_Services: 1523555152.705018044
2018-04-12 12:45:52,848 - root - INFO - NetCoor_Stop_Services: 1523555152.848525047
2018-04-12 12:45:57,859 - root - INFO - NCProcHandler_Resume_Services: 1523555157.859428883
2018-04-12 12:45:57,994 - root - INFO - NetCoor_Resume_Services: 1523555157.994501114
2018-04-12 12:40:20,445 - root - INFO - Host_System_pasuing: 1523555164.891762018
2018-04-12 12:46:04,900 - root - INFO - NCProcHandler_Stop_Services: 1523555164.900655985
2018-04-12 12:46:05,052 - root - INFO - NetCoor_Stop_Services: 1523555165.052038908
2018-04-12 12:46:11,063 - root - INFO - NCProcHandler_Resume_Services: 1523555171.063770056
2018-04-12 12:46:11,199 - root - INFO - NetCoor_Resume_Services: 1523555171.199142933
2018-04-12 12:40:27,508 - root - INFO - Host_System_pasuing: 1523555178.099157572
2018-04-12 12:46:18,108 - root - INFO - NCProcHandler_Stop_Services: 1523555178.108274937
2018-04-12 12:46:18,258 - root - INFO - NetCoor_Stop_Services: 1523555178.257934093
2018-04-12 12:46:23,268 - root - INFO - NCProcHandler_Resume_Services: 1523555183.268776894
2018-04-12 12:46:23,404 - root - INFO - NetCoor_Resume_Services: 1523555183.404210091
2018-04-12 12:40:34,569 - root - INFO - Host_System_pasuing: 1523555190.302306175
2018-04-12 12:46:30,320 - root - INFO - NCProcHandler_Stop_Services: 1523555190.320250034
2018-04-12 12:46:30,461 - root - INFO - NetCoor_Stop_Services: 1523555190.461350918
2018-04-12 12:46:35,471 - root - INFO - NCProcHandler_Resume_Services: 1523555195.471662045
2018-04-12 12:46:35,630 - root - INFO - NetCoor_Resume_Services: 1523555195.630480051
2018-04-12 12:40:41,599 - root - INFO - Host_System_pasuing: 1523555202.500068903
2018-04-12 12:46:42,508 - root - INFO - NCProcHandler_Stop_Services: 1523555202.508843899
2018-04-12 12:46:42,549 - root - INFO - NetCoor_Stop_Services: 1523555202.549408913
2018-04-12 12:46:48,561 - root - INFO - NCProcHandler_Resume_Services: 1523555208.561110973
2018-04-12 12:46:48,696 - root - INFO - NetCoor_Resume_Services: 1523555208.696454048
2018-04-12 12:40:48,665 - root - INFO - Host_System_pasuing: 1523555215.600202322
2018-04-12 12:46:55,610 - root - INFO - NCProcHandler_Stop_Services: 1523555215.610158920
2018-04-12 12:46:55,752 - root - INFO - NetCoor_Stop_Services: 1523555215.752259970
2018-04-12 12:47:00,763 - root - INFO - NCProcHandler_Resume_Services: 1523555220.763052940
2018-04-12 12:47:00,898 - root - INFO - NetCoor_Resume_Services: 1523555220.898389101
2018-04-12 12:40:55,727 - root - INFO - Host_System_pasuing: 1523555227.796762943
2018-04-12 12:47:07,806 - root - INFO - NCProcHandler_Stop_Services: 1523555227.805958986
2018-04-12 12:47:07,956 - root - INFO - NetCoor_Stop_Services: 1523555227.955919981
2018-04-12 12:47:12,967 - root - INFO - NCProcHandler_Resume_Services: 1523555232.966907024
2018-04-12 12:47:13,102 - root - INFO - NetCoor_Resume_Services: 1523555233.101840973
2018-04-12 12:41:02,797 - root - INFO - Host_System_pasuing: 1523555240.009292841
2018-04-12 12:47:20,018 - root - INFO - NCProcHandler_Stop_Services: 1523555240.018624067
2018-04-12 12:47:20,160 - root - INFO - NetCoor_Stop_Services: 1523555240.160377979
2018-04-12 12:47:25,171 - root - INFO - NCProcHandler_Resume_Services: 1523555245.171164989
2018-04-12 12:47:25,306 - root - INFO - NetCoor_Resume_Services: 1523555245.306041002
2018-04-12 12:41:09,860 - root - INFO - Host_System_pasuing: 1523555252.206376314
2018-04-12 12:47:32,215 - root - INFO - NCProcHandler_Stop_Services: 1523555252.215615988
2018-04-12 12:47:32,365 - root - INFO - NetCoor_Stop_Services: 1523555252.364890099
2018-04-12 12:47:38,376 - root - INFO - NCProcHandler_Resume_Services: 1523555258.376159906
2018-04-12 12:47:38,535 - root - INFO - NetCoor_Resume_Services: 1523555258.534825087
2018-04-12 12:41:16,890 - root - INFO - Host_System_pasuing: 1523555265.405557632
2018-04-12 12:47:45,414 - root - INFO - NCProcHandler_Stop_Services: 1523555265.414294958
2018-04-12 12:47:45,565 - root - INFO - NetCoor_Stop_Services: 1523555265.564934969
2018-04-12 12:47:50,575 - root - INFO - NCProcHandler_Resume_Services: 1523555270.575762987
2018-04-12 12:47:50,711 - root - INFO - NetCoor_Resume_Services: 1523555270.711297035
2018-04-12 12:41:23,952 - root - INFO - Host_System_pasuing: 1523555277.609811783
2018-04-12 12:47:57,626 - root - INFO - NCProcHandler_Stop_Services: 1523555277.626794100
2018-04-12 12:47:57,769 - root - INFO - NetCoor_Stop_Services: 1523555277.769138098
2018-04-12 12:48:02,779 - root - INFO - NCProcHandler_Resume_Services: 1523555282.779527903
2018-04-12 12:48:02,938 - root - INFO - NetCoor_Resume_Services: 1523555282.938282013
2018-04-12 12:41:30,982 - root - INFO - Host_System_pasuing: 1523555289.808552265
2018-04-12 12:48:09,817 - root - INFO - NCProcHandler_Stop_Services: 1523555289.816991091
2018-04-12 12:48:09,857 - root - INFO - NetCoor_Stop_Services: 1523555289.857485056
2018-04-12 12:48:14,868 - root - INFO - NCProcHandler_Resume_Services: 1523555294.868381977
2018-04-12 12:48:15,004 - root - INFO - NetCoor_Resume_Services: 1523555295.004223108
2018-04-12 12:41:38,043 - root - INFO - Host_System_pasuing: 1523555301.902914762
2018-04-12 12:48:21,912 - root - INFO - NCProcHandler_Stop_Services: 1523555301.912631035
2018-04-12 12:48:22,064 - root - INFO - NetCoor_Stop_Services: 1523555302.064383984
2018-04-12 12:48:27,075 - root - INFO - NCProcHandler_Resume_Services: 1523555307.075242043
2018-04-12 12:48:27,211 - root - INFO - NetCoor_Resume_Services: 1523555307.211164951
2018-04-12 12:41:45,106 - root - INFO - Host_System_pasuing: 1523555314.109773636
2018-04-12 12:48:34,126 - root - INFO - NCProcHandler_Stop_Services: 1523555314.126737118
2018-04-12 12:48:34,268 - root - INFO - NetCoor_Stop_Services: 1523555314.268464088
2018-04-12 12:48:39,279 - root - INFO - NCProcHandler_Resume_Services: 1523555319.279328108
2018-04-12 12:48:39,415 - root - INFO - NetCoor_Resume_Services: 1523555319.414752007
2018-04-12 12:41:52,167 - root - INFO - Host_System_pasuing: 1523555326.305868387
2018-04-12 12:48:46,315 - root - INFO - NCProcHandler_Stop_Services: 1523555326.315239906
2018-04-12 12:48:46,464 - root - INFO - NetCoor_Stop_Services: 1523555326.464543104
2018-04-12 12:48:52,471 - root - INFO - NCProcHandler_Resume_Services: 1523555332.470957041
2018-04-12 12:48:52,606 - root - INFO - NetCoor_Resume_Services: 1523555332.606671095
2018-04-12 12:41:59,230 - root - INFO - Host_System_pasuing: 1523555339.506716013
2018-04-12 12:48:59,516 - root - INFO - NCProcHandler_Stop_Services: 1523555339.516171932
2018-04-12 12:48:59,659 - root - INFO - NetCoor_Stop_Services: 1523555339.659655094
2018-04-12 12:49:04,670 - root - INFO - NCProcHandler_Resume_Services: 1523555344.670543909
2018-04-12 12:49:04,806 - root - INFO - NetCoor_Resume_Services: 1523555344.806334019
2018-04-12 12:42:06,294 - root - INFO - Host_System_pasuing: 1523555351.706600904
2018-04-12 12:49:11,716 - root - INFO - NCProcHandler_Stop_Services: 1523555351.715892076
2018-04-12 12:49:11,859 - root - INFO - NetCoor_Stop_Services: 1523555351.858788967
2018-04-12 12:49:17,870 - root - INFO - NCProcHandler_Resume_Services: 1523555357.870747089
2018-04-12 12:49:18,006 - root - INFO - NetCoor_Resume_Services: 1523555358.005853891
2018-04-12 12:42:13,356 - root - INFO - Host_System_pasuing: 1523555364.905261993
2018-04-12 12:49:24,919 - root - INFO - NCProcHandler_Stop_Services: 1523555364.919367075
2018-04-12 12:49:24,959 - root - INFO - NetCoor_Stop_Services: 1523555364.959134102
2018-04-12 12:49:29,970 - root - INFO - NCProcHandler_Resume_Services: 1523555369.969892025
2018-04-12 12:49:30,105 - root - INFO - NetCoor_Resume_Services: 1523555370.105317116
2018-04-12 12:42:20,423 - root - INFO - Host_System_pasuing: 1523555377.005094051
2018-04-12 12:49:37,014 - root - INFO - NCProcHandler_Stop_Services: 1523555377.014086962
2018-04-12 12:49:37,056 - root - INFO - NetCoor_Stop_Services: 1523555377.056499004
2018-04-12 12:49:42,067 - root - INFO - NCProcHandler_Resume_Services: 1523555382.067568064
2018-04-12 12:49:42,203 - root - INFO - NetCoor_Resume_Services: 1523555382.202999115
2018-04-12 12:42:27,483 - root - INFO - Host_System_pasuing: 1523555389.100156069
2018-04-12 12:49:49,109 - root - INFO - NCProcHandler_Stop_Services: 1523555389.108954906
2018-04-12 12:49:49,149 - root - INFO - NetCoor_Stop_Services: 1523555389.149369001
2018-04-12 12:49:55,160 - root - INFO - NCProcHandler_Resume_Services: 1523555395.160603046
2018-04-12 12:49:55,296 - root - INFO - NetCoor_Resume_Services: 1523555395.296509981
2018-04-12 12:42:34,545 - root - INFO - Host_System_pasuing: 1523555402.196230412
2018-04-12 12:50:02,210 - root - INFO - NCProcHandler_Stop_Services: 1523555402.210599899
2018-04-12 12:50:02,251 - root - INFO - NetCoor_Stop_Services: 1523555402.251272917
2018-04-12 12:50:08,263 - root - INFO - NCProcHandler_Resume_Services: 1523555408.262952089
2018-04-12 12:50:08,398 - root - INFO - NetCoor_Resume_Services: 1523555408.398201942
2018-04-12 12:42:41,606 - root - INFO - Host_System_pasuing: 1523555415.291627645
2018-04-12 12:50:15,300 - root - INFO - NCProcHandler_Stop_Services: 1523555415.300828934
2018-04-12 12:50:15,442 - root - INFO - NetCoor_Stop_Services: 1523555415.442676067
2018-04-12 12:50:21,454 - root - INFO - NCProcHandler_Resume_Services: 1523555421.454097033
2018-04-12 12:50:21,589 - root - INFO - NetCoor_Resume_Services: 1523555421.589226007
2018-04-12 12:42:48,665 - root - INFO - Host_System_pasuing: 1523555428.486522436
2018-04-12 12:50:28,496 - root - INFO - NCProcHandler_Stop_Services: 1523555428.495894909
2018-04-12 12:50:28,638 - root - INFO - NetCoor_Stop_Services: 1523555428.637841940
2018-04-12 12:50:34,649 - root - INFO - NCProcHandler_Resume_Services: 1523555434.649357080
2018-04-12 12:50:34,808 - root - INFO - NetCoor_Resume_Services: 1523555434.808314085
2018-04-12 12:42:55,695 - root - INFO - Host_System_pasuing: 1523555441.686521053
2018-04-12 12:50:41,695 - root - INFO - NCProcHandler_Stop_Services: 1523555441.695144892
2018-04-12 12:50:41,736 - root - INFO - NetCoor_Stop_Services: 1523555441.736067057
2018-04-12 12:50:47,748 - root - INFO - NCProcHandler_Resume_Services: 1523555447.748027086
2018-04-12 12:50:47,883 - root - INFO - NetCoor_Resume_Services: 1523555447.883141041
2018-04-12 12:43:02,756 - root - INFO - Host_System_pasuing: 1523555454.782067060
2018-04-12 12:50:54,799 - root - INFO - NCProcHandler_Stop_Services: 1523555454.798928022
2018-04-12 12:50:54,942 - root - INFO - NetCoor_Stop_Services: 1523555454.941813946
2018-04-12 12:50:59,952 - root - INFO - NCProcHandler_Resume_Services: 1523555459.952600956
2018-04-12 12:51:00,089 - root - INFO - NetCoor_Resume_Services: 1523555460.088804007
2018-04-12 12:43:09,821 - root - INFO - Host_System_pasuing: 1523555466.981106281
2018-04-12 12:51:06,990 - root - INFO - NCProcHandler_Stop_Services: 1523555466.990310907
2018-04-12 12:51:07,140 - root - INFO - NetCoor_Stop_Services: 1523555467.140237093
2018-04-12 12:51:12,151 - root - INFO - NCProcHandler_Resume_Services: 1523555472.151077032
2018-04-12 12:51:12,286 - root - INFO - NetCoor_Resume_Services: 1523555472.286591053
2018-04-12 12:43:16,882 - root - INFO - Host_System_pasuing: 1523555479.184127569
2018-04-12 12:51:19,200 - root - INFO - NCProcHandler_Stop_Services: 1523555479.199901104
2018-04-12 12:51:19,240 - root - INFO - NetCoor_Stop_Services: 1523555479.240417004
2018-04-12 12:51:24,251 - root - INFO - NCProcHandler_Resume_Services: 1523555484.251120090
2018-04-12 12:51:24,386 - root - INFO - NetCoor_Resume_Services: 1523555484.386404037
2018-04-12 12:43:23,965 - root - INFO - Host_System_pasuing: 1523555491.300256252
2018-04-12 12:51:31,310 - root - INFO - NCProcHandler_Stop_Services: 1523555491.310858011
2018-04-12 12:51:31,452 - root - INFO - NetCoor_Stop_Services: 1523555491.451966047
2018-04-12 12:51:37,463 - root - INFO - NCProcHandler_Resume_Services: 1523555497.463087082
2018-04-12 12:51:37,629 - root - INFO - NetCoor_Resume_Services: 1523555497.629424095
2018-04-12 12:43:30,994 - root - INFO - Host_System_pasuing: 1523555504.498111248
2018-04-12 12:51:44,507 - root - INFO - NCProcHandler_Stop_Services: 1523555504.507318974
2018-04-12 12:51:44,657 - root - INFO - NetCoor_Stop_Services: 1523555504.656989098
2018-04-12 12:51:49,667 - root - INFO - NCProcHandler_Resume_Services: 1523555509.667279959
2018-04-12 12:51:49,827 - root - INFO - NetCoor_Resume_Services: 1523555509.826864004
2018-04-12 12:43:38,023 - root - INFO - Host_System_pasuing: 1523555516.695768595
2018-04-12 12:51:56,704 - root - INFO - NCProcHandler_Stop_Services: 1523555516.704384089
2018-04-12 12:51:56,745 - root - INFO - NetCoor_Stop_Services: 1523555516.745670080
2018-04-12 12:52:02,757 - root - INFO - NCProcHandler_Resume_Services: 1523555522.757606030
2018-04-12 12:52:02,893 - root - INFO - NetCoor_Resume_Services: 1523555522.893446922
2018-04-12 12:43:45,085 - root - INFO - Host_System_pasuing: 1523555529.791574001
2018-04-12 12:52:09,810 - root - INFO - NCProcHandler_Stop_Services: 1523555529.809920073
2018-04-12 12:52:09,953 - root - INFO - NetCoor_Stop_Services: 1523555529.953053951
2018-04-12 12:52:15,964 - root - INFO - NCProcHandler_Resume_Services: 1523555535.964226961
2018-04-12 12:52:16,100 - root - INFO - NetCoor_Resume_Services: 1523555536.099802971
2018-04-12 12:43:52,148 - root - INFO - Host_System_pasuing: 1523555542.991274834
2018-04-12 12:52:22,999 - root - INFO - NCProcHandler_Stop_Services: 1523555542.999748945
2018-04-12 12:52:23,042 - root - INFO - NetCoor_Stop_Services: 1523555543.042260885
2018-04-12 12:52:28,053 - root - INFO - NCProcHandler_Resume_Services: 1523555548.053066969
2018-04-12 12:52:28,188 - root - INFO - NetCoor_Resume_Services: 1523555548.188193083
2018-04-12 12:43:59,210 - root - INFO - Host_System_pasuing: 1523555555.087192774
2018-04-12 12:52:35,101 - root - INFO - NCProcHandler_Stop_Services: 1523555555.101824999
2018-04-12 12:52:35,141 - root - INFO - NetCoor_Stop_Services: 1523555555.141434908
2018-04-12 12:52:40,152 - root - INFO - NCProcHandler_Resume_Services: 1523555560.152167082
2018-04-12 12:52:40,288 - root - INFO - NetCoor_Resume_Services: 1523555560.287786961
2018-04-12 12:44:06,274 - root - INFO - Host_System_pasuing: 1523555567.184783459
2018-04-12 12:52:47,193 - root - INFO - NCProcHandler_Stop_Services: 1523555567.193778992
2018-04-12 12:52:47,337 - root - INFO - NetCoor_Stop_Services: 1523555567.336929083
2018-04-12 12:52:52,348 - root - INFO - NCProcHandler_Resume_Services: 1523555572.348120928
2018-04-12 12:52:52,483 - root - INFO - NetCoor_Resume_Services: 1523555572.483475924
2018-04-12 12:44:13,336 - root - INFO - Host_System_pasuing: 1523555579.381266832
2018-04-12 12:52:59,390 - root - INFO - NCProcHandler_Stop_Services: 1523555579.390269995
2018-04-12 12:52:59,540 - root - INFO - NetCoor_Stop_Services: 1523555579.540255070
2018-04-12 12:53:04,551 - root - INFO - NCProcHandler_Resume_Services: 1523555584.551042080
2018-04-12 12:53:04,686 - root - INFO - NetCoor_Resume_Services: 1523555584.686641932
2018-04-12 12:44:20,396 - root - INFO - Host_System_pasuing: 1523555591.584545374
2018-04-12 12:53:11,594 - root - INFO - NCProcHandler_Stop_Services: 1523555591.593923092
2018-04-12 12:53:11,736 - root - INFO - NetCoor_Stop_Services: 1523555591.735948086
2018-04-12 12:53:17,748 - root - INFO - NCProcHandler_Resume_Services: 1523555597.747880936
2018-04-12 12:53:17,914 - root - INFO - NetCoor_Resume_Services: 1523555597.914628029
2018-04-12 12:44:27,427 - root - INFO - Host_System_pasuing: 1523555604.785265207
2018-04-12 12:53:24,794 - root - INFO - NCProcHandler_Stop_Services: 1523555604.793910027
2018-04-12 12:53:24,835 - root - INFO - NetCoor_Stop_Services: 1523555604.835345984
2018-04-12 12:53:30,847 - root - INFO - NCProcHandler_Resume_Services: 1523555610.847280979
2018-04-12 12:53:30,983 - root - INFO - NetCoor_Resume_Services: 1523555610.982995987
2018-04-12 12:44:34,489 - root - INFO - Host_System_pasuing: 1523555617.881229401
2018-04-12 12:53:37,892 - root - INFO - NCProcHandler_Stop_Services: 1523555617.892343044
2018-04-12 12:53:38,043 - root - INFO - NetCoor_Stop_Services: 1523555618.042838097
2018-04-12 12:53:43,053 - root - INFO - NCProcHandler_Resume_Services: 1523555623.053636074
2018-04-12 12:53:43,190 - root - INFO - NetCoor_Resume_Services: 1523555623.189887047
2018-04-12 12:44:41,559 - root - INFO - Host_System_pasuing: 1523555630.095758915
2018-04-12 12:53:50,105 - root - INFO - NCProcHandler_Stop_Services: 1523555630.105137110
2018-04-12 12:53:50,249 - root - INFO - NetCoor_Stop_Services: 1523555630.248800039
2018-04-12 12:53:56,260 - root - INFO - NCProcHandler_Resume_Services: 1523555636.260715008
2018-04-12 12:53:56,397 - root - INFO - NetCoor_Resume_Services: 1523555636.397020102
2018-04-12 12:44:48,628 - root - INFO - Host_System_pasuing: 1523555643.302478075
2018-04-12 12:54:03,312 - root - INFO - NCProcHandler_Stop_Services: 1523555643.312154055
2018-04-12 12:54:03,455 - root - INFO - NetCoor_Stop_Services: 1523555643.454758883
2018-04-12 12:54:09,466 - root - INFO - NCProcHandler_Resume_Services: 1523555649.466506004
2018-04-12 12:54:09,634 - root - INFO - NetCoor_Resume_Services: 1523555649.633727074
2018-04-12 12:44:55,658 - root - INFO - Host_System_pasuing: 1523555656.503032207
2018-04-12 12:54:16,511 - root - INFO - NCProcHandler_Stop_Services: 1523555656.511744022
2018-04-12 12:54:16,552 - root - INFO - NetCoor_Stop_Services: 1523555656.552551985
2018-04-12 12:54:22,561 - root - INFO - NCProcHandler_Resume_Services: 1523555662.561008930
2018-04-12 12:54:22,697 - root - INFO - NetCoor_Resume_Services: 1523555662.696865082
2018-04-12 12:45:02,721 - root - INFO - Host_System_pasuing: 1523555669.596685171
2018-04-12 12:54:29,605 - root - INFO - NCProcHandler_Stop_Services: 1523555669.605631113
2018-04-12 12:54:29,646 - root - INFO - NetCoor_Stop_Services: 1523555669.646529913
2018-04-12 12:54:34,657 - root - INFO - NCProcHandler_Resume_Services: 1523555674.657568932
2018-04-12 12:54:34,793 - root - INFO - NetCoor_Resume_Services: 1523555674.793560028
2018-04-12 12:45:09,781 - root - INFO - Host_System_pasuing: 1523555681.691522360
2018-04-12 12:54:41,700 - root - INFO - NCProcHandler_Stop_Services: 1523555681.700125933
2018-04-12 12:54:41,741 - root - INFO - NetCoor_Stop_Services: 1523555681.741094112
2018-04-12 12:54:46,751 - root - INFO - NCProcHandler_Resume_Services: 1523555686.751790047
2018-04-12 12:54:46,887 - root - INFO - NetCoor_Resume_Services: 1523555686.886975050
2018-04-12 12:45:16,852 - root - INFO - Host_System_pasuing: 1523555693.796150446
2018-04-12 12:54:53,805 - root - INFO - NCProcHandler_Stop_Services: 1523555693.805332899
2018-04-12 12:54:53,955 - root - INFO - NetCoor_Stop_Services: 1523555693.954826117
2018-04-12 12:54:59,966 - root - INFO - NCProcHandler_Resume_Services: 1523555699.966577053
2018-04-12 12:55:00,101 - root - INFO - NetCoor_Resume_Services: 1523555700.101629019
2018-04-12 12:45:23,915 - root - INFO - Host_System_pasuing: 1523555707.001976013
2018-04-12 12:55:07,011 - root - INFO - NCProcHandler_Stop_Services: 1523555707.011744976
2018-04-12 12:55:07,140 - root - INFO - NetCoor_Stop_Services: 1523555707.140593052
2018-04-12 12:55:13,159 - root - INFO - NCProcHandler_Resume_Services: 1523555713.158756971
2018-04-12 12:55:13,317 - root - INFO - NetCoor_Resume_Services: 1523555713.317605972
2018-04-12 12:45:30,945 - root - INFO - Host_System_pasuing: 1523555720.194518566
2018-04-12 12:55:20,204 - root - INFO - NCProcHandler_Stop_Services: 1523555720.203960896
2018-04-12 12:55:20,346 - root - INFO - NetCoor_Stop_Services: 1523555720.346147060
2018-04-12 12:55:26,358 - root - INFO - NCProcHandler_Resume_Services: 1523555726.358163118
2018-04-12 12:55:26,493 - root - INFO - NetCoor_Resume_Services: 1523555726.493704081
2018-04-12 12:45:38,008 - root - INFO - Host_System_pasuing: 1523555733.393273115
2018-04-12 12:55:33,402 - root - INFO - NCProcHandler_Stop_Services: 1523555733.402609110
2018-04-12 12:55:33,545 - root - INFO - NetCoor_Stop_Services: 1523555733.545229912
2018-04-12 12:55:39,564 - root - INFO - NCProcHandler_Resume_Services: 1523555739.564683914
2018-04-12 12:55:39,723 - root - INFO - NetCoor_Resume_Services: 1523555739.723288059
2018-04-12 12:45:45,038 - root - INFO - Host_System_pasuing: 1523555746.601579905
2018-04-12 12:55:46,611 - root - INFO - NCProcHandler_Stop_Services: 1523555746.611700058
2018-04-12 12:55:46,651 - root - INFO - NetCoor_Stop_Services: 1523555746.651287079
2018-04-12 12:55:51,662 - root - INFO - NCProcHandler_Resume_Services: 1523555751.662009001
2018-04-12 12:55:51,798 - root - INFO - NetCoor_Resume_Services: 1523555751.798080921
2018-04-12 12:45:52,098 - root - INFO - Host_System_pasuing: 1523555758.694736481
2018-04-12 12:55:58,703 - root - INFO - NCProcHandler_Stop_Services: 1523555758.703707933
2018-04-12 12:55:58,744 - root - INFO - NetCoor_Stop_Services: 1523555758.744141102
2018-04-12 12:56:03,755 - root - INFO - NCProcHandler_Resume_Services: 1523555763.754918098
2018-04-12 12:56:03,891 - root - INFO - NetCoor_Resume_Services: 1523555763.891033888
2018-04-12 12:45:59,159 - root - INFO - Host_System_pasuing: 1523555770.789242506
2018-04-12 12:56:10,798 - root - INFO - NCProcHandler_Stop_Services: 1523555770.797919035
2018-04-12 12:56:10,838 - root - INFO - NetCoor_Stop_Services: 1523555770.838731050
2018-04-12 12:56:15,849 - root - INFO - NCProcHandler_Resume_Services: 1523555775.848999977
2018-04-12 12:56:15,984 - root - INFO - NetCoor_Resume_Services: 1523555775.984575033
2018-04-12 12:46:06,221 - root - INFO - Host_System_pasuing: 1523555782.883836508
2018-04-12 12:56:22,892 - root - INFO - NCProcHandler_Stop_Services: 1523555782.892443895
2018-04-12 12:56:22,934 - root - INFO - NetCoor_Stop_Services: 1523555782.933923960
2018-04-12 12:56:28,945 - root - INFO - NCProcHandler_Resume_Services: 1523555788.945190907
2018-04-12 12:56:29,082 - root - INFO - NetCoor_Resume_Services: 1523555789.082146883
2018-04-12 12:46:13,279 - root - INFO - Host_System_pasuing: 1523555795.976776838
2018-04-12 12:56:35,986 - root - INFO - NCProcHandler_Stop_Services: 1523555795.985949993
2018-04-12 12:56:36,128 - root - INFO - NetCoor_Stop_Services: 1523555796.128530025
2018-04-12 12:56:42,140 - root - INFO - NCProcHandler_Resume_Services: 1523555802.140448093
2018-04-12 12:56:42,276 - root - INFO - NetCoor_Resume_Services: 1523555802.276458025
2018-04-12 12:46:20,342 - root - INFO - Host_System_pasuing: 1523555809.175733328
2018-04-12 12:56:49,186 - root - INFO - NCProcHandler_Stop_Services: 1523555809.186074972
2018-04-12 12:56:49,227 - root - INFO - NetCoor_Stop_Services: 1523555809.227385044
2018-04-12 12:56:55,239 - root - INFO - NCProcHandler_Resume_Services: 1523555815.239233017
2018-04-12 12:56:55,375 - root - INFO - NetCoor_Resume_Services: 1523555815.374875069
2018-04-12 12:46:27,404 - root - INFO - Host_System_pasuing: 1523555822.272358179
2018-04-12 12:57:02,281 - root - INFO - NCProcHandler_Stop_Services: 1523555822.281550884
2018-04-12 12:57:02,352 - root - INFO - NetCoor_Stop_Services: 1523555822.351913929
2018-04-12 12:57:07,362 - root - INFO - NCProcHandler_Resume_Services: 1523555827.362652063
2018-04-12 12:57:07,498 - root - INFO - NetCoor_Resume_Services: 1523555827.498378992
2018-04-12 12:46:34,467 - root - INFO - Host_System_pasuing: 1523555834.398960590
2018-04-12 12:57:14,408 - root - INFO - NCProcHandler_Stop_Services: 1523555834.408584118
2018-04-12 12:57:14,559 - root - INFO - NetCoor_Stop_Services: 1523555834.558892012
2018-04-12 12:57:19,569 - root - INFO - NCProcHandler_Resume_Services: 1523555839.569804907
2018-04-12 12:57:19,705 - root - INFO - NetCoor_Resume_Services: 1523555839.705611944
2018-04-12 12:46:41,530 - root - INFO - Host_System_pasuing: 1523555846.597298145
2018-04-12 12:57:26,606 - root - INFO - NCProcHandler_Stop_Services: 1523555846.606501102
2018-04-12 12:57:26,756 - root - INFO - NetCoor_Stop_Services: 1523555846.756249905
2018-04-12 12:57:31,767 - root - INFO - NCProcHandler_Resume_Services: 1523555851.767299891
2018-04-12 12:57:31,902 - root - INFO - NetCoor_Resume_Services: 1523555851.902615070
2018-04-12 12:46:48,593 - root - INFO - Host_System_pasuing: 1523555858.803025246
2018-04-12 12:57:38,820 - root - INFO - NCProcHandler_Stop_Services: 1523555858.820852995
2018-04-12 12:57:38,963 - root - INFO - NetCoor_Stop_Services: 1523555858.963067055
2018-04-12 12:57:44,974 - root - INFO - NCProcHandler_Resume_Services: 1523555864.974335909
2018-04-12 12:57:45,110 - root - INFO - NetCoor_Resume_Services: 1523555865.109936953
2018-04-12 12:46:55,656 - root - INFO - Host_System_pasuing: 1523555872.002246618
2018-04-12 12:57:52,020 - root - INFO - NCProcHandler_Stop_Services: 1523555872.020416021
2018-04-12 12:57:52,162 - root - INFO - NetCoor_Stop_Services: 1523555872.161834955
2018-04-12 12:57:58,173 - root - INFO - NCProcHandler_Resume_Services: 1523555878.173747063
2018-04-12 12:57:58,309 - root - INFO - NetCoor_Resume_Services: 1523555878.308959007
2018-04-12 12:47:02,719 - root - INFO - Host_System_pasuing: 1523555885.201099396
2018-04-12 12:58:05,218 - root - INFO - NCProcHandler_Stop_Services: 1523555885.218413115
2018-04-12 12:58:05,360 - root - INFO - NetCoor_Stop_Services: 1523555885.360506058
2018-04-12 12:58:11,371 - root - INFO - NCProcHandler_Resume_Services: 1523555891.371046066
2018-04-12 12:58:11,506 - root - INFO - NetCoor_Resume_Services: 1523555891.506510973
2018-04-12 12:47:09,783 - root - INFO - Host_System_pasuing: 1523555898.399192333
2018-04-12 12:58:18,416 - root - INFO - NCProcHandler_Stop_Services: 1523555898.416733027
2018-04-12 12:58:18,559 - root - INFO - NetCoor_Stop_Services: 1523555898.559037924
2018-04-12 12:58:23,570 - root - INFO - NCProcHandler_Resume_Services: 1523555903.569883108
2018-04-12 12:58:23,705 - root - INFO - NetCoor_Resume_Services: 1523555903.705187082
2018-04-12 12:47:16,844 - root - INFO - Host_System_pasuing: 1523555910.595101118
2018-04-12 12:58:30,604 - root - INFO - NCProcHandler_Stop_Services: 1523555910.604218960
2018-04-12 12:58:30,753 - root - INFO - NetCoor_Stop_Services: 1523555910.753480911
2018-04-12 12:58:35,761 - root - INFO - NCProcHandler_Resume_Services: 1523555915.760977983
2018-04-12 12:58:35,896 - root - INFO - NetCoor_Resume_Services: 1523555915.896662951
2018-04-12 12:47:23,907 - root - INFO - Host_System_pasuing: 1523555922.796313763
2018-04-12 12:58:42,805 - root - INFO - NCProcHandler_Stop_Services: 1523555922.805684090
2018-04-12 12:58:42,948 - root - INFO - NetCoor_Stop_Services: 1523555922.948010921
2018-04-12 12:58:47,958 - root - INFO - NCProcHandler_Resume_Services: 1523555927.958770990
2018-04-12 12:58:48,117 - root - INFO - NetCoor_Resume_Services: 1523555928.117379904
2018-04-12 12:47:30,937 - root - INFO - Host_System_pasuing: 1523555934.995393991
2018-04-12 12:58:55,004 - root - INFO - NCProcHandler_Stop_Services: 1523555935.003956079
2018-04-12 12:58:55,155 - root - INFO - NetCoor_Stop_Services: 1523555935.155065060
2018-04-12 12:59:01,161 - root - INFO - NCProcHandler_Resume_Services: 1523555941.161082029
2018-04-12 12:59:01,296 - root - INFO - NetCoor_Resume_Services: 1523555941.296505928
2018-04-12 12:47:37,997 - root - INFO - Host_System_pasuing: 1523555948.193636417
2018-04-12 12:59:08,203 - root - INFO - NCProcHandler_Stop_Services: 1523555948.202907085
2018-04-12 12:59:08,344 - root - INFO - NetCoor_Stop_Services: 1523555948.344641924
2018-04-12 12:59:13,355 - root - INFO - NCProcHandler_Resume_Services: 1523555953.354967117
2018-04-12 12:59:13,522 - root - INFO - NetCoor_Resume_Services: 1523555953.521764040
2018-04-12 12:47:45,028 - root - INFO - Host_System_pasuing: 1523555960.392522812
2018-04-12 12:59:20,401 - root - INFO - NCProcHandler_Stop_Services: 1523555960.401238918
2018-04-12 12:59:20,442 - root - INFO - NetCoor_Stop_Services: 1523555960.441883087
2018-04-12 12:59:25,452 - root - INFO - NCProcHandler_Resume_Services: 1523555965.452588081
2018-04-12 12:59:25,619 - root - INFO - NetCoor_Resume_Services: 1523555965.619196892
2018-04-12 12:47:52,057 - root - INFO - Host_System_pasuing: 1523555972.489338398
2018-04-12 12:59:32,498 - root - INFO - NCProcHandler_Stop_Services: 1523555972.498219013
2018-04-12 12:59:32,539 - root - INFO - NetCoor_Stop_Services: 1523555972.539020061
2018-04-12 12:59:37,550 - root - INFO - NCProcHandler_Resume_Services: 1523555977.549860001
2018-04-12 12:59:37,716 - root - INFO - NetCoor_Resume_Services: 1523555977.716239929
2018-04-12 12:47:59,087 - root - INFO - Host_System_pasuing: 1523555984.586222410
2018-04-12 12:59:44,594 - root - INFO - NCProcHandler_Stop_Services: 1523555984.594644070
2018-04-12 12:59:44,636 - root - INFO - NetCoor_Stop_Services: 1523555984.636190891
2018-04-12 12:59:50,648 - root - INFO - NCProcHandler_Resume_Services: 1523555990.648166895
2018-04-12 12:59:50,784 - root - INFO - NetCoor_Resume_Services: 1523555990.784091949
2018-04-12 12:48:06,149 - root - INFO - Host_System_pasuing: 1523555997.682626009
2018-04-12 12:59:57,691 - root - INFO - NCProcHandler_Stop_Services: 1523555997.691853046
2018-04-12 12:59:57,842 - root - INFO - NetCoor_Stop_Services: 1523555997.842031002
2018-04-12 13:00:03,854 - root - INFO - NCProcHandler_Resume_Services: 1523556003.853873968
2018-04-12 13:00:03,989 - root - INFO - NetCoor_Resume_Services: 1523556003.989439011
2018-04-12 12:48:13,210 - root - INFO - Host_System_pasuing: 1523556010.887009382
2018-04-12 13:00:10,896 - root - INFO - NCProcHandler_Stop_Services: 1523556010.896780968
2018-04-12 13:00:11,049 - root - INFO - NetCoor_Stop_Services: 1523556011.048860073
2018-04-12 13:00:17,060 - root - INFO - NCProcHandler_Resume_Services: 1523556017.060767889
2018-04-12 13:00:17,196 - root - INFO - NetCoor_Resume_Services: 1523556017.196367979
2018-04-12 12:48:20,273 - root - INFO - Host_System_pasuing: 1523556024.095571518
2018-04-12 13:00:24,104 - root - INFO - NCProcHandler_Stop_Services: 1523556024.104804039
2018-04-12 13:00:24,256 - root - INFO - NetCoor_Stop_Services: 1523556024.256504059
2018-04-12 13:00:29,267 - root - INFO - NCProcHandler_Resume_Services: 1523556029.267503977
2018-04-12 13:00:29,403 - root - INFO - NetCoor_Resume_Services: 1523556029.403451920
2018-04-12 12:48:27,336 - root - INFO - Host_System_pasuing: 1523556036.303004503
2018-04-12 13:00:36,320 - root - INFO - NCProcHandler_Stop_Services: 1523556036.320039988
2018-04-12 13:00:36,463 - root - INFO - NetCoor_Stop_Services: 1523556036.462876081
2018-04-12 13:00:42,474 - root - INFO - NCProcHandler_Resume_Services: 1523556042.474832058
2018-04-12 13:00:42,611 - root - INFO - NetCoor_Resume_Services: 1523556042.610918045
2018-04-12 12:48:34,399 - root - INFO - Host_System_pasuing: 1523556049.502813578
2018-04-12 13:00:49,512 - root - INFO - NCProcHandler_Stop_Services: 1523556049.512120962
2018-04-12 13:00:49,553 - root - INFO - NetCoor_Stop_Services: 1523556049.553728104
2018-04-12 13:00:55,565 - root - INFO - NCProcHandler_Resume_Services: 1523556055.564910889
2018-04-12 13:00:55,701 - root - INFO - NetCoor_Resume_Services: 1523556055.701267958
2018-04-12 12:48:41,458 - root - INFO - Host_System_pasuing: 1523556062.596809149
2018-04-12 13:01:02,606 - root - INFO - NCProcHandler_Stop_Services: 1523556062.606161118
2018-04-12 13:01:02,756 - root - INFO - NetCoor_Stop_Services: 1523556062.756071091
2018-04-12 13:01:07,767 - root - INFO - NCProcHandler_Resume_Services: 1523556067.766928911
2018-04-12 13:01:07,902 - root - INFO - NetCoor_Resume_Services: 1523556067.902436972
2018-04-12 12:48:48,521 - root - INFO - Host_System_pasuing: 1523556074.802513838
2018-04-12 13:01:14,820 - root - INFO - NCProcHandler_Stop_Services: 1523556074.820707083
2018-04-12 13:01:14,963 - root - INFO - NetCoor_Stop_Services: 1523556074.962973118
2018-04-12 13:01:19,973 - root - INFO - NCProcHandler_Resume_Services: 1523556079.973597050
2018-04-12 13:01:20,131 - root - INFO - NetCoor_Resume_Services: 1523556080.131627083
2018-04-12 12:48:55,551 - root - INFO - Host_System_pasuing: 1523556087.000973463
2018-04-12 13:01:27,011 - root - INFO - NCProcHandler_Stop_Services: 1523556087.011251926
2018-04-12 13:01:27,154 - root - INFO - NetCoor_Stop_Services: 1523556087.153820038
2018-04-12 13:01:33,162 - root - INFO - NCProcHandler_Resume_Services: 1523556093.162420988
2018-04-12 13:01:33,298 - root - INFO - NetCoor_Resume_Services: 1523556093.298301935
2018-04-12 12:49:02,614 - root - INFO - Host_System_pasuing: 1523556100.197018385
2018-04-12 13:01:40,205 - root - INFO - NCProcHandler_Stop_Services: 1523556100.205791950
2018-04-12 13:01:40,247 - root - INFO - NetCoor_Stop_Services: 1523556100.246987104
2018-04-12 13:01:45,258 - root - INFO - NCProcHandler_Resume_Services: 1523556105.257956028
2018-04-12 13:01:45,394 - root - INFO - NetCoor_Resume_Services: 1523556105.394071102
2018-04-12 12:49:09,676 - root - INFO - Host_System_pasuing: 1523556112.293923378
2018-04-12 13:01:52,303 - root - INFO - NCProcHandler_Stop_Services: 1523556112.303215981
2018-04-12 13:01:52,453 - root - INFO - NetCoor_Stop_Services: 1523556112.453237057
2018-04-12 13:01:58,464 - root - INFO - NCProcHandler_Resume_Services: 1523556118.464010954
2018-04-12 13:01:58,623 - root - INFO - NetCoor_Resume_Services: 1523556118.623240948
2018-04-12 12:49:16,707 - root - INFO - Host_System_pasuing: 1523556125.501572847
2018-04-12 13:02:05,510 - root - INFO - NCProcHandler_Stop_Services: 1523556125.510409117
2018-04-12 13:02:05,551 - root - INFO - NetCoor_Stop_Services: 1523556125.551456928
2018-04-12 13:02:10,562 - root - INFO - NCProcHandler_Resume_Services: 1523556130.562159061
2018-04-12 13:02:10,697 - root - INFO - NetCoor_Resume_Services: 1523556130.697710037
2018-04-12 12:49:23,770 - root - INFO - Host_System_pasuing: 1523556137.598753691
2018-04-12 13:02:17,608 - root - INFO - NCProcHandler_Stop_Services: 1523556137.608154058
2018-04-12 13:02:17,758 - root - INFO - NetCoor_Stop_Services: 1523556137.757862091
2018-04-12 13:02:23,769 - root - INFO - NCProcHandler_Resume_Services: 1523556143.769752026
2018-04-12 13:02:23,905 - root - INFO - NetCoor_Resume_Services: 1523556143.905291080
2018-04-12 12:49:30,832 - root - INFO - Host_System_pasuing: 1523556150.803778887
2018-04-12 13:02:30,813 - root - INFO - NCProcHandler_Stop_Services: 1523556150.813075066
2018-04-12 13:02:30,884 - root - INFO - NetCoor_Stop_Services: 1523556150.883771896
2018-04-12 13:02:36,895 - root - INFO - NCProcHandler_Resume_Services: 1523556156.895503998
2018-04-12 13:02:37,031 - root - INFO - NetCoor_Resume_Services: 1523556157.031286001
2018-04-12 12:49:37,896 - root - INFO - Host_System_pasuing: 1523556163.931787014
2018-04-12 13:02:43,950 - root - INFO - NCProcHandler_Stop_Services: 1523556163.950594902
2018-04-12 13:02:44,019 - root - INFO - NetCoor_Stop_Services: 1523556164.019723892
2018-04-12 13:02:50,031 - root - INFO - NCProcHandler_Resume_Services: 1523556170.030898094
2018-04-12 13:02:50,166 - root - INFO - NetCoor_Resume_Services: 1523556170.166500092
2018-04-12 12:49:44,965 - root - INFO - Host_System_pasuing: 1523556177.064409733
2018-04-12 13:02:57,073 - root - INFO - NCProcHandler_Stop_Services: 1523556177.073859930
2018-04-12 13:02:57,224 - root - INFO - NetCoor_Stop_Services: 1523556177.224052906
2018-04-12 13:03:02,234 - root - INFO - NCProcHandler_Resume_Services: 1523556182.234708071
2018-04-12 13:03:02,372 - root - INFO - NetCoor_Resume_Services: 1523556182.372371912
2018-04-12 12:49:52,026 - root - INFO - Host_System_pasuing: 1523556189.268676043
2018-04-12 13:03:09,277 - root - INFO - NCProcHandler_Stop_Services: 1523556189.277168989
2018-04-12 13:03:09,322 - root - INFO - NetCoor_Stop_Services: 1523556189.321791887
2018-04-12 13:03:14,332 - root - INFO - NCProcHandler_Resume_Services: 1523556194.332552910
2018-04-12 13:03:14,469 - root - INFO - NetCoor_Resume_Services: 1523556194.468753099
2018-04-12 12:49:59,087 - root - INFO - Host_System_pasuing: 1523556201.363787651
2018-04-12 13:03:21,382 - root - INFO - NCProcHandler_Stop_Services: 1523556201.381954908
2018-04-12 13:03:21,423 - root - INFO - NetCoor_Stop_Services: 1523556201.423547983
2018-04-12 13:03:27,435 - root - INFO - NCProcHandler_Resume_Services: 1523556207.435287952
2018-04-12 13:03:27,571 - root - INFO - NetCoor_Resume_Services: 1523556207.571221113
2018-04-12 12:50:06,145 - root - INFO - Host_System_pasuing: 1523556214.456975937
2018-04-12 13:03:34,465 - root - INFO - NCProcHandler_Stop_Services: 1523556214.465585947
2018-04-12 13:03:34,507 - root - INFO - NetCoor_Stop_Services: 1523556214.507025003
2018-04-12 13:03:39,518 - root - INFO - NCProcHandler_Resume_Services: 1523556219.518013000
2018-04-12 13:03:39,654 - root - INFO - NetCoor_Resume_Services: 1523556219.653841972
2018-04-12 12:50:13,212 - root - INFO - Host_System_pasuing: 1523556226.558843851
2018-04-12 13:03:46,567 - root - INFO - NCProcHandler_Stop_Services: 1523556226.567783117
2018-04-12 13:03:46,718 - root - INFO - NetCoor_Stop_Services: 1523556226.718487024
2018-04-12 13:03:52,729 - root - INFO - NCProcHandler_Resume_Services: 1523556232.729724884
2018-04-12 13:03:52,889 - root - INFO - NetCoor_Resume_Services: 1523556232.888932943
2018-04-12 12:50:20,242 - root - INFO - Host_System_pasuing: 1523556239.758499622
2018-04-12 13:03:59,767 - root - INFO - NCProcHandler_Stop_Services: 1523556239.767136097
2018-04-12 13:03:59,808 - root - INFO - NetCoor_Stop_Services: 1523556239.808634996
2018-04-12 13:04:04,819 - root - INFO - NCProcHandler_Resume_Services: 1523556244.819503069
2018-04-12 13:04:04,955 - root - INFO - NetCoor_Resume_Services: 1523556244.955476999
2018-04-12 12:50:27,305 - root - INFO - Host_System_pasuing: 1523556251.855805159
2018-04-12 13:04:11,864 - root - INFO - NCProcHandler_Stop_Services: 1523556251.864483118
2018-04-12 13:04:11,906 - root - INFO - NetCoor_Stop_Services: 1523556251.905982971
2018-04-12 13:04:17,918 - root - INFO - NCProcHandler_Resume_Services: 1523556257.918008089
2018-04-12 13:04:18,054 - root - INFO - NetCoor_Resume_Services: 1523556258.053913116
2018-04-12 12:50:34,367 - root - INFO - Host_System_pasuing: 1523556264.952915907
2018-04-12 13:04:24,970 - root - INFO - NCProcHandler_Stop_Services: 1523556264.970009089
2018-04-12 13:04:25,011 - root - INFO - NetCoor_Stop_Services: 1523556265.011111021
2018-04-12 13:04:31,023 - root - INFO - NCProcHandler_Resume_Services: 1523556271.022877932
2018-04-12 13:04:31,159 - root - INFO - NetCoor_Resume_Services: 1523556271.159013987
2018-04-12 12:50:41,425 - root - INFO - Host_System_pasuing: 1523556278.046915054
2018-04-12 13:04:38,055 - root - INFO - NCProcHandler_Stop_Services: 1523556278.055607080
2018-04-12 13:04:38,097 - root - INFO - NetCoor_Stop_Services: 1523556278.096926928
2018-04-12 13:04:43,108 - root - INFO - NCProcHandler_Resume_Services: 1523556283.108001947
2018-04-12 13:04:43,243 - root - INFO - NetCoor_Resume_Services: 1523556283.243346930
2018-04-12 12:50:48,487 - root - INFO - Host_System_pasuing: 1523556290.143981695
2018-04-12 13:04:50,153 - root - INFO - NCProcHandler_Stop_Services: 1523556290.153158903
2018-04-12 13:04:50,303 - root - INFO - NetCoor_Stop_Services: 1523556290.303445101
2018-04-12 13:04:56,315 - root - INFO - NCProcHandler_Resume_Services: 1523556296.315304995
2018-04-12 13:04:56,451 - root - INFO - NetCoor_Resume_Services: 1523556296.451242924
2018-04-12 12:50:55,550 - root - INFO - Host_System_pasuing: 1523556303.351039648
2018-04-12 13:05:03,360 - root - INFO - NCProcHandler_Stop_Services: 1523556303.360232115
2018-04-12 13:05:03,510 - root - INFO - NetCoor_Stop_Services: 1523556303.510308981
2018-04-12 13:05:09,522 - root - INFO - NCProcHandler_Resume_Services: 1523556309.522106886
2018-04-12 13:05:09,658 - root - INFO - NetCoor_Resume_Services: 1523556309.658025980
2018-04-12 12:51:02,612 - root - INFO - Host_System_pasuing: 1523556316.556376219
2018-04-12 13:05:16,565 - root - INFO - NCProcHandler_Stop_Services: 1523556316.565646887
2018-04-12 13:05:16,716 - root - INFO - NetCoor_Stop_Services: 1523556316.715940952
2018-04-12 13:05:21,726 - root - INFO - NCProcHandler_Resume_Services: 1523556321.726783037
2018-04-12 13:05:21,863 - root - INFO - NetCoor_Resume_Services: 1523556321.863017082
2018-04-12 12:51:09,682 - root - INFO - Host_System_pasuing: 1523556328.769324541
2018-04-12 13:05:28,778 - root - INFO - NCProcHandler_Stop_Services: 1523556328.778105974
2018-04-12 13:05:28,921 - root - INFO - NetCoor_Stop_Services: 1523556328.921145916
2018-04-12 13:05:34,933 - root - INFO - NCProcHandler_Resume_Services: 1523556334.932873964
2018-04-12 13:05:35,070 - root - INFO - NetCoor_Resume_Services: 1523556335.069921017
2018-04-12 12:51:16,753 - root - INFO - Host_System_pasuing: 1523556341.977510929
2018-04-12 13:05:41,986 - root - INFO - NCProcHandler_Stop_Services: 1523556341.985946894
2018-04-12 13:05:42,128 - root - INFO - NetCoor_Stop_Services: 1523556342.127989054
2018-04-12 13:05:47,139 - root - INFO - NCProcHandler_Resume_Services: 1523556347.139043093
2018-04-12 13:05:47,299 - root - INFO - NetCoor_Resume_Services: 1523556347.298738956
2018-04-12 12:51:23,782 - root - INFO - Host_System_pasuing: 1523556354.175951719
2018-04-12 13:05:54,184 - root - INFO - NCProcHandler_Stop_Services: 1523556354.184650898
2018-04-12 13:05:54,335 - root - INFO - NetCoor_Stop_Services: 1523556354.335412025
2018-04-12 13:05:59,346 - root - INFO - NCProcHandler_Resume_Services: 1523556359.346463919
2018-04-12 13:05:59,482 - root - INFO - NetCoor_Resume_Services: 1523556359.482309103
