[   40.513554] VT-GPIO_TEST: Initializing the Virtual Time GPIO_TEST LKM
[   40.525572] VT-GPIO_TEST: Input signal is mapped to IRQ: 181
[   40.536506] VT-GPIO_TEST: Input signal is mapped to IRQ: 182
[   40.548039] VT-GPIO_TEST: The interrupt rising request result is 0
[   40.560113] VT-GPIO_TEST: The interrupt rising request result is 0
[  112.731049] VT-GPIO_TEST: Dilating 1554
[  113.791394] VT-GPIO_TEST: pause
[  113.800052] VT-GPIO_TIME: TIME-RISE: 1520876281 398830611 nanoseconds
[  113.809795] VT-GPIO_TEST: Rising Edge detectedVT-DEBUG: returning from freeze_time with 1520876281418550902n sec and kill status 0 
[  113.832777] VT-GPIO_TEST: Freezing 1554
[  113.841985] VT-GPIO_TIME: TIME-RISE: 1520876281 440765149 nanoseconds
[  113.852934] VT-GPIO_TIME: TIME-PAUSE: 0 41934538 nanoseconds
[  123.893285] VT-GPIO_TEST: resume
[  123.899875] VT-GPIO_TEST: value of pin: 0
[  123.909379] VT-GPIO_TIME: TIME-FALL: 1520876291 507303928 nanoseconds
[  123.919212] VT-GPIO_TEST: Falling Edge detectedVT-DEBUG: returning from unfreeze_time with 1520876291527162041n nsec and kill status 0
[  123.942825] VT-GPIO_TEST: Unfreezing 1554
[  123.952211] VT-GPIO_TIME: TIME-FALL: 1520876291 550138266 nanoseconds
[  123.963249] VT-GPIO_TIME: TIME-RESUME: 0 42834338 nanoseconds
[  127.376275] VT-GPIO_TIME: TIME-RISE: 1520876294 973893454 nanoseconds
[  127.386237] VT-GPIO_TEST: Rising Edge detectedVT-DEBUG: returning from freeze_time with 1520876294993819728n sec and kill status 0 
[  127.409191] VT-GPIO_TEST: Freezing 1554
[  127.418311] VT-GPIO_TIME: TIME-RISE: 1520876295 16031142 nanoseconds
[  127.430210] VT-GPIO_TIME: TIME-PAUSE: 1 18446744072751689304 nanoseconds
[  137.487673] VT-GPIO_TIME: TIME-FALL: 1520876305 84524547 nanoseconds
[  137.497629] VT-GPIO_TEST: Falling Edge detectedVT-DEBUG: returning from unfreeze_time with 1520876305104423074n nsec and kill status 0
[  137.521211] VT-GPIO_TEST: Unfreezing 1554
[  137.530597] VT-GPIO_TIME: TIME-FALL: 1520876305 127376801 nanoseconds
[  137.541633] VT-GPIO_TIME: TIME-RESUME: 0 42852254 nanoseconds
[  143.499638] VT-GPIO_TIME: TIME-RISE: 1520876311 95981694 nanoseconds
[  143.509512] VT-GPIO_TEST: Rising Edge detectedVT-DEBUG: returning from freeze_time with 1520876311115736983n sec and kill status 0 
[  143.532472] VT-GPIO_TEST: Freezing 1554
[  143.541677] VT-GPIO_TIME: TIME-RISE: 1520876311 137948522 nanoseconds
[  143.552627] VT-GPIO_TIME: TIME-PAUSE: 0 41966828 nanoseconds
[  153.536066] VT-GPIO_TIME: TIME-FALL: 1520876321 131474428 nanoseconds
[  153.546118] VT-GPIO_TEST: Falling Edge detectedVT-DEBUG: returning from unfreeze_time with 1520876321151560814n nsec and kill status 0
[  153.569709] VT-GPIO_TEST: Unfreezing 1554
[  153.579095] VT-GPIO_TIME: TIME-FALL: 1520876321 174517665 nanoseconds
[  153.590130] VT-GPIO_TIME: TIME-RESUME: 0 43043237 nanoseconds
[  166.622072] VT-GPIO_TIME: TIME-RISE: 1520876334 216377149 nanoseconds
[  166.632037] VT-GPIO_TEST: Rising Edge detectedVT-DEBUG: returning from freeze_time with 1520876334236301840n sec and kill status 0 
[  166.654988] VT-GPIO_TEST: Freezing 1554
[  166.673427] VT-GPIO_TIME: TIME-RISE: 1520876334 267741890 nanoseconds
[  166.684376] VT-GPIO_TIME: TIME-PAUSE: 0 51364741 nanoseconds
[  176.786412] VT-GPIO_TIME: TIME-FALL: 1520876344 379859402 nanoseconds
[  176.805802] VT-GPIO_TEST: Falling Edge detectedVT-DEBUG: returning from unfreeze_time with 1520876344418436558n nsec and kill status 0
[  176.847811] VT-GPIO_TEST: Unfreezing 1554
[  176.866770] VT-GPIO_TIME: TIME-FALL: 1520876344 460224901 nanoseconds
[  176.877806] VT-GPIO_TIME: TIME-RESUME: 0 80365499 nanoseconds
[  182.273894] VT-GPIO_TEST: pause
[  182.302375] VT-GPIO_TIME: TIME-RISE: 1520876349 895355707 nanoseconds
[  182.312154] VT-GPIO_TEST: Rising Edge detectedVT-DEBUG: returning from freeze_time with 1520876349924955039n sec and kill status 0 
[  182.354937] VT-GPIO_TEST: Freezing 1554
[  182.374096] VT-GPIO_TIME: TIME-RISE: 1520876349 967085188 nanoseconds
[  182.385044] VT-GPIO_TIME: TIME-PAUSE: 0 71729481 nanoseconds
[  192.329573] VT-GPIO_TEST: resume
[  192.355799] VT-GPIO_TEST: value of pin: 0
[  192.361028] VT-GPIO_TIME: TIME-FALL: 1520876359 950287592 nanoseconds
[  192.364342] VT-GPIO_TEST: Falling Edge detectedVT-DEBUG: returning from unfreeze_time with 1520876359961775746n nsec and kill status 0
[  192.385418] VT-GPIO_TEST: Unfreezing 1554
[  192.390640] VT-GPIO_TIME: TIME-FALL: 1520876359 982784928 nanoseconds
[  192.395343] VT-GPIO_TIME: TIME-RESUME: 0 32497336 nanoseconds
[  194.884513] VT-GPIO_TIME: TIME-RISE: 1520876362 476428087 nanoseconds
[  194.904291] VT-GPIO_TEST: Rising Edge detectedVT-DEBUG: returning from freeze_time with 1520876362515926207n sec and kill status 0 
[  194.946965] VT-GPIO_TEST: Freezing 1554
[  194.966120] VT-GPIO_TIME: TIME-RISE: 1520876362 558045481 nanoseconds
[  194.977069] VT-GPIO_TIME: TIME-PAUSE: 0 81617394 nanoseconds
[  205.042680] VT-GPIO_TIME: TIME-FALL: 1520876372 633742193 nanoseconds
[  205.062551] VT-GPIO_TEST: Falling Edge detectedVT-DEBUG: returning from unfreeze_time with 1520876372673404424n nsec and kill status 0
[  205.105900] VT-GPIO_TEST: Unfreezing 1554
[  205.125265] VT-GPIO_TIME: TIME-FALL: 1520876372 716332423 nanoseconds
[  205.136300] VT-GPIO_TIME: TIME-RESUME: 0 82590230 nanoseconds
[  211.516019] VT-GPIO_TEST: pause
[  211.544735] VT-GPIO_TIME: TIME-RISE: 1520876379 135245430 nanoseconds
[  211.554497] VT-GPIO_TEST: Rising Edge detectedVT-DEBUG: returning from freeze_time with 1520876379164808808n sec and kill status 0 
[  211.597098] VT-GPIO_TEST: Freezing 1554
[  211.616100] VT-GPIO_TIME: TIME-RISE: 1520876379 206618942 nanoseconds
[  211.627048] VT-GPIO_TIME: TIME-PAUSE: 0 71373512 nanoseconds
[  221.682057] VT-GPIO_TEST: resume
[  221.708447] VT-GPIO_TEST: value of pin: 0
[  221.727418] VT-GPIO_TIME: TIME-FALL: 1520876389 317077173 nanoseconds
[  221.737247] VT-GPIO_TEST: Falling Edge detectedVT-DEBUG: returning from unfreeze_time with 1520876389346253707n nsec and kill status 0
[  221.779706] VT-GPIO_TEST: Unfreezing 1554
[  221.798822] VT-GPIO_TIME: TIME-FALL: 1520876389 388479764 nanoseconds
[  221.809858] VT-GPIO_TIME: TIME-RESUME: 0 71402591 nanoseconds
[  225.232323] VT-GPIO_TIME: TIME-RISE: 1520876392 821673405 nanoseconds
[  225.251888] VT-GPIO_TEST: Rising Edge detectedVT-DEBUG: returning from freeze_time with 1520876392860560075n sec and kill status 0 
[  225.293747] VT-GPIO_TEST: Freezing 1554
[  225.312683] VT-GPIO_TIME: TIME-RISE: 1520876392 902045401 nanoseconds
[  225.323633] VT-GPIO_TIME: TIME-PAUSE: 0 80371996 nanoseconds
[  235.399314] VT-GPIO_TIME: TIME-FALL: 1520876402 987809807 nanoseconds
[  235.418948] VT-GPIO_TEST: Falling Edge detectedVT-DEBUG: returning from unfreeze_time with 1520876403026796178n nsec and kill status 0
[  235.461420] VT-GPIO_TEST: Unfreezing 1554
[  235.480471] VT-GPIO_TIME: TIME-FALL: 1520876403 69060191 nanoseconds
[  235.492458] VT-GPIO_TIME: TIME-RESUME: 1 18446744072790802000 nanoseconds
[  240.880317] VT-GPIO_TEST: pause
[  240.908586] VT-GPIO_TIME: TIME-RISE: 1520876408 496619471 nanoseconds
[  240.918342] VT-GPIO_TEST: Rising Edge detectedVT-DEBUG: returning from freeze_time with 1520876408525784130n sec and kill status 0 
[  240.960356] VT-GPIO_TEST: Freezing 1554
[  240.979346] VT-GPIO_TIME: TIME-RISE: 1520876408 567383947 nanoseconds
[  240.990296] VT-GPIO_TIME: TIME-PAUSE: 0 70764476 nanoseconds
[  251.046655] VT-GPIO_TEST: resume
[  251.073109] VT-GPIO_TEST: value of pin: 0
[  251.078337] VT-GPIO_TIME: TIME-FALL: 1520876418 662633883 nanoseconds
[  251.081652] VT-GPIO_TEST: Falling Edge detectedVT-DEBUG: returning from unfreeze_time with 1520876418674122496n nsec and kill status 0
[  251.102716] VT-GPIO_TEST: Unfreezing 1554
[  251.107937] VT-GPIO_TIME: TIME-FALL: 1520876418 695120263 nanoseconds
[  251.112647] VT-GPIO_TIME: TIME-RESUME: 0 32486380 nanoseconds
[  251.589756] VT-GPIO_TIME: TIME-RISE: 1520876419 176880429 nanoseconds
[  251.609364] VT-GPIO_TEST: Rising Edge detectedVT-DEBUG: returning from freeze_time with 1520876419215859509n sec and kill status 0 
[  251.651326] VT-GPIO_TEST: Freezing 1554
[  251.670309] VT-GPIO_TIME: TIME-RISE: 1520876419 257442996 nanoseconds
[  251.681258] VT-GPIO_TIME: TIME-PAUSE: 0 80562567 nanoseconds
[  261.748786] VT-GPIO_TIME: TIME-FALL: 1520876429 335051546 nanoseconds
[  261.768463] VT-GPIO_TEST: Falling Edge detectedVT-DEBUG: returning from unfreeze_time with 1520876429374135701n nsec and kill status 0
[  261.811012] VT-GPIO_TEST: Unfreezing 1554
[  261.830173] VT-GPIO_TIME: TIME-FALL: 1520876429 416448837 nanoseconds
[  261.841209] VT-GPIO_TIME: TIME-RESUME: 0 81397291 nanoseconds
[  268.232282] VT-GPIO_TEST: pause
[  268.260781] VT-GPIO_TIME: TIME-RISE: 1520876435 846498652 nanoseconds
[  268.270547] VT-GPIO_TEST: Rising Edge detectedVT-DEBUG: returning from freeze_time with 1520876435875666854n sec and kill status 0 
[  268.312520] VT-GPIO_TEST: Freezing 1554
[  268.331496] VT-GPIO_TIME: TIME-RISE: 1520876435 917223926 nanoseconds
[  268.342444] VT-GPIO_TIME: TIME-PAUSE: 0 70725274 nanoseconds
[  278.398791] VT-GPIO_TEST: resume
[  278.425230] VT-GPIO_TEST: value of pin: 0
[  278.430373] VT-GPIO_TIME: TIME-FALL: 1520876446 12422240 nanoseconds
[  278.433687] VT-GPIO_TEST: Falling Edge detectedVT-DEBUG: returning from unfreeze_time with 1520876446023847732n nsec and kill status 0
[  278.454667] VT-GPIO_TEST: Unfreezing 1554
[  278.459800] VT-GPIO_TIME: TIME-FALL: 1520876446 44759881 nanoseconds
[  278.464502] VT-GPIO_TIME: TIME-RESUME: 0 32337641 nanoseconds
[  280.950376] VT-GPIO_TIME: TIME-RISE: 1520876448 535020159 nanoseconds
[  280.969957] VT-GPIO_TEST: Rising Edge detectedVT-DEBUG: returning from freeze_time with 1520876448573939078n sec and kill status 0 
[  281.011844] VT-GPIO_TEST: Freezing 1554
[  281.030807] VT-GPIO_TIME: TIME-RISE: 1520876448 615461694 nanoseconds
[  281.041756] VT-GPIO_TIME: TIME-PAUSE: 0 80441535 nanoseconds
[  291.116455] VT-GPIO_TIME: TIME-FALL: 1520876458 700241556 nanoseconds
[  291.136115] VT-GPIO_TEST: Falling Edge detectedVT-DEBUG: returning from unfreeze_time with 1520876458739288711n nsec and kill status 0
[  291.178634] VT-GPIO_TEST: Unfreezing 1554
[  291.197781] VT-GPIO_TIME: TIME-FALL: 1520876458 781575816 nanoseconds
[  291.208816] VT-GPIO_TIME: TIME-RESUME: 0 81334260 nanoseconds
[  294.592444] VT-GPIO_TEST: pause
[  294.620622] VT-GPIO_TIME: TIME-RISE: 1520876462 204116139 nanoseconds
[  294.630376] VT-GPIO_TEST: Rising Edge detectedVT-DEBUG: returning from freeze_time with 1520876462233207847n sec and kill status 0 
[  294.672254] VT-GPIO_TEST: Freezing 1554
[  294.691185] VT-GPIO_TIME: TIME-RISE: 1520876462 274685217 nanoseconds
[  294.702126] VT-GPIO_TIME: TIME-PAUSE: 0 70569078 nanoseconds
[  304.750642] VT-GPIO_TEST: resume
[  304.784677] VT-GPIO_TEST: value of pin: 0
[  304.803677] VT-GPIO_TIME: TIME-FALL: 1520876472 386317684 nanoseconds
[  304.813508] VT-GPIO_TEST: Falling Edge detectedVT-DEBUG: returning from unfreeze_time with 1520876472415496553n nsec and kill status 0
[  304.855961] VT-GPIO_TEST: Unfreezing 1554
[  304.875075] VT-GPIO_TIME: TIME-FALL: 1520876472 457713611 nanoseconds
[  304.886110] VT-GPIO_TIME: TIME-RESUME: 0 71395927 nanoseconds
[  311.787581] VT-GPIO_TEST: pause
[  311.815464] VT-GPIO_TIME: TIME-RISE: 1520876479 397503978 nanoseconds
[  311.825243] VT-GPIO_TEST: Rising Edge detectedVT-DEBUG: returning from freeze_time with 1520876479426680219n sec and kill status 0 
[  311.867223] VT-GPIO_TEST: Freezing 1554
[  311.886172] VT-GPIO_TIME: TIME-RISE: 1520876479 468219044 nanoseconds
[  311.897120] VT-GPIO_TIME: TIME-PAUSE: 0 70715066 nanoseconds
[  321.843769] VT-GPIO_TEST: resume
[  321.859908] VT-GPIO_TEST: value of pin: 0
[  321.865136] VT-GPIO_TIME: TIME-FALL: 1520876489 443433289 nanoseconds
[  321.868451] VT-GPIO_TEST: Falling Edge detectedVT-DEBUG: returning from unfreeze_time with 1520876489454944066n nsec and kill status 0
[  321.889516] VT-GPIO_TEST: Unfreezing 1554
[  321.894737] VT-GPIO_TIME: TIME-FALL: 1520876489 475939874 nanoseconds
[  321.899439] VT-GPIO_TIME: TIME-RESUME: 0 32506585 nanoseconds
[  326.375851] VT-GPIO_TIME: TIME-RISE: 1520876493 956656289 nanoseconds
[  326.395490] VT-GPIO_TEST: Rising Edge detectedVT-DEBUG: returning from freeze_time with 1520876493995867433n sec and kill status 0 
[  326.437658] VT-GPIO_TEST: Freezing 1554
[  326.456374] VT-GPIO_TIME: TIME-RISE: 1520876494 37276933 nanoseconds
[  326.468273] VT-GPIO_TIME: TIME-PAUSE: 1 18446744072790172260 nanoseconds
[  336.537661] VT-GPIO_TIME: TIME-FALL: 1520876504 117608796 nanoseconds
[  336.557378] VT-GPIO_TEST: Falling Edge detectedVT-DEBUG: returning from unfreeze_time with 1520876504156966428n nsec and kill status 0
[  336.600216] VT-GPIO_TEST: Unfreezing 1554
[  336.619234] VT-GPIO_TIME: TIME-FALL: 1520876504 199191361 nanoseconds
[  336.630271] VT-GPIO_TIME: TIME-RESUME: 0 81582565 nanoseconds
[  341.021394] VT-GPIO_TEST: pause
[  341.049740] VT-GPIO_TIME: TIME-RISE: 1520876508 629309675 nanoseconds
[  341.059490] VT-GPIO_TEST: Rising Edge detectedVT-DEBUG: returning from freeze_time with 1520876508658491750n sec and kill status 0 
[  341.101363] VT-GPIO_TEST: Freezing 1554
[  341.120189] VT-GPIO_TIME: TIME-RISE: 1520876508 699764636 nanoseconds
[  341.131140] VT-GPIO_TIME: TIME-PAUSE: 0 70454961 nanoseconds
[  351.180070] VT-GPIO_TEST: resume
[  351.206227] VT-GPIO_TEST: value of pin: 0
[  351.225064] VT-GPIO_TIME: TIME-FALL: 1520876518 803781249 nanoseconds
[  351.234897] VT-GPIO_TEST: Falling Edge detectedVT-DEBUG: returning from unfreeze_time with 1520876518832805797n nsec and kill status 0
[  351.277030] VT-GPIO_TEST: Unfreezing 1554
[  351.295969] VT-GPIO_TIME: TIME-FALL: 1520876518 874686174 nanoseconds
[  351.307004] VT-GPIO_TIME: TIME-RESUME: 0 70904925 nanoseconds
[  353.713544] VT-GPIO_TIME: TIME-RISE: 1520876521 292043820 nanoseconds
[  353.733214] VT-GPIO_TEST: Rising Edge detectedVT-DEBUG: returning from freeze_time with 1520876521331307585n sec and kill status 0 
[  353.775417] VT-GPIO_TEST: Freezing 1554
[  353.794212] VT-GPIO_TIME: TIME-RISE: 1520876521 372718626 nanoseconds
[  353.805161] VT-GPIO_TIME: TIME-PAUSE: 0 80674806 nanoseconds
[  363.881396] VT-GPIO_TIME: TIME-FALL: 1520876531 459031735 nanoseconds
[  363.901113] VT-GPIO_TEST: Falling Edge detectedVT-DEBUG: returning from unfreeze_time with 1520876531498394740n nsec and kill status 0
[  363.944121] VT-GPIO_TEST: Unfreezing 1554
[  363.963301] VT-GPIO_TIME: TIME-FALL: 1520876531 540948438 nanoseconds
[  363.974336] VT-GPIO_TIME: TIME-RESUME: 0 81916703 nanoseconds
[  369.301799] VT-GPIO_TEST: pause
[  369.329995] VT-GPIO_TIME: TIME-RISE: 1520876536 907176774 nanoseconds
[  369.339757] VT-GPIO_TEST: Rising Edge detectedVT-DEBUG: returning from freeze_time with 1520876536936516419n sec and kill status 0 
[  369.382066] VT-GPIO_TEST: Freezing 1554
[  369.401123] VT-GPIO_TIME: TIME-RISE: 1520876536 978309844 nanoseconds
[  369.412072] VT-GPIO_TIME: TIME-PAUSE: 0 71133070 nanoseconds
[  379.468687] VT-GPIO_TEST: resume
[  379.495182] VT-GPIO_TEST: value of pin: 0
[  379.514103] VT-GPIO_TIME: TIME-FALL: 1520876547 90517015 nanoseconds
[  379.523843] VT-GPIO_TEST: Falling Edge detectedVT-DEBUG: returning from unfreeze_time with 1520876547119527397n nsec and kill status 0
[  379.566322] VT-GPIO_TEST: Unfreezing 1554
[  379.585451] VT-GPIO_TIME: TIME-FALL: 1520876547 161777326 nanoseconds
[  379.596486] VT-GPIO_TIME: TIME-RESUME: 0 71260311 nanoseconds
[  389.084368] VT-GPIO_TIME: TIME-RISE: 1520876556 659873888 nanoseconds
[  389.103926] VT-GPIO_TEST: Rising Edge detectedVT-DEBUG: returning from freeze_time with 1520876556698765018n sec and kill status 0 
[  389.145805] VT-GPIO_TEST: Freezing 1554
[  389.164752] VT-GPIO_TIME: TIME-RISE: 1520876556 740270136 nanoseconds
[  389.175701] VT-GPIO_TIME: TIME-PAUSE: 0 80396248 nanoseconds
[  399.243821] VT-GPIO_TIME: TIME-FALL: 1520876566 818469845 nanoseconds
[  399.263455] VT-GPIO_TEST: Falling Edge detectedVT-DEBUG: returning from unfreeze_time with 1520876566857461299n nsec and kill status 0
[  399.305905] VT-GPIO_TEST: Unfreezing 1554
[  399.325022] VT-GPIO_TIME: TIME-FALL: 1520876566 899679733 nanoseconds
[  399.336057] VT-GPIO_TIME: TIME-RESUME: 0 81209888 nanoseconds
[  401.663125] VT-GPIO_TEST: pause
[  401.691368] VT-GPIO_TIME: TIME-RISE: 1520876569 265815457 nanoseconds
[  401.701130] VT-GPIO_TEST: Rising Edge detectedVT-DEBUG: returning from freeze_time with 1520876569294932788n sec and kill status 0 
[  401.743032] VT-GPIO_TEST: Freezing 1554
[  401.761966] VT-GPIO_TIME: TIME-RISE: 1520876569 336418699 nanoseconds
[  401.772914] VT-GPIO_TIME: TIME-PAUSE: 0 70603242 nanoseconds
[  411.822073] VT-GPIO_TEST: resume
[  411.848593] VT-GPIO_TEST: value of pin: 0
[  411.867601] VT-GPIO_TIME: TIME-FALL: 1520876579 441192371 nanoseconds
[  411.877432] VT-GPIO_TEST: Falling Edge detectedVT-DEBUG: returning from unfreeze_time with 1520876579470389028n nsec and kill status 0
[  411.919917] VT-GPIO_TEST: Unfreezing 1554
[  411.939031] VT-GPIO_TIME: TIME-FALL: 1520876579 512623706 nanoseconds
[  411.950066] VT-GPIO_TIME: TIME-RESUME: 0 71431335 nanoseconds
[  415.428379] VT-GPIO_TIME: TIME-RISE: 1520876583 1831990 nanoseconds
[  415.447755] VT-GPIO_TEST: Rising Edge detectedVT-DEBUG: returning from freeze_time with 1520876583040352028n sec and kill status 0 
[  415.489600] VT-GPIO_TEST: Freezing 1554
[  415.508434] VT-GPIO_TIME: TIME-RISE: 1520876583 81812192 nanoseconds
[  415.519293] VT-GPIO_TIME: TIME-PAUSE: 0 79980202 nanoseconds
[  425.594812] VT-GPIO_TIME: TIME-FALL: 1520876593 167234372 nanoseconds
[  425.614431] VT-GPIO_TEST: Falling Edge detectedVT-DEBUG: returning from unfreeze_time with 1520876593206192162n nsec and kill status 0
[  425.656860] VT-GPIO_TEST: Unfreezing 1554
[  425.675980] VT-GPIO_TIME: TIME-FALL: 1520876593 248411722 nanoseconds
[  425.687015] VT-GPIO_TIME: TIME-RESUME: 0 81177350 nanoseconds
[  431.618253] VT-GPIO_TIME: TIME-RISE: 1520876599 190166299 nanoseconds
[  431.637970] VT-GPIO_TEST: Rising Edge detectedVT-DEBUG: returning from freeze_time with 1520876599229355112n sec and kill status 0 
[  431.679969] VT-GPIO_TEST: Freezing 1554
[  431.698856] VT-GPIO_TIME: TIME-RISE: 1520876599 270779737 nanoseconds
[  431.709805] VT-GPIO_TIME: TIME-PAUSE: 0 80613438 nanoseconds
[  441.776277] VT-GPIO_TIME: TIME-FALL: 1520876609 347330293 nanoseconds
[  441.796089] VT-GPIO_TEST: Falling Edge detectedVT-DEBUG: returning from unfreeze_time with 1520876609386976069n nsec and kill status 0
[  441.839467] VT-GPIO_TEST: Unfreezing 1554
[  441.858831] VT-GPIO_TIME: TIME-FALL: 1520876609 429895026 nanoseconds
[  441.869866] VT-GPIO_TIME: TIME-RESUME: 0 82564733 nanoseconds
