[   38.940458] VT-GPIO_TEST: Initializing the Virtual Time GPIO_TEST LKM
[   38.955407] VT-GPIO_TEST: Input signal is mapped to IRQ: 181
[   38.966106] VT-GPIO_TEST: Input signal is mapped to IRQ: 182
[   38.977298] VT-GPIO_TEST: The interrupt rising request result is 0
[   38.989176] VT-GPIO_TEST: The interrupt rising request result is 0
[  110.247584] VT-GPIO_TEST: Dilating 1552
[  110.855781] VT-GPIO_TIME: TIME-RISE: 1520876281 398817695 nanoseconds
[  110.865543] VT-GPIO_TEST: Rising Edge detectedVT-DEBUG: returning from freeze_time with 1520876281418583309n sec and kill status 0 
[  110.888540] VT-GPIO_TEST: Freezing 1552
[  110.897745] VT-GPIO_TIME: TIME-RISE: 1520876281 440797856 nanoseconds
[  110.908696] VT-GPIO_TIME: TIME-PAUSE: 0 41980161 nanoseconds
[  120.957921] VT-GPIO_TIME: TIME-FALL: 1520876291 500166013 nanoseconds
[  120.967971] VT-GPIO_TEST: Falling Edge detectedVT-DEBUG: returning from unfreeze_time with 1520876291520250227n nsec and kill status 0
[  120.991563] VT-GPIO_TEST: Unfreezing 1552
[  121.000948] VT-GPIO_TIME: TIME-FALL: 1520876291 543208134 nanoseconds
[  121.011985] VT-GPIO_TIME: TIME-RESUME: 0 43042121 nanoseconds
[  124.423098] VT-GPIO_TEST: pause
[  124.431960] VT-GPIO_TIME: TIME-RISE: 1520876294 973941360 nanoseconds
[  124.441724] VT-GPIO_TEST: Rising Edge detectedVT-DEBUG: returning from freeze_time with 1520876294993673561n sec and kill status 0 
[  124.464702] VT-GPIO_TEST: Freezing 1552
[  124.473824] VT-GPIO_TIME: TIME-RISE: 1520876295 15897359 nanoseconds
[  124.485725] VT-GPIO_TIME: TIME-PAUSE: 1 18446744072751507615 nanoseconds
[  134.534398] VT-GPIO_TEST: resume
[  134.541011] VT-GPIO_TEST: value of pin: 0
[  134.550420] VT-GPIO_TIME: TIME-FALL: 1520876305 91697931 nanoseconds
[  134.560166] VT-GPIO_TEST: Falling Edge detectedVT-DEBUG: returning from unfreeze_time with 1520876305111377387n nsec and kill status 0
[  134.583778] VT-GPIO_TEST: Unfreezing 1552
[  134.593165] VT-GPIO_TIME: TIME-FALL: 1520876305 134356959 nanoseconds
[  134.604201] VT-GPIO_TIME: TIME-RESUME: 0 42659028 nanoseconds
[  140.546313] VT-GPIO_TEST: pause
[  140.555216] VT-GPIO_TIME: TIME-RISE: 1520876311 96015346 nanoseconds
[  140.564903] VT-GPIO_TEST: Rising Edge detectedVT-DEBUG: returning from freeze_time with 1520876311115594394n sec and kill status 0 
[  140.587889] VT-GPIO_TEST: Freezing 1552
[  140.597096] VT-GPIO_TIME: TIME-RISE: 1520876311 137817067 nanoseconds
[  140.608044] VT-GPIO_TIME: TIME-PAUSE: 0 41801721 nanoseconds
[  150.582643] VT-GPIO_TEST: resume
[  150.589230] VT-GPIO_TEST: value of pin: 0
[  150.594454] VT-GPIO_TIME: TIME-FALL: 1520876321 131506248 nanoseconds
[  150.607994] VT-GPIO_TEST: Falling Edge detectedVT-DEBUG: returning from unfreeze_time with 1520876321153206003n nsec and kill status 0
[  150.630947] VT-GPIO_TEST: Unfreezing 1552
[  150.640154] VT-GPIO_TIME: TIME-FALL: 1520876321 176102955 nanoseconds
[  150.650923] VT-GPIO_TIME: TIME-RESUME: 0 44596707 nanoseconds
[  163.650545] VT-GPIO_TEST: pause
[  163.677503] VT-GPIO_TIME: TIME-RISE: 1520876334 216399295 nanoseconds
[  163.687261] VT-GPIO_TEST: Rising Edge detectedVT-DEBUG: returning from freeze_time with 1520876334245168080n sec and kill status 0 
[  163.728374] VT-GPIO_TEST: Freezing 1552
[  163.746732] VT-GPIO_TIME: TIME-RISE: 1520876334 285635656 nanoseconds
[  163.757680] VT-GPIO_TIME: TIME-PAUSE: 0 69236361 nanoseconds
[  173.806286] VT-GPIO_TEST: resume
[  173.839442] VT-GPIO_TEST: value of pin: 0
[  173.858254] VT-GPIO_TIME: TIME-FALL: 1520876344 396359445 nanoseconds
[  173.868082] VT-GPIO_TEST: Falling Edge detectedVT-DEBUG: returning from unfreeze_time with 1520876344425545030n nsec and kill status 0
[  173.910370] VT-GPIO_TEST: Unfreezing 1552
[  173.929105] VT-GPIO_TIME: TIME-FALL: 1520876344 467211219 nanoseconds
[  173.940141] VT-GPIO_TIME: TIME-RESUME: 0 70851774 nanoseconds
[  179.357713] VT-GPIO_TIME: TIME-RISE: 1520876349 895375258 nanoseconds
[  179.377073] VT-GPIO_TEST: Rising Edge detectedVT-DEBUG: returning from freeze_time with 1520876349934044807n sec and kill status 0 
[  179.418708] VT-GPIO_TEST: Freezing 1552
[  179.437238] VT-GPIO_TIME: TIME-RISE: 1520876349 974909894 nanoseconds
[  179.448191] VT-GPIO_TIME: TIME-PAUSE: 0 79534636 nanoseconds
[  189.413437] VT-GPIO_TIME: TIME-FALL: 1520876359 950310010 nanoseconds
[  189.432857] VT-GPIO_TEST: Falling Edge detectedVT-DEBUG: returning from unfreeze_time with 1520876359989085883n nsec and kill status 0
[  189.475285] VT-GPIO_TEST: Unfreezing 1552
[  189.494082] VT-GPIO_TIME: TIME-FALL: 1520876360 31052967 nanoseconds
[  189.506068] VT-GPIO_TIME: TIME-RESUME: 1 18446744072790294573 nanoseconds
[  191.904248] VT-GPIO_TEST: pause
[  191.939783] VT-GPIO_TIME: TIME-RISE: 1520876362 476462837 nanoseconds
[  191.949542] VT-GPIO_TEST: Rising Edge detectedVT-DEBUG: returning from freeze_time with 1520876362505559307n sec and kill status 0 
[  191.991506] VT-GPIO_TEST: Freezing 1552
[  192.010493] VT-GPIO_TIME: TIME-RISE: 1520876362 547180371 nanoseconds
[  192.021441] VT-GPIO_TIME: TIME-PAUSE: 0 70717534 nanoseconds
[  202.070050] VT-GPIO_TEST: resume
[  202.095547] VT-GPIO_TEST: value of pin: 0
[  202.100775] VT-GPIO_TIME: TIME-FALL: 1520876372 633780473 nanoseconds
[  202.104089] VT-GPIO_TEST: Falling Edge detectedVT-DEBUG: returning from unfreeze_time with 1520876372645275196n nsec and kill status 0
[  202.125166] VT-GPIO_TEST: Unfreezing 1552
[  202.130386] VT-GPIO_TIME: TIME-FALL: 1520876372 666281505 nanoseconds
[  202.135096] VT-GPIO_TIME: TIME-RESUME: 0 32501032 nanoseconds
[  208.599904] VT-GPIO_TIME: TIME-RISE: 1520876379 135272210 nanoseconds
[  208.619233] VT-GPIO_TEST: Rising Edge detectedVT-DEBUG: returning from freeze_time with 1520876379173880888n sec and kill status 0 
[  208.661019] VT-GPIO_TEST: Freezing 1552
[  208.680011] VT-GPIO_TIME: TIME-RISE: 1520876379 215389674 nanoseconds
[  208.690959] VT-GPIO_TIME: TIME-PAUSE: 0 80117464 nanoseconds
[  218.765892] VT-GPIO_TIME: TIME-FALL: 1520876389 300463893 nanoseconds
[  218.785561] VT-GPIO_TEST: Falling Edge detectedVT-DEBUG: returning from unfreeze_time with 1520876389339530659n nsec and kill status 0
[  218.828093] VT-GPIO_TEST: Unfreezing 1552
[  218.847254] VT-GPIO_TIME: TIME-FALL: 1520876389 381835593 nanoseconds
[  218.858290] VT-GPIO_TIME: TIME-RESUME: 0 81371700 nanoseconds
[  222.259060] VT-GPIO_TEST: pause
[  222.287380] VT-GPIO_TIME: TIME-RISE: 1520876392 821680351 nanoseconds
[  222.297138] VT-GPIO_TEST: Rising Edge detectedVT-DEBUG: returning from freeze_time with 1520876392850842063n sec and kill status 0 
[  222.339128] VT-GPIO_TEST: Freezing 1552
[  222.358094] VT-GPIO_TIME: TIME-RISE: 1520876392 892400720 nanoseconds
[  222.369042] VT-GPIO_TIME: TIME-PAUSE: 0 70720369 nanoseconds
[  232.425394] VT-GPIO_TEST: resume
[  232.452001] VT-GPIO_TEST: value of pin: 0
[  232.457231] VT-GPIO_TIME: TIME-FALL: 1520876402 987848750 nanoseconds
[  232.460544] VT-GPIO_TEST: Falling Edge detectedVT-DEBUG: returning from unfreeze_time with 1520876402999356013n nsec and kill status 0
[  232.481612] VT-GPIO_TEST: Unfreezing 1552
[  232.486747] VT-GPIO_TIME: TIME-FALL: 1520876403 20346574 nanoseconds
[  232.492488] VT-GPIO_TIME: TIME-RESUME: 1 18446744072742049440 nanoseconds
[  237.963594] VT-GPIO_TIME: TIME-RISE: 1520876408 496659669 nanoseconds
[  237.983197] VT-GPIO_TEST: Rising Edge detectedVT-DEBUG: returning from freeze_time with 1520876408535635568n sec and kill status 0 
[  238.025160] VT-GPIO_TEST: Freezing 1552
[  238.044143] VT-GPIO_TIME: TIME-RISE: 1520876408 577219054 nanoseconds
[  238.055092] VT-GPIO_TIME: TIME-PAUSE: 0 80559385 nanoseconds
[  248.130370] VT-GPIO_TIME: TIME-FALL: 1520876418 662642708 nanoseconds
[  248.150062] VT-GPIO_TEST: Falling Edge detectedVT-DEBUG: returning from unfreeze_time with 1520876418701744555n nsec and kill status 0
[  248.192646] VT-GPIO_TEST: Unfreezing 1552
[  248.211818] VT-GPIO_TIME: TIME-FALL: 1520876418 744096399 nanoseconds
[  248.222852] VT-GPIO_TIME: TIME-RESUME: 0 81453691 nanoseconds
[  248.616414] VT-GPIO_TEST: pause
[  248.644681] VT-GPIO_TIME: TIME-RISE: 1520876419 176912729 nanoseconds
[  248.654441] VT-GPIO_TEST: Rising Edge detectedVT-DEBUG: returning from freeze_time with 1520876419206034237n sec and kill status 0 
[  248.696340] VT-GPIO_TEST: Freezing 1552
[  248.715279] VT-GPIO_TIME: TIME-RISE: 1520876419 247517942 nanoseconds
[  248.726228] VT-GPIO_TIME: TIME-PAUSE: 0 70605213 nanoseconds
[  258.774904] VT-GPIO_TEST: resume
[  258.801293] VT-GPIO_TEST: value of pin: 0
[  258.806522] VT-GPIO_TIME: TIME-FALL: 1520876429 335056050 nanoseconds
[  258.809835] VT-GPIO_TEST: Falling Edge detectedVT-DEBUG: returning from unfreeze_time with 1520876429346573646n nsec and kill status 0
[  258.830906] VT-GPIO_TEST: Unfreezing 1552
[  258.836127] VT-GPIO_TIME: TIME-FALL: 1520876429 367573456 nanoseconds
[  258.840829] VT-GPIO_TIME: TIME-RESUME: 0 32517406 nanoseconds
[  265.315610] VT-GPIO_TIME: TIME-RISE: 1520876435 846530297 nanoseconds
[  265.335175] VT-GPIO_TEST: Rising Edge detectedVT-DEBUG: returning from freeze_time with 1520876435885422911n sec and kill status 0 
[  265.377051] VT-GPIO_TEST: Freezing 1552
[  265.395998] VT-GPIO_TIME: TIME-RISE: 1520876435 926927821 nanoseconds
[  265.406948] VT-GPIO_TIME: TIME-PAUSE: 0 80397524 nanoseconds
[  275.482248] VT-GPIO_TIME: TIME-FALL: 1520876446 12454963 nanoseconds
[  275.501796] VT-GPIO_TEST: Falling Edge detectedVT-DEBUG: returning from unfreeze_time with 1520876446051269750n nsec and kill status 0
[  275.544241] VT-GPIO_TEST: Unfreezing 1552
[  275.563272] VT-GPIO_TIME: TIME-FALL: 1520876446 93490771 nanoseconds
[  275.574216] VT-GPIO_TIME: TIME-RESUME: 0 81035808 nanoseconds
[  277.976916] VT-GPIO_TEST: pause
[  278.005137] VT-GPIO_TIME: TIME-RISE: 1520876448 535065110 nanoseconds
[  278.014898] VT-GPIO_TEST: Rising Edge detectedVT-DEBUG: returning from freeze_time with 1520876448564174325n sec and kill status 0 
[  278.056788] VT-GPIO_TEST: Freezing 1552
[  278.075716] VT-GPIO_TIME: TIME-RISE: 1520876448 605650527 nanoseconds
[  278.086666] VT-GPIO_TIME: TIME-PAUSE: 0 70585417 nanoseconds
[  288.142401] VT-GPIO_TEST: resume
[  288.168795] VT-GPIO_TEST: value of pin: 0
[  288.187782] VT-GPIO_TIME: TIME-FALL: 1520876458 716918570 nanoseconds
[  288.197612] VT-GPIO_TEST: Falling Edge detectedVT-DEBUG: returning from unfreeze_time with 1520876458746101571n nsec and kill status 0
[  288.240088] VT-GPIO_TEST: Unfreezing 1552
[  288.259196] VT-GPIO_TIME: TIME-FALL: 1520876458 788331132 nanoseconds
[  288.270233] VT-GPIO_TIME: TIME-RESUME: 0 71412562 nanoseconds
[  291.675319] VT-GPIO_TIME: TIME-RISE: 1520876462 204169778 nanoseconds
[  291.694854] VT-GPIO_TEST: Rising Edge detectedVT-DEBUG: returning from freeze_time with 1520876462242998812n sec and kill status 0 
[  291.736660] VT-GPIO_TEST: Freezing 1552
[  291.755569] VT-GPIO_TIME: TIME-RISE: 1520876462 284430599 nanoseconds
[  291.766516] VT-GPIO_TIME: TIME-PAUSE: 0 80260821 nanoseconds
[  301.841644] VT-GPIO_TIME: TIME-FALL: 1520876472 369698226 nanoseconds
[  301.861249] VT-GPIO_TEST: Falling Edge detectedVT-DEBUG: returning from unfreeze_time with 1520876472408646920n nsec and kill status 0
[  301.903664] VT-GPIO_TEST: Unfreezing 1552
[  301.922759] VT-GPIO_TIME: TIME-FALL: 1520876472 450822773 nanoseconds
[  301.933794] VT-GPIO_TIME: TIME-RESUME: 0 81124547 nanoseconds
[  308.870042] VT-GPIO_TIME: TIME-RISE: 1520876479 397545079 nanoseconds
[  308.889764] VT-GPIO_TEST: Rising Edge detectedVT-DEBUG: returning from freeze_time with 1520876479436741462n sec and kill status 0 
[  308.931748] VT-GPIO_TEST: Freezing 1552
[  308.950632] VT-GPIO_TIME: TIME-RISE: 1520876479 478145129 nanoseconds
[  308.961581] VT-GPIO_TIME: TIME-PAUSE: 0 80600050 nanoseconds
[  318.916760] VT-GPIO_TIME: TIME-FALL: 1520876489 443478661 nanoseconds
[  318.936570] VT-GPIO_TEST: Falling Edge detectedVT-DEBUG: returning from unfreeze_time with 1520876489483108845n nsec and kill status 0
[  318.979948] VT-GPIO_TEST: Unfreezing 1552
[  318.999295] VT-GPIO_TIME: TIME-FALL: 1520876489 526027434 nanoseconds
[  319.010330] VT-GPIO_TIME: TIME-RESUME: 0 82548773 nanoseconds
[  323.393929] VT-GPIO_TEST: pause
[  323.430345] VT-GPIO_TIME: TIME-RISE: 1520876493 956706907 nanoseconds
[  323.440103] VT-GPIO_TEST: Rising Edge detectedVT-DEBUG: returning from freeze_time with 1520876493986261463n sec and kill status 0 
[  323.482705] VT-GPIO_TEST: Freezing 1552
[  323.501622] VT-GPIO_TIME: TIME-RISE: 1520876494 28079557 nanoseconds
[  323.513522] VT-GPIO_TIME: TIME-PAUSE: 1 18446744072780924266 nanoseconds
[  333.563316] VT-GPIO_TEST: resume
[  333.589754] VT-GPIO_TEST: value of pin: 0
[  333.608785] VT-GPIO_TIME: TIME-FALL: 1520876504 134357780 nanoseconds
[  333.618616] VT-GPIO_TEST: Falling Edge detectedVT-DEBUG: returning from unfreeze_time with 1520876504163589902n nsec and kill status 0
[  333.661197] VT-GPIO_TEST: Unfreezing 1552
[  333.680361] VT-GPIO_TIME: TIME-FALL: 1520876504 205931912 nanoseconds
[  333.691395] VT-GPIO_TIME: TIME-RESUME: 0 71574132 nanoseconds
[  338.104119] VT-GPIO_TIME: TIME-RISE: 1520876508 629330292 nanoseconds
[  338.123904] VT-GPIO_TEST: Rising Edge detectedVT-DEBUG: returning from freeze_time with 1520876508668650998n sec and kill status 0 
[  338.166018] VT-GPIO_TEST: Freezing 1552
[  338.184966] VT-GPIO_TIME: TIME-RISE: 1520876508 710185031 nanoseconds
[  338.195915] VT-GPIO_TIME: TIME-PAUSE: 0 80854739 nanoseconds
[  348.262906] VT-GPIO_TIME: TIME-FALL: 1520876518 787317541 nanoseconds
[  348.282779] VT-GPIO_TEST: Falling Edge detectedVT-DEBUG: returning from unfreeze_time with 1520876518827073629n nsec and kill status 0
[  348.326268] VT-GPIO_TEST: Unfreezing 1552
[  348.345694] VT-GPIO_TIME: TIME-FALL: 1520876518 870115542 nanoseconds
[  348.356730] VT-GPIO_TIME: TIME-RESUME: 0 82798001 nanoseconds
[  350.739211] VT-GPIO_TEST: pause
[  350.767857] VT-GPIO_TIME: TIME-RISE: 1520876521 292079504 nanoseconds
[  350.777617] VT-GPIO_TEST: Rising Edge detectedVT-DEBUG: returning from freeze_time with 1520876521321687182n sec and kill status 0 
[  350.820340] VT-GPIO_TEST: Freezing 1552
[  350.839404] VT-GPIO_TIME: TIME-RISE: 1520876521 363629640 nanoseconds
[  350.850354] VT-GPIO_TIME: TIME-PAUSE: 0 71550136 nanoseconds
[  360.906911] VT-GPIO_TEST: resume
[  360.933326] VT-GPIO_TEST: value of pin: 0
[  360.938555] VT-GPIO_TIME: TIME-FALL: 1520876531 459103336 nanoseconds
[  360.941868] VT-GPIO_TEST: Falling Edge detectedVT-DEBUG: returning from unfreeze_time with 1520876531470594725n nsec and kill status 0
[  360.962938] VT-GPIO_TEST: Unfreezing 1552
[  360.968159] VT-GPIO_TIME: TIME-FALL: 1520876531 491591494 nanoseconds
[  360.972869] VT-GPIO_TIME: TIME-RESUME: 0 32488158 nanoseconds
[  366.384224] VT-GPIO_TIME: TIME-RISE: 1520876536 907214187 nanoseconds
[  366.403821] VT-GPIO_TEST: Rising Edge detectedVT-DEBUG: returning from freeze_time with 1520876536946172168n sec and kill status 0 
[  366.445754] VT-GPIO_TEST: Freezing 1552
[  366.464724] VT-GPIO_TIME: TIME-RISE: 1520876536 987723742 nanoseconds
[  366.475674] VT-GPIO_TIME: TIME-PAUSE: 0 80509555 nanoseconds
[  376.551628] VT-GPIO_TIME: TIME-FALL: 1520876547 73905668 nanoseconds
[  376.571208] VT-GPIO_TEST: Falling Edge detectedVT-DEBUG: returning from unfreeze_time with 1520876547112792615n nsec and kill status 0
[  376.613736] VT-GPIO_TEST: Unfreezing 1552
[  376.632889] VT-GPIO_TIME: TIME-FALL: 1520876547 155091630 nanoseconds
[  376.643925] VT-GPIO_TIME: TIME-RESUME: 0 81185962 nanoseconds
[  386.110189] VT-GPIO_TEST: pause
[  386.138473] VT-GPIO_TIME: TIME-RISE: 1520876556 659916087 nanoseconds
[  386.148229] VT-GPIO_TEST: Rising Edge detectedVT-DEBUG: returning from freeze_time with 1520876556689056508n sec and kill status 0 
[  386.190181] VT-GPIO_TEST: Freezing 1552
[  386.209144] VT-GPIO_TIME: TIME-RISE: 1520876556 730594080 nanoseconds
[  386.220092] VT-GPIO_TIME: TIME-PAUSE: 0 70677993 nanoseconds
[  396.268957] VT-GPIO_TEST: resume
[  396.295533] VT-GPIO_TEST: value of pin: 0
[  396.314552] VT-GPIO_TIME: TIME-FALL: 1520876566 835205644 nanoseconds
[  396.324384] VT-GPIO_TEST: Falling Edge detectedVT-DEBUG: returning from unfreeze_time with 1520876566864396729n nsec and kill status 0
[  396.366867] VT-GPIO_TEST: Unfreezing 1552
[  396.385984] VT-GPIO_TIME: TIME-FALL: 1520876566 906636456 nanoseconds
[  396.397019] VT-GPIO_TIME: TIME-RESUME: 0 71430812 nanoseconds
[  398.745426] VT-GPIO_TIME: TIME-RISE: 1520876569 265876256 nanoseconds
[  398.764985] VT-GPIO_TEST: Rising Edge detectedVT-DEBUG: returning from freeze_time with 1520876569304751205n sec and kill status 0 
[  398.806831] VT-GPIO_TEST: Freezing 1552
[  398.825756] VT-GPIO_TIME: TIME-RISE: 1520876569 346216909 nanoseconds
[  398.836705] VT-GPIO_TIME: TIME-PAUSE: 0 80340653 nanoseconds
[  408.904918] VT-GPIO_TIME: TIME-FALL: 1520876579 424570241 nanoseconds
[  408.924549] VT-GPIO_TEST: Falling Edge detectedVT-DEBUG: returning from unfreeze_time with 1520876579463557682n nsec and kill status 0
[  408.967006] VT-GPIO_TEST: Unfreezing 1552
[  408.986126] VT-GPIO_TIME: TIME-FALL: 1520876579 505790701 nanoseconds
[  408.997163] VT-GPIO_TIME: TIME-RESUME: 0 81220460 nanoseconds
[  412.453806] VT-GPIO_TEST: pause
[  412.482330] VT-GPIO_TIME: TIME-RISE: 1520876583 1876840 nanoseconds
[  412.491912] VT-GPIO_TEST: Rising Edge detectedVT-DEBUG: returning from freeze_time with 1520876583030629166n sec and kill status 0 
[  412.533783] VT-GPIO_TEST: Freezing 1552
[  412.552620] VT-GPIO_TIME: TIME-RISE: 1520876583 72091123 nanoseconds
[  412.563478] VT-GPIO_TIME: TIME-PAUSE: 0 70214283 nanoseconds
[  422.620046] VT-GPIO_TEST: resume
[  422.646367] VT-GPIO_TEST: value of pin: 0
[  422.651596] VT-GPIO_TIME: TIME-FALL: 1520876593 167279257 nanoseconds
[  422.654909] VT-GPIO_TEST: Falling Edge detectedVT-DEBUG: returning from unfreeze_time with 1520876593178794270n nsec and kill status 0
[  422.675978] VT-GPIO_TEST: Unfreezing 1552
[  422.681200] VT-GPIO_TIME: TIME-FALL: 1520876593 199790788 nanoseconds
[  422.685909] VT-GPIO_TIME: TIME-RESUME: 0 32511531 nanoseconds
[  428.644273] VT-GPIO_TEST: pause
[  428.672129] VT-GPIO_TIME: TIME-RISE: 1520876599 190235708 nanoseconds
[  428.681888] VT-GPIO_TEST: Rising Edge detectedVT-DEBUG: returning from freeze_time with 1520876599219346506n sec and kill status 0 
[  428.723802] VT-GPIO_TEST: Freezing 1552
[  428.742748] VT-GPIO_TIME: TIME-RISE: 1520876599 260861672 nanoseconds
[  428.753696] VT-GPIO_TIME: TIME-PAUSE: 0 70625964 nanoseconds
[  438.802309] VT-GPIO_TEST: resume
[  438.827726] VT-GPIO_TEST: value of pin: 0
[  438.832955] VT-GPIO_TIME: TIME-FALL: 1520876609 347371734 nanoseconds
[  438.836269] VT-GPIO_TEST: Falling Edge detectedVT-DEBUG: returning from unfreeze_time with 1520876609358885829n nsec and kill status 0
[  438.857340] VT-GPIO_TEST: Unfreezing 1552
[  438.862562] VT-GPIO_TIME: TIME-FALL: 1520876609 379883347 nanoseconds
[  438.867263] VT-GPIO_TIME: TIME-RESUME: 0 32511613 nanoseconds
[  444.833380] VT-GPIO_TEST: pause
[  444.861244] VT-GPIO_TIME: TIME-RISE: 1520876615 378080617 nanoseconds
[  444.871008] VT-GPIO_TEST: Rising Edge detectedVT-DEBUG: returning from freeze_time with 1520876615407130840n sec and kill status 0 
[  444.912869] VT-GPIO_TEST: Freezing 1552
[  444.931811] VT-GPIO_TIME: TIME-RISE: 1520876615 448655044 nanoseconds
[  444.942760] VT-GPIO_TIME: TIME-PAUSE: 0 70574427 nanoseconds
