2018-03-12 12:38:00,293 - root - INFO - Starting Service ID: #2
2018-03-12 12:38:00,306 - root - INFO - Connection Manager Started: 1520876280.305089
2018-03-12 12:38:00,317 - root - INFO - Host Activities Started: 1520876280.316050
2018-03-12 12:38:01,365 - root - INFO - Host_System_pasuing: 1520876281.364777
2018-03-12 12:38:01,464 - root - INFO - NCProcHandler_Stop_Services: 1520876281.464108
2018-03-12 12:38:01,467 - root - INFO - NetCoor_Stop_Services: 1520876281.467219
2018-03-12 12:38:11,581 - root - INFO - NCProcHandler_Resume_Services: 1520876291.581299
2018-03-12 12:38:11,583 - root - INFO - NetCoor_Resume_Services: 1520876291.583407
2018-03-12 12:38:29,412 - root - INFO - Host_System_pasuing: 1520876309.412267
2018-03-12 12:39:09,896 - root - INFO - NCProcHandler_Stop_Services: 1520876349.896046
2018-03-12 12:39:09,898 - root - INFO - NetCoor_Stop_Services: 1520876349.898132
2018-03-12 12:39:20,050 - root - INFO - NCProcHandler_Resume_Services: 1520876360.049727
2018-03-12 12:39:20,051 - root - INFO - NetCoor_Resume_Services: 1520876360.051860
2018-03-12 12:38:38,458 - root - INFO - Host_System_pasuing: 1520876318.458031
2018-03-12 12:39:39,239 - root - INFO - NCProcHandler_Stop_Services: 1520876379.239582
2018-03-12 12:39:39,241 - root - INFO - NetCoor_Stop_Services: 1520876379.241628
2018-03-12 12:39:49,421 - root - INFO - NCProcHandler_Resume_Services: 1520876389.421634
2018-03-12 12:39:49,423 - root - INFO - NetCoor_Resume_Services: 1520876389.423736
2018-03-12 12:38:47,472 - root - INFO - Host_System_pasuing: 1520876327.472760
2018-03-12 12:40:08,608 - root - INFO - NCProcHandler_Stop_Services: 1520876408.608004
2018-03-12 12:40:08,610 - root - INFO - NetCoor_Stop_Services: 1520876408.610087
2018-03-12 12:40:18,762 - root - INFO - NCProcHandler_Resume_Services: 1520876418.761891
2018-03-12 12:40:18,764 - root - INFO - NetCoor_Resume_Services: 1520876418.763988
2018-03-12 12:38:54,515 - root - INFO - Host_System_pasuing: 1520876334.515776
2018-03-12 12:40:35,958 - root - INFO - NCProcHandler_Stop_Services: 1520876435.957833
2018-03-12 12:40:35,960 - root - INFO - NetCoor_Stop_Services: 1520876435.959898
2018-03-12 12:40:46,110 - root - INFO - NCProcHandler_Resume_Services: 1520876446.110586
2018-03-12 12:40:46,112 - root - INFO - NetCoor_Resume_Services: 1520876446.112798
2018-03-12 12:39:00,560 - root - INFO - Host_System_pasuing: 1520876340.560016
2018-03-12 12:41:02,307 - root - INFO - NCProcHandler_Stop_Services: 1520876462.307601
2018-03-12 12:41:02,309 - root - INFO - NetCoor_Stop_Services: 1520876462.309573
2018-03-12 12:41:12,491 - root - INFO - NCProcHandler_Resume_Services: 1520876472.490826
2018-03-12 12:41:12,493 - root - INFO - NetCoor_Resume_Services: 1520876472.493012
2018-03-12 12:39:07,570 - root - INFO - Host_System_pasuing: 1520876347.570337
2018-03-12 12:41:19,398 - root - INFO - NCProcHandler_Stop_Services: 1520876479.398197
2018-03-12 12:41:19,400 - root - INFO - NetCoor_Stop_Services: 1520876479.400864
2018-03-12 12:41:29,541 - root - INFO - NCProcHandler_Resume_Services: 1520876489.540785
2018-03-12 12:41:29,543 - root - INFO - NetCoor_Resume_Services: 1520876489.542920
2018-03-12 12:39:16,613 - root - INFO - Host_System_pasuing: 1520876356.613440
2018-03-12 12:41:48,732 - root - INFO - NCProcHandler_Stop_Services: 1520876508.732667
2018-03-12 12:41:48,734 - root - INFO - NetCoor_Stop_Services: 1520876508.734785
2018-03-12 12:41:58,907 - root - INFO - NCProcHandler_Resume_Services: 1520876518.907517
2018-03-12 12:41:58,909 - root - INFO - NetCoor_Resume_Services: 1520876518.909570
2018-03-12 12:39:24,550 - root - INFO - Host_System_pasuing: 1520876364.550273
2018-03-12 12:42:17,019 - root - INFO - NCProcHandler_Stop_Services: 1520876537.018983
2018-03-12 12:42:17,021 - root - INFO - NetCoor_Stop_Services: 1520876537.021096
2018-03-12 12:42:27,195 - root - INFO - NCProcHandler_Resume_Services: 1520876547.194901
2018-03-12 12:42:27,197 - root - INFO - NetCoor_Resume_Services: 1520876547.197018
2018-03-12 12:39:36,567 - root - INFO - Host_System_pasuing: 1520876376.566880
2018-03-12 12:42:49,369 - root - INFO - NCProcHandler_Stop_Services: 1520876569.369275
2018-03-12 12:42:49,371 - root - INFO - NetCoor_Stop_Services: 1520876569.371553
2018-03-12 12:42:59,546 - root - INFO - NCProcHandler_Resume_Services: 1520876579.545807
2018-03-12 12:42:59,548 - root - INFO - NetCoor_Resume_Services: 1520876579.547930
