2018-03-12 12:38:00,764 - root - INFO - Starting Service ID: #1
2018-03-12 12:38:00,777 - root - INFO - Connection Manager Started: 1520876280.775960
2018-03-12 12:38:00,787 - root - INFO - Host Activities Started: 1520876280.786869
2018-03-12 12:38:04,838 - root - INFO - Host_System_pasuing: 1520876284.838240
2018-03-12 12:38:15,041 - root - INFO - NCProcHandler_Stop_Services: 1520876295.040755
2018-03-12 12:38:15,043 - root - INFO - NetCoor_Stop_Services: 1520876295.043854
2018-03-12 12:38:25,157 - root - INFO - NCProcHandler_Resume_Services: 1520876305.157484
2018-03-12 12:38:25,159 - root - INFO - NetCoor_Resume_Services: 1520876305.159535
2018-03-12 12:38:10,850 - root - INFO - Host_System_pasuing: 1520876290.850664
2018-03-12 12:38:31,096 - root - INFO - NCProcHandler_Stop_Services: 1520876311.096627
2018-03-12 12:38:31,099 - root - INFO - NetCoor_Stop_Services: 1520876311.099269
2018-03-12 12:38:41,203 - root - INFO - NCProcHandler_Resume_Services: 1520876321.203466
2018-03-12 12:38:41,205 - root - INFO - NetCoor_Resume_Services: 1520876321.205670
2018-03-12 12:38:23,916 - root - INFO - Host_System_pasuing: 1520876303.916276
2018-03-12 12:38:54,318 - root - INFO - NCProcHandler_Stop_Services: 1520876334.318042
2018-03-12 12:38:54,320 - root - INFO - NetCoor_Stop_Services: 1520876334.320125
2018-03-12 12:39:04,500 - root - INFO - NCProcHandler_Resume_Services: 1520876344.499979
2018-03-12 12:39:04,502 - root - INFO - NetCoor_Resume_Services: 1520876344.501937
2018-03-12 12:38:31,931 - root - INFO - Host_System_pasuing: 1520876311.931854
2018-03-12 12:39:22,580 - root - INFO - NCProcHandler_Stop_Services: 1520876362.579997
2018-03-12 12:39:22,582 - root - INFO - NetCoor_Stop_Services: 1520876362.582051
2018-03-12 12:39:32,731 - root - INFO - NCProcHandler_Resume_Services: 1520876372.731611
2018-03-12 12:39:32,733 - root - INFO - NetCoor_Resume_Services: 1520876372.733668
2018-03-12 12:38:41,979 - root - INFO - Host_System_pasuing: 1520876321.979478
2018-03-12 12:39:52,933 - root - INFO - NCProcHandler_Stop_Services: 1520876392.933044
2018-03-12 12:39:52,935 - root - INFO - NetCoor_Stop_Services: 1520876392.935109
2018-03-12 12:40:03,087 - root - INFO - NCProcHandler_Resume_Services: 1520876403.087374
2018-03-12 12:40:03,089 - root - INFO - NetCoor_Resume_Services: 1520876403.089440
2018-03-12 12:38:48,020 - root - INFO - Host_System_pasuing: 1520876328.020021
2018-03-12 12:40:19,280 - root - INFO - NCProcHandler_Stop_Services: 1520876419.280417
2018-03-12 12:40:19,282 - root - INFO - NetCoor_Stop_Services: 1520876419.282466
2018-03-12 12:40:29,434 - root - INFO - NCProcHandler_Resume_Services: 1520876429.433852
2018-03-12 12:40:29,436 - root - INFO - NetCoor_Resume_Services: 1520876429.436042
2018-03-12 12:38:57,071 - root - INFO - Host_System_pasuing: 1520876337.071727
2018-03-12 12:40:48,646 - root - INFO - NCProcHandler_Stop_Services: 1520876448.646083
2018-03-12 12:40:48,648 - root - INFO - NetCoor_Stop_Services: 1520876448.648031
2018-03-12 12:40:58,821 - root - INFO - NCProcHandler_Resume_Services: 1520876458.821441
2018-03-12 12:40:58,823 - root - INFO - NetCoor_Resume_Services: 1520876458.823532
2018-03-12 12:39:12,091 - root - INFO - Host_System_pasuing: 1520876352.091239
2018-03-12 12:41:34,063 - root - INFO - NCProcHandler_Stop_Services: 1520876494.062923
2018-03-12 12:41:34,065 - root - INFO - NetCoor_Stop_Services: 1520876494.064976
2018-03-12 12:41:44,247 - root - INFO - NCProcHandler_Resume_Services: 1520876504.246775
2018-03-12 12:41:44,248 - root - INFO - NetCoor_Resume_Services: 1520876504.248820
2018-03-12 12:39:19,098 - root - INFO - Host_System_pasuing: 1520876359.098573
2018-03-12 12:42:01,404 - root - INFO - NCProcHandler_Stop_Services: 1520876521.404361
2018-03-12 12:42:01,406 - root - INFO - NetCoor_Stop_Services: 1520876521.406590
2018-03-12 12:42:11,558 - root - INFO - NCProcHandler_Resume_Services: 1520876531.557901
2018-03-12 12:42:11,560 - root - INFO - NetCoor_Resume_Services: 1520876531.559985
2018-03-12 12:39:34,151 - root - INFO - Host_System_pasuing: 1520876374.151090
2018-03-12 12:42:36,763 - root - INFO - NCProcHandler_Stop_Services: 1520876556.763445
2018-03-12 12:42:36,765 - root - INFO - NetCoor_Stop_Services: 1520876556.765669
2018-03-12 12:42:46,939 - root - INFO - NCProcHandler_Resume_Services: 1520876566.939599
2018-03-12 12:42:46,941 - root - INFO - NetCoor_Resume_Services: 1520876566.941584
2018-03-12 12:39:40,158 - root - INFO - Host_System_pasuing: 1520876380.158237
2018-03-12 12:43:03,105 - root - INFO - NCProcHandler_Stop_Services: 1520876583.105110
2018-03-12 12:43:03,107 - root - INFO - NetCoor_Stop_Services: 1520876583.107283
2018-03-12 12:43:13,265 - root - INFO - NCProcHandler_Resume_Services: 1520876593.265656
2018-03-12 12:43:13,267 - root - INFO - NetCoor_Resume_Services: 1520876593.267745
2018-03-12 12:39:46,199 - root - INFO - Host_System_pasuing: 1520876386.199393
2018-03-12 12:43:19,293 - root - INFO - NCProcHandler_Stop_Services: 1520876599.293630
2018-03-12 12:43:19,295 - root - INFO - NetCoor_Stop_Services: 1520876599.295804
2018-03-12 12:43:29,445 - root - INFO - NCProcHandler_Resume_Services: 1520876609.445100
2018-03-12 12:43:29,447 - root - INFO - NetCoor_Resume_Services: 1520876609.447220
2018-03-12 12:39:52,247 - root - INFO - Host_System_pasuing: 1520876392.247470
2018-03-12 12:43:35,481 - root - INFO - NCProcHandler_Stop_Services: 1520876615.481149
2018-03-12 12:43:35,483 - root - INFO - NetCoor_Stop_Services: 1520876615.483252
