[29434.825829] VT-GPIO_BENCHMARK: Pause ; 0 ; 67786 
[29435.838798] VT-GPIO_BENCHMARK: Resume ; 0 ; 65328 
[29438.324388] VT-GPIO_BENCHMARK: Pause ; 0 ; 82993 
[29439.343228] VT-GPIO_BENCHMARK: Resume ; 0 ; 66452 
[29443.768559] VT-GPIO_BENCHMARK: Pause ; 0 ; 115698 
[29444.791710] VT-GPIO_BENCHMARK: Resume ; 0 ; 68703 
[29447.840046] VT-GPIO_BENCHMARK: Pause ; 0 ; 82077 
[29448.859250] VT-GPIO_BENCHMARK: Resume ; 0 ; 64495 
[29453.925115] VT-GPIO_BENCHMARK: Pause ; 0 ; 68744 
[29454.930866] VT-GPIO_BENCHMARK: Resume ; 0 ; 77118 
[29457.426477] VT-GPIO_BENCHMARK: Pause ; 0 ; 76660 
[29458.446083] VT-GPIO_BENCHMARK: Resume ; 0 ; 65869 
[29463.756454] VT-GPIO_BENCHMARK: Pause ; 0 ; 80951 
[29464.770356] VT-GPIO_BENCHMARK: Resume ; 0 ; 71952 
[29467.814323] VT-GPIO_BENCHMARK: Pause ; 0 ; 84493 
[29468.833931] VT-GPIO_BENCHMARK: Resume ; 0 ; 66202 
[29473.928561] VT-GPIO_BENCHMARK: Pause ; 0 ; 66536 
[29474.934408] VT-GPIO_BENCHMARK: Resume ; 0 ; 60869 
[29477.382654] VT-GPIO_BENCHMARK: Pause ; 0 ; 79743 
[29478.402172] VT-GPIO_BENCHMARK: Resume ; 0 ; 68994 
[29482.725609] VT-GPIO_BENCHMARK: Pause ; 0 ; 83534 
[29483.745862] VT-GPIO_BENCHMARK: Resume ; 0 ; 72369 
[29486.713277] VT-GPIO_BENCHMARK: Pause ; 0 ; 81993 
[29487.732959] VT-GPIO_BENCHMARK: Resume ; 0 ; 62078 
[29492.894084] VT-GPIO_BENCHMARK: Pause ; 0 ; 69702 
[29493.899864] VT-GPIO_BENCHMARK: Resume ; 0 ; 58078 
[29496.336218] VT-GPIO_BENCHMARK: Pause ; 0 ; 81243 
[29497.342809] VT-GPIO_BENCHMARK: Resume ; 0 ; 65870 
[29501.722176] VT-GPIO_BENCHMARK: Pause ; 0 ; 64453 
[29502.728375] VT-GPIO_BENCHMARK: Resume ; 0 ; 102033 
[29505.708172] VT-GPIO_BENCHMARK: Pause ; 0 ; 76660 
[29506.714721] VT-GPIO_BENCHMARK: Resume ; 0 ; 64162 
[29511.818472] VT-GPIO_BENCHMARK: Pause ; 0 ; 70161 
[29512.826238] VT-GPIO_BENCHMARK: Resume ; 0 ; 66703 
[29515.619926] VT-GPIO_BENCHMARK: Pause ; 0 ; 76160 
[29516.640775] VT-GPIO_BENCHMARK: Resume ; 0 ; 63870 
[29521.862296] VT-GPIO_BENCHMARK: Pause ; 0 ; 66536 
[29522.870145] VT-GPIO_BENCHMARK: Resume ; 0 ; 73577 
[29525.863911] VT-GPIO_BENCHMARK: Pause ; 0 ; 89993 
[29526.884618] VT-GPIO_BENCHMARK: Resume ; 0 ; 68036 
[29532.022015] VT-GPIO_BENCHMARK: Pause ; 0 ; 76452 
[29533.042183] VT-GPIO_BENCHMARK: Resume ; 0 ; 54829 
[29535.556901] VT-GPIO_BENCHMARK: Pause ; 0 ; 68369 
[29536.577606] VT-GPIO_BENCHMARK: Resume ; 0 ; 62911 
[29541.913786] VT-GPIO_BENCHMARK: Pause ; 0 ; 66369 
[29542.919773] VT-GPIO_BENCHMARK: Resume ; 0 ; 72369 
[29545.937648] VT-GPIO_BENCHMARK: Pause ; 0 ; 82951 
[29546.958433] VT-GPIO_BENCHMARK: Resume ; 0 ; 67411 
[29552.023010] VT-GPIO_BENCHMARK: Pause ; 0 ; 60453 
[29553.043263] VT-GPIO_BENCHMARK: Resume ; 0 ; 56370 
[29555.508556] VT-GPIO_BENCHMARK: Pause ; 0 ; 81701 
[29556.515324] VT-GPIO_BENCHMARK: Resume ; 0 ; 65619 
[29560.901041] VT-GPIO_BENCHMARK: Pause ; 0 ; 63370 
[29561.921292] VT-GPIO_BENCHMARK: Resume ; 0 ; 60703 
[29564.645545] VT-GPIO_BENCHMARK: Pause ; 0 ; 93367 
[29565.672593] VT-GPIO_BENCHMARK: Resume ; 0 ; 75201 
[29570.819338] VT-GPIO_BENCHMARK: Pause ; 0 ; 80243 
[29571.845669] VT-GPIO_BENCHMARK: Resume ; 0 ; 71994 
[29574.835772] VT-GPIO_BENCHMARK: Pause ; 0 ; 72785 
[29575.842464] VT-GPIO_BENCHMARK: Resume ; 0 ; 59703 
[29580.981336] VT-GPIO_BENCHMARK: Pause ; 0 ; 63495 
[29582.001642] VT-GPIO_BENCHMARK: Resume ; 0 ; 53829 
[29584.731100] VT-GPIO_BENCHMARK: Pause ; 0 ; 86575 
[29585.739969] VT-GPIO_BENCHMARK: Resume ; 0 ; 76576 
[29590.897899] VT-GPIO_BENCHMARK: Pause ; 0 ; 84076 
[29591.905641] VT-GPIO_BENCHMARK: Resume ; 0 ; 83909 
[29594.855471] VT-GPIO_BENCHMARK: Pause ; 0 ; 81243 
[29595.878650] VT-GPIO_BENCHMARK: Resume ; 0 ; 69202 
[29601.057333] VT-GPIO_BENCHMARK: Pause ; 0 ; 64162 
[29602.077852] VT-GPIO_BENCHMARK: Resume ; 0 ; 57287 
[29604.942372] VT-GPIO_BENCHMARK: Pause ; 0 ; 98742 
[29605.951296] VT-GPIO_BENCHMARK: Resume ; 0 ; 80701 
[29610.987564] VT-GPIO_BENCHMARK: Pause ; 0 ; 82118 
[29612.013694] VT-GPIO_BENCHMARK: Resume ; 0 ; 71869 
[29615.086649] VT-GPIO_BENCHMARK: Pause ; 0 ; 77035 
[29616.107481] VT-GPIO_BENCHMARK: Resume ; 0 ; 68661 
[29621.172521] VT-GPIO_BENCHMARK: Pause ; 0 ; 68827 
[29622.178477] VT-GPIO_BENCHMARK: Resume ; 0 ; 57912 
[29625.074540] VT-GPIO_BENCHMARK: Pause ; 0 ; 77952 
[29626.095273] VT-GPIO_BENCHMARK: Resume ; 0 ; 65244 
[29631.135720] VT-GPIO_BENCHMARK: Pause ; 0 ; 72868 
[29632.161873] VT-GPIO_BENCHMARK: Resume ; 0 ; 52995 
[29634.837109] VT-GPIO_BENCHMARK: Pause ; 0 ; 80368 
[29635.843944] VT-GPIO_BENCHMARK: Resume ; 0 ; 64828 
[29641.181469] VT-GPIO_BENCHMARK: Pause ; 0 ; 68535 
[29642.187368] VT-GPIO_BENCHMARK: Resume ; 0 ; 59704 
[29645.132082] VT-GPIO_BENCHMARK: Pause ; 0 ; 70036 
[29646.138886] VT-GPIO_BENCHMARK: Resume ; 0 ; 59412 
[29651.189068] VT-GPIO_BENCHMARK: Pause ; 0 ; 69953 
[29652.215232] VT-GPIO_BENCHMARK: Resume ; 0 ; 57328 
[29654.964647] VT-GPIO_BENCHMARK: Pause ; 0 ; 73577 
[29655.971514] VT-GPIO_BENCHMARK: Resume ; 0 ; 61453 
[29661.257554] VT-GPIO_BENCHMARK: Pause ; 0 ; 68744 
[29662.265347] VT-GPIO_BENCHMARK: Resume ; 0 ; 57370 
[29665.385810] VT-GPIO_BENCHMARK: Pause ; 0 ; 73910 
[29666.406628] VT-GPIO_BENCHMARK: Resume ; 0 ; 60495 
[29671.421848] VT-GPIO_BENCHMARK: Pause ; 0 ; 69619 
[29672.448071] VT-GPIO_BENCHMARK: Resume ; 0 ; 61036 
[29675.212593] VT-GPIO_BENCHMARK: Pause ; 0 ; 74785 
[29676.219307] VT-GPIO_BENCHMARK: Resume ; 0 ; 66077 
[29681.452091] VT-GPIO_BENCHMARK: Pause ; 0 ; 65327 
[29682.478469] VT-GPIO_BENCHMARK: Resume ; 0 ; 58828 
[29685.618345] VT-GPIO_BENCHMARK: Pause ; 0 ; 78784 
[29686.639197] VT-GPIO_BENCHMARK: Resume ; 0 ; 66161 
[29691.657670] VT-GPIO_BENCHMARK: Pause ; 0 ; 68244 
[29692.665520] VT-GPIO_BENCHMARK: Resume ; 0 ; 51995 
[29695.467616] VT-GPIO_BENCHMARK: Pause ; 0 ; 72702 
[29696.474460] VT-GPIO_BENCHMARK: Resume ; 0 ; 65494 
[29701.718612] VT-GPIO_BENCHMARK: Pause ; 0 ; 66994 
[29702.726460] VT-GPIO_BENCHMARK: Resume ; 0 ; 68869 
[29705.829338] VT-GPIO_BENCHMARK: Pause ; 0 ; 78993 
[29706.836355] VT-GPIO_BENCHMARK: Resume ; 0 ; 64078 
[29711.908542] VT-GPIO_BENCHMARK: Pause ; 0 ; 67952 
[29712.914656] VT-GPIO_BENCHMARK: Resume ; 0 ; 56245 
[29715.315030] VT-GPIO_BENCHMARK: Pause ; 0 ; 83701 
[29716.335846] VT-GPIO_BENCHMARK: Resume ; 0 ; 67494 
[29720.712068] VT-GPIO_BENCHMARK: Pause ; 0 ; 66245 
[29721.732345] VT-GPIO_BENCHMARK: Resume ; 0 ; 56871 
[29724.369749] VT-GPIO_BENCHMARK: Pause ; 0 ; 96617 
[29725.396893] VT-GPIO_BENCHMARK: Resume ; 0 ; 90368 
[29730.626740] VT-GPIO_BENCHMARK: Pause ; 0 ; 81535 
[29731.652991] VT-GPIO_BENCHMARK: Resume ; 0 ; 72868 
[29734.704701] VT-GPIO_BENCHMARK: Pause ; 0 ; 100575 
[29735.731808] VT-GPIO_BENCHMARK: Resume ; 0 ; 79326 
[29740.801589] VT-GPIO_BENCHMARK: Pause ; 0 ; 67369 
[29741.807609] VT-GPIO_BENCHMARK: Resume ; 0 ; 58286 
[29744.416081] VT-GPIO_BENCHMARK: Pause ; 0 ; 94408 
[29745.443245] VT-GPIO_BENCHMARK: Resume ; 0 ; 75119 
[29750.640484] VT-GPIO_BENCHMARK: Pause ; 0 ; 101491 
[29751.648262] VT-GPIO_BENCHMARK: Resume ; 0 ; 70535 
[29754.741845] VT-GPIO_BENCHMARK: Pause ; 0 ; 104282 
[29755.769005] VT-GPIO_BENCHMARK: Resume ; 0 ; 73327 
[29760.819351] VT-GPIO_BENCHMARK: Pause ; 0 ; 67119 
[29761.839649] VT-GPIO_BENCHMARK: Resume ; 0 ; 51954 
[29764.624564] VT-GPIO_BENCHMARK: Pause ; 0 ; 97075 
[29765.633745] VT-GPIO_BENCHMARK: Resume ; 0 ; 80576 
[29770.766686] VT-GPIO_BENCHMARK: Pause ; 0 ; 100575 
[29771.774393] VT-GPIO_BENCHMARK: Resume ; 0 ; 70411 
[29774.806665] VT-GPIO_BENCHMARK: Pause ; 0 ; 98950 
[29775.833711] VT-GPIO_BENCHMARK: Resume ; 0 ; 77035 
[29780.928389] VT-GPIO_BENCHMARK: Pause ; 0 ; 87993 
[29781.948594] VT-GPIO_BENCHMARK: Resume ; 0 ; 71827 
[29784.932107] VT-GPIO_BENCHMARK: Pause ; 0 ; 80327 
[29785.953044] VT-GPIO_BENCHMARK: Resume ; 0 ; 65620 
[29791.003593] VT-GPIO_BENCHMARK: Pause ; 0 ; 64078 
[29792.029787] VT-GPIO_BENCHMARK: Resume ; 0 ; 56912 
[29794.672923] VT-GPIO_BENCHMARK: Pause ; 0 ; 72911 
[29795.679747] VT-GPIO_BENCHMARK: Resume ; 0 ; 65452 
[29799.985803] VT-GPIO_BENCHMARK: Pause ; 0 ; 60120 
[29801.005968] VT-GPIO_BENCHMARK: Resume ; 0 ; 58537 
[29803.414685] VT-GPIO_BENCHMARK: Pause ; 0 ; 90284 
[29804.423811] VT-GPIO_BENCHMARK: Resume ; 0 ; 79535 
[29809.810104] VT-GPIO_BENCHMARK: Pause ; 0 ; 84076 
[29810.836419] VT-GPIO_BENCHMARK: Resume ; 0 ; 71744 
[29813.910511] VT-GPIO_BENCHMARK: Pause ; 0 ; 76160 
[29814.917498] VT-GPIO_BENCHMARK: Resume ; 0 ; 59953 
[29819.982577] VT-GPIO_BENCHMARK: Pause ; 0 ; 68827 
[29820.988451] VT-GPIO_BENCHMARK: Resume ; 0 ; 75826 
[29823.432727] VT-GPIO_BENCHMARK: Pause ; 0 ; 102283 
[29824.460020] VT-GPIO_BENCHMARK: Resume ; 0 ; 74827 
[29829.816799] VT-GPIO_BENCHMARK: Pause ; 0 ; 84576 
[29830.824672] VT-GPIO_BENCHMARK: Resume ; 0 ; 71035 
[29833.880330] VT-GPIO_BENCHMARK: Pause ; 0 ; 82618 
[29834.901149] VT-GPIO_BENCHMARK: Resume ; 0 ; 64411 
[29839.998930] VT-GPIO_BENCHMARK: Pause ; 0 ; 62161 
[29841.019183] VT-GPIO_BENCHMARK: Resume ; 0 ; 56495 
[29843.521016] VT-GPIO_BENCHMARK: Pause ; 0 ; 93283 
[29844.548154] VT-GPIO_BENCHMARK: Resume ; 0 ; 82576 
[29849.868801] VT-GPIO_BENCHMARK: Pause ; 0 ; 85368 
[29850.895082] VT-GPIO_BENCHMARK: Resume ; 0 ; 75535 
[29853.981962] VT-GPIO_BENCHMARK: Pause ; 0 ; 85493 
[29855.002969] VT-GPIO_BENCHMARK: Resume ; 0 ; 67786 
[29860.062541] VT-GPIO_BENCHMARK: Pause ; 0 ; 67536 
[29861.082785] VT-GPIO_BENCHMARK: Resume ; 0 ; 54370 
[29863.534054] VT-GPIO_BENCHMARK: Pause ; 0 ; 98158 
[29864.561218] VT-GPIO_BENCHMARK: Resume ; 0 ; 76910 
[29869.906610] VT-GPIO_BENCHMARK: Pause ; 0 ; 85034 
[29870.914399] VT-GPIO_BENCHMARK: Resume ; 0 ; 72119 
[29873.979471] VT-GPIO_BENCHMARK: Pause ; 0 ; 95242 
[29875.000437] VT-GPIO_BENCHMARK: Resume ; 0 ; 66869 
[29880.086654] VT-GPIO_BENCHMARK: Pause ; 0 ; 68078 
[29881.106986] VT-GPIO_BENCHMARK: Resume ; 0 ; 59287 
[29883.531832] VT-GPIO_BENCHMARK: Pause ; 0 ; 88784 
[29884.540985] VT-GPIO_BENCHMARK: Resume ; 0 ; 84076 
[29889.968598] VT-GPIO_BENCHMARK: Pause ; 0 ; 84326 
[29890.976351] VT-GPIO_BENCHMARK: Resume ; 0 ; 70286 
[29894.014075] VT-GPIO_BENCHMARK: Pause ; 0 ; 91492 
[29895.035192] VT-GPIO_BENCHMARK: Resume ; 0 ; 63328 
[29900.153669] VT-GPIO_BENCHMARK: Pause ; 0 ; 67911 
[29901.159601] VT-GPIO_BENCHMARK: Resume ; 0 ; 58161 
[29903.674522] VT-GPIO_BENCHMARK: Pause ; 0 ; 90992 
[29904.700591] VT-GPIO_BENCHMARK: Resume ; 0 ; 74244 
[29909.987820] VT-GPIO_BENCHMARK: Pause ; 0 ; 80410 
[29910.995713] VT-GPIO_BENCHMARK: Resume ; 0 ; 73536 
[29914.086488] VT-GPIO_BENCHMARK: Pause ; 0 ; 83410 
[29915.108065] VT-GPIO_BENCHMARK: Resume ; 0 ; 60370 
[29920.169913] VT-GPIO_BENCHMARK: Pause ; 0 ; 68119 
[29921.175954] VT-GPIO_BENCHMARK: Resume ; 0 ; 55745 
[29923.636040] VT-GPIO_BENCHMARK: Pause ; 0 ; 92034 
[29924.663152] VT-GPIO_BENCHMARK: Resume ; 0 ; 83826 
[29930.024115] VT-GPIO_BENCHMARK: Pause ; 0 ; 91201 
[29931.031978] VT-GPIO_BENCHMARK: Resume ; 0 ; 69911 
[29934.089234] VT-GPIO_BENCHMARK: Pause ; 0 ; 73786 
[29935.096325] VT-GPIO_BENCHMARK: Resume ; 0 ; 79118 
[29943.661678] VT-GPIO_BENCHMARK: Pause ; 0 ; 95700 
[29944.687728] VT-GPIO_BENCHMARK: Resume ; 0 ; 91325 
[29950.071807] VT-GPIO_BENCHMARK: Pause ; 0 ; 83909 
[29951.098131] VT-GPIO_BENCHMARK: Resume ; 0 ; 71744 
[29954.170510] VT-GPIO_BENCHMARK: Pause ; 0 ; 72452 
[29955.177612] VT-GPIO_BENCHMARK: Resume ; 0 ; 64619 
[29960.257010] VT-GPIO_BENCHMARK: Pause ; 0 ; 72410 
[29961.262994] VT-GPIO_BENCHMARK: Resume ; 0 ; 57079 
[29963.726496] VT-GPIO_BENCHMARK: Pause ; 0 ; 92534 
[29964.752533] VT-GPIO_BENCHMARK: Resume ; 0 ; 72868 
[29970.119263] VT-GPIO_BENCHMARK: Pause ; 0 ; 83077 
[29971.127177] VT-GPIO_BENCHMARK: Resume ; 0 ; 70786 
[29974.159372] VT-GPIO_BENCHMARK: Pause ; 0 ; 84493 
[29975.166447] VT-GPIO_BENCHMARK: Resume ; 0 ; 66953 
[29980.298723] VT-GPIO_BENCHMARK: Pause ; 0 ; 65619 
[29981.319056] VT-GPIO_BENCHMARK: Resume ; 0 ; 55371 
[29983.723006] VT-GPIO_BENCHMARK: Pause ; 0 ; 87284 
[29984.749210] VT-GPIO_BENCHMARK: Resume ; 0 ; 74952 
[29990.138063] VT-GPIO_BENCHMARK: Pause ; 0 ; 80660 
[29991.145854] VT-GPIO_BENCHMARK: Resume ; 0 ; 72202 
[29994.195723] VT-GPIO_BENCHMARK: Pause ; 0 ; 84701 
[29995.202916] VT-GPIO_BENCHMARK: Resume ; 0 ; 66911 
[30000.300829] VT-GPIO_BENCHMARK: Pause ; 0 ; 64786 
[30001.306691] VT-GPIO_BENCHMARK: Resume ; 0 ; 51453 
[30003.897792] VT-GPIO_BENCHMARK: Pause ; 0 ; 84909 
[30004.906995] VT-GPIO_BENCHMARK: Resume ; 0 ; 85951 
[30010.164438] VT-GPIO_BENCHMARK: Pause ; 0 ; 83618 
[30011.172347] VT-GPIO_BENCHMARK: Resume ; 0 ; 72827 
[30014.195773] VT-GPIO_BENCHMARK: Pause ; 0 ; 73160 
[30015.202979] VT-GPIO_BENCHMARK: Resume ; 0 ; 70244 
[30020.351122] VT-GPIO_BENCHMARK: Pause ; 0 ; 63370 
[30021.371558] VT-GPIO_BENCHMARK: Resume ; 0 ; 58870 
[30023.851495] VT-GPIO_BENCHMARK: Pause ; 0 ; 89701 
[30024.882154] VT-GPIO_BENCHMARK: Resume ; 0 ; 75910 
[30030.193151] VT-GPIO_BENCHMARK: Pause ; 0 ; 84451 
[30031.219343] VT-GPIO_BENCHMARK: Resume ; 0 ; 73327 
[30034.192320] VT-GPIO_BENCHMARK: Pause ; 0 ; 71828 
[30035.199344] VT-GPIO_BENCHMARK: Resume ; 0 ; 65203 
[30040.376179] VT-GPIO_BENCHMARK: Pause ; 0 ; 65662 
[30041.382203] VT-GPIO_BENCHMARK: Resume ; 0 ; 56995 
[30043.964332] VT-GPIO_BENCHMARK: Pause ; 0 ; 91868 
[30044.990272] VT-GPIO_BENCHMARK: Resume ; 0 ; 76535 
[30050.218528] VT-GPIO_BENCHMARK: Pause ; 0 ; 93909 
[30051.245004] VT-GPIO_BENCHMARK: Resume ; 0 ; 67078 
[30054.377781] VT-GPIO_BENCHMARK: Pause ; 0 ; 103449 
[30055.405070] VT-GPIO_BENCHMARK: Resume ; 0 ; 76118 
[30060.403519] VT-GPIO_BENCHMARK: Pause ; 0 ; 83285 
[30061.409489] VT-GPIO_BENCHMARK: Resume ; 0 ; 82659 
[30064.148284] VT-GPIO_BENCHMARK: Pause ; 0 ; 75743 
[30065.155515] VT-GPIO_BENCHMARK: Resume ; 0 ; 63577 
