[64558.433290] VT-GPIO_BENCHMARK: Pause ; 0 ; 55620 
[64559.447271] VT-GPIO_BENCHMARK: Resume ; 0 ; 49871 
[64560.460683] VT-GPIO_BENCHMARK: Pause ; 0 ; 59828 
[64561.481331] VT-GPIO_BENCHMARK: Resume ; 0 ; 50079 
[64562.494703] VT-GPIO_BENCHMARK: Pause ; 0 ; 59745 
[64563.515261] VT-GPIO_BENCHMARK: Resume ; 0 ; 47830 
[64564.542766] VT-GPIO_BENCHMARK: Pause ; 0 ; 61453 
[64565.549119] VT-GPIO_BENCHMARK: Resume ; 0 ; 59120 
[64566.584238] VT-GPIO_BENCHMARK: Pause ; 0 ; 63536 
[64567.592608] VT-GPIO_BENCHMARK: Resume ; 0 ; 61537 
[64568.631195] VT-GPIO_BENCHMARK: Pause ; 0 ; 66202 
[64569.639495] VT-GPIO_BENCHMARK: Resume ; 0 ; 50537 
[64570.678028] VT-GPIO_BENCHMARK: Pause ; 0 ; 68577 
[64571.686415] VT-GPIO_BENCHMARK: Resume ; 0 ; 47163 
[64572.725209] VT-GPIO_BENCHMARK: Pause ; 0 ; 70702 
[64573.733567] VT-GPIO_BENCHMARK: Resume ; 0 ; 54537 
[64574.772192] VT-GPIO_BENCHMARK: Pause ; 0 ; 69494 
[64575.780390] VT-GPIO_BENCHMARK: Resume ; 0 ; 50704 
[64576.819353] VT-GPIO_BENCHMARK: Pause ; 0 ; 62370 
[64577.827538] VT-GPIO_BENCHMARK: Resume ; 0 ; 51454 
[64578.866382] VT-GPIO_BENCHMARK: Pause ; 0 ; 70453 
[64579.874734] VT-GPIO_BENCHMARK: Resume ; 0 ; 52995 
[64580.919467] VT-GPIO_BENCHMARK: Pause ; 0 ; 63328 
[64581.927766] VT-GPIO_BENCHMARK: Resume ; 0 ; 53287 
[64582.966300] VT-GPIO_BENCHMARK: Pause ; 0 ; 67036 
[64583.974629] VT-GPIO_BENCHMARK: Resume ; 0 ; 51996 
[64585.013076] VT-GPIO_BENCHMARK: Pause ; 0 ; 67244 
[64586.021344] VT-GPIO_BENCHMARK: Resume ; 0 ; 53037 
[64587.059673] VT-GPIO_BENCHMARK: Pause ; 0 ; 73452 
[64588.067993] VT-GPIO_BENCHMARK: Resume ; 0 ; 52162 
[64589.105618] VT-GPIO_BENCHMARK: Pause ; 0 ; 69369 
[64590.113969] VT-GPIO_BENCHMARK: Resume ; 0 ; 50454 
[64591.151108] VT-GPIO_BENCHMARK: Pause ; 0 ; 63870 
[64592.159352] VT-GPIO_BENCHMARK: Resume ; 0 ; 60537 
[64593.196728] VT-GPIO_BENCHMARK: Pause ; 0 ; 67203 
[64594.213042] VT-GPIO_BENCHMARK: Resume ; 0 ; 50870 
[64595.249901] VT-GPIO_BENCHMARK: Pause ; 0 ; 67869 
[64596.258319] VT-GPIO_BENCHMARK: Resume ; 0 ; 52163 
[64597.295392] VT-GPIO_BENCHMARK: Pause ; 0 ; 68703 
[64598.310049] VT-GPIO_BENCHMARK: Resume ; 0 ; 62411 
[64599.347296] VT-GPIO_BENCHMARK: Pause ; 0 ; 70994 
[64600.355679] VT-GPIO_BENCHMARK: Resume ; 0 ; 51579 
[64601.392928] VT-GPIO_BENCHMARK: Pause ; 0 ; 62911 
[64602.418886] VT-GPIO_BENCHMARK: Resume ; 0 ; 55953 
[64603.438331] VT-GPIO_BENCHMARK: Pause ; 0 ; 64995 
[64604.464822] VT-GPIO_BENCHMARK: Resume ; 0 ; 51037 
[64605.510314] VT-GPIO_BENCHMARK: Pause ; 0 ; 69202 
[64606.518673] VT-GPIO_BENCHMARK: Resume ; 0 ; 47746 
[64607.556778] VT-GPIO_BENCHMARK: Pause ; 0 ; 66703 
[64608.565479] VT-GPIO_BENCHMARK: Resume ; 0 ; 49913 
[64609.603529] VT-GPIO_BENCHMARK: Pause ; 0 ; 68452 
[64610.611745] VT-GPIO_BENCHMARK: Resume ; 0 ; 61536 
[64611.635353] VT-GPIO_BENCHMARK: Pause ; 0 ; 68994 
[64612.643584] VT-GPIO_BENCHMARK: Resume ; 0 ; 51996 
[64613.681327] VT-GPIO_BENCHMARK: Pause ; 0 ; 71828 
[64614.689740] VT-GPIO_BENCHMARK: Resume ; 0 ; 50954 
[64615.727853] VT-GPIO_BENCHMARK: Pause ; 0 ; 68578 
[64616.736285] VT-GPIO_BENCHMARK: Resume ; 0 ; 58787 
[64617.774136] VT-GPIO_BENCHMARK: Pause ; 0 ; 67870 
[64618.782379] VT-GPIO_BENCHMARK: Resume ; 0 ; 50996 
[64619.820548] VT-GPIO_BENCHMARK: Pause ; 0 ; 66786 
[64620.828935] VT-GPIO_BENCHMARK: Resume ; 0 ; 50495 
[64621.867202] VT-GPIO_BENCHMARK: Pause ; 0 ; 70411 
[64622.875586] VT-GPIO_BENCHMARK: Resume ; 0 ; 50788 
[64623.913718] VT-GPIO_BENCHMARK: Pause ; 0 ; 62703 
[64624.940177] VT-GPIO_BENCHMARK: Resume ; 0 ; 50079 
[64625.978357] VT-GPIO_BENCHMARK: Pause ; 0 ; 66828 
[64626.986744] VT-GPIO_BENCHMARK: Resume ; 0 ; 49746 
[64628.024750] VT-GPIO_BENCHMARK: Pause ; 0 ; 61037 
[64629.051206] VT-GPIO_BENCHMARK: Resume ; 0 ; 55329 
[64630.070889] VT-GPIO_BENCHMARK: Pause ; 0 ; 64577 
[64631.097357] VT-GPIO_BENCHMARK: Resume ; 0 ; 51912 
[64632.117202] VT-GPIO_BENCHMARK: Pause ; 0 ; 67077 
[64633.145738] VT-GPIO_BENCHMARK: Resume ; 0 ; 50329 
[64634.183779] VT-GPIO_BENCHMARK: Pause ; 0 ; 61829 
[64635.212547] VT-GPIO_BENCHMARK: Resume ; 0 ; 57453 
[64636.249736] VT-GPIO_BENCHMARK: Pause ; 0 ; 67369 
[64637.258300] VT-GPIO_BENCHMARK: Resume ; 0 ; 52621 
[64638.296231] VT-GPIO_BENCHMARK: Pause ; 0 ; 72077 
[64639.304466] VT-GPIO_BENCHMARK: Resume ; 0 ; 55162 
[64640.342810] VT-GPIO_BENCHMARK: Pause ; 0 ; 66244 
[64641.351207] VT-GPIO_BENCHMARK: Resume ; 0 ; 52579 
[64642.389290] VT-GPIO_BENCHMARK: Pause ; 0 ; 72660 
[64643.397639] VT-GPIO_BENCHMARK: Resume ; 0 ; 50412 
[64644.435659] VT-GPIO_BENCHMARK: Pause ; 0 ; 66119 
[64645.443893] VT-GPIO_BENCHMARK: Resume ; 0 ; 50371 
[64646.482216] VT-GPIO_BENCHMARK: Pause ; 0 ; 69535 
[64647.513599] VT-GPIO_BENCHMARK: Resume ; 0 ; 54537 
[64648.533321] VT-GPIO_BENCHMARK: Pause ; 0 ; 67911 
[64649.559872] VT-GPIO_BENCHMARK: Resume ; 0 ; 51204 
[64650.597948] VT-GPIO_BENCHMARK: Pause ; 0 ; 64827 
[64651.606286] VT-GPIO_BENCHMARK: Resume ; 0 ; 58537 
[64652.644272] VT-GPIO_BENCHMARK: Pause ; 0 ; 71078 
[64653.652655] VT-GPIO_BENCHMARK: Resume ; 0 ; 50829 
[64654.690759] VT-GPIO_BENCHMARK: Pause ; 0 ; 65286 
[64655.717834] VT-GPIO_BENCHMARK: Resume ; 0 ; 50704 
[64656.737318] VT-GPIO_BENCHMARK: Pause ; 0 ; 66328 
[64657.763803] VT-GPIO_BENCHMARK: Resume ; 0 ; 57370 
[64658.783598] VT-GPIO_BENCHMARK: Pause ; 0 ; 62453 
[64659.815289] VT-GPIO_BENCHMARK: Resume ; 0 ; 58620 
[64660.838955] VT-GPIO_BENCHMARK: Pause ; 0 ; 64162 
[64661.847224] VT-GPIO_BENCHMARK: Resume ; 0 ; 53203 
[64662.885218] VT-GPIO_BENCHMARK: Pause ; 0 ; 70285 
[64663.893538] VT-GPIO_BENCHMARK: Resume ; 0 ; 51537 
[64664.931710] VT-GPIO_BENCHMARK: Pause ; 0 ; 66411 
[64665.940153] VT-GPIO_BENCHMARK: Resume ; 0 ; 50704 
[64666.978174] VT-GPIO_BENCHMARK: Pause ; 0 ; 63953 
[64667.986444] VT-GPIO_BENCHMARK: Resume ; 0 ; 51828 
[64669.024816] VT-GPIO_BENCHMARK: Pause ; 0 ; 59661 
[64670.051576] VT-GPIO_BENCHMARK: Resume ; 0 ; 53328 
[64671.071230] VT-GPIO_BENCHMARK: Pause ; 0 ; 66411 
[64672.097627] VT-GPIO_BENCHMARK: Resume ; 0 ; 49245 
[64673.136302] VT-GPIO_BENCHMARK: Pause ; 0 ; 68161 
[64674.144636] VT-GPIO_BENCHMARK: Resume ; 0 ; 50537 
[64677.249977] VT-GPIO_BENCHMARK: Pause ; 0 ; 68285 
[64678.258298] VT-GPIO_BENCHMARK: Resume ; 0 ; 47204 
[64679.296478] VT-GPIO_BENCHMARK: Pause ; 0 ; 66244 
[64680.304892] VT-GPIO_BENCHMARK: Resume ; 0 ; 51663 
[64681.343068] VT-GPIO_BENCHMARK: Pause ; 0 ; 66411 
[64682.351523] VT-GPIO_BENCHMARK: Resume ; 0 ; 59661 
[64683.389773] VT-GPIO_BENCHMARK: Pause ; 0 ; 64370 
[64684.398104] VT-GPIO_BENCHMARK: Resume ; 0 ; 51745 
[64685.444367] VT-GPIO_BENCHMARK: Pause ; 0 ; 68452 
[64686.452778] VT-GPIO_BENCHMARK: Resume ; 0 ; 49246 
[64687.490852] VT-GPIO_BENCHMARK: Pause ; 0 ; 65786 
[64688.517349] VT-GPIO_BENCHMARK: Resume ; 0 ; 53329 
[64689.555857] VT-GPIO_BENCHMARK: Pause ; 0 ; 70202 
[64690.564239] VT-GPIO_BENCHMARK: Resume ; 0 ; 50246 
[64691.602624] VT-GPIO_BENCHMARK: Pause ; 0 ; 64869 
[64692.610963] VT-GPIO_BENCHMARK: Resume ; 0 ; 60453 
[64693.649573] VT-GPIO_BENCHMARK: Pause ; 0 ; 64161 
[64694.676472] VT-GPIO_BENCHMARK: Resume ; 0 ; 50996 
[64695.696437] VT-GPIO_BENCHMARK: Pause ; 0 ; 63870 
[64696.728434] VT-GPIO_BENCHMARK: Resume ; 0 ; 59744 
[64697.766720] VT-GPIO_BENCHMARK: Pause ; 0 ; 66161 
[64698.775104] VT-GPIO_BENCHMARK: Resume ; 0 ; 48787 
[64699.813514] VT-GPIO_BENCHMARK: Pause ; 0 ; 63120 
[64700.840067] VT-GPIO_BENCHMARK: Resume ; 0 ; 48996 
[64701.859706] VT-GPIO_BENCHMARK: Pause ; 0 ; 63119 
[64702.886229] VT-GPIO_BENCHMARK: Resume ; 0 ; 48120 
[64703.932158] VT-GPIO_BENCHMARK: Pause ; 0 ; 65119 
[64704.940515] VT-GPIO_BENCHMARK: Resume ; 0 ; 53537 
[64705.978745] VT-GPIO_BENCHMARK: Pause ; 0 ; 71452 
[64706.987132] VT-GPIO_BENCHMARK: Resume ; 0 ; 50537 
[64708.025479] VT-GPIO_BENCHMARK: Pause ; 0 ; 64578 
[64709.052135] VT-GPIO_BENCHMARK: Resume ; 0 ; 54037 
[64710.071891] VT-GPIO_BENCHMARK: Pause ; 0 ; 65619 
[64711.098327] VT-GPIO_BENCHMARK: Resume ; 0 ; 52829 
[64712.118174] VT-GPIO_BENCHMARK: Pause ; 0 ; 67161 
[64713.144785] VT-GPIO_BENCHMARK: Resume ; 0 ; 50621 
[64714.182890] VT-GPIO_BENCHMARK: Pause ; 0 ; 65828 
[64715.209450] VT-GPIO_BENCHMARK: Resume ; 0 ; 52495 
[64716.229323] VT-GPIO_BENCHMARK: Pause ; 0 ; 60994 
[64717.255828] VT-GPIO_BENCHMARK: Resume ; 0 ; 51579 
[64718.275800] VT-GPIO_BENCHMARK: Pause ; 0 ; 69619 
[64719.302272] VT-GPIO_BENCHMARK: Resume ; 0 ; 50287 
[64720.321988] VT-GPIO_BENCHMARK: Pause ; 0 ; 67203 
[64721.348579] VT-GPIO_BENCHMARK: Resume ; 0 ; 50912 
[64722.368305] VT-GPIO_BENCHMARK: Pause ; 0 ; 68869 
[64723.394827] VT-GPIO_BENCHMARK: Resume ; 0 ; 49704 
[64724.432901] VT-GPIO_BENCHMARK: Pause ; 0 ; 67536 
[64725.459460] VT-GPIO_BENCHMARK: Resume ; 0 ; 50745 
[64726.479215] VT-GPIO_BENCHMARK: Pause ; 0 ; 67453 
[64727.505818] VT-GPIO_BENCHMARK: Resume ; 0 ; 54579 
[64728.525556] VT-GPIO_BENCHMARK: Pause ; 0 ; 63953 
[64729.551849] VT-GPIO_BENCHMARK: Resume ; 0 ; 54537 
[64730.571571] VT-GPIO_BENCHMARK: Pause ; 0 ; 65786 
[64731.597978] VT-GPIO_BENCHMARK: Resume ; 0 ; 53078 
[64732.618034] VT-GPIO_BENCHMARK: Pause ; 0 ; 62161 
[64733.644527] VT-GPIO_BENCHMARK: Resume ; 0 ; 50870 
[64734.682545] VT-GPIO_BENCHMARK: Pause ; 0 ; 68911 
[64735.690841] VT-GPIO_BENCHMARK: Resume ; 0 ; 49288 
[64736.728928] VT-GPIO_BENCHMARK: Pause ; 0 ; 69494 
[64737.737311] VT-GPIO_BENCHMARK: Resume ; 0 ; 50454 
[64738.775269] VT-GPIO_BENCHMARK: Pause ; 0 ; 65370 
[64739.783624] VT-GPIO_BENCHMARK: Resume ; 0 ; 49121 
[64740.821674] VT-GPIO_BENCHMARK: Pause ; 0 ; 67453 
[64741.837998] VT-GPIO_BENCHMARK: Resume ; 0 ; 51537 
[64742.876046] VT-GPIO_BENCHMARK: Pause ; 0 ; 66911 
[64743.884372] VT-GPIO_BENCHMARK: Resume ; 0 ; 48579 
[64744.922423] VT-GPIO_BENCHMARK: Pause ; 0 ; 68120 
[64745.932672] VT-GPIO_BENCHMARK: Resume ; 0 ; 51579 
[64746.970724] VT-GPIO_BENCHMARK: Pause ; 0 ; 67411 
[64747.979173] VT-GPIO_BENCHMARK: Resume ; 0 ; 53995 
[64749.017244] VT-GPIO_BENCHMARK: Pause ; 0 ; 62578 
[64750.043613] VT-GPIO_BENCHMARK: Resume ; 0 ; 49829 
[64751.081725] VT-GPIO_BENCHMARK: Pause ; 0 ; 67994 
[64752.090107] VT-GPIO_BENCHMARK: Resume ; 0 ; 49413 
[64753.135699] VT-GPIO_BENCHMARK: Pause ; 0 ; 67786 
[64754.143902] VT-GPIO_BENCHMARK: Resume ; 0 ; 50496 
[64755.182189] VT-GPIO_BENCHMARK: Pause ; 0 ; 65537 
[64756.208997] VT-GPIO_BENCHMARK: Resume ; 0 ; 52329 
[64757.228718] VT-GPIO_BENCHMARK: Pause ; 0 ; 64661 
[64758.255124] VT-GPIO_BENCHMARK: Resume ; 0 ; 50662 
[64759.274698] VT-GPIO_BENCHMARK: Pause ; 0 ; 64786 
[64760.301191] VT-GPIO_BENCHMARK: Resume ; 0 ; 49454 
[64761.346896] VT-GPIO_BENCHMARK: Pause ; 0 ; 69119 
[64762.373233] VT-GPIO_BENCHMARK: Resume ; 0 ; 53163 
[64763.392931] VT-GPIO_BENCHMARK: Pause ; 0 ; 65286 
[64764.419435] VT-GPIO_BENCHMARK: Resume ; 0 ; 54204 
[64765.445839] VT-GPIO_BENCHMARK: Pause ; 0 ; 64953 
[64766.472301] VT-GPIO_BENCHMARK: Resume ; 0 ; 49037 
[64767.510443] VT-GPIO_BENCHMARK: Pause ; 0 ; 74202 
[64768.518861] VT-GPIO_BENCHMARK: Resume ; 0 ; 49912 
[64769.557268] VT-GPIO_BENCHMARK: Pause ; 0 ; 66453 
[64770.565546] VT-GPIO_BENCHMARK: Resume ; 0 ; 53787 
[64771.603956] VT-GPIO_BENCHMARK: Pause ; 0 ; 66453 
[64772.612359] VT-GPIO_BENCHMARK: Resume ; 0 ; 62619 
[64773.650956] VT-GPIO_BENCHMARK: Pause ; 0 ; 68744 
[64774.659312] VT-GPIO_BENCHMARK: Resume ; 0 ; 62036 
[64775.697317] VT-GPIO_BENCHMARK: Pause ; 0 ; 67827 
[64776.705523] VT-GPIO_BENCHMARK: Resume ; 0 ; 50370 
[64777.746164] VT-GPIO_BENCHMARK: Pause ; 0 ; 69410 
[64778.754474] VT-GPIO_BENCHMARK: Resume ; 0 ; 60870 
[64779.792628] VT-GPIO_BENCHMARK: Pause ; 0 ; 66578 
[64780.819101] VT-GPIO_BENCHMARK: Resume ; 0 ; 53329 
[64781.838764] VT-GPIO_BENCHMARK: Pause ; 0 ; 67286 
[64782.865168] VT-GPIO_BENCHMARK: Resume ; 0 ; 51120 
[64783.902416] VT-GPIO_BENCHMARK: Pause ; 0 ; 69286 
[64784.910806] VT-GPIO_BENCHMARK: Resume ; 0 ; 50663 
[64785.949590] VT-GPIO_BENCHMARK: Pause ; 0 ; 70785 
[64786.957819] VT-GPIO_BENCHMARK: Resume ; 0 ; 50704 
[64787.995896] VT-GPIO_BENCHMARK: Pause ; 0 ; 66203 
[64789.022514] VT-GPIO_BENCHMARK: Resume ; 0 ; 52245 
[64790.042447] VT-GPIO_BENCHMARK: Pause ; 0 ; 62037 
[64791.068895] VT-GPIO_BENCHMARK: Resume ; 0 ; 59745 
[64792.106928] VT-GPIO_BENCHMARK: Pause ; 0 ; 68286 
[64793.115288] VT-GPIO_BENCHMARK: Resume ; 0 ; 49871 
[64794.153492] VT-GPIO_BENCHMARK: Pause ; 0 ; 66203 
[64795.161852] VT-GPIO_BENCHMARK: Resume ; 0 ; 53787 
[64796.200074] VT-GPIO_BENCHMARK: Pause ; 0 ; 62828 
[64797.226641] VT-GPIO_BENCHMARK: Resume ; 0 ; 54370 
[64798.246545] VT-GPIO_BENCHMARK: Pause ; 0 ; 65161 
[64799.273244] VT-GPIO_BENCHMARK: Resume ; 0 ; 48413 
[64800.311617] VT-GPIO_BENCHMARK: Pause ; 0 ; 61662 
[64801.338158] VT-GPIO_BENCHMARK: Resume ; 0 ; 54662 
[64802.359104] VT-GPIO_BENCHMARK: Pause ; 0 ; 68077 
[64803.385637] VT-GPIO_BENCHMARK: Resume ; 0 ; 56286 
[64804.405453] VT-GPIO_BENCHMARK: Pause ; 0 ; 72702 
[64805.432529] VT-GPIO_BENCHMARK: Resume ; 0 ; 52704 
[64806.452405] VT-GPIO_BENCHMARK: Pause ; 0 ; 67327 
[64807.478883] VT-GPIO_BENCHMARK: Resume ; 0 ; 61745 
[64808.498659] VT-GPIO_BENCHMARK: Pause ; 0 ; 66411 
[64809.525176] VT-GPIO_BENCHMARK: Resume ; 0 ; 48371 
[64810.564052] VT-GPIO_BENCHMARK: Pause ; 0 ; 64703 
[64811.572473] VT-GPIO_BENCHMARK: Resume ; 0 ; 51371 
[64812.610876] VT-GPIO_BENCHMARK: Pause ; 0 ; 64119 
[64813.637379] VT-GPIO_BENCHMARK: Resume ; 0 ; 51454 
[64814.660187] VT-GPIO_BENCHMARK: Pause ; 0 ; 67869 
[64815.686715] VT-GPIO_BENCHMARK: Resume ; 0 ; 53870 
[64816.706587] VT-GPIO_BENCHMARK: Pause ; 0 ; 63786 
[64817.733244] VT-GPIO_BENCHMARK: Resume ; 0 ; 51287 
[64818.753238] VT-GPIO_BENCHMARK: Pause ; 0 ; 61703 
[64819.779736] VT-GPIO_BENCHMARK: Resume ; 0 ; 52246 
