[64283.752998] VT-GPIO_BENCHMARK: Pause ; 0 ; 37080 
[64284.758920] VT-GPIO_BENCHMARK: Resume ; 0 ; 29581 
[64285.798094] VT-GPIO_BENCHMARK: Pause ; 0 ; 42997 
[64286.805668] VT-GPIO_BENCHMARK: Resume ; 0 ; 37206 
[64287.853083] VT-GPIO_BENCHMARK: Pause ; 0 ; 44621 
[64288.861177] VT-GPIO_BENCHMARK: Resume ; 0 ; 39121 
[64289.909095] VT-GPIO_BENCHMARK: Pause ; 0 ; 44412 
[64290.917255] VT-GPIO_BENCHMARK: Resume ; 0 ; 35789 
[64291.973733] VT-GPIO_BENCHMARK: Pause ; 0 ; 41955 
[64292.981791] VT-GPIO_BENCHMARK: Resume ; 0 ; 35247 
[64294.029240] VT-GPIO_BENCHMARK: Pause ; 0 ; 41747 
[64295.037359] VT-GPIO_BENCHMARK: Resume ; 0 ; 36746 
[64296.083583] VT-GPIO_BENCHMARK: Pause ; 0 ; 46329 
[64297.091611] VT-GPIO_BENCHMARK: Resume ; 0 ; 38163 
[64298.138011] VT-GPIO_BENCHMARK: Pause ; 0 ; 47537 
[64299.173754] VT-GPIO_BENCHMARK: Resume ; 0 ; 36997 
[64300.195925] VT-GPIO_BENCHMARK: Pause ; 0 ; 46496 
[64301.224414] VT-GPIO_BENCHMARK: Resume ; 0 ; 32247 
[64302.246116] VT-GPIO_BENCHMARK: Pause ; 0 ; 46829 
[64303.274762] VT-GPIO_BENCHMARK: Resume ; 0 ; 31706 
[64304.296590] VT-GPIO_BENCHMARK: Pause ; 0 ; 49370 
[64305.325406] VT-GPIO_BENCHMARK: Resume ; 0 ; 35414 
[64306.346657] VT-GPIO_BENCHMARK: Pause ; 0 ; 50204 
[64307.375568] VT-GPIO_BENCHMARK: Resume ; 0 ; 31372 
[64308.397036] VT-GPIO_BENCHMARK: Pause ; 0 ; 51163 
[64309.425456] VT-GPIO_BENCHMARK: Resume ; 0 ; 31623 
[64310.446709] VT-GPIO_BENCHMARK: Pause ; 0 ; 51663 
[64311.474763] VT-GPIO_BENCHMARK: Resume ; 0 ; 35038 
[64312.495619] VT-GPIO_BENCHMARK: Pause ; 0 ; 50204 
[64313.523021] VT-GPIO_BENCHMARK: Resume ; 0 ; 29956 
[64314.543639] VT-GPIO_BENCHMARK: Pause ; 0 ; 45621 
[64315.571175] VT-GPIO_BENCHMARK: Resume ; 0 ; 35455 
[64316.610853] VT-GPIO_BENCHMARK: Pause ; 0 ; 43247 
[64317.618959] VT-GPIO_BENCHMARK: Resume ; 0 ; 38164 
[64318.656412] VT-GPIO_BENCHMARK: Pause ; 0 ; 42705 
[64319.664478] VT-GPIO_BENCHMARK: Resume ; 0 ; 35664 
[64320.701838] VT-GPIO_BENCHMARK: Pause ; 0 ; 45746 
[64321.709851] VT-GPIO_BENCHMARK: Resume ; 0 ; 37872 
[64322.746977] VT-GPIO_BENCHMARK: Pause ; 0 ; 47996 
[64323.755006] VT-GPIO_BENCHMARK: Resume ; 0 ; 37330 
[64324.792619] VT-GPIO_BENCHMARK: Pause ; 0 ; 45871 
[64325.800744] VT-GPIO_BENCHMARK: Resume ; 0 ; 36372 
[64326.838138] VT-GPIO_BENCHMARK: Pause ; 0 ; 40080 
[64327.846086] VT-GPIO_BENCHMARK: Resume ; 0 ; 38038 
[64328.883759] VT-GPIO_BENCHMARK: Pause ; 0 ; 45954 
[64329.910135] VT-GPIO_BENCHMARK: Resume ; 0 ; 33914 
[64330.929490] VT-GPIO_BENCHMARK: Pause ; 0 ; 44037 
[64331.955688] VT-GPIO_BENCHMARK: Resume ; 0 ; 33330 
[64332.975042] VT-GPIO_BENCHMARK: Pause ; 0 ; 43705 
[64334.001336] VT-GPIO_BENCHMARK: Resume ; 0 ; 35622 
[64335.020509] VT-GPIO_BENCHMARK: Pause ; 0 ; 48787 
[64336.046700] VT-GPIO_BENCHMARK: Resume ; 0 ; 35705 
[64337.084537] VT-GPIO_BENCHMARK: Pause ; 0 ; 44705 
[64338.092708] VT-GPIO_BENCHMARK: Resume ; 0 ; 34331 
[64339.130504] VT-GPIO_BENCHMARK: Pause ; 0 ; 43455 
[64340.138475] VT-GPIO_BENCHMARK: Resume ; 0 ; 34872 
[64341.184081] VT-GPIO_BENCHMARK: Pause ; 0 ; 40247 
[64342.210402] VT-GPIO_BENCHMARK: Resume ; 0 ; 31997 
[64343.229850] VT-GPIO_BENCHMARK: Pause ; 0 ; 43372 
[64344.256166] VT-GPIO_BENCHMARK: Resume ; 0 ; 38247 
[64345.294150] VT-GPIO_BENCHMARK: Pause ; 0 ; 44205 
[64346.302239] VT-GPIO_BENCHMARK: Resume ; 0 ; 35538 
[64347.340088] VT-GPIO_BENCHMARK: Pause ; 0 ; 42621 
[64348.348067] VT-GPIO_BENCHMARK: Resume ; 0 ; 36413 
[64349.386321] VT-GPIO_BENCHMARK: Pause ; 0 ; 44246 
[64350.394445] VT-GPIO_BENCHMARK: Resume ; 0 ; 37622 
[64351.432304] VT-GPIO_BENCHMARK: Pause ; 0 ; 42913 
[64352.440390] VT-GPIO_BENCHMARK: Resume ; 0 ; 38330 
[64353.485880] VT-GPIO_BENCHMARK: Pause ; 0 ; 43080 
[64354.493977] VT-GPIO_BENCHMARK: Resume ; 0 ; 39080 
[64355.532208] VT-GPIO_BENCHMARK: Pause ; 0 ; 46038 
[64356.540558] VT-GPIO_BENCHMARK: Resume ; 0 ; 34122 
[64357.578612] VT-GPIO_BENCHMARK: Pause ; 0 ; 46954 
[64358.586729] VT-GPIO_BENCHMARK: Resume ; 0 ; 38414 
[64359.624734] VT-GPIO_BENCHMARK: Pause ; 0 ; 44913 
[64360.632826] VT-GPIO_BENCHMARK: Resume ; 0 ; 33997 
[64361.670633] VT-GPIO_BENCHMARK: Pause ; 0 ; 46413 
[64362.678719] VT-GPIO_BENCHMARK: Resume ; 0 ; 37747 
[64363.716626] VT-GPIO_BENCHMARK: Pause ; 0 ; 44330 
[64364.724730] VT-GPIO_BENCHMARK: Resume ; 0 ; 37121 
[64365.762614] VT-GPIO_BENCHMARK: Pause ; 0 ; 40496 
[64366.770620] VT-GPIO_BENCHMARK: Resume ; 0 ; 37038 
[64367.793979] VT-GPIO_BENCHMARK: Pause ; 0 ; 41538 
[64368.802011] VT-GPIO_BENCHMARK: Resume ; 0 ; 37663 
[64369.839895] VT-GPIO_BENCHMARK: Pause ; 0 ; 43996 
[64370.847995] VT-GPIO_BENCHMARK: Resume ; 0 ; 39997 
[64371.886004] VT-GPIO_BENCHMARK: Pause ; 0 ; 43371 
[64372.894120] VT-GPIO_BENCHMARK: Resume ; 0 ; 34289 
[64373.932073] VT-GPIO_BENCHMARK: Pause ; 0 ; 40289 
[64374.940072] VT-GPIO_BENCHMARK: Resume ; 0 ; 38621 
[64375.985743] VT-GPIO_BENCHMARK: Pause ; 0 ; 42913 
[64376.993931] VT-GPIO_BENCHMARK: Resume ; 0 ; 38538 
[64378.031935] VT-GPIO_BENCHMARK: Pause ; 0 ; 46163 
[64379.040022] VT-GPIO_BENCHMARK: Resume ; 0 ; 34622 
[64380.078221] VT-GPIO_BENCHMARK: Pause ; 0 ; 46829 
[64381.086377] VT-GPIO_BENCHMARK: Resume ; 0 ; 36746 
[64382.124473] VT-GPIO_BENCHMARK: Pause ; 0 ; 44871 
[64383.132448] VT-GPIO_BENCHMARK: Resume ; 0 ; 37206 
[64384.170678] VT-GPIO_BENCHMARK: Pause ; 0 ; 47829 
[64385.180844] VT-GPIO_BENCHMARK: Resume ; 0 ; 31788 
[64386.200295] VT-GPIO_BENCHMARK: Pause ; 0 ; 50621 
[64387.226733] VT-GPIO_BENCHMARK: Resume ; 0 ; 34456 
[64388.246181] VT-GPIO_BENCHMARK: Pause ; 0 ; 48537 
[64389.272444] VT-GPIO_BENCHMARK: Resume ; 0 ; 36247 
[64390.291858] VT-GPIO_BENCHMARK: Pause ; 0 ; 50245 
[64391.318206] VT-GPIO_BENCHMARK: Resume ; 0 ; 33372 
[64392.337625] VT-GPIO_BENCHMARK: Pause ; 0 ; 50287 
[64393.363903] VT-GPIO_BENCHMARK: Resume ; 0 ; 30414 
[64394.383209] VT-GPIO_BENCHMARK: Pause ; 0 ; 49371 
[64395.409520] VT-GPIO_BENCHMARK: Resume ; 0 ; 36122 
[64396.447404] VT-GPIO_BENCHMARK: Pause ; 0 ; 41372 
[64397.455535] VT-GPIO_BENCHMARK: Resume ; 0 ; 39871 
[64398.493596] VT-GPIO_BENCHMARK: Pause ; 0 ; 44580 
[64399.501726] VT-GPIO_BENCHMARK: Resume ; 0 ; 38247 
[64400.539773] VT-GPIO_BENCHMARK: Pause ; 0 ; 41954 
[64401.548161] VT-GPIO_BENCHMARK: Resume ; 0 ; 35872 
[64402.586230] VT-GPIO_BENCHMARK: Pause ; 0 ; 42330 
[64403.594200] VT-GPIO_BENCHMARK: Resume ; 0 ; 36288 
[64404.632109] VT-GPIO_BENCHMARK: Pause ; 0 ; 44996 
[64405.640236] VT-GPIO_BENCHMARK: Resume ; 0 ; 35580 
[64406.678159] VT-GPIO_BENCHMARK: Pause ; 0 ; 40914 
[64407.686344] VT-GPIO_BENCHMARK: Resume ; 0 ; 36080 
[64408.724231] VT-GPIO_BENCHMARK: Pause ; 0 ; 46038 
[64409.732357] VT-GPIO_BENCHMARK: Resume ; 0 ; 38122 
[64410.770251] VT-GPIO_BENCHMARK: Pause ; 0 ; 41246 
[64411.786271] VT-GPIO_BENCHMARK: Resume ; 0 ; 37789 
[64412.824105] VT-GPIO_BENCHMARK: Pause ; 0 ; 46371 
[64413.832190] VT-GPIO_BENCHMARK: Resume ; 0 ; 36913 
[64414.870152] VT-GPIO_BENCHMARK: Pause ; 0 ; 45163 
[64415.884398] VT-GPIO_BENCHMARK: Resume ; 0 ; 39330 
[64416.922317] VT-GPIO_BENCHMARK: Pause ; 0 ; 43496 
[64417.930436] VT-GPIO_BENCHMARK: Resume ; 0 ; 36622 
[64418.968234] VT-GPIO_BENCHMARK: Pause ; 0 ; 44996 
[64419.976292] VT-GPIO_BENCHMARK: Resume ; 0 ; 35413 
[64421.014123] VT-GPIO_BENCHMARK: Pause ; 0 ; 48330 
[64422.022246] VT-GPIO_BENCHMARK: Resume ; 0 ; 38288 
[64423.060157] VT-GPIO_BENCHMARK: Pause ; 0 ; 45788 
[64424.068349] VT-GPIO_BENCHMARK: Resume ; 0 ; 40538 
[64425.106559] VT-GPIO_BENCHMARK: Pause ; 0 ; 39121 
[64426.114660] VT-GPIO_BENCHMARK: Resume ; 0 ; 36747 
[64427.152521] VT-GPIO_BENCHMARK: Pause ; 0 ; 44746 
[64428.160644] VT-GPIO_BENCHMARK: Resume ; 0 ; 37747 
[64429.199111] VT-GPIO_BENCHMARK: Pause ; 0 ; 44497 
[64430.207167] VT-GPIO_BENCHMARK: Resume ; 0 ; 33789 
[64431.244999] VT-GPIO_BENCHMARK: Pause ; 0 ; 47204 
[64432.253155] VT-GPIO_BENCHMARK: Resume ; 0 ; 39538 
[64433.296599] VT-GPIO_BENCHMARK: Pause ; 0 ; 46579 
[64434.304716] VT-GPIO_BENCHMARK: Resume ; 0 ; 37371 
[64435.342665] VT-GPIO_BENCHMARK: Pause ; 0 ; 43580 
[64436.350815] VT-GPIO_BENCHMARK: Resume ; 0 ; 34830 
[64437.388905] VT-GPIO_BENCHMARK: Pause ; 0 ; 43496 
[64438.396918] VT-GPIO_BENCHMARK: Resume ; 0 ; 35497 
[64439.434779] VT-GPIO_BENCHMARK: Pause ; 0 ; 44871 
[64440.442963] VT-GPIO_BENCHMARK: Resume ; 0 ; 36789 
[64441.480797] VT-GPIO_BENCHMARK: Pause ; 0 ; 44371 
[64442.488877] VT-GPIO_BENCHMARK: Resume ; 0 ; 36580 
[64443.526548] VT-GPIO_BENCHMARK: Pause ; 0 ; 47412 
[64444.534798] VT-GPIO_BENCHMARK: Resume ; 0 ; 38955 
[64445.573165] VT-GPIO_BENCHMARK: Pause ; 0 ; 41080 
[64446.589230] VT-GPIO_BENCHMARK: Resume ; 0 ; 35205 
[64447.627388] VT-GPIO_BENCHMARK: Pause ; 0 ; 43996 
[64448.635575] VT-GPIO_BENCHMARK: Resume ; 0 ; 35330 
[64449.673518] VT-GPIO_BENCHMARK: Pause ; 0 ; 44287 
[64450.687354] VT-GPIO_BENCHMARK: Resume ; 0 ; 34747 
[64451.725238] VT-GPIO_BENCHMARK: Pause ; 0 ; 44787 
[64452.733458] VT-GPIO_BENCHMARK: Resume ; 0 ; 35997 
[64453.771346] VT-GPIO_BENCHMARK: Pause ; 0 ; 43705 
[64454.779441] VT-GPIO_BENCHMARK: Resume ; 0 ; 38705 
[64455.817417] VT-GPIO_BENCHMARK: Pause ; 0 ; 49037 
[64456.843863] VT-GPIO_BENCHMARK: Resume ; 0 ; 32455 
[64457.863423] VT-GPIO_BENCHMARK: Pause ; 0 ; 43372 
[64458.890258] VT-GPIO_BENCHMARK: Resume ; 0 ; 31331 
[64459.909646] VT-GPIO_BENCHMARK: Pause ; 0 ; 52829 
[64460.935906] VT-GPIO_BENCHMARK: Resume ; 0 ; 33497 
[64461.955297] VT-GPIO_BENCHMARK: Pause ; 0 ; 49496 
[64462.981651] VT-GPIO_BENCHMARK: Resume ; 0 ; 33580 
[64464.001002] VT-GPIO_BENCHMARK: Pause ; 0 ; 48287 
[64465.027343] VT-GPIO_BENCHMARK: Resume ; 0 ; 32081 
[64466.046832] VT-GPIO_BENCHMARK: Pause ; 0 ; 53996 
[64467.073196] VT-GPIO_BENCHMARK: Resume ; 0 ; 34830 
[64468.111115] VT-GPIO_BENCHMARK: Pause ; 0 ; 41455 
[64469.119161] VT-GPIO_BENCHMARK: Resume ; 0 ; 39747 
[64470.157313] VT-GPIO_BENCHMARK: Pause ; 0 ; 46955 
[64471.165497] VT-GPIO_BENCHMARK: Resume ; 0 ; 38580 
[64472.203659] VT-GPIO_BENCHMARK: Pause ; 0 ; 41955 
[64473.211690] VT-GPIO_BENCHMARK: Resume ; 0 ; 35788 
[64474.249616] VT-GPIO_BENCHMARK: Pause ; 0 ; 46288 
[64475.257697] VT-GPIO_BENCHMARK: Resume ; 0 ; 34122 
[64476.295557] VT-GPIO_BENCHMARK: Pause ; 0 ; 43538 
[64477.303711] VT-GPIO_BENCHMARK: Resume ; 0 ; 36413 
[64478.341595] VT-GPIO_BENCHMARK: Pause ; 0 ; 43622 
[64479.349600] VT-GPIO_BENCHMARK: Resume ; 0 ; 36956 
[64480.387765] VT-GPIO_BENCHMARK: Pause ; 0 ; 50079 
[64481.414439] VT-GPIO_BENCHMARK: Resume ; 0 ; 35413 
[64482.452786] VT-GPIO_BENCHMARK: Pause ; 0 ; 44746 
[64483.460721] VT-GPIO_BENCHMARK: Resume ; 0 ; 35164 
[64484.498887] VT-GPIO_BENCHMARK: Pause ; 0 ; 44871 
[64485.507008] VT-GPIO_BENCHMARK: Resume ; 0 ; 38414 
[64486.544962] VT-GPIO_BENCHMARK: Pause ; 0 ; 45038 
[64487.553415] VT-GPIO_BENCHMARK: Resume ; 0 ; 36164 
[64488.591338] VT-GPIO_BENCHMARK: Pause ; 0 ; 44121 
[64489.599459] VT-GPIO_BENCHMARK: Resume ; 0 ; 38081 
[64490.637438] VT-GPIO_BENCHMARK: Pause ; 0 ; 43871 
[64491.645587] VT-GPIO_BENCHMARK: Resume ; 0 ; 36330 
[64492.683503] VT-GPIO_BENCHMARK: Pause ; 0 ; 41038 
[64493.691505] VT-GPIO_BENCHMARK: Resume ; 0 ; 34788 
[64494.729728] VT-GPIO_BENCHMARK: Pause ; 0 ; 40330 
[64495.737856] VT-GPIO_BENCHMARK: Resume ; 0 ; 37747 
[64496.775919] VT-GPIO_BENCHMARK: Pause ; 0 ; 43663 
[64497.784171] VT-GPIO_BENCHMARK: Resume ; 0 ; 37580 
[64498.822151] VT-GPIO_BENCHMARK: Pause ; 0 ; 45080 
[64499.830306] VT-GPIO_BENCHMARK: Resume ; 0 ; 41747 
[64500.868322] VT-GPIO_BENCHMARK: Pause ; 0 ; 43871 
[64501.876465] VT-GPIO_BENCHMARK: Resume ; 0 ; 38913 
[64502.914258] VT-GPIO_BENCHMARK: Pause ; 0 ; 42705 
[64503.922290] VT-GPIO_BENCHMARK: Resume ; 0 ; 37081 
[64504.960552] VT-GPIO_BENCHMARK: Pause ; 0 ; 46995 
[64505.968730] VT-GPIO_BENCHMARK: Resume ; 0 ; 37455 
[64507.006715] VT-GPIO_BENCHMARK: Pause ; 0 ; 44455 
[64508.014828] VT-GPIO_BENCHMARK: Resume ; 0 ; 35122 
[64509.052729] VT-GPIO_BENCHMARK: Pause ; 0 ; 42913 
[64510.060839] VT-GPIO_BENCHMARK: Resume ; 0 ; 37163 
[64511.098853] VT-GPIO_BENCHMARK: Pause ; 0 ; 46329 
[64512.107032] VT-GPIO_BENCHMARK: Resume ; 0 ; 36205 
[64513.144947] VT-GPIO_BENCHMARK: Pause ; 0 ; 39622 
[64514.153043] VT-GPIO_BENCHMARK: Resume ; 0 ; 37163 
[64515.191415] VT-GPIO_BENCHMARK: Pause ; 0 ; 44538 
[64516.207418] VT-GPIO_BENCHMARK: Resume ; 0 ; 37789 
[64517.245616] VT-GPIO_BENCHMARK: Pause ; 0 ; 42621 
[64518.253672] VT-GPIO_BENCHMARK: Resume ; 0 ; 37955 
[64519.292045] VT-GPIO_BENCHMARK: Pause ; 0 ; 47871 
[64520.303316] VT-GPIO_BENCHMARK: Resume ; 0 ; 37538 
[64521.341318] VT-GPIO_BENCHMARK: Pause ; 0 ; 44621 
[64522.349477] VT-GPIO_BENCHMARK: Resume ; 0 ; 36664 
[64523.387758] VT-GPIO_BENCHMARK: Pause ; 0 ; 41205 
[64524.395824] VT-GPIO_BENCHMARK: Resume ; 0 ; 38413 
[64525.433894] VT-GPIO_BENCHMARK: Pause ; 0 ; 45080 
[64526.442045] VT-GPIO_BENCHMARK: Resume ; 0 ; 37164 
[64527.480243] VT-GPIO_BENCHMARK: Pause ; 0 ; 41913 
[64528.488394] VT-GPIO_BENCHMARK: Resume ; 0 ; 37914 
[64529.526590] VT-GPIO_BENCHMARK: Pause ; 0 ; 43788 
[64530.534614] VT-GPIO_BENCHMARK: Resume ; 0 ; 34872 
[64531.573228] VT-GPIO_BENCHMARK: Pause ; 0 ; 43829 
[64532.581326] VT-GPIO_BENCHMARK: Resume ; 0 ; 35581 
[64533.620013] VT-GPIO_BENCHMARK: Pause ; 0 ; 44330 
[64534.628194] VT-GPIO_BENCHMARK: Resume ; 0 ; 37330 
[64535.666387] VT-GPIO_BENCHMARK: Pause ; 0 ; 44954 
[64536.674413] VT-GPIO_BENCHMARK: Resume ; 0 ; 36497 
[64537.715626] VT-GPIO_BENCHMARK: Pause ; 0 ; 46746 
[64538.723751] VT-GPIO_BENCHMARK: Resume ; 0 ; 38705 
[64539.762214] VT-GPIO_BENCHMARK: Pause ; 0 ; 44079 
[64540.770372] VT-GPIO_BENCHMARK: Resume ; 0 ; 34747 
[64541.808438] VT-GPIO_BENCHMARK: Pause ; 0 ; 43538 
[64542.816564] VT-GPIO_BENCHMARK: Resume ; 0 ; 37746 
[64543.854729] VT-GPIO_BENCHMARK: Pause ; 0 ; 42955 
[64544.862909] VT-GPIO_BENCHMARK: Resume ; 0 ; 36497 
