[65108.895033] VT-GPIO_BENCHMARK: Pause ; 0 ; 98158 
[65109.901286] VT-GPIO_BENCHMARK: Resume ; 0 ; 101158 
[65110.928997] VT-GPIO_BENCHMARK: Pause ; 0 ; 130989 
[65111.949728] VT-GPIO_BENCHMARK: Resume ; 0 ; 116115 
[65112.962704] VT-GPIO_BENCHMARK: Pause ; 0 ; 128739 
[65113.983116] VT-GPIO_BENCHMARK: Resume ; 0 ; 105366 
[65115.010428] VT-GPIO_BENCHMARK: Pause ; 0 ; 134363 
[65116.031282] VT-GPIO_BENCHMARK: Resume ; 0 ; 96534 
[65117.044473] VT-GPIO_BENCHMARK: Pause ; 0 ; 130072 
[65118.064853] VT-GPIO_BENCHMARK: Resume ; 0 ; 105366 
[65119.092163] VT-GPIO_BENCHMARK: Pause ; 0 ; 129822 
[65120.098689] VT-GPIO_BENCHMARK: Resume ; 0 ; 103866 
[65121.126267] VT-GPIO_BENCHMARK: Pause ; 0 ; 130655 
[65122.146829] VT-GPIO_BENCHMARK: Resume ; 0 ; 104866 
[65123.174196] VT-GPIO_BENCHMARK: Pause ; 0 ; 125864 
[65124.180784] VT-GPIO_BENCHMARK: Resume ; 0 ; 106116 
[65125.207524] VT-GPIO_BENCHMARK: Pause ; 0 ; 137738 
[65126.232506] VT-GPIO_BENCHMARK: Resume ; 0 ; 132988 
[65127.269126] VT-GPIO_BENCHMARK: Pause ; 0 ; 155362 
[65128.277567] VT-GPIO_BENCHMARK: Resume ; 0 ; 129156 
[65129.314523] VT-GPIO_BENCHMARK: Pause ; 0 ; 158028 
[65130.340731] VT-GPIO_BENCHMARK: Resume ; 0 ; 134696 
[65131.377566] VT-GPIO_BENCHMARK: Pause ; 0 ; 151445 
[65132.386065] VT-GPIO_BENCHMARK: Resume ; 0 ; 128780 
[65133.423114] VT-GPIO_BENCHMARK: Pause ; 0 ; 161569 
[65134.449349] VT-GPIO_BENCHMARK: Resume ; 0 ; 128323 
[65135.468418] VT-GPIO_BENCHMARK: Pause ; 0 ; 156945 
[65136.494479] VT-GPIO_BENCHMARK: Resume ; 0 ; 131614 
[65137.513728] VT-GPIO_BENCHMARK: Pause ; 0 ; 158070 
[65138.540571] VT-GPIO_BENCHMARK: Resume ; 0 ; 122656 
[65139.559706] VT-GPIO_BENCHMARK: Pause ; 0 ; 158736 
[65140.586158] VT-GPIO_BENCHMARK: Resume ; 0 ; 133405 
[65141.624025] VT-GPIO_BENCHMARK: Pause ; 0 ; 156945 
[65142.652186] VT-GPIO_BENCHMARK: Resume ; 0 ; 131239 
[65143.690301] VT-GPIO_BENCHMARK: Pause ; 0 ; 146196 
[65144.698742] VT-GPIO_BENCHMARK: Resume ; 0 ; 129405 
[65145.736868] VT-GPIO_BENCHMARK: Pause ; 0 ; 164777 
[65146.763853] VT-GPIO_BENCHMARK: Resume ; 0 ; 127322 
[65147.802334] VT-GPIO_BENCHMARK: Pause ; 0 ; 153653 
[65148.829248] VT-GPIO_BENCHMARK: Resume ; 0 ; 131656 
[65149.867761] VT-GPIO_BENCHMARK: Pause ; 0 ; 154486 
[65150.876383] VT-GPIO_BENCHMARK: Resume ; 0 ; 132072 
[65151.914988] VT-GPIO_BENCHMARK: Pause ; 0 ; 157945 
[65152.942445] VT-GPIO_BENCHMARK: Resume ; 0 ; 124990 
[65153.962544] VT-GPIO_BENCHMARK: Pause ; 0 ; 150279 
[65154.989464] VT-GPIO_BENCHMARK: Resume ; 0 ; 129572 
[65156.009475] VT-GPIO_BENCHMARK: Pause ; 0 ; 157319 
[65157.038059] VT-GPIO_BENCHMARK: Resume ; 0 ; 128030 
[65158.076692] VT-GPIO_BENCHMARK: Pause ; 0 ; 157111 
[65159.085323] VT-GPIO_BENCHMARK: Resume ; 0 ; 133530 
[65160.123957] VT-GPIO_BENCHMARK: Pause ; 0 ; 151570 
[65161.132577] VT-GPIO_BENCHMARK: Resume ; 0 ; 126572 
[65162.171241] VT-GPIO_BENCHMARK: Pause ; 0 ; 148488 
[65163.179807] VT-GPIO_BENCHMARK: Resume ; 0 ; 127864 
[65164.218458] VT-GPIO_BENCHMARK: Pause ; 0 ; 171318 
[65165.245411] VT-GPIO_BENCHMARK: Resume ; 0 ; 128530 
[65166.284107] VT-GPIO_BENCHMARK: Pause ; 0 ; 156486 
[65167.310993] VT-GPIO_BENCHMARK: Resume ; 0 ; 132030 
[65168.331060] VT-GPIO_BENCHMARK: Pause ; 0 ; 155570 
[65169.357914] VT-GPIO_BENCHMARK: Resume ; 0 ; 127739 
[65170.379999] VT-GPIO_BENCHMARK: Pause ; 0 ; 156695 
[65171.388567] VT-GPIO_BENCHMARK: Resume ; 0 ; 129656 
[65172.427537] VT-GPIO_BENCHMARK: Pause ; 0 ; 151987 
[65173.436256] VT-GPIO_BENCHMARK: Resume ; 0 ; 133572 
[65174.475282] VT-GPIO_BENCHMARK: Pause ; 0 ; 152778 
[65175.502621] VT-GPIO_BENCHMARK: Resume ; 0 ; 131738 
[65176.541672] VT-GPIO_BENCHMARK: Pause ; 0 ; 159612 
[65177.568865] VT-GPIO_BENCHMARK: Resume ; 0 ; 129864 
[65178.608007] VT-GPIO_BENCHMARK: Pause ; 0 ; 149404 
[65179.616858] VT-GPIO_BENCHMARK: Resume ; 0 ; 132072 
[65180.655883] VT-GPIO_BENCHMARK: Pause ; 0 ; 154403 
[65181.683009] VT-GPIO_BENCHMARK: Resume ; 0 ; 130156 
[65182.721829] VT-GPIO_BENCHMARK: Pause ; 0 ; 159445 
[65183.748803] VT-GPIO_BENCHMARK: Resume ; 0 ; 132572 
[65184.768959] VT-GPIO_BENCHMARK: Pause ; 0 ; 154570 
[65185.795898] VT-GPIO_BENCHMARK: Resume ; 0 ; 128155 
[65186.834835] VT-GPIO_BENCHMARK: Pause ; 0 ; 148195 
[65187.843496] VT-GPIO_BENCHMARK: Resume ; 0 ; 128281 
[65188.882256] VT-GPIO_BENCHMARK: Pause ; 0 ; 160986 
[65189.909220] VT-GPIO_BENCHMARK: Resume ; 0 ; 128614 
[65190.952617] VT-GPIO_BENCHMARK: Pause ; 0 ; 158861 
[65191.979490] VT-GPIO_BENCHMARK: Resume ; 0 ; 127947 
[65193.018240] VT-GPIO_BENCHMARK: Pause ; 0 ; 148779 
[65194.026779] VT-GPIO_BENCHMARK: Resume ; 0 ; 125740 
[65195.065570] VT-GPIO_BENCHMARK: Pause ; 0 ; 161361 
[65196.092600] VT-GPIO_BENCHMARK: Resume ; 0 ; 127573 
[65197.112759] VT-GPIO_BENCHMARK: Pause ; 0 ; 151404 
[65198.141568] VT-GPIO_BENCHMARK: Resume ; 0 ; 131947 
[65199.180378] VT-GPIO_BENCHMARK: Pause ; 0 ; 151987 
[65200.189010] VT-GPIO_BENCHMARK: Resume ; 0 ; 131198 
[65203.275110] VT-GPIO_BENCHMARK: Pause ; 0 ; 151737 
[65204.283622] VT-GPIO_BENCHMARK: Resume ; 0 ; 131488 
[65205.322806] VT-GPIO_BENCHMARK: Pause ; 0 ; 159153 
[65206.350758] VT-GPIO_BENCHMARK: Resume ; 0 ; 122281 
[65207.370984] VT-GPIO_BENCHMARK: Pause ; 0 ; 160153 
[65208.398104] VT-GPIO_BENCHMARK: Resume ; 0 ; 131447 
[65209.437039] VT-GPIO_BENCHMARK: Pause ; 0 ; 149946 
[65210.452695] VT-GPIO_BENCHMARK: Resume ; 0 ; 135905 
[65211.491523] VT-GPIO_BENCHMARK: Pause ; 0 ; 149071 
[65212.500250] VT-GPIO_BENCHMARK: Resume ; 0 ; 127572 
[65213.539198] VT-GPIO_BENCHMARK: Pause ; 0 ; 162319 
[65214.566373] VT-GPIO_BENCHMARK: Resume ; 0 ; 124864 
[65215.586505] VT-GPIO_BENCHMARK: Pause ; 0 ; 151362 
[65216.613481] VT-GPIO_BENCHMARK: Resume ; 0 ; 131447 
[65217.660165] VT-GPIO_BENCHMARK: Pause ; 0 ; 149779 
[65218.668760] VT-GPIO_BENCHMARK: Resume ; 0 ; 126031 
[65219.708034] VT-GPIO_BENCHMARK: Pause ; 0 ; 150237 
[65220.716666] VT-GPIO_BENCHMARK: Resume ; 0 ; 131114 
[65221.755938] VT-GPIO_BENCHMARK: Pause ; 0 ; 151487 
[65222.764408] VT-GPIO_BENCHMARK: Resume ; 0 ; 126406 
[65223.803751] VT-GPIO_BENCHMARK: Pause ; 0 ; 152278 
[65224.812470] VT-GPIO_BENCHMARK: Resume ; 0 ; 133613 
[65225.851415] VT-GPIO_BENCHMARK: Pause ; 0 ; 152403 
[65226.859969] VT-GPIO_BENCHMARK: Resume ; 0 ; 129822 
[65227.898873] VT-GPIO_BENCHMARK: Pause ; 0 ; 148278 
[65228.907534] VT-GPIO_BENCHMARK: Resume ; 0 ; 130113 
[65229.954137] VT-GPIO_BENCHMARK: Pause ; 0 ; 153653 
[65230.962669] VT-GPIO_BENCHMARK: Resume ; 0 ; 129406 
[65232.001527] VT-GPIO_BENCHMARK: Pause ; 0 ; 156570 
[65233.010082] VT-GPIO_BENCHMARK: Resume ; 0 ; 129572 
[65234.049113] VT-GPIO_BENCHMARK: Pause ; 0 ; 159278 
[65235.076196] VT-GPIO_BENCHMARK: Resume ; 0 ; 128198 
[65236.115017] VT-GPIO_BENCHMARK: Pause ; 0 ; 157320 
[65237.142016] VT-GPIO_BENCHMARK: Resume ; 0 ; 132031 
[65238.180962] VT-GPIO_BENCHMARK: Pause ; 0 ; 161195 
[65239.189668] VT-GPIO_BENCHMARK: Resume ; 0 ; 128114 
[65240.228487] VT-GPIO_BENCHMARK: Pause ; 0 ; 153737 
[65241.236992] VT-GPIO_BENCHMARK: Resume ; 0 ; 128655 
[65242.276197] VT-GPIO_BENCHMARK: Pause ; 0 ; 152945 
[65243.303426] VT-GPIO_BENCHMARK: Resume ; 0 ; 140029 
[65244.342689] VT-GPIO_BENCHMARK: Pause ; 0 ; 154820 
[65245.359099] VT-GPIO_BENCHMARK: Resume ; 0 ; 128823 
[65246.397887] VT-GPIO_BENCHMARK: Pause ; 0 ; 158320 
[65247.424886] VT-GPIO_BENCHMARK: Resume ; 0 ; 131947 
[65248.463703] VT-GPIO_BENCHMARK: Pause ; 0 ; 156195 
[65249.490230] VT-GPIO_BENCHMARK: Resume ; 0 ; 121240 
[65250.510647] VT-GPIO_BENCHMARK: Pause ; 0 ; 173985 
[65251.537553] VT-GPIO_BENCHMARK: Resume ; 0 ; 118948 
[65252.557575] VT-GPIO_BENCHMARK: Pause ; 0 ; 157153 
[65253.584522] VT-GPIO_BENCHMARK: Resume ; 0 ; 128030 
[65254.606053] VT-GPIO_BENCHMARK: Pause ; 0 ; 147071 
[65255.614664] VT-GPIO_BENCHMARK: Resume ; 0 ; 137780 
[65256.661204] VT-GPIO_BENCHMARK: Pause ; 0 ; 155528 
[65257.669908] VT-GPIO_BENCHMARK: Resume ; 0 ; 129739 
[65258.709126] VT-GPIO_BENCHMARK: Pause ; 0 ; 159195 
[65259.736248] VT-GPIO_BENCHMARK: Resume ; 0 ; 133697 
[65260.775181] VT-GPIO_BENCHMARK: Pause ; 0 ; 155528 
[65261.802156] VT-GPIO_BENCHMARK: Resume ; 0 ; 129697 
[65262.822347] VT-GPIO_BENCHMARK: Pause ; 0 ; 151737 
[65263.856642] VT-GPIO_BENCHMARK: Resume ; 0 ; 128114 
[65264.876906] VT-GPIO_BENCHMARK: Pause ; 0 ; 157529 
[65265.903941] VT-GPIO_BENCHMARK: Resume ; 0 ; 132238 
[65266.942814] VT-GPIO_BENCHMARK: Pause ; 0 ; 156986 
[65267.951440] VT-GPIO_BENCHMARK: Resume ; 0 ; 130489 
[65268.990132] VT-GPIO_BENCHMARK: Pause ; 0 ; 158862 
[65270.017042] VT-GPIO_BENCHMARK: Resume ; 0 ; 130364 
[65271.063494] VT-GPIO_BENCHMARK: Pause ; 0 ; 151904 
[65272.072175] VT-GPIO_BENCHMARK: Resume ; 0 ; 129655 
[65273.111171] VT-GPIO_BENCHMARK: Pause ; 0 ; 148987 
[65274.119771] VT-GPIO_BENCHMARK: Resume ; 0 ; 130447 
[65275.158716] VT-GPIO_BENCHMARK: Pause ; 0 ; 156237 
[65276.167427] VT-GPIO_BENCHMARK: Resume ; 0 ; 128364 
[65277.206478] VT-GPIO_BENCHMARK: Pause ; 0 ; 150071 
[65278.215116] VT-GPIO_BENCHMARK: Resume ; 0 ; 128614 
[65279.253866] VT-GPIO_BENCHMARK: Pause ; 0 ; 147571 
[65280.262500] VT-GPIO_BENCHMARK: Resume ; 0 ; 131530 
[65281.301137] VT-GPIO_BENCHMARK: Pause ; 0 ; 158820 
[65282.309616] VT-GPIO_BENCHMARK: Resume ; 0 ; 137404 
[65283.348508] VT-GPIO_BENCHMARK: Pause ; 0 ; 152071 
[65284.365103] VT-GPIO_BENCHMARK: Resume ; 0 ; 127197 
[65285.403956] VT-GPIO_BENCHMARK: Pause ; 0 ; 157111 
[65286.430929] VT-GPIO_BENCHMARK: Resume ; 0 ; 133947 
[65287.451069] VT-GPIO_BENCHMARK: Pause ; 0 ; 163277 
[65288.478000] VT-GPIO_BENCHMARK: Resume ; 0 ; 128489 
[65289.516724] VT-GPIO_BENCHMARK: Pause ; 0 ; 151945 
[65290.525354] VT-GPIO_BENCHMARK: Resume ; 0 ; 131781 
[65291.571709] VT-GPIO_BENCHMARK: Pause ; 0 ; 160028 
[65292.598677] VT-GPIO_BENCHMARK: Resume ; 0 ; 127531 
[65293.618922] VT-GPIO_BENCHMARK: Pause ; 0 ; 141363 
[65294.646760] VT-GPIO_BENCHMARK: Resume ; 0 ; 128406 
[65295.685604] VT-GPIO_BENCHMARK: Pause ; 0 ; 150154 
[65296.694203] VT-GPIO_BENCHMARK: Resume ; 0 ; 129489 
[65297.732963] VT-GPIO_BENCHMARK: Pause ; 0 ; 158653 
[65298.759901] VT-GPIO_BENCHMARK: Resume ; 0 ; 128864 
[65299.780196] VT-GPIO_BENCHMARK: Pause ; 0 ; 164194 
[65300.807275] VT-GPIO_BENCHMARK: Resume ; 0 ; 127947 
[65301.827630] VT-GPIO_BENCHMARK: Pause ; 0 ; 153320 
[65302.854689] VT-GPIO_BENCHMARK: Resume ; 0 ; 121740 
[65303.882589] VT-GPIO_BENCHMARK: Pause ; 0 ; 162361 
[65304.909496] VT-GPIO_BENCHMARK: Resume ; 0 ; 128364 
[65305.929670] VT-GPIO_BENCHMARK: Pause ; 0 ; 166528 
[65306.956680] VT-GPIO_BENCHMARK: Resume ; 0 ; 125239 
[65307.995535] VT-GPIO_BENCHMARK: Pause ; 0 ; 156487 
[65309.022480] VT-GPIO_BENCHMARK: Resume ; 0 ; 131864 
[65310.042559] VT-GPIO_BENCHMARK: Pause ; 0 ; 163111 
[65311.070072] VT-GPIO_BENCHMARK: Resume ; 0 ; 124239 
[65312.090208] VT-GPIO_BENCHMARK: Pause ; 0 ; 154612 
[65313.117181] VT-GPIO_BENCHMARK: Resume ; 0 ; 125906 
[65314.137378] VT-GPIO_BENCHMARK: Pause ; 0 ; 154862 
[65315.171022] VT-GPIO_BENCHMARK: Resume ; 0 ; 132905 
[65316.191291] VT-GPIO_BENCHMARK: Pause ; 0 ; 155695 
[65317.218295] VT-GPIO_BENCHMARK: Resume ; 0 ; 125655 
[65318.238649] VT-GPIO_BENCHMARK: Pause ; 0 ; 158653 
[65319.265648] VT-GPIO_BENCHMARK: Resume ; 0 ; 125197 
[65320.285813] VT-GPIO_BENCHMARK: Pause ; 0 ; 154487 
[65321.312620] VT-GPIO_BENCHMARK: Resume ; 0 ; 149654 
[65322.351546] VT-GPIO_BENCHMARK: Pause ; 0 ; 154361 
[65323.360137] VT-GPIO_BENCHMARK: Resume ; 0 ; 132781 
[65324.399113] VT-GPIO_BENCHMARK: Pause ; 0 ; 163361 
[65325.426171] VT-GPIO_BENCHMARK: Resume ; 0 ; 131364 
[65326.464921] VT-GPIO_BENCHMARK: Pause ; 0 ; 154445 
[65327.491928] VT-GPIO_BENCHMARK: Resume ; 0 ; 131780 
[65328.512247] VT-GPIO_BENCHMARK: Pause ; 0 ; 159194 
[65329.539307] VT-GPIO_BENCHMARK: Resume ; 0 ; 133322 
[65330.585878] VT-GPIO_BENCHMARK: Pause ; 0 ; 162403 
[65331.612800] VT-GPIO_BENCHMARK: Resume ; 0 ; 148570 
[65332.637051] VT-GPIO_BENCHMARK: Pause ; 0 ; 153154 
[65333.645515] VT-GPIO_BENCHMARK: Resume ; 0 ; 127697 
[65334.684481] VT-GPIO_BENCHMARK: Pause ; 0 ; 153320 
[65335.692999] VT-GPIO_BENCHMARK: Resume ; 0 ; 140029 
[65336.732365] VT-GPIO_BENCHMARK: Pause ; 0 ; 164777 
[65337.759749] VT-GPIO_BENCHMARK: Resume ; 0 ; 122031 
[65338.780079] VT-GPIO_BENCHMARK: Pause ; 0 ; 160153 
[65339.807145] VT-GPIO_BENCHMARK: Resume ; 0 ; 144737 
[65340.846008] VT-GPIO_BENCHMARK: Pause ; 0 ; 147863 
[65341.854473] VT-GPIO_BENCHMARK: Resume ; 0 ; 144696 
[65342.893889] VT-GPIO_BENCHMARK: Pause ; 0 ; 163861 
[65343.921256] VT-GPIO_BENCHMARK: Resume ; 0 ; 130405 
[65344.941511] VT-GPIO_BENCHMARK: Pause ; 0 ; 157570 
[65345.968704] VT-GPIO_BENCHMARK: Resume ; 0 ; 131822 
[65346.989017] VT-GPIO_BENCHMARK: Pause ; 0 ; 160737 
[65348.016078] VT-GPIO_BENCHMARK: Resume ; 0 ; 135239 
[65349.054983] VT-GPIO_BENCHMARK: Pause ; 0 ; 157695 
[65350.082693] VT-GPIO_BENCHMARK: Resume ; 0 ; 128364 
[65351.102913] VT-GPIO_BENCHMARK: Pause ; 0 ; 153529 
[65352.129946] VT-GPIO_BENCHMARK: Resume ; 0 ; 122031 
[65353.150571] VT-GPIO_BENCHMARK: Pause ; 0 ; 154987 
[65354.184963] VT-GPIO_BENCHMARK: Resume ; 0 ; 133113 
[65355.224085] VT-GPIO_BENCHMARK: Pause ; 0 ; 159777 
[65356.232768] VT-GPIO_BENCHMARK: Resume ; 0 ; 129197 
[65357.271990] VT-GPIO_BENCHMARK: Pause ; 0 ; 156570 
[65358.280648] VT-GPIO_BENCHMARK: Resume ; 0 ; 136238 
[65359.319675] VT-GPIO_BENCHMARK: Pause ; 0 ; 153237 
[65360.328330] VT-GPIO_BENCHMARK: Resume ; 0 ; 128947 
[65361.367361] VT-GPIO_BENCHMARK: Pause ; 0 ; 158736 
[65362.395033] VT-GPIO_BENCHMARK: Resume ; 0 ; 127572 
[65363.415418] VT-GPIO_BENCHMARK: Pause ; 0 ; 163278 
[65364.427927] VT-GPIO_BENCHMARK: Resume ; 0 ; 130655 
[65365.448120] VT-GPIO_BENCHMARK: Pause ; 0 ; 160320 
[65366.475158] VT-GPIO_BENCHMARK: Resume ; 0 ; 134072 
[65367.495532] VT-GPIO_BENCHMARK: Pause ; 0 ; 157653 
[65368.522626] VT-GPIO_BENCHMARK: Resume ; 0 ; 133030 
[65369.561746] VT-GPIO_BENCHMARK: Pause ; 0 ; 157612 
[65370.589057] VT-GPIO_BENCHMARK: Resume ; 0 ; 131114 
