[64833.785330] VT-GPIO_BENCHMARK: Pause ; 0 ; 86535 
[64834.799441] VT-GPIO_BENCHMARK: Resume ; 0 ; 67494 
[64835.812840] VT-GPIO_BENCHMARK: Pause ; 0 ; 83034 
[64836.833408] VT-GPIO_BENCHMARK: Resume ; 0 ; 64120 
[64837.861085] VT-GPIO_BENCHMARK: Pause ; 0 ; 86534 
[64838.881501] VT-GPIO_BENCHMARK: Resume ; 0 ; 70994 
[64839.898945] VT-GPIO_BENCHMARK: Pause ; 0 ; 81993 
[64840.905436] VT-GPIO_BENCHMARK: Resume ; 0 ; 65078 
[64841.933048] VT-GPIO_BENCHMARK: Pause ; 0 ; 81868 
[64842.953594] VT-GPIO_BENCHMARK: Resume ; 0 ; 63786 
[64843.966763] VT-GPIO_BENCHMARK: Pause ; 0 ; 86659 
[64844.987270] VT-GPIO_BENCHMARK: Resume ; 0 ; 67494 
[64846.019566] VT-GPIO_BENCHMARK: Pause ; 0 ; 100408 
[64847.046189] VT-GPIO_BENCHMARK: Resume ; 0 ; 76952 
[64848.066005] VT-GPIO_BENCHMARK: Pause ; 0 ; 99908 
[64849.092312] VT-GPIO_BENCHMARK: Resume ; 0 ; 73785 
[64850.112044] VT-GPIO_BENCHMARK: Pause ; 0 ; 99866 
[64851.138535] VT-GPIO_BENCHMARK: Resume ; 0 ; 81826 
[64852.182530] VT-GPIO_BENCHMARK: Pause ; 0 ; 102408 
[64853.190826] VT-GPIO_BENCHMARK: Resume ; 0 ; 78201 
[64854.229123] VT-GPIO_BENCHMARK: Pause ; 0 ; 102908 
[64855.256012] VT-GPIO_BENCHMARK: Resume ; 0 ; 77952 
[64856.275717] VT-GPIO_BENCHMARK: Pause ; 0 ; 104532 
[64857.302178] VT-GPIO_BENCHMARK: Resume ; 0 ; 81910 
[64858.321876] VT-GPIO_BENCHMARK: Pause ; 0 ; 103158 
[64859.348089] VT-GPIO_BENCHMARK: Resume ; 0 ; 74493 
[64860.367429] VT-GPIO_BENCHMARK: Pause ; 0 ; 104616 
[64861.393433] VT-GPIO_BENCHMARK: Resume ; 0 ; 79202 
[64862.412861] VT-GPIO_BENCHMARK: Pause ; 0 ; 104616 
[64863.438981] VT-GPIO_BENCHMARK: Resume ; 0 ; 81327 
[64864.483048] VT-GPIO_BENCHMARK: Pause ; 0 ; 103158 
[64865.494111] VT-GPIO_BENCHMARK: Resume ; 0 ; 75494 
[64866.513083] VT-GPIO_BENCHMARK: Pause ; 0 ; 100366 
[64867.539306] VT-GPIO_BENCHMARK: Resume ; 0 ; 84201 
[64868.576344] VT-GPIO_BENCHMARK: Pause ; 0 ; 98408 
[64869.584666] VT-GPIO_BENCHMARK: Resume ; 0 ; 79785 
[64870.621801] VT-GPIO_BENCHMARK: Pause ; 0 ; 98949 
[64871.647829] VT-GPIO_BENCHMARK: Resume ; 0 ; 80326 
[64872.685362] VT-GPIO_BENCHMARK: Pause ; 0 ; 95659 
[64873.693566] VT-GPIO_BENCHMARK: Resume ; 0 ; 79493 
[64874.730788] VT-GPIO_BENCHMARK: Pause ; 0 ; 95533 
[64875.739179] VT-GPIO_BENCHMARK: Resume ; 0 ; 78576 
[64876.784216] VT-GPIO_BENCHMARK: Pause ; 0 ; 95200 
[64877.792602] VT-GPIO_BENCHMARK: Resume ; 0 ; 77785 
[64878.830392] VT-GPIO_BENCHMARK: Pause ; 0 ; 98991 
[64879.838987] VT-GPIO_BENCHMARK: Resume ; 0 ; 83035 
[64880.876877] VT-GPIO_BENCHMARK: Pause ; 0 ; 99283 
[64881.885178] VT-GPIO_BENCHMARK: Resume ; 0 ; 84284 
[64882.909008] VT-GPIO_BENCHMARK: Pause ; 0 ; 98866 
[64883.917392] VT-GPIO_BENCHMARK: Resume ; 0 ; 83368 
[64884.955595] VT-GPIO_BENCHMARK: Pause ; 0 ; 93783 
[64885.982319] VT-GPIO_BENCHMARK: Resume ; 0 ; 78202 
[64887.020708] VT-GPIO_BENCHMARK: Pause ; 0 ; 96742 
[64888.029096] VT-GPIO_BENCHMARK: Resume ; 0 ; 80660 
[64889.074647] VT-GPIO_BENCHMARK: Pause ; 0 ; 96367 
[64890.083074] VT-GPIO_BENCHMARK: Resume ; 0 ; 86910 
[64891.106577] VT-GPIO_BENCHMARK: Pause ; 0 ; 87700 
[64892.114825] VT-GPIO_BENCHMARK: Resume ; 0 ; 78577 
[64893.153157] VT-GPIO_BENCHMARK: Pause ; 0 ; 95075 
[64894.161514] VT-GPIO_BENCHMARK: Resume ; 0 ; 85493 
[64895.200196] VT-GPIO_BENCHMARK: Pause ; 0 ; 97659 
[64896.208587] VT-GPIO_BENCHMARK: Resume ; 0 ; 81076 
[64897.246503] VT-GPIO_BENCHMARK: Pause ; 0 ; 94451 
[64898.254932] VT-GPIO_BENCHMARK: Resume ; 0 ; 81535 
[64899.300730] VT-GPIO_BENCHMARK: Pause ; 0 ; 94992 
[64900.309185] VT-GPIO_BENCHMARK: Resume ; 0 ; 82743 
[64901.347467] VT-GPIO_BENCHMARK: Pause ; 0 ; 92076 
[64902.355771] VT-GPIO_BENCHMARK: Resume ; 0 ; 82742 
[64903.394058] VT-GPIO_BENCHMARK: Pause ; 0 ; 97616 
[64904.402597] VT-GPIO_BENCHMARK: Resume ; 0 ; 76076 
[64905.440804] VT-GPIO_BENCHMARK: Pause ; 0 ; 101491 
[64906.467260] VT-GPIO_BENCHMARK: Resume ; 0 ; 80577 
[64907.513341] VT-GPIO_BENCHMARK: Pause ; 0 ; 100825 
[64908.521694] VT-GPIO_BENCHMARK: Resume ; 0 ; 81243 
[64909.559743] VT-GPIO_BENCHMARK: Pause ; 0 ; 101074 
[64910.568032] VT-GPIO_BENCHMARK: Resume ; 0 ; 76660 
[64911.606320] VT-GPIO_BENCHMARK: Pause ; 0 ; 94075 
[64912.632765] VT-GPIO_BENCHMARK: Resume ; 0 ; 83159 
[64913.652639] VT-GPIO_BENCHMARK: Pause ; 0 ; 102657 
[64914.679169] VT-GPIO_BENCHMARK: Resume ; 0 ; 82702 
[64915.698991] VT-GPIO_BENCHMARK: Pause ; 0 ; 96325 
[64916.707250] VT-GPIO_BENCHMARK: Resume ; 0 ; 75827 
[64917.745666] VT-GPIO_BENCHMARK: Pause ; 0 ; 103032 
[64918.753995] VT-GPIO_BENCHMARK: Resume ; 0 ; 79368 
[64919.792141] VT-GPIO_BENCHMARK: Pause ; 0 ; 98283 
[64920.800617] VT-GPIO_BENCHMARK: Resume ; 0 ; 78909 
[64921.838730] VT-GPIO_BENCHMARK: Pause ; 0 ; 100409 
[64922.847021] VT-GPIO_BENCHMARK: Resume ; 0 ; 81576 
[64923.885284] VT-GPIO_BENCHMARK: Pause ; 0 ; 95326 
[64924.901609] VT-GPIO_BENCHMARK: Resume ; 0 ; 79577 
[64925.939672] VT-GPIO_BENCHMARK: Pause ; 0 ; 90576 
[64926.947994] VT-GPIO_BENCHMARK: Resume ; 0 ; 88325 
[64927.986377] VT-GPIO_BENCHMARK: Pause ; 0 ; 96492 
[64928.998359] VT-GPIO_BENCHMARK: Resume ; 0 ; 81159 
[64930.036529] VT-GPIO_BENCHMARK: Pause ; 0 ; 99991 
[64931.063045] VT-GPIO_BENCHMARK: Resume ; 0 ; 74536 
[64932.083019] VT-GPIO_BENCHMARK: Pause ; 0 ; 100992 
[64933.109514] VT-GPIO_BENCHMARK: Resume ; 0 ; 83660 
[64934.147709] VT-GPIO_BENCHMARK: Pause ; 0 ; 101700 
[64935.174352] VT-GPIO_BENCHMARK: Resume ; 0 ; 82535 
[64936.212557] VT-GPIO_BENCHMARK: Pause ; 0 ; 94741 
[64937.220853] VT-GPIO_BENCHMARK: Resume ; 0 ; 82451 
[64938.258920] VT-GPIO_BENCHMARK: Pause ; 0 ; 97909 
[64939.267355] VT-GPIO_BENCHMARK: Resume ; 0 ; 87326 
[64940.305606] VT-GPIO_BENCHMARK: Pause ; 0 ; 95784 
[64941.314118] VT-GPIO_BENCHMARK: Resume ; 0 ; 78743 
[64942.352194] VT-GPIO_BENCHMARK: Pause ; 0 ; 95617 
[64943.360528] VT-GPIO_BENCHMARK: Resume ; 0 ; 82786 
[64944.398603] VT-GPIO_BENCHMARK: Pause ; 0 ; 95950 
[64945.407112] VT-GPIO_BENCHMARK: Resume ; 0 ; 81160 
[64946.445418] VT-GPIO_BENCHMARK: Pause ; 0 ; 95700 
[64947.453946] VT-GPIO_BENCHMARK: Resume ; 0 ; 79910 
[64948.495251] VT-GPIO_BENCHMARK: Pause ; 0 ; 93825 
[64949.521770] VT-GPIO_BENCHMARK: Resume ; 0 ; 76618 
[64950.541571] VT-GPIO_BENCHMARK: Pause ; 0 ; 98949 
[64951.568346] VT-GPIO_BENCHMARK: Resume ; 0 ; 82951 
[64952.588225] VT-GPIO_BENCHMARK: Pause ; 0 ; 99242 
[64953.614835] VT-GPIO_BENCHMARK: Resume ; 0 ; 81993 
[64954.653151] VT-GPIO_BENCHMARK: Pause ; 0 ; 100491 
[64955.679735] VT-GPIO_BENCHMARK: Resume ; 0 ; 75535 
[64956.699711] VT-GPIO_BENCHMARK: Pause ; 0 ; 99284 
[64957.726230] VT-GPIO_BENCHMARK: Resume ; 0 ; 73369 
[64958.746238] VT-GPIO_BENCHMARK: Pause ; 0 ; 97117 
[64959.772760] VT-GPIO_BENCHMARK: Resume ; 0 ; 81577 
[64960.811992] VT-GPIO_BENCHMARK: Pause ; 0 ; 101116 
[64961.820331] VT-GPIO_BENCHMARK: Resume ; 0 ; 87867 
[64962.858552] VT-GPIO_BENCHMARK: Pause ; 0 ; 98783 
[64963.867068] VT-GPIO_BENCHMARK: Resume ; 0 ; 81118 
[64964.905295] VT-GPIO_BENCHMARK: Pause ; 0 ; 92742 
[64965.913713] VT-GPIO_BENCHMARK: Resume ; 0 ; 78577 
[64966.951732] VT-GPIO_BENCHMARK: Pause ; 0 ; 98741 
[64967.978318] VT-GPIO_BENCHMARK: Resume ; 0 ; 76993 
[64968.998319] VT-GPIO_BENCHMARK: Pause ; 0 ; 102241 
[64970.024934] VT-GPIO_BENCHMARK: Resume ; 0 ; 83992 
[64971.062979] VT-GPIO_BENCHMARK: Pause ; 0 ; 88034 
[64972.071395] VT-GPIO_BENCHMARK: Resume ; 0 ; 77660 
[64973.113686] VT-GPIO_BENCHMARK: Pause ; 0 ; 99367 
[64974.140320] VT-GPIO_BENCHMARK: Resume ; 0 ; 76785 
[64975.178464] VT-GPIO_BENCHMARK: Pause ; 0 ; 94117 
[64976.186944] VT-GPIO_BENCHMARK: Resume ; 0 ; 81160 
[64977.225031] VT-GPIO_BENCHMARK: Pause ; 0 ; 95575 
[64978.233384] VT-GPIO_BENCHMARK: Resume ; 0 ; 82743 
[64979.271855] VT-GPIO_BENCHMARK: Pause ; 0 ; 97075 
[64980.302772] VT-GPIO_BENCHMARK: Resume ; 0 ; 83242 
[64981.341181] VT-GPIO_BENCHMARK: Pause ; 0 ; 102658 
[64982.349755] VT-GPIO_BENCHMARK: Resume ; 0 ; 82493 
[64983.388264] VT-GPIO_BENCHMARK: Pause ; 0 ; 98949 
[64984.396737] VT-GPIO_BENCHMARK: Resume ; 0 ; 76827 
[64985.434817] VT-GPIO_BENCHMARK: Pause ; 0 ; 95242 
[64986.443177] VT-GPIO_BENCHMARK: Resume ; 0 ; 81035 
[64987.481305] VT-GPIO_BENCHMARK: Pause ; 0 ; 99575 
[64988.489847] VT-GPIO_BENCHMARK: Resume ; 0 ; 77326 
[64989.528173] VT-GPIO_BENCHMARK: Pause ; 0 ; 102117 
[64990.554696] VT-GPIO_BENCHMARK: Resume ; 0 ; 76910 
[64991.574521] VT-GPIO_BENCHMARK: Pause ; 0 ; 99617 
[64992.603188] VT-GPIO_BENCHMARK: Resume ; 0 ; 83201 
[64993.623090] VT-GPIO_BENCHMARK: Pause ; 0 ; 98033 
[64994.649650] VT-GPIO_BENCHMARK: Resume ; 0 ; 76369 
[64995.669713] VT-GPIO_BENCHMARK: Pause ; 0 ; 96242 
[64996.696173] VT-GPIO_BENCHMARK: Resume ; 0 ; 75202 
[64997.716027] VT-GPIO_BENCHMARK: Pause ; 0 ; 97033 
[64998.742491] VT-GPIO_BENCHMARK: Resume ; 0 ; 77951 
[64999.762530] VT-GPIO_BENCHMARK: Pause ; 0 ; 105491 
[65000.789115] VT-GPIO_BENCHMARK: Resume ; 0 ; 78493 
[65001.809053] VT-GPIO_BENCHMARK: Pause ; 0 ; 100908 
[65002.835572] VT-GPIO_BENCHMARK: Resume ; 0 ; 79493 
[65003.873740] VT-GPIO_BENCHMARK: Pause ; 0 ; 99492 
[65004.904871] VT-GPIO_BENCHMARK: Resume ; 0 ; 81409 
[65005.943064] VT-GPIO_BENCHMARK: Pause ; 0 ; 101491 
[65006.969706] VT-GPIO_BENCHMARK: Resume ; 0 ; 75452 
[65007.989770] VT-GPIO_BENCHMARK: Pause ; 0 ; 100241 
[65009.016415] VT-GPIO_BENCHMARK: Resume ; 0 ; 76994 
[65010.054657] VT-GPIO_BENCHMARK: Pause ; 0 ; 96283 
[65011.063156] VT-GPIO_BENCHMARK: Resume ; 0 ; 78118 
[65012.109015] VT-GPIO_BENCHMARK: Pause ; 0 ; 95158 
[65013.117471] VT-GPIO_BENCHMARK: Resume ; 0 ; 78618 
[65014.155852] VT-GPIO_BENCHMARK: Pause ; 0 ; 98741 
[65015.182775] VT-GPIO_BENCHMARK: Resume ; 0 ; 81993 
[65016.202655] VT-GPIO_BENCHMARK: Pause ; 0 ; 101908 
[65017.229295] VT-GPIO_BENCHMARK: Resume ; 0 ; 81618 
[65018.267554] VT-GPIO_BENCHMARK: Pause ; 0 ; 97908 
[65019.294110] VT-GPIO_BENCHMARK: Resume ; 0 ; 79576 
[65020.321806] VT-GPIO_BENCHMARK: Pause ; 0 ; 99825 
[65021.348260] VT-GPIO_BENCHMARK: Resume ; 0 ; 78868 
[65022.386345] VT-GPIO_BENCHMARK: Pause ; 0 ; 99783 
[65023.394790] VT-GPIO_BENCHMARK: Resume ; 0 ; 82076 
[65024.432958] VT-GPIO_BENCHMARK: Pause ; 0 ; 100366 
[65025.441349] VT-GPIO_BENCHMARK: Resume ; 0 ; 81785 
[65026.479324] VT-GPIO_BENCHMARK: Pause ; 0 ; 88743 
[65027.487693] VT-GPIO_BENCHMARK: Resume ; 0 ; 80993 
[65028.526161] VT-GPIO_BENCHMARK: Pause ; 0 ; 93867 
[65029.534681] VT-GPIO_BENCHMARK: Resume ; 0 ; 82535 
[65030.572849] VT-GPIO_BENCHMARK: Pause ; 0 ; 94950 
[65031.581514] VT-GPIO_BENCHMARK: Resume ; 0 ; 82202 
[65032.620347] VT-GPIO_BENCHMARK: Pause ; 0 ; 92408 
[65033.628919] VT-GPIO_BENCHMARK: Resume ; 0 ; 76618 
[65034.666977] VT-GPIO_BENCHMARK: Pause ; 0 ; 99867 
[65035.675390] VT-GPIO_BENCHMARK: Resume ; 0 ; 78619 
[65036.713770] VT-GPIO_BENCHMARK: Pause ; 0 ; 100908 
[65037.740456] VT-GPIO_BENCHMARK: Resume ; 0 ; 76993 
[65038.760205] VT-GPIO_BENCHMARK: Pause ; 0 ; 96533 
[65039.786710] VT-GPIO_BENCHMARK: Resume ; 0 ; 84659 
[65040.806519] VT-GPIO_BENCHMARK: Pause ; 0 ; 98700 
[65041.833114] VT-GPIO_BENCHMARK: Resume ; 0 ; 85576 
[65042.853112] VT-GPIO_BENCHMARK: Pause ; 0 ; 102033 
[65043.879816] VT-GPIO_BENCHMARK: Resume ; 0 ; 80951 
[65044.918534] VT-GPIO_BENCHMARK: Pause ; 0 ; 96492 
[65045.926961] VT-GPIO_BENCHMARK: Resume ; 0 ; 89993 
[65046.950557] VT-GPIO_BENCHMARK: Pause ; 0 ; 91659 
[65047.958891] VT-GPIO_BENCHMARK: Resume ; 0 ; 79243 
[65048.997334] VT-GPIO_BENCHMARK: Pause ; 0 ; 97575 
[65050.013753] VT-GPIO_BENCHMARK: Resume ; 0 ; 82993 
[65051.052226] VT-GPIO_BENCHMARK: Pause ; 0 ; 103992 
[65052.079023] VT-GPIO_BENCHMARK: Resume ; 0 ; 84493 
[65053.117401] VT-GPIO_BENCHMARK: Pause ; 0 ; 93866 
[65054.125919] VT-GPIO_BENCHMARK: Resume ; 0 ; 87284 
[65055.164054] VT-GPIO_BENCHMARK: Pause ; 0 ; 99158 
[65056.172528] VT-GPIO_BENCHMARK: Resume ; 0 ; 79243 
[65057.210756] VT-GPIO_BENCHMARK: Pause ; 0 ; 100658 
[65058.237306] VT-GPIO_BENCHMARK: Resume ; 0 ; 78785 
[65059.275598] VT-GPIO_BENCHMARK: Pause ; 0 ; 95576 
[65060.302185] VT-GPIO_BENCHMARK: Resume ; 0 ; 76660 
[65061.322034] VT-GPIO_BENCHMARK: Pause ; 0 ; 101283 
[65062.348775] VT-GPIO_BENCHMARK: Resume ; 0 ; 81743 
[65063.368746] VT-GPIO_BENCHMARK: Pause ; 0 ; 103366 
[65064.395486] VT-GPIO_BENCHMARK: Resume ; 0 ; 85326 
[65065.433860] VT-GPIO_BENCHMARK: Pause ; 0 ; 100492 
[65066.460508] VT-GPIO_BENCHMARK: Resume ; 0 ; 80576 
[65067.480575] VT-GPIO_BENCHMARK: Pause ; 0 ; 108490 
[65068.509690] VT-GPIO_BENCHMARK: Resume ; 0 ; 85784 
[65069.529816] VT-GPIO_BENCHMARK: Pause ; 0 ; 101158 
[65070.556549] VT-GPIO_BENCHMARK: Resume ; 0 ; 82952 
[65071.595235] VT-GPIO_BENCHMARK: Pause ; 0 ; 101575 
[65072.622026] VT-GPIO_BENCHMARK: Resume ; 0 ; 73911 
[65073.642062] VT-GPIO_BENCHMARK: Pause ; 0 ; 91158 
[65074.668676] VT-GPIO_BENCHMARK: Resume ; 0 ; 78119 
[65075.714876] VT-GPIO_BENCHMARK: Pause ; 0 ; 99033 
[65076.723316] VT-GPIO_BENCHMARK: Resume ; 0 ; 76868 
[65077.762044] VT-GPIO_BENCHMARK: Pause ; 0 ; 102616 
[65078.789865] VT-GPIO_BENCHMARK: Resume ; 0 ; 75161 
[65079.828742] VT-GPIO_BENCHMARK: Pause ; 0 ; 102158 
[65080.837196] VT-GPIO_BENCHMARK: Resume ; 0 ; 79868 
[65081.875727] VT-GPIO_BENCHMARK: Pause ; 0 ; 99533 
[65082.902288] VT-GPIO_BENCHMARK: Resume ; 0 ; 88618 
[65083.940627] VT-GPIO_BENCHMARK: Pause ; 0 ; 96117 
[65084.951378] VT-GPIO_BENCHMARK: Resume ; 0 ; 77160 
[65085.971471] VT-GPIO_BENCHMARK: Pause ; 0 ; 101575 
[65086.998177] VT-GPIO_BENCHMARK: Resume ; 0 ; 83701 
[65088.036709] VT-GPIO_BENCHMARK: Pause ; 0 ; 101908 
[65089.063532] VT-GPIO_BENCHMARK: Resume ; 0 ; 79618 
[65090.102132] VT-GPIO_BENCHMARK: Pause ; 0 ; 105032 
[65091.129505] VT-GPIO_BENCHMARK: Resume ; 0 ; 78743 
[65092.149755] VT-GPIO_BENCHMARK: Pause ; 0 ; 97659 
[65093.176458] VT-GPIO_BENCHMARK: Resume ; 0 ; 82618 
[65094.214922] VT-GPIO_BENCHMARK: Pause ; 0 ; 92284 
[65095.241512] VT-GPIO_BENCHMARK: Resume ; 0 ; 84076 
