[ 5061.894217] VT-GPIO_BENCHMARK: Pause ; 0 ; 73826 
[ 5062.918672] VT-GPIO_BENCHMARK: Resume ; 0 ; 60661 
[ 5071.320097] VT-GPIO_BENCHMARK: Pause ; 0 ; 73994 
[ 5072.344307] VT-GPIO_BENCHMARK: Resume ; 0 ; 61078 
[ 5076.407422] VT-GPIO_BENCHMARK: Pause ; 0 ; 63202 
[ 5077.425600] VT-GPIO_BENCHMARK: Resume ; 0 ; 55829 
[ 5083.816384] VT-GPIO_BENCHMARK: Pause ; 0 ; 79492 
[ 5084.824030] VT-GPIO_BENCHMARK: Resume ; 0 ; 76618 
[ 5092.454128] VT-GPIO_BENCHMARK: Pause ; 0 ; 49537 
[ 5093.478201] VT-GPIO_BENCHMARK: Resume ; 0 ; 46871 
[ 5100.689809] VT-GPIO_BENCHMARK: Pause ; 0 ; 67203 
[ 5101.713897] VT-GPIO_BENCHMARK: Resume ; 0 ; 55245 
[ 5106.486865] VT-GPIO_BENCHMARK: Pause ; 0 ; 60870 
[ 5107.505293] VT-GPIO_BENCHMARK: Resume ; 0 ; 59620 
[ 5114.147741] VT-GPIO_BENCHMARK: Pause ; 0 ; 84659 
[ 5115.173460] VT-GPIO_BENCHMARK: Resume ; 0 ; 75493 
[ 5122.701116] VT-GPIO_BENCHMARK: Pause ; 0 ; 62828 
[ 5123.726470] VT-GPIO_BENCHMARK: Resume ; 0 ; 59244 
[ 5132.110612] VT-GPIO_BENCHMARK: Pause ; 0 ; 63619 
[ 5133.118378] VT-GPIO_BENCHMARK: Resume ; 0 ; 57703 
[ 5137.607242] VT-GPIO_BENCHMARK: Pause ; 0 ; 63285 
[ 5138.613821] VT-GPIO_BENCHMARK: Resume ; 0 ; 57161 
[ 5145.388551] VT-GPIO_BENCHMARK: Pause ; 0 ; 92578 
[ 5146.415021] VT-GPIO_BENCHMARK: Resume ; 0 ; 73746 
[ 5154.181793] VT-GPIO_BENCHMARK: Pause ; 0 ; 59622 
[ 5155.189530] VT-GPIO_BENCHMARK: Resume ; 0 ; 49289 
[ 5163.396155] VT-GPIO_BENCHMARK: Pause ; 0 ; 65663 
[ 5164.421962] VT-GPIO_BENCHMARK: Resume ; 0 ; 57871 
[ 5169.000132] VT-GPIO_BENCHMARK: Pause ; 0 ; 70371 
[ 5170.006804] VT-GPIO_BENCHMARK: Resume ; 0 ; 63371 
[ 5176.764334] VT-GPIO_BENCHMARK: Pause ; 0 ; 77163 
[ 5177.771980] VT-GPIO_BENCHMARK: Resume ; 0 ; 75579 
[ 5185.503331] VT-GPIO_BENCHMARK: Pause ; 0 ; 63371 
[ 5186.529628] VT-GPIO_BENCHMARK: Resume ; 0 ; 58663 
[ 5193.827258] VT-GPIO_BENCHMARK: Pause ; 0 ; 96994 
[ 5194.854122] VT-GPIO_BENCHMARK: Resume ; 0 ; 75745 
[ 5199.225955] VT-GPIO_BENCHMARK: Pause ; 0 ; 70954 
[ 5200.244893] VT-GPIO_BENCHMARK: Resume ; 0 ; 63579 
[ 5207.005505] VT-GPIO_BENCHMARK: Pause ; 0 ; 75079 
[ 5208.013209] VT-GPIO_BENCHMARK: Resume ; 0 ; 71995 
[ 5215.802505] VT-GPIO_BENCHMARK: Pause ; 0 ; 50039 
[ 5216.828775] VT-GPIO_BENCHMARK: Resume ; 0 ; 46289 
[ 5224.050539] VT-GPIO_BENCHMARK: Pause ; 0 ; 60954 
[ 5225.058193] VT-GPIO_BENCHMARK: Resume ; 0 ; 56497 
[ 5229.915908] VT-GPIO_BENCHMARK: Pause ; 0 ; 59663 
[ 5230.934820] VT-GPIO_BENCHMARK: Resume ; 0 ; 56539 
[ 5237.219985] VT-GPIO_BENCHMARK: Pause ; 0 ; 81204 
[ 5238.227751] VT-GPIO_BENCHMARK: Resume ; 0 ; 76245 
[ 5246.055280] VT-GPIO_BENCHMARK: Pause ; 0 ; 47914 
[ 5247.081912] VT-GPIO_BENCHMARK: Resume ; 0 ; 42664 
[ 5254.485046] VT-GPIO_BENCHMARK: Pause ; 0 ; 49372 
[ 5255.492752] VT-GPIO_BENCHMARK: Resume ; 0 ; 48247 
[ 5259.792458] VT-GPIO_BENCHMARK: Pause ; 0 ; 47205 
[ 5260.800338] VT-GPIO_BENCHMARK: Resume ; 0 ; 54664 
[ 5267.405469] VT-GPIO_BENCHMARK: Pause ; 0 ; 87119 
[ 5268.432192] VT-GPIO_BENCHMARK: Resume ; 0 ; 75162 
[ 5276.346462] VT-GPIO_BENCHMARK: Pause ; 0 ; 56621 
[ 5277.373090] VT-GPIO_BENCHMARK: Resume ; 0 ; 47289 
[ 5284.790105] VT-GPIO_BENCHMARK: Pause ; 0 ; 69662 
[ 5285.803946] VT-GPIO_BENCHMARK: Resume ; 0 ; 61912 
[ 5290.529507] VT-GPIO_BENCHMARK: Pause ; 0 ; 64204 
[ 5291.548451] VT-GPIO_BENCHMARK: Resume ; 0 ; 59079 
[ 5298.645951] VT-GPIO_BENCHMARK: Pause ; 0 ; 91786 
[ 5299.673092] VT-GPIO_BENCHMARK: Resume ; 0 ; 67787 
[ 5307.674480] VT-GPIO_BENCHMARK: Pause ; 0 ; 62954 
[ 5308.708961] VT-GPIO_BENCHMARK: Resume ; 0 ; 59121 
[ 5316.232136] VT-GPIO_BENCHMARK: Pause ; 0 ; 74037 
[ 5317.239986] VT-GPIO_BENCHMARK: Resume ; 0 ; 57454 
[ 5321.667379] VT-GPIO_BENCHMARK: Pause ; 0 ; 61788 
[ 5322.675149] VT-GPIO_BENCHMARK: Resume ; 0 ; 56371 
[ 5329.987236] VT-GPIO_BENCHMARK: Pause ; 0 ; 89869 
[ 5331.013863] VT-GPIO_BENCHMARK: Resume ; 0 ; 71537 
[ 5339.051712] VT-GPIO_BENCHMARK: Pause ; 0 ; 59662 
[ 5340.059452] VT-GPIO_BENCHMARK: Resume ; 0 ; 53663 
[ 5347.484504] VT-GPIO_BENCHMARK: Pause ; 0 ; 63579 
[ 5348.492314] VT-GPIO_BENCHMARK: Resume ; 0 ; 62288 
[ 5352.897918] VT-GPIO_BENCHMARK: Pause ; 0 ; 71496 
[ 5353.916789] VT-GPIO_BENCHMARK: Resume ; 0 ; 57704 
[ 5361.176133] VT-GPIO_BENCHMARK: Pause ; 0 ; 78953 
[ 5362.183822] VT-GPIO_BENCHMARK: Resume ; 0 ; 89994 
[ 5370.451279] VT-GPIO_BENCHMARK: Pause ; 0 ; 51746 
[ 5371.459205] VT-GPIO_BENCHMARK: Resume ; 0 ; 47789 
[ 5378.754513] VT-GPIO_BENCHMARK: Pause ; 0 ; 54580 
[ 5379.781294] VT-GPIO_BENCHMARK: Resume ; 0 ; 47830 
[ 5384.383340] VT-GPIO_BENCHMARK: Pause ; 0 ; 62871 
[ 5385.390326] VT-GPIO_BENCHMARK: Resume ; 0 ; 55955 
[ 5392.537211] VT-GPIO_BENCHMARK: Pause ; 0 ; 82953 
[ 5393.564037] VT-GPIO_BENCHMARK: Resume ; 0 ; 72370 
[ 5401.720693] VT-GPIO_BENCHMARK: Pause ; 0 ; 77495 
[ 5402.747374] VT-GPIO_BENCHMARK: Resume ; 0 ; 60538 
[ 5411.092069] VT-GPIO_BENCHMARK: Pause ; 0 ; 71746 
[ 5412.118874] VT-GPIO_BENCHMARK: Resume ; 0 ; 60080 
[ 5416.581182] VT-GPIO_BENCHMARK: Pause ; 0 ; 63371 
[ 5417.600153] VT-GPIO_BENCHMARK: Resume ; 0 ; 55455 
[ 5424.789357] VT-GPIO_BENCHMARK: Pause ; 0 ; 74704 
[ 5425.797161] VT-GPIO_BENCHMARK: Resume ; 0 ; 75954 
[ 5434.192384] VT-GPIO_BENCHMARK: Pause ; 0 ; 70455 
[ 5435.218981] VT-GPIO_BENCHMARK: Resume ; 0 ; 65205 
[ 5443.387292] VT-GPIO_BENCHMARK: Pause ; 0 ; 64496 
[ 5444.395070] VT-GPIO_BENCHMARK: Resume ; 0 ; 56581 
[ 5449.034177] VT-GPIO_BENCHMARK: Pause ; 0 ; 68163 
[ 5450.053110] VT-GPIO_BENCHMARK: Resume ; 0 ; 54038 
[ 5457.198190] VT-GPIO_BENCHMARK: Pause ; 0 ; 80954 
[ 5458.206078] VT-GPIO_BENCHMARK: Resume ; 0 ; 77203 
[ 5466.514536] VT-GPIO_BENCHMARK: Pause ; 0 ; 50955 
[ 5467.522643] VT-GPIO_BENCHMARK: Resume ; 0 ; 45664 
[ 5474.823873] VT-GPIO_BENCHMARK: Pause ; 0 ; 51789 
[ 5475.831824] VT-GPIO_BENCHMARK: Resume ; 0 ; 44831 
[ 5480.090820] VT-GPIO_BENCHMARK: Pause ; 0 ; 50622 
[ 5481.097993] VT-GPIO_BENCHMARK: Resume ; 0 ; 57454 
[ 5488.388680] VT-GPIO_BENCHMARK: Pause ; 0 ; 84287 
[ 5489.415494] VT-GPIO_BENCHMARK: Resume ; 0 ; 72662 
[ 5496.840097] VT-GPIO_BENCHMARK: Pause ; 0 ; 62912 
[ 5497.866852] VT-GPIO_BENCHMARK: Resume ; 0 ; 56704 
[ 5506.093676] VT-GPIO_BENCHMARK: Pause ; 0 ; 68163 
[ 5507.101410] VT-GPIO_BENCHMARK: Resume ; 0 ; 59413 
[ 5511.520689] VT-GPIO_BENCHMARK: Pause ; 0 ; 61788 
[ 5512.539692] VT-GPIO_BENCHMARK: Resume ; 0 ; 55371 
[ 5519.637801] VT-GPIO_BENCHMARK: Pause ; 0 ; 79911 
[ 5520.645595] VT-GPIO_BENCHMARK: Resume ; 0 ; 74495 
[ 5529.114778] VT-GPIO_BENCHMARK: Pause ; 0 ; 56454 
[ 5530.130513] VT-GPIO_BENCHMARK: Resume ; 0 ; 49497 
[ 5537.375809] VT-GPIO_BENCHMARK: Pause ; 0 ; 63954 
[ 5538.383575] VT-GPIO_BENCHMARK: Resume ; 0 ; 55788 
[ 5542.837529] VT-GPIO_BENCHMARK: Pause ; 0 ; 109368 
[ 5543.856369] VT-GPIO_BENCHMARK: Resume ; 0 ; 66621 
[ 5550.919586] VT-GPIO_BENCHMARK: Pause ; 0 ; 90953 
[ 5551.946148] VT-GPIO_BENCHMARK: Resume ; 0 ; 73579 
[ 5559.352861] VT-GPIO_BENCHMARK: Pause ; 0 ; 61787 
[ 5560.360686] VT-GPIO_BENCHMARK: Resume ; 0 ; 48830 
[ 5568.658781] VT-GPIO_BENCHMARK: Pause ; 0 ; 60122 
[ 5569.666549] VT-GPIO_BENCHMARK: Resume ; 0 ; 55871 
[ 5574.099786] VT-GPIO_BENCHMARK: Pause ; 0 ; 66329 
[ 5575.106847] VT-GPIO_BENCHMARK: Resume ; 0 ; 53788 
[ 5582.219937] VT-GPIO_BENCHMARK: Pause ; 0 ; 78119 
[ 5583.227674] VT-GPIO_BENCHMARK: Resume ; 0 ; 71954 
[ 5590.786462] VT-GPIO_BENCHMARK: Pause ; 0 ; 54621 
[ 5591.813089] VT-GPIO_BENCHMARK: Resume ; 0 ; 42123 
[ 5599.919614] VT-GPIO_BENCHMARK: Pause ; 0 ; 59787 
[ 5600.946471] VT-GPIO_BENCHMARK: Resume ; 0 ; 60205 
[ 5605.739101] VT-GPIO_BENCHMARK: Pause ; 0 ; 68120 
[ 5606.758073] VT-GPIO_BENCHMARK: Resume ; 0 ; 62454 
[ 5613.562150] VT-GPIO_BENCHMARK: Pause ; 0 ; 79995 
[ 5614.569919] VT-GPIO_BENCHMARK: Resume ; 0 ; 75037 
[ 5622.136112] VT-GPIO_BENCHMARK: Pause ; 0 ; 71037 
[ 5623.143878] VT-GPIO_BENCHMARK: Resume ; 0 ; 60079 
[ 5631.287658] VT-GPIO_BENCHMARK: Pause ; 0 ; 69370 
[ 5632.314344] VT-GPIO_BENCHMARK: Resume ; 0 ; 60037 
[ 5636.815972] VT-GPIO_BENCHMARK: Pause ; 0 ; 72370 
[ 5637.822948] VT-GPIO_BENCHMARK: Resume ; 0 ; 63037 
[ 5644.780692] VT-GPIO_BENCHMARK: Pause ; 0 ; 86619 
[ 5645.792210] VT-GPIO_BENCHMARK: Resume ; 0 ; 70245 
[ 5653.603707] VT-GPIO_BENCHMARK: Pause ; 0 ; 62955 
[ 5654.611603] VT-GPIO_BENCHMARK: Resume ; 0 ; 58412 
[ 5662.586119] VT-GPIO_BENCHMARK: Pause ; 0 ; 66870 
[ 5663.593857] VT-GPIO_BENCHMARK: Resume ; 0 ; 59788 
[ 5668.327073] VT-GPIO_BENCHMARK: Pause ; 0 ; 74745 
[ 5669.334223] VT-GPIO_BENCHMARK: Resume ; 0 ; 61829 
[ 5676.154397] VT-GPIO_BENCHMARK: Pause ; 0 ; 81536 
[ 5677.162349] VT-GPIO_BENCHMARK: Resume ; 0 ; 88369 
[ 5684.878863] VT-GPIO_BENCHMARK: Pause ; 0 ; 67411 
[ 5685.886659] VT-GPIO_BENCHMARK: Resume ; 0 ; 55787 
[ 5694.018657] VT-GPIO_BENCHMARK: Pause ; 0 ; 64537 
[ 5695.045380] VT-GPIO_BENCHMARK: Resume ; 0 ; 55871 
[ 5699.531190] VT-GPIO_BENCHMARK: Pause ; 0 ; 61329 
[ 5700.538292] VT-GPIO_BENCHMARK: Resume ; 0 ; 57287 
[ 5707.391901] VT-GPIO_BENCHMARK: Pause ; 0 ; 79203 
[ 5708.418607] VT-GPIO_BENCHMARK: Resume ; 0 ; 76162 
[ 5716.348063] VT-GPIO_BENCHMARK: Pause ; 0 ; 49621 
[ 5717.355929] VT-GPIO_BENCHMARK: Resume ; 0 ; 46497 
[ 5725.303974] VT-GPIO_BENCHMARK: Pause ; 0 ; 71369 
[ 5726.330572] VT-GPIO_BENCHMARK: Resume ; 0 ; 59079 
[ 5731.009302] VT-GPIO_BENCHMARK: Pause ; 0 ; 68995 
[ 5732.016490] VT-GPIO_BENCHMARK: Resume ; 0 ; 60621 
[ 5738.608354] VT-GPIO_BENCHMARK: Pause ; 0 ; 97701 
[ 5739.635064] VT-GPIO_BENCHMARK: Resume ; 0 ; 75036 
[ 5747.614383] VT-GPIO_BENCHMARK: Pause ; 0 ; 64453 
[ 5748.641017] VT-GPIO_BENCHMARK: Resume ; 0 ; 56080 
[ 5756.742732] VT-GPIO_BENCHMARK: Pause ; 0 ; 85577 
[ 5757.748786] VT-GPIO_BENCHMARK: Resume ; 0 ; 76869 
[ 5761.936541] VT-GPIO_BENCHMARK: Pause ; 0 ; 79161 
[ 5762.944249] VT-GPIO_BENCHMARK: Resume ; 0 ; 66953 
[ 5769.877786] VT-GPIO_BENCHMARK: Pause ; 0 ; 91410 
[ 5770.910669] VT-GPIO_BENCHMARK: Resume ; 0 ; 74870 
[ 5778.950776] VT-GPIO_BENCHMARK: Pause ; 0 ; 58954 
[ 5779.977712] VT-GPIO_BENCHMARK: Resume ; 0 ; 50121 
[ 5787.857259] VT-GPIO_BENCHMARK: Pause ; 0 ; 61829 
[ 5788.865027] VT-GPIO_BENCHMARK: Resume ; 0 ; 54329 
[ 5793.263198] VT-GPIO_BENCHMARK: Pause ; 0 ; 71244 
[ 5794.270569] VT-GPIO_BENCHMARK: Resume ; 0 ; 62620 
[ 5801.074341] VT-GPIO_BENCHMARK: Pause ; 0 ; 80493 
[ 5802.082167] VT-GPIO_BENCHMARK: Resume ; 0 ; 73077 
[ 5810.405229] VT-GPIO_BENCHMARK: Pause ; 0 ; 57204 
[ 5811.431940] VT-GPIO_BENCHMARK: Resume ; 0 ; 47747 
[ 5819.127273] VT-GPIO_BENCHMARK: Pause ; 0 ; 58662 
[ 5820.154075] VT-GPIO_BENCHMARK: Resume ; 0 ; 42080 
[ 5824.786372] VT-GPIO_BENCHMARK: Pause ; 0 ; 59829 
[ 5825.793713] VT-GPIO_BENCHMARK: Resume ; 0 ; 56537 
[ 5832.456672] VT-GPIO_BENCHMARK: Pause ; 0 ; 81743 
[ 5833.483458] VT-GPIO_BENCHMARK: Resume ; 0 ; 71744 
[ 5841.698126] VT-GPIO_BENCHMARK: Pause ; 0 ; 76077 
[ 5842.705983] VT-GPIO_BENCHMARK: Resume ; 0 ; 61328 
[ 5851.499840] VT-GPIO_BENCHMARK: Pause ; 0 ; 60037 
[ 5852.526563] VT-GPIO_BENCHMARK: Resume ; 0 ; 55287 
[ 5856.935876] VT-GPIO_BENCHMARK: Pause ; 0 ; 73078 
[ 5857.943124] VT-GPIO_BENCHMARK: Resume ; 0 ; 61536 
[ 5864.769360] VT-GPIO_BENCHMARK: Pause ; 0 ; 81535 
[ 5865.777246] VT-GPIO_BENCHMARK: Resume ; 0 ; 76119 
[ 5874.201673] VT-GPIO_BENCHMARK: Pause ; 0 ; 72245 
[ 5875.228300] VT-GPIO_BENCHMARK: Resume ; 0 ; 63079 
[ 5882.757747] VT-GPIO_BENCHMARK: Pause ; 0 ; 65912 
[ 5883.765754] VT-GPIO_BENCHMARK: Resume ; 0 ; 54746 
[ 5888.577794] VT-GPIO_BENCHMARK: Pause ; 0 ; 60745 
[ 5889.585532] VT-GPIO_BENCHMARK: Resume ; 0 ; 56996 
[ 5896.169170] VT-GPIO_BENCHMARK: Pause ; 0 ; 77911 
[ 5897.177117] VT-GPIO_BENCHMARK: Resume ; 0 ; 73120 
[ 5904.480866] VT-GPIO_BENCHMARK: Pause ; 0 ; 63329 
[ 5905.488797] VT-GPIO_BENCHMARK: Resume ; 0 ; 62370 
[ 5913.202727] VT-GPIO_BENCHMARK: Pause ; 0 ; 61245 
[ 5914.229392] VT-GPIO_BENCHMARK: Resume ; 0 ; 59162 
[ 5918.727448] VT-GPIO_BENCHMARK: Pause ; 0 ; 67619 
[ 5919.734783] VT-GPIO_BENCHMARK: Resume ; 0 ; 54371 
[ 5926.432782] VT-GPIO_BENCHMARK: Pause ; 0 ; 77119 
[ 5927.440730] VT-GPIO_BENCHMARK: Resume ; 0 ; 72619 
[ 5934.962687] VT-GPIO_BENCHMARK: Pause ; 0 ; 64245 
[ 5935.970509] VT-GPIO_BENCHMARK: Resume ; 0 ; 47080 
[ 5943.506464] VT-GPIO_BENCHMARK: Pause ; 0 ; 76619 
[ 5944.533453] VT-GPIO_BENCHMARK: Resume ; 0 ; 67328 
[ 5949.133404] VT-GPIO_BENCHMARK: Pause ; 0 ; 71286 
[ 5950.140773] VT-GPIO_BENCHMARK: Resume ; 0 ; 62203 
[ 5956.643237] VT-GPIO_BENCHMARK: Pause ; 0 ; 78494 
[ 5957.651153] VT-GPIO_BENCHMARK: Resume ; 0 ; 78161 
[ 5965.322416] VT-GPIO_BENCHMARK: Pause ; 0 ; 68994 
[ 5966.349076] VT-GPIO_BENCHMARK: Resume ; 0 ; 62620 
[ 5973.962003] VT-GPIO_BENCHMARK: Pause ; 0 ; 74869 
[ 5974.969918] VT-GPIO_BENCHMARK: Resume ; 0 ; 62120 
[ 5979.442178] VT-GPIO_BENCHMARK: Pause ; 0 ; 66203 
[ 5980.449580] VT-GPIO_BENCHMARK: Resume ; 0 ; 59704 
[ 5987.893628] VT-GPIO_BENCHMARK: Pause ; 0 ; 91701 
[ 5988.920285] VT-GPIO_BENCHMARK: Resume ; 0 ; 74620 
[ 5996.793990] VT-GPIO_BENCHMARK: Pause ; 0 ; 52038 
[ 5997.801910] VT-GPIO_BENCHMARK: Resume ; 0 ; 43872 
[ 6005.202666] VT-GPIO_BENCHMARK: Pause ; 0 ; 75286 
[ 6006.210643] VT-GPIO_BENCHMARK: Resume ; 0 ; 62454 
[ 6010.850594] VT-GPIO_BENCHMARK: Pause ; 0 ; 61870 
[ 6011.858063] VT-GPIO_BENCHMARK: Resume ; 0 ; 56746 
[ 6018.258377] VT-GPIO_BENCHMARK: Pause ; 0 ; 83285 
[ 6019.266324] VT-GPIO_BENCHMARK: Resume ; 0 ; 75577 
[ 6027.109041] VT-GPIO_BENCHMARK: Pause ; 0 ; 61037 
[ 6028.135613] VT-GPIO_BENCHMARK: Resume ; 0 ; 57412 
[ 6035.620172] VT-GPIO_BENCHMARK: Pause ; 0 ; 65870 
[ 6036.628123] VT-GPIO_BENCHMARK: Resume ; 0 ; 60953 
[ 6041.157586] VT-GPIO_BENCHMARK: Pause ; 0 ; 74577 
[ 6042.165774] VT-GPIO_BENCHMARK: Resume ; 0 ; 58953 
