[ 4971.234277] VT-GPIO_BENCHMARK: Pause ; 0 ; 63371 
[ 4972.258489] VT-GPIO_BENCHMARK: Resume ; 0 ; 57330 
[ 4976.321587] VT-GPIO_BENCHMARK: Pause ; 0 ; 61037 
[ 4977.339721] VT-GPIO_BENCHMARK: Resume ; 0 ; 49330 
[ 4983.730478] VT-GPIO_BENCHMARK: Pause ; 0 ; 72286 
[ 4984.738120] VT-GPIO_BENCHMARK: Resume ; 0 ; 61538 
[ 4992.368270] VT-GPIO_BENCHMARK: Pause ; 0 ; 90535 
[ 4993.392315] VT-GPIO_BENCHMARK: Resume ; 0 ; 71828 
[ 5000.603862] VT-GPIO_BENCHMARK: Pause ; 0 ; 72828 
[ 5001.627956] VT-GPIO_BENCHMARK: Resume ; 0 ; 65537 
[ 5006.400888] VT-GPIO_BENCHMARK: Pause ; 0 ; 62828 
[ 5007.419272] VT-GPIO_BENCHMARK: Resume ; 0 ; 55495 
[ 5014.061672] VT-GPIO_BENCHMARK: Pause ; 0 ; 60453 
[ 5015.087385] VT-GPIO_BENCHMARK: Resume ; 0 ; 60537 
[ 5022.615042] VT-GPIO_BENCHMARK: Pause ; 0 ; 84411 
[ 5023.640418] VT-GPIO_BENCHMARK: Resume ; 0 ; 73411 
[ 5032.024481] VT-GPIO_BENCHMARK: Pause ; 0 ; 71119 
[ 5033.032243] VT-GPIO_BENCHMARK: Resume ; 0 ; 67704 
[ 5037.521117] VT-GPIO_BENCHMARK: Pause ; 0 ; 75245 
[ 5038.527685] VT-GPIO_BENCHMARK: Resume ; 0 ; 58996 
[ 5045.302359] VT-GPIO_BENCHMARK: Pause ; 0 ; 71661 
[ 5046.328800] VT-GPIO_BENCHMARK: Resume ; 0 ; 63912 
[ 5054.095562] VT-GPIO_BENCHMARK: Pause ; 0 ; 76953 
[ 5055.103295] VT-GPIO_BENCHMARK: Resume ; 0 ; 71119 
[ 5063.309869] VT-GPIO_BENCHMARK: Pause ; 0 ; 72328 
[ 5064.335663] VT-GPIO_BENCHMARK: Resume ; 0 ; 61037 
[ 5068.913799] VT-GPIO_BENCHMARK: Pause ; 0 ; 65204 
[ 5069.920466] VT-GPIO_BENCHMARK: Resume ; 0 ; 56204 
[ 5076.677987] VT-GPIO_BENCHMARK: Pause ; 0 ; 66828 
[ 5077.685630] VT-GPIO_BENCHMARK: Resume ; 0 ; 59537 
[ 5085.416946] VT-GPIO_BENCHMARK: Pause ; 0 ; 93243 
[ 5086.443227] VT-GPIO_BENCHMARK: Resume ; 0 ; 70620 
[ 5093.740777] VT-GPIO_BENCHMARK: Pause ; 0 ; 71536 
[ 5094.767641] VT-GPIO_BENCHMARK: Resume ; 0 ; 61329 
[ 5099.139496] VT-GPIO_BENCHMARK: Pause ; 0 ; 61245 
[ 5100.158403] VT-GPIO_BENCHMARK: Resume ; 0 ; 57871 
[ 5106.918971] VT-GPIO_BENCHMARK: Pause ; 0 ; 64370 
[ 5107.926678] VT-GPIO_BENCHMARK: Resume ; 0 ; 57621 
[ 5115.715987] VT-GPIO_BENCHMARK: Pause ; 0 ; 92534 
[ 5116.742239] VT-GPIO_BENCHMARK: Resume ; 0 ; 74412 
[ 5123.963932] VT-GPIO_BENCHMARK: Pause ; 0 ; 61329 
[ 5124.971610] VT-GPIO_BENCHMARK: Resume ; 0 ; 58579 
[ 5129.829282] VT-GPIO_BENCHMARK: Pause ; 0 ; 73245 
[ 5130.848187] VT-GPIO_BENCHMARK: Resume ; 0 ; 65746 
[ 5137.133297] VT-GPIO_BENCHMARK: Pause ; 0 ; 71787 
[ 5138.141062] VT-GPIO_BENCHMARK: Resume ; 0 ; 61828 
[ 5145.968596] VT-GPIO_BENCHMARK: Pause ; 0 ; 88618 
[ 5146.995220] VT-GPIO_BENCHMARK: Resume ; 0 ; 79661 
[ 5154.398304] VT-GPIO_BENCHMARK: Pause ; 0 ; 72244 
[ 5155.405995] VT-GPIO_BENCHMARK: Resume ; 0 ; 56412 
[ 5159.705697] VT-GPIO_BENCHMARK: Pause ; 0 ; 75118 
[ 5160.713538] VT-GPIO_BENCHMARK: Resume ; 0 ; 58662 
[ 5167.318623] VT-GPIO_BENCHMARK: Pause ; 0 ; 73244 
[ 5168.345337] VT-GPIO_BENCHMARK: Resume ; 0 ; 63329 
[ 5176.259621] VT-GPIO_BENCHMARK: Pause ; 0 ; 89701 
[ 5177.286231] VT-GPIO_BENCHMARK: Resume ; 0 ; 72619 
[ 5184.703172] VT-GPIO_BENCHMARK: Pause ; 0 ; 70620 
[ 5185.717007] VT-GPIO_BENCHMARK: Resume ; 0 ; 62579 
[ 5190.442562] VT-GPIO_BENCHMARK: Pause ; 0 ; 75452 
[ 5191.461498] VT-GPIO_BENCHMARK: Resume ; 0 ; 68078 
[ 5198.558973] VT-GPIO_BENCHMARK: Pause ; 0 ; 74953 
[ 5199.586107] VT-GPIO_BENCHMARK: Resume ; 0 ; 61620 
[ 5207.587454] VT-GPIO_BENCHMARK: Pause ; 0 ; 90451 
[ 5208.621913] VT-GPIO_BENCHMARK: Resume ; 0 ; 75536 
[ 5216.145028] VT-GPIO_BENCHMARK: Pause ; 0 ; 64787 
[ 5217.152880] VT-GPIO_BENCHMARK: Resume ; 0 ; 55954 
[ 5221.580254] VT-GPIO_BENCHMARK: Pause ; 0 ; 63953 
[ 5222.588051] VT-GPIO_BENCHMARK: Resume ; 0 ; 57162 
[ 5229.900056] VT-GPIO_BENCHMARK: Pause ; 0 ; 76494 
[ 5230.926704] VT-GPIO_BENCHMARK: Resume ; 0 ; 60620 
[ 5238.964546] VT-GPIO_BENCHMARK: Pause ; 0 ; 78160 
[ 5239.972282] VT-GPIO_BENCHMARK: Resume ; 0 ; 80868 
[ 5247.397246] VT-GPIO_BENCHMARK: Pause ; 0 ; 71328 
[ 5248.405037] VT-GPIO_BENCHMARK: Resume ; 0 ; 59954 
[ 5252.810617] VT-GPIO_BENCHMARK: Pause ; 0 ; 60786 
[ 5253.829486] VT-GPIO_BENCHMARK: Resume ; 0 ; 53079 
[ 5261.088810] VT-GPIO_BENCHMARK: Pause ; 0 ; 65536 
[ 5262.096481] VT-GPIO_BENCHMARK: Resume ; 0 ; 60412 
[ 5270.363956] VT-GPIO_BENCHMARK: Pause ; 0 ; 76660 
[ 5271.371837] VT-GPIO_BENCHMARK: Resume ; 0 ; 72369 
[ 5278.667134] VT-GPIO_BENCHMARK: Pause ; 0 ; 72620 
[ 5279.693907] VT-GPIO_BENCHMARK: Resume ; 0 ; 61287 
[ 5284.295908] VT-GPIO_BENCHMARK: Pause ; 0 ; 63536 
[ 5285.302879] VT-GPIO_BENCHMARK: Resume ; 0 ; 55578 
[ 5292.449640] VT-GPIO_BENCHMARK: Pause ; 0 ; 61828 
[ 5293.476509] VT-GPIO_BENCHMARK: Resume ; 0 ; 57245 
[ 5301.633175] VT-GPIO_BENCHMARK: Pause ; 0 ; 90493 
[ 5302.659861] VT-GPIO_BENCHMARK: Resume ; 0 ; 76369 
[ 5311.004496] VT-GPIO_BENCHMARK: Pause ; 0 ; 75785 
[ 5312.031295] VT-GPIO_BENCHMARK: Resume ; 0 ; 63578 
[ 5316.493586] VT-GPIO_BENCHMARK: Pause ; 0 ; 68369 
[ 5317.512544] VT-GPIO_BENCHMARK: Resume ; 0 ; 60996 
[ 5324.701719] VT-GPIO_BENCHMARK: Pause ; 0 ; 84285 
[ 5325.709495] VT-GPIO_BENCHMARK: Resume ; 0 ; 57662 
[ 5334.104737] VT-GPIO_BENCHMARK: Pause ; 0 ; 99284 
[ 5335.131286] VT-GPIO_BENCHMARK: Resume ; 0 ; 78952 
[ 5343.299558] VT-GPIO_BENCHMARK: Pause ; 0 ; 82119 
[ 5344.307345] VT-GPIO_BENCHMARK: Resume ; 0 ; 65620 
[ 5348.946388] VT-GPIO_BENCHMARK: Pause ; 0 ; 61995 
[ 5349.965323] VT-GPIO_BENCHMARK: Resume ; 0 ; 56954 
[ 5357.110349] VT-GPIO_BENCHMARK: Pause ; 0 ; 63829 
[ 5358.118260] VT-GPIO_BENCHMARK: Resume ; 0 ; 55120 
[ 5366.426701] VT-GPIO_BENCHMARK: Pause ; 0 ; 79993 
[ 5367.434795] VT-GPIO_BENCHMARK: Resume ; 0 ; 75452 
[ 5374.736011] VT-GPIO_BENCHMARK: Pause ; 0 ; 74202 
[ 5375.743923] VT-GPIO_BENCHMARK: Resume ; 0 ; 61911 
[ 5380.002885] VT-GPIO_BENCHMARK: Pause ; 0 ; 63870 
[ 5381.010045] VT-GPIO_BENCHMARK: Resume ; 0 ; 60537 
[ 5388.300668] VT-GPIO_BENCHMARK: Pause ; 0 ; 64287 
[ 5389.327479] VT-GPIO_BENCHMARK: Resume ; 0 ; 57787 
[ 5396.752090] VT-GPIO_BENCHMARK: Pause ; 0 ; 93035 
[ 5397.778861] VT-GPIO_BENCHMARK: Resume ; 0 ; 74786 
[ 5406.005615] VT-GPIO_BENCHMARK: Pause ; 0 ; 69328 
[ 5407.013344] VT-GPIO_BENCHMARK: Resume ; 0 ; 59620 
[ 5411.432605] VT-GPIO_BENCHMARK: Pause ; 0 ; 68994 
[ 5412.451601] VT-GPIO_BENCHMARK: Resume ; 0 ; 63954 
[ 5419.549629] VT-GPIO_BENCHMARK: Pause ; 0 ; 72245 
[ 5420.557453] VT-GPIO_BENCHMARK: Resume ; 0 ; 63203 
[ 5429.026626] VT-GPIO_BENCHMARK: Pause ; 0 ; 82952 
[ 5430.042349] VT-GPIO_BENCHMARK: Resume ; 0 ; 74161 
[ 5437.287573] VT-GPIO_BENCHMARK: Pause ; 0 ; 56871 
[ 5438.295343] VT-GPIO_BENCHMARK: Resume ; 0 ; 52829 
[ 5442.749141] VT-GPIO_BENCHMARK: Pause ; 0 ; 81452 
[ 5443.768092] VT-GPIO_BENCHMARK: Resume ; 0 ; 61453 
[ 5450.831253] VT-GPIO_BENCHMARK: Pause ; 0 ; 57662 
[ 5451.857827] VT-GPIO_BENCHMARK: Resume ; 0 ; 59329 
[ 5459.264533] VT-GPIO_BENCHMARK: Pause ; 0 ; 74494 
[ 5460.272356] VT-GPIO_BENCHMARK: Resume ; 0 ; 71952 
[ 5468.570393] VT-GPIO_BENCHMARK: Pause ; 0 ; 71994 
[ 5469.578156] VT-GPIO_BENCHMARK: Resume ; 0 ; 62578 
[ 5474.011387] VT-GPIO_BENCHMARK: Pause ; 0 ; 61787 
[ 5475.018416] VT-GPIO_BENCHMARK: Resume ; 0 ; 58495 
[ 5482.131456] VT-GPIO_BENCHMARK: Pause ; 0 ; 67494 
[ 5483.139189] VT-GPIO_BENCHMARK: Resume ; 0 ; 57870 
[ 5490.697987] VT-GPIO_BENCHMARK: Pause ; 0 ; 83952 
[ 5491.724607] VT-GPIO_BENCHMARK: Resume ; 0 ; 78994 
[ 5499.831092] VT-GPIO_BENCHMARK: Pause ; 0 ; 71286 
[ 5500.857938] VT-GPIO_BENCHMARK: Resume ; 0 ; 65203 
[ 5505.650537] VT-GPIO_BENCHMARK: Pause ; 0 ; 78119 
[ 5506.669462] VT-GPIO_BENCHMARK: Resume ; 0 ; 60829 
[ 5513.473498] VT-GPIO_BENCHMARK: Pause ; 0 ; 70244 
[ 5514.481256] VT-GPIO_BENCHMARK: Resume ; 0 ; 59954 
[ 5522.047461] VT-GPIO_BENCHMARK: Pause ; 0 ; 79619 
[ 5523.055175] VT-GPIO_BENCHMARK: Resume ; 0 ; 70662 
[ 5531.198944] VT-GPIO_BENCHMARK: Pause ; 0 ; 68995 
[ 5532.225627] VT-GPIO_BENCHMARK: Resume ; 0 ; 56121 
[ 5536.727236] VT-GPIO_BENCHMARK: Pause ; 0 ; 70661 
[ 5537.734198] VT-GPIO_BENCHMARK: Resume ; 0 ; 59412 
[ 5544.691911] VT-GPIO_BENCHMARK: Pause ; 0 ; 79535 
[ 5545.703415] VT-GPIO_BENCHMARK: Resume ; 0 ; 60204 
[ 5553.514867] VT-GPIO_BENCHMARK: Pause ; 0 ; 78744 
[ 5554.522786] VT-GPIO_BENCHMARK: Resume ; 0 ; 73244 
[ 5562.497252] VT-GPIO_BENCHMARK: Pause ; 0 ; 74828 
[ 5563.504943] VT-GPIO_BENCHMARK: Resume ; 0 ; 54579 
[ 5568.238157] VT-GPIO_BENCHMARK: Pause ; 0 ; 67119 
[ 5569.245307] VT-GPIO_BENCHMARK: Resume ; 0 ; 53121 
[ 5576.065392] VT-GPIO_BENCHMARK: Pause ; 0 ; 63078 
[ 5577.073370] VT-GPIO_BENCHMARK: Resume ; 0 ; 54163 
[ 5584.789900] VT-GPIO_BENCHMARK: Pause ; 0 ; 76036 
[ 5585.797676] VT-GPIO_BENCHMARK: Resume ; 0 ; 73828 
[ 5593.929614] VT-GPIO_BENCHMARK: Pause ; 0 ; 62870 
[ 5594.956335] VT-GPIO_BENCHMARK: Resume ; 0 ; 56079 
[ 5599.442125] VT-GPIO_BENCHMARK: Pause ; 0 ; 67828 
[ 5600.449216] VT-GPIO_BENCHMARK: Resume ; 0 ; 60454 
[ 5607.302791] VT-GPIO_BENCHMARK: Pause ; 0 ; 74203 
[ 5608.329467] VT-GPIO_BENCHMARK: Resume ; 0 ; 59412 
[ 5616.258945] VT-GPIO_BENCHMARK: Pause ; 0 ; 83410 
[ 5617.266788] VT-GPIO_BENCHMARK: Resume ; 0 ; 73411 
[ 5625.214789] VT-GPIO_BENCHMARK: Pause ; 0 ; 61204 
[ 5626.241392] VT-GPIO_BENCHMARK: Resume ; 0 ; 60996 
[ 5630.920056] VT-GPIO_BENCHMARK: Pause ; 0 ; 64036 
[ 5631.927242] VT-GPIO_BENCHMARK: Resume ; 0 ; 54996 
[ 5638.519053] VT-GPIO_BENCHMARK: Pause ; 0 ; 72953 
[ 5639.545796] VT-GPIO_BENCHMARK: Resume ; 0 ; 64870 
[ 5647.525068] VT-GPIO_BENCHMARK: Pause ; 0 ; 82827 
[ 5648.551697] VT-GPIO_BENCHMARK: Resume ; 0 ; 76952 
[ 5656.653371] VT-GPIO_BENCHMARK: Pause ; 0 ; 76786 
[ 5657.659425] VT-GPIO_BENCHMARK: Resume ; 0 ; 64328 
[ 5661.847153] VT-GPIO_BENCHMARK: Pause ; 0 ; 68828 
[ 5662.854859] VT-GPIO_BENCHMARK: Resume ; 0 ; 64620 
[ 5669.788364] VT-GPIO_BENCHMARK: Pause ; 0 ; 74494 
[ 5670.821207] VT-GPIO_BENCHMARK: Resume ; 0 ; 64245 
[ 5678.861299] VT-GPIO_BENCHMARK: Pause ; 0 ; 79243 
[ 5679.888233] VT-GPIO_BENCHMARK: Resume ; 0 ; 74744 
[ 5687.767748] VT-GPIO_BENCHMARK: Pause ; 0 ; 66036 
[ 5688.775512] VT-GPIO_BENCHMARK: Resume ; 0 ; 58204 
[ 5693.173664] VT-GPIO_BENCHMARK: Pause ; 0 ; 76786 
[ 5694.181024] VT-GPIO_BENCHMARK: Resume ; 0 ; 66162 
[ 5700.984705] VT-GPIO_BENCHMARK: Pause ; 0 ; 60995 
[ 5701.992565] VT-GPIO_BENCHMARK: Resume ; 0 ; 56745 
[ 5710.315596] VT-GPIO_BENCHMARK: Pause ; 0 ; 92493 
[ 5711.342333] VT-GPIO_BENCHMARK: Resume ; 0 ; 77495 
[ 5719.037596] VT-GPIO_BENCHMARK: Pause ; 0 ; 59912 
[ 5720.064401] VT-GPIO_BENCHMARK: Resume ; 0 ; 55329 
[ 5724.696661] VT-GPIO_BENCHMARK: Pause ; 0 ; 70286 
[ 5725.703998] VT-GPIO_BENCHMARK: Resume ; 0 ; 60746 
[ 5732.366903] VT-GPIO_BENCHMARK: Pause ; 0 ; 63037 
[ 5733.393681] VT-GPIO_BENCHMARK: Resume ; 0 ; 56621 
[ 5741.608327] VT-GPIO_BENCHMARK: Pause ; 0 ; 83702 
[ 5742.616177] VT-GPIO_BENCHMARK: Resume ; 0 ; 74078 
[ 5751.409994] VT-GPIO_BENCHMARK: Pause ; 0 ; 68745 
[ 5752.436711] VT-GPIO_BENCHMARK: Resume ; 0 ; 61996 
[ 5756.845977] VT-GPIO_BENCHMARK: Pause ; 0 ; 60954 
[ 5757.853222] VT-GPIO_BENCHMARK: Resume ; 0 ; 55579 
[ 5764.679416] VT-GPIO_BENCHMARK: Pause ; 0 ; 69495 
[ 5765.687304] VT-GPIO_BENCHMARK: Resume ; 0 ; 60829 
[ 5774.111705] VT-GPIO_BENCHMARK: Pause ; 0 ; 84785 
[ 5775.138363] VT-GPIO_BENCHMARK: Resume ; 0 ; 81327 
[ 5782.667760] VT-GPIO_BENCHMARK: Pause ; 0 ; 71702 
[ 5783.675765] VT-GPIO_BENCHMARK: Resume ; 0 ; 59746 
[ 5788.487749] VT-GPIO_BENCHMARK: Pause ; 0 ; 72161 
[ 5789.495504] VT-GPIO_BENCHMARK: Resume ; 0 ; 58829 
[ 5796.079052] VT-GPIO_BENCHMARK: Pause ; 0 ; 57287 
[ 5797.087038] VT-GPIO_BENCHMARK: Resume ; 0 ; 56579 
[ 5804.390781] VT-GPIO_BENCHMARK: Pause ; 0 ; 82243 
[ 5805.398663] VT-GPIO_BENCHMARK: Resume ; 0 ; 74661 
[ 5813.112574] VT-GPIO_BENCHMARK: Pause ; 0 ; 62244 
[ 5814.139234] VT-GPIO_BENCHMARK: Resume ; 0 ; 57162 
[ 5818.637259] VT-GPIO_BENCHMARK: Pause ; 0 ; 62662 
[ 5819.644563] VT-GPIO_BENCHMARK: Resume ; 0 ; 53537 
[ 5826.342543] VT-GPIO_BENCHMARK: Pause ; 0 ; 63620 
[ 5827.350457] VT-GPIO_BENCHMARK: Resume ; 0 ; 55703 
[ 5834.872451] VT-GPIO_BENCHMARK: Pause ; 0 ; 80993 
[ 5835.880265] VT-GPIO_BENCHMARK: Resume ; 0 ; 77244 
[ 5843.416137] VT-GPIO_BENCHMARK: Pause ; 0 ; 74703 
[ 5844.443094] VT-GPIO_BENCHMARK: Resume ; 0 ; 58828 
[ 5849.043054] VT-GPIO_BENCHMARK: Pause ; 0 ; 62829 
[ 5850.050416] VT-GPIO_BENCHMARK: Resume ; 0 ; 57454 
[ 5856.552834] VT-GPIO_BENCHMARK: Pause ; 0 ; 69911 
[ 5857.560714] VT-GPIO_BENCHMARK: Resume ; 0 ; 58411 
[ 5865.231966] VT-GPIO_BENCHMARK: Pause ; 0 ; 87576 
[ 5866.258619] VT-GPIO_BENCHMARK: Resume ; 0 ; 71911 
[ 5873.871514] VT-GPIO_BENCHMARK: Pause ; 0 ; 66453 
[ 5874.879397] VT-GPIO_BENCHMARK: Resume ; 0 ; 54537 
[ 5879.351662] VT-GPIO_BENCHMARK: Pause ; 0 ; 60495 
[ 5880.359068] VT-GPIO_BENCHMARK: Resume ; 0 ; 58662 
[ 5887.803061] VT-GPIO_BENCHMARK: Pause ; 0 ; 74535 
[ 5888.829717] VT-GPIO_BENCHMARK: Resume ; 0 ; 68786 
[ 5896.703427] VT-GPIO_BENCHMARK: Pause ; 0 ; 82368 
[ 5897.711335] VT-GPIO_BENCHMARK: Resume ; 0 ; 73661 
[ 5905.112005] VT-GPIO_BENCHMARK: Pause ; 0 ; 64745 
[ 5906.119980] VT-GPIO_BENCHMARK: Resume ; 0 ; 57829 
[ 5910.759923] VT-GPIO_BENCHMARK: Pause ; 0 ; 64286 
[ 5911.767378] VT-GPIO_BENCHMARK: Resume ; 0 ; 58162 
[ 5918.167643] VT-GPIO_BENCHMARK: Pause ; 0 ; 65703 
[ 5919.175594] VT-GPIO_BENCHMARK: Resume ; 0 ; 63203 
[ 5927.018302] VT-GPIO_BENCHMARK: Pause ; 0 ; 90285 
[ 5928.044863] VT-GPIO_BENCHMARK: Resume ; 0 ; 81119 
[ 5935.529362] VT-GPIO_BENCHMARK: Pause ; 0 ; 69786 
[ 5936.537310] VT-GPIO_BENCHMARK: Resume ; 0 ; 61620 
[ 5941.066735] VT-GPIO_BENCHMARK: Pause ; 0 ; 63120 
[ 5942.074954] VT-GPIO_BENCHMARK: Resume ; 0 ; 54996 
