[30202.641022] VT-GPIO_BENCHMARK: Pause ; 0 ; 139904 
[30203.656566] VT-GPIO_BENCHMARK: Resume ; 0 ; 104782 
[30206.681257] VT-GPIO_BENCHMARK: Pause ; 0 ; 175485 
[30207.705208] VT-GPIO_BENCHMARK: Resume ; 0 ; 135405 
[30212.809769] VT-GPIO_BENCHMARK: Pause ; 0 ; 142988 
[30213.830455] VT-GPIO_BENCHMARK: Resume ; 0 ; 122740 
[30216.598487] VT-GPIO_BENCHMARK: Pause ; 0 ; 149987 
[30217.622448] VT-GPIO_BENCHMARK: Resume ; 0 ; 102366 
[30222.832379] VT-GPIO_BENCHMARK: Pause ; 0 ; 145988 
[30223.853285] VT-GPIO_BENCHMARK: Resume ; 0 ; 133946 
[30226.836574] VT-GPIO_BENCHMARK: Pause ; 0 ; 187067 
[30227.860763] VT-GPIO_BENCHMARK: Resume ; 0 ; 119657 
[30232.995208] VT-GPIO_BENCHMARK: Pause ; 0 ; 132822 
[30234.015794] VT-GPIO_BENCHMARK: Resume ; 0 ; 152820 
[30236.802799] VT-GPIO_BENCHMARK: Pause ; 0 ; 119489 
[30237.822786] VT-GPIO_BENCHMARK: Resume ; 0 ; 100491 
[30243.026349] VT-GPIO_BENCHMARK: Pause ; 0 ; 149445 
[30244.047380] VT-GPIO_BENCHMARK: Resume ; 0 ; 135613 
[30247.030811] VT-GPIO_BENCHMARK: Pause ; 0 ; 126698 
[30248.050649] VT-GPIO_BENCHMARK: Resume ; 0 ; 101783 
[30253.188996] VT-GPIO_BENCHMARK: Pause ; 0 ; 107199 
[30254.194868] VT-GPIO_BENCHMARK: Resume ; 0 ; 97908 
[30256.660088] VT-GPIO_BENCHMARK: Pause ; 0 ; 121448 
[30257.680372] VT-GPIO_BENCHMARK: Resume ; 0 ; 108240 
[30262.022975] VT-GPIO_BENCHMARK: Pause ; 0 ; 107407 
[30263.028842] VT-GPIO_BENCHMARK: Resume ; 0 ; 122697 
[30266.041213] VT-GPIO_BENCHMARK: Pause ; 0 ; 114824 
[30267.048088] VT-GPIO_BENCHMARK: Resume ; 0 ; 110532 
[30272.133951] VT-GPIO_BENCHMARK: Pause ; 0 ; 116281 
[30273.154012] VT-GPIO_BENCHMARK: Resume ; 0 ; 94242 
[30275.641949] VT-GPIO_BENCHMARK: Pause ; 0 ; 141780 
[30276.662750] VT-GPIO_BENCHMARK: Resume ; 0 ; 106908 
[30280.998599] VT-GPIO_BENCHMARK: Pause ; 0 ; 111616 
[30282.018741] VT-GPIO_BENCHMARK: Resume ; 0 ; 90742 
[30284.752368] VT-GPIO_BENCHMARK: Pause ; 0 ; 159528 
[30285.779694] VT-GPIO_BENCHMARK: Resume ; 0 ; 130072 
[30290.904205] VT-GPIO_BENCHMARK: Pause ; 0 ; 133989 
[30291.930548] VT-GPIO_BENCHMARK: Resume ; 0 ; 126031 
[30294.902849] VT-GPIO_BENCHMARK: Pause ; 0 ; 151070 
[30295.930165] VT-GPIO_BENCHMARK: Resume ; 0 ; 128447 
[30301.074954] VT-GPIO_BENCHMARK: Pause ; 0 ; 113615 
[30302.095376] VT-GPIO_BENCHMARK: Resume ; 0 ; 98075 
[30304.774372] VT-GPIO_BENCHMARK: Pause ; 0 ; 166569 
[30305.801737] VT-GPIO_BENCHMARK: Resume ; 0 ; 127906 
[30310.965401] VT-GPIO_BENCHMARK: Pause ; 0 ; 147154 
[30311.992003] VT-GPIO_BENCHMARK: Resume ; 0 ; 121906 
[30314.996349] VT-GPIO_BENCHMARK: Pause ; 0 ; 126364 
[30316.017407] VT-GPIO_BENCHMARK: Resume ; 0 ; 103366 
[30321.136719] VT-GPIO_BENCHMARK: Pause ; 0 ; 109699 
[30322.142556] VT-GPIO_BENCHMARK: Resume ; 0 ; 97741 
[30324.994450] VT-GPIO_BENCHMARK: Pause ; 0 ; 172860 
[30326.021804] VT-GPIO_BENCHMARK: Resume ; 0 ; 125239 
[30331.089963] VT-GPIO_BENCHMARK: Pause ; 0 ; 142071 
[30332.097788] VT-GPIO_BENCHMARK: Resume ; 0 ; 131031 
[30335.257019] VT-GPIO_BENCHMARK: Pause ; 0 ; 135489 
[30336.276332] VT-GPIO_BENCHMARK: Resume ; 0 ; 97450 
[30341.282049] VT-GPIO_BENCHMARK: Pause ; 0 ; 112116 
[30342.308576] VT-GPIO_BENCHMARK: Resume ; 0 ; 95159 
[30345.353940] VT-GPIO_BENCHMARK: Pause ; 0 ; 116656 
[30346.360782] VT-GPIO_BENCHMARK: Resume ; 0 ; 111699 
[30351.456427] VT-GPIO_BENCHMARK: Pause ; 0 ; 108032 
[30352.464283] VT-GPIO_BENCHMARK: Resume ; 0 ; 94700 
[30355.263750] VT-GPIO_BENCHMARK: Pause ; 0 ; 120573 
[30356.284938] VT-GPIO_BENCHMARK: Resume ; 0 ; 110074 
[30361.502726] VT-GPIO_BENCHMARK: Pause ; 0 ; 113824 
[30362.510375] VT-GPIO_BENCHMARK: Resume ; 0 ; 99492 
[30365.627205] VT-GPIO_BENCHMARK: Pause ; 0 ; 121822 
[30366.648523] VT-GPIO_BENCHMARK: Resume ; 0 ; 112199 
[30371.698320] VT-GPIO_BENCHMARK: Pause ; 0 ; 119365 
[30372.706089] VT-GPIO_BENCHMARK: Resume ; 0 ; 96159 
[30375.433136] VT-GPIO_BENCHMARK: Pause ; 0 ; 124031 
[30376.454498] VT-GPIO_BENCHMARK: Resume ; 0 ; 105324 
[30381.714263] VT-GPIO_BENCHMARK: Pause ; 0 ; 116573 
[30382.740887] VT-GPIO_BENCHMARK: Resume ; 0 ; 130781 
[30385.830109] VT-GPIO_BENCHMARK: Pause ; 0 ; 133989 
[30386.851189] VT-GPIO_BENCHMARK: Resume ; 0 ; 106407 
[30391.924656] VT-GPIO_BENCHMARK: Pause ; 0 ; 111782 
[30392.945264] VT-GPIO_BENCHMARK: Resume ; 0 ; 94575 
[30395.393026] VT-GPIO_BENCHMARK: Pause ; 0 ; 116657 
[30396.399833] VT-GPIO_BENCHMARK: Resume ; 0 ; 100658 
[30400.771243] VT-GPIO_BENCHMARK: Pause ; 0 ; 111741 
[30401.791950] VT-GPIO_BENCHMARK: Resume ; 0 ; 100367 
[30404.506207] VT-GPIO_BENCHMARK: Pause ; 0 ; 146946 
[30405.515266] VT-GPIO_BENCHMARK: Resume ; 0 ; 127947 
[30410.650265] VT-GPIO_BENCHMARK: Pause ; 0 ; 129322 
[30411.682985] VT-GPIO_BENCHMARK: Resume ; 0 ; 138029 
[30414.676226] VT-GPIO_BENCHMARK: Pause ; 0 ; 150695 
[30415.703576] VT-GPIO_BENCHMARK: Resume ; 0 ; 107324 
[30420.840886] VT-GPIO_BENCHMARK: Pause ; 0 ; 112532 
[30421.861371] VT-GPIO_BENCHMARK: Resume ; 0 ; 96075 
[30424.466848] VT-GPIO_BENCHMARK: Pause ; 0 ; 162403 
[30425.494213] VT-GPIO_BENCHMARK: Resume ; 0 ; 127365 
[30430.675412] VT-GPIO_BENCHMARK: Pause ; 0 ; 113615 
[30431.683227] VT-GPIO_BENCHMARK: Resume ; 0 ; 92450 
[30434.472815] VT-GPIO_BENCHMARK: Pause ; 0 ; 118865 
[30435.480530] VT-GPIO_BENCHMARK: Resume ; 0 ; 94033 
[30440.658879] VT-GPIO_BENCHMARK: Pause ; 0 ; 134446 
[30441.664734] VT-GPIO_BENCHMARK: Resume ; 0 ; 94867 
[30444.288126] VT-GPIO_BENCHMARK: Pause ; 0 ; 163944 
[30445.315333] VT-GPIO_BENCHMARK: Resume ; 0 ; 128614 
[30450.504112] VT-GPIO_BENCHMARK: Pause ; 0 ; 116532 
[30451.512021] VT-GPIO_BENCHMARK: Resume ; 0 ; 101783 
[30454.264346] VT-GPIO_BENCHMARK: Pause ; 0 ; 125781 
[30455.271332] VT-GPIO_BENCHMARK: Resume ; 0 ; 111365 
[30460.497225] VT-GPIO_BENCHMARK: Pause ; 0 ; 131031 
[30461.503200] VT-GPIO_BENCHMARK: Resume ; 0 ; 96617 
[30464.024673] VT-GPIO_BENCHMARK: Pause ; 0 ; 151487 
[30465.052137] VT-GPIO_BENCHMARK: Resume ; 0 ; 122864 
[30470.352702] VT-GPIO_BENCHMARK: Pause ; 0 ; 137488 
[30471.379259] VT-GPIO_BENCHMARK: Resume ; 0 ; 118323 
[30474.497552] VT-GPIO_BENCHMARK: Pause ; 0 ; 165986 
[30475.525050] VT-GPIO_BENCHMARK: Resume ; 0 ; 147904 
[30480.539306] VT-GPIO_BENCHMARK: Pause ; 0 ; 145821 
[30481.545436] VT-GPIO_BENCHMARK: Resume ; 0 ; 145405 
[30484.389943] VT-GPIO_BENCHMARK: Pause ; 0 ; 144571 
[30485.417296] VT-GPIO_BENCHMARK: Resume ; 0 ; 124448 
[30490.589942] VT-GPIO_BENCHMARK: Pause ; 0 ; 103908 
[30491.597928] VT-GPIO_BENCHMARK: Resume ; 0 ; 101408 
[30494.367524] VT-GPIO_BENCHMARK: Pause ; 0 ; 113199 
[30495.374448] VT-GPIO_BENCHMARK: Resume ; 0 ; 107907 
[30500.574113] VT-GPIO_BENCHMARK: Pause ; 0 ; 109240 
[30501.594754] VT-GPIO_BENCHMARK: Resume ; 0 ; 95617 
[30504.143793] VT-GPIO_BENCHMARK: Pause ; 0 ; 158195 
[30505.171107] VT-GPIO_BENCHMARK: Resume ; 0 ; 132739 
[30510.446612] VT-GPIO_BENCHMARK: Pause ; 0 ; 140446 
[30511.473074] VT-GPIO_BENCHMARK: Resume ; 0 ; 118989 
[30514.566949] VT-GPIO_BENCHMARK: Pause ; 0 ; 165486 
[30515.594246] VT-GPIO_BENCHMARK: Resume ; 0 ; 131197 
[30520.634935] VT-GPIO_BENCHMARK: Pause ; 0 ; 108824 
[30521.655484] VT-GPIO_BENCHMARK: Resume ; 0 ; 93450 
[30524.170246] VT-GPIO_BENCHMARK: Pause ; 0 ; 153278 
[30525.197714] VT-GPIO_BENCHMARK: Resume ; 0 ; 122698 
[30530.464334] VT-GPIO_BENCHMARK: Pause ; 0 ; 133739 
[30531.474971] VT-GPIO_BENCHMARK: Resume ; 0 ; 145196 
[30534.537392] VT-GPIO_BENCHMARK: Pause ; 0 ; 151612 
[30535.564683] VT-GPIO_BENCHMARK: Resume ; 0 ; 137030 
[30540.614331] VT-GPIO_BENCHMARK: Pause ; 0 ; 110033 
[30541.620298] VT-GPIO_BENCHMARK: Resume ; 0 ; 98492 
[30544.251884] VT-GPIO_BENCHMARK: Pause ; 0 ; 153904 
[30545.279343] VT-GPIO_BENCHMARK: Resume ; 0 ; 121573 
[30550.477701] VT-GPIO_BENCHMARK: Pause ; 0 ; 138863 
[30551.504353] VT-GPIO_BENCHMARK: Resume ; 0 ; 128989 
[30554.611931] VT-GPIO_BENCHMARK: Pause ; 0 ; 169819 
[30555.639345] VT-GPIO_BENCHMARK: Resume ; 0 ; 122365 
[30560.651043] VT-GPIO_BENCHMARK: Pause ; 0 ; 128738 
[30561.671774] VT-GPIO_BENCHMARK: Resume ; 0 ; 120823 
[30564.410087] VT-GPIO_BENCHMARK: Pause ; 0 ; 154153 
[30565.437363] VT-GPIO_BENCHMARK: Resume ; 0 ; 127365 
[30570.704271] VT-GPIO_BENCHMARK: Pause ; 0 ; 145029 
[30571.712173] VT-GPIO_BENCHMARK: Resume ; 0 ; 116865 
[30574.764731] VT-GPIO_BENCHMARK: Pause ; 0 ; 166111 
[30575.799869] VT-GPIO_BENCHMARK: Resume ; 0 ; 130114 
[30580.860260] VT-GPIO_BENCHMARK: Pause ; 0 ; 151070 
[30581.866270] VT-GPIO_BENCHMARK: Resume ; 0 ; 122656 
[30584.720671] VT-GPIO_BENCHMARK: Pause ; 0 ; 116615 
[30585.727445] VT-GPIO_BENCHMARK: Resume ; 0 ; 107115 
[30590.898514] VT-GPIO_BENCHMARK: Pause ; 0 ; 111448 
[30591.925134] VT-GPIO_BENCHMARK: Resume ; 0 ; 95450 
[30594.663202] VT-GPIO_BENCHMARK: Pause ; 0 ; 126323 
[30595.684291] VT-GPIO_BENCHMARK: Resume ; 0 ; 109574 
[30600.939857] VT-GPIO_BENCHMARK: Pause ; 0 ; 103533 
[30601.945889] VT-GPIO_BENCHMARK: Resume ; 0 ; 98158 
[30604.748049] VT-GPIO_BENCHMARK: Pause ; 0 ; 155195 
[30605.775436] VT-GPIO_BENCHMARK: Resume ; 0 ; 148071 
[30610.847896] VT-GPIO_BENCHMARK: Pause ; 0 ; 142404 
[30611.874744] VT-GPIO_BENCHMARK: Resume ; 0 ; 122365 
[30614.837862] VT-GPIO_BENCHMARK: Pause ; 0 ; 126948 
[30615.859386] VT-GPIO_BENCHMARK: Resume ; 0 ; 108699 
[30621.021561] VT-GPIO_BENCHMARK: Pause ; 0 ; 103366 
[30622.027585] VT-GPIO_BENCHMARK: Resume ; 0 ; 97825 
[30624.789963] VT-GPIO_BENCHMARK: Pause ; 0 ; 139363 
[30625.798890] VT-GPIO_BENCHMARK: Resume ; 0 ; 110740 
[30630.935844] VT-GPIO_BENCHMARK: Pause ; 0 ; 116948 
[30631.943506] VT-GPIO_BENCHMARK: Resume ; 0 ; 95700 
[30634.722617] VT-GPIO_BENCHMARK: Pause ; 0 ; 123239 
[30635.743869] VT-GPIO_BENCHMARK: Resume ; 0 ; 99575 
[30640.992975] VT-GPIO_BENCHMARK: Pause ; 0 ; 117157 
[30642.013791] VT-GPIO_BENCHMARK: Resume ; 0 ; 93242 
[30644.703305] VT-GPIO_BENCHMARK: Pause ; 0 ; 144696 
[30645.712482] VT-GPIO_BENCHMARK: Resume ; 0 ; 155695 
[30650.876156] VT-GPIO_BENCHMARK: Pause ; 0 ; 149154 
[30651.888190] VT-GPIO_BENCHMARK: Resume ; 0 ; 143696 
[30654.860561] VT-GPIO_BENCHMARK: Pause ; 0 ; 123697 
[30655.881756] VT-GPIO_BENCHMARK: Resume ; 0 ; 111949 
[30661.047715] VT-GPIO_BENCHMARK: Pause ; 0 ; 108699 
[30662.053684] VT-GPIO_BENCHMARK: Resume ; 0 ; 100533 
[30664.766106] VT-GPIO_BENCHMARK: Pause ; 0 ; 144405 
[30665.774925] VT-GPIO_BENCHMARK: Resume ; 0 ; 103491 
[30670.972800] VT-GPIO_BENCHMARK: Pause ; 0 ; 112615 
[30671.999408] VT-GPIO_BENCHMARK: Resume ; 0 ; 90492 
[30674.728178] VT-GPIO_BENCHMARK: Pause ; 0 ; 127572 
[30675.749515] VT-GPIO_BENCHMARK: Resume ; 0 ; 108824 
[30680.998817] VT-GPIO_BENCHMARK: Pause ; 0 ; 96408 
[30682.019471] VT-GPIO_BENCHMARK: Resume ; 0 ; 96241 
[30684.672430] VT-GPIO_BENCHMARK: Pause ; 0 ; 162528 
[30685.700003] VT-GPIO_BENCHMARK: Resume ; 0 ; 128364 
[30690.868651] VT-GPIO_BENCHMARK: Pause ; 0 ; 152320 
[30691.895349] VT-GPIO_BENCHMARK: Resume ; 0 ; 127572 
[30694.936938] VT-GPIO_BENCHMARK: Pause ; 0 ; 159153 
[30695.964401] VT-GPIO_BENCHMARK: Resume ; 0 ; 133780 
[30701.062862] VT-GPIO_BENCHMARK: Pause ; 0 ; 136030 
[30702.068899] VT-GPIO_BENCHMARK: Resume ; 0 ; 140654 
[30704.942611] VT-GPIO_BENCHMARK: Pause ; 0 ; 134030 
[30705.963841] VT-GPIO_BENCHMARK: Resume ; 0 ; 105657 
[30711.116420] VT-GPIO_BENCHMARK: Pause ; 0 ; 111282 
[30712.143002] VT-GPIO_BENCHMARK: Resume ; 0 ; 92867 
[30714.843109] VT-GPIO_BENCHMARK: Pause ; 0 ; 119240 
[30715.850123] VT-GPIO_BENCHMARK: Resume ; 0 ; 100242 
[30721.144159] VT-GPIO_BENCHMARK: Pause ; 0 ; 110324 
[30722.164768] VT-GPIO_BENCHMARK: Resume ; 0 ; 94992 
[30724.943588] VT-GPIO_BENCHMARK: Pause ; 0 ; 152737 
[30725.952789] VT-GPIO_BENCHMARK: Resume ; 0 ; 124989 
[30731.090200] VT-GPIO_BENCHMARK: Pause ; 0 ; 134572 
[30732.098387] VT-GPIO_BENCHMARK: Resume ; 0 ; 121822 
[30735.062842] VT-GPIO_BENCHMARK: Pause ; 0 ; 119365 
[30736.084121] VT-GPIO_BENCHMARK: Resume ; 0 ; 108490 
[30741.256797] VT-GPIO_BENCHMARK: Pause ; 0 ; 105157 
[30742.262827] VT-GPIO_BENCHMARK: Resume ; 0 ; 93284 
[30745.190877] VT-GPIO_BENCHMARK: Pause ; 0 ; 131113 
[30746.212780] VT-GPIO_BENCHMARK: Resume ; 0 ; 94784 
[30751.231418] VT-GPIO_BENCHMARK: Pause ; 0 ; 113741 
[30752.239295] VT-GPIO_BENCHMARK: Resume ; 0 ; 93575 
[30754.892773] VT-GPIO_BENCHMARK: Pause ; 0 ; 118573 
[30755.899905] VT-GPIO_BENCHMARK: Resume ; 0 ; 105283 
[30761.248509] VT-GPIO_BENCHMARK: Pause ; 0 ; 109699 
[30762.269362] VT-GPIO_BENCHMARK: Resume ; 0 ; 96075 
[30765.199213] VT-GPIO_BENCHMARK: Pause ; 0 ; 130573 
[30766.220486] VT-GPIO_BENCHMARK: Resume ; 0 ; 110491 
[30771.232340] VT-GPIO_BENCHMARK: Pause ; 0 ; 114615 
[30772.258986] VT-GPIO_BENCHMARK: Resume ; 0 ; 98492 
[30774.910712] VT-GPIO_BENCHMARK: Pause ; 0 ; 119114 
[30775.918003] VT-GPIO_BENCHMARK: Resume ; 0 ; 105449 
[30780.249921] VT-GPIO_BENCHMARK: Pause ; 0 ; 115407 
[30781.270530] VT-GPIO_BENCHMARK: Resume ; 0 ; 102117 
[30783.700182] VT-GPIO_BENCHMARK: Pause ; 0 ; 166277 
[30784.727572] VT-GPIO_BENCHMARK: Resume ; 0 ; 131488 
[30790.126930] VT-GPIO_BENCHMARK: Pause ; 0 ; 144529 
[30791.153648] VT-GPIO_BENCHMARK: Resume ; 0 ; 128323 
[30794.158902] VT-GPIO_BENCHMARK: Pause ; 0 ; 120156 
[30795.165974] VT-GPIO_BENCHMARK: Resume ; 0 ; 100950 
[30800.301406] VT-GPIO_BENCHMARK: Pause ; 0 ; 110741 
[30801.322011] VT-GPIO_BENCHMARK: Resume ; 0 ; 93992 
[30803.741105] VT-GPIO_BENCHMARK: Pause ; 0 ; 164361 
[30804.768712] VT-GPIO_BENCHMARK: Resume ; 0 ; 131239 
[30810.126748] VT-GPIO_BENCHMARK: Pause ; 0 ; 143280 
[30811.153460] VT-GPIO_BENCHMARK: Resume ; 0 ; 129781 
[30814.162168] VT-GPIO_BENCHMARK: Pause ; 0 ; 123781 
[30815.169240] VT-GPIO_BENCHMARK: Resume ; 0 ; 99491 
[30820.295359] VT-GPIO_BENCHMARK: Pause ; 0 ; 111115 
[30821.320391] VT-GPIO_BENCHMARK: Resume ; 0 ; 92950 
[30823.906870] VT-GPIO_BENCHMARK: Pause ; 0 ; 150571 
[30824.934761] VT-GPIO_BENCHMARK: Resume ; 0 ; 118823 
[30830.198733] VT-GPIO_BENCHMARK: Pause ; 0 ; 108366 
[30831.226059] VT-GPIO_BENCHMARK: Resume ; 0 ; 100325 
[30833.978783] VT-GPIO_BENCHMARK: Pause ; 0 ; 126198 
[30834.985955] VT-GPIO_BENCHMARK: Resume ; 0 ; 99659 
