[27976.311947] VT-GPIO_BENCHMARK: Pause ; 0 ; 57661 
[27977.325265] VT-GPIO_BENCHMARK: Resume ; 0 ; 37413 
[27979.758145] VT-GPIO_BENCHMARK: Pause ; 0 ; 67744 
[27980.776854] VT-GPIO_BENCHMARK: Resume ; 0 ; 43788 
[27985.217551] VT-GPIO_BENCHMARK: Pause ; 0 ; 55870 
[27986.241394] VT-GPIO_BENCHMARK: Resume ; 0 ; 46830 
[27989.353000] VT-GPIO_BENCHMARK: Pause ; 0 ; 60370 
[27990.371706] VT-GPIO_BENCHMARK: Resume ; 0 ; 40580 
[27995.399885] VT-GPIO_BENCHMARK: Pause ; 0 ; 44330 
[27996.423917] VT-GPIO_BENCHMARK: Resume ; 0 ; 38081 
[27999.165452] VT-GPIO_BENCHMARK: Pause ; 0 ; 50537 
[28000.184182] VT-GPIO_BENCHMARK: Resume ; 0 ; 46121 
[28005.439363] VT-GPIO_BENCHMARK: Pause ; 0 ; 43413 
[28006.464043] VT-GPIO_BENCHMARK: Resume ; 0 ; 45871 
[28009.586810] VT-GPIO_BENCHMARK: Pause ; 0 ; 51578 
[28010.593408] VT-GPIO_BENCHMARK: Resume ; 0 ; 42788 
[28015.636298] VT-GPIO_BENCHMARK: Pause ; 0 ; 45454 
[28016.661579] VT-GPIO_BENCHMARK: Resume ; 0 ; 36414 
[28019.517713] VT-GPIO_BENCHMARK: Pause ; 0 ; 50870 
[28020.537266] VT-GPIO_BENCHMARK: Resume ; 0 ; 43830 
[28025.693083] VT-GPIO_BENCHMARK: Pause ; 0 ; 54287 
[28026.700728] VT-GPIO_BENCHMARK: Resume ; 0 ; 47704 
[28029.734166] VT-GPIO_BENCHMARK: Pause ; 0 ; 51579 
[28030.740825] VT-GPIO_BENCHMARK: Resume ; 0 ; 42621 
[28035.871494] VT-GPIO_BENCHMARK: Pause ; 0 ; 45955 
[28036.891742] VT-GPIO_BENCHMARK: Resume ; 0 ; 38496 
[28039.436859] VT-GPIO_BENCHMARK: Pause ; 0 ; 53413 
[28040.443400] VT-GPIO_BENCHMARK: Resume ; 0 ; 54786 
[28045.748897] VT-GPIO_BENCHMARK: Pause ; 0 ; 57203 
[28046.756489] VT-GPIO_BENCHMARK: Resume ; 0 ; 45205 
[28049.830537] VT-GPIO_BENCHMARK: Pause ; 0 ; 49871 
[28050.837094] VT-GPIO_BENCHMARK: Resume ; 0 ; 46996 
[28055.930709] VT-GPIO_BENCHMARK: Pause ; 0 ; 43705 
[28056.936397] VT-GPIO_BENCHMARK: Resume ; 0 ; 38580 
[28059.389491] VT-GPIO_BENCHMARK: Pause ; 0 ; 49079 
[28060.410267] VT-GPIO_BENCHMARK: Resume ; 0 ; 47204 
[28064.760154] VT-GPIO_BENCHMARK: Pause ; 0 ; 65078 
[28065.785964] VT-GPIO_BENCHMARK: Resume ; 0 ; 46371 
[28068.752284] VT-GPIO_BENCHMARK: Pause ; 0 ; 72702 
[28069.779363] VT-GPIO_BENCHMARK: Resume ; 0 ; 39872 
[28074.943966] VT-GPIO_BENCHMARK: Pause ; 0 ; 42288 
[28075.964185] VT-GPIO_BENCHMARK: Resume ; 0 ; 37956 
[28078.419451] VT-GPIO_BENCHMARK: Pause ; 0 ; 53370 
[28079.440302] VT-GPIO_BENCHMARK: Resume ; 0 ; 45288 
[28083.778673] VT-GPIO_BENCHMARK: Pause ; 0 ; 52871 
[28084.804934] VT-GPIO_BENCHMARK: Resume ; 0 ; 45330 
[28087.823731] VT-GPIO_BENCHMARK: Pause ; 0 ; 51621 
[28088.830472] VT-GPIO_BENCHMARK: Resume ; 0 ; 43746 
[28093.974468] VT-GPIO_BENCHMARK: Pause ; 0 ; 43288 
[28094.994717] VT-GPIO_BENCHMARK: Resume ; 0 ; 35413 
[28097.532608] VT-GPIO_BENCHMARK: Pause ; 0 ; 52537 
[28098.539260] VT-GPIO_BENCHMARK: Resume ; 0 ; 42788 
[28102.825539] VT-GPIO_BENCHMARK: Pause ; 0 ; 57953 
[28103.831464] VT-GPIO_BENCHMARK: Resume ; 0 ; 44079 
[28106.950056] VT-GPIO_BENCHMARK: Pause ; 0 ; 53829 
[28107.970825] VT-GPIO_BENCHMARK: Resume ; 0 ; 44579 
[28113.053056] VT-GPIO_BENCHMARK: Pause ; 0 ; 46121 
[28114.063462] VT-GPIO_BENCHMARK: Resume ; 0 ; 37580 
[28116.664195] VT-GPIO_BENCHMARK: Pause ; 0 ; 54537 
[28117.670877] VT-GPIO_BENCHMARK: Resume ; 0 ; 42830 
[28123.015744] VT-GPIO_BENCHMARK: Pause ; 0 ; 53912 
[28124.036292] VT-GPIO_BENCHMARK: Resume ; 0 ; 45746 
[28127.150921] VT-GPIO_BENCHMARK: Pause ; 0 ; 52496 
[28128.157521] VT-GPIO_BENCHMARK: Resume ; 0 ; 51746 
[28133.212154] VT-GPIO_BENCHMARK: Pause ; 0 ; 45413 
[28134.219917] VT-GPIO_BENCHMARK: Resume ; 0 ; 39164 
[28137.058340] VT-GPIO_BENCHMARK: Pause ; 0 ; 68452 
[28138.069146] VT-GPIO_BENCHMARK: Resume ; 0 ; 42288 
[28143.305294] VT-GPIO_BENCHMARK: Pause ; 0 ; 53287 
[28144.331583] VT-GPIO_BENCHMARK: Resume ; 0 ; 46288 
[28147.394515] VT-GPIO_BENCHMARK: Pause ; 0 ; 61870 
[28148.426305] VT-GPIO_BENCHMARK: Resume ; 0 ; 42830 
[28153.509213] VT-GPIO_BENCHMARK: Pause ; 0 ; 48579 
[28154.535283] VT-GPIO_BENCHMARK: Resume ; 0 ; 34414 
[28157.346054] VT-GPIO_BENCHMARK: Pause ; 0 ; 57454 
[28158.352887] VT-GPIO_BENCHMARK: Resume ; 0 ; 45288 
[28163.536119] VT-GPIO_BENCHMARK: Pause ; 0 ; 50829 
[28164.562404] VT-GPIO_BENCHMARK: Resume ; 0 ; 41705 
[28167.651271] VT-GPIO_BENCHMARK: Pause ; 0 ; 46329 
[28168.672152] VT-GPIO_BENCHMARK: Resume ; 0 ; 41788 
[28173.754423] VT-GPIO_BENCHMARK: Pause ; 0 ; 46621 
[28174.780490] VT-GPIO_BENCHMARK: Resume ; 0 ; 38330 
[28177.572755] VT-GPIO_BENCHMARK: Pause ; 0 ; 55870 
[28178.579411] VT-GPIO_BENCHMARK: Resume ; 0 ; 42497 
[28183.797925] VT-GPIO_BENCHMARK: Pause ; 0 ; 53287 
[28184.805766] VT-GPIO_BENCHMARK: Resume ; 0 ; 77035 
[28187.835807] VT-GPIO_BENCHMARK: Pause ; 0 ; 53745 
[28188.842375] VT-GPIO_BENCHMARK: Resume ; 0 ; 45162 
[28193.967921] VT-GPIO_BENCHMARK: Pause ; 0 ; 49163 
[28194.988035] VT-GPIO_BENCHMARK: Resume ; 0 ; 36872 
[28197.384182] VT-GPIO_BENCHMARK: Pause ; 0 ; 51579 
[28198.405278] VT-GPIO_BENCHMARK: Resume ; 0 ; 40038 
[28203.772486] VT-GPIO_BENCHMARK: Pause ; 0 ; 67370 
[28204.798660] VT-GPIO_BENCHMARK: Resume ; 0 ; 49995 
[28207.844062] VT-GPIO_BENCHMARK: Pause ; 0 ; 55162 
[28208.850896] VT-GPIO_BENCHMARK: Resume ; 0 ; 42455 
[28213.968965] VT-GPIO_BENCHMARK: Pause ; 0 ; 46871 
[28214.989143] VT-GPIO_BENCHMARK: Resume ; 0 ; 35622 
[28217.415096] VT-GPIO_BENCHMARK: Pause ; 0 ; 49704 
[28218.421895] VT-GPIO_BENCHMARK: Resume ; 0 ; 41371 
[28222.811569] VT-GPIO_BENCHMARK: Pause ; 0 ; 55245 
[28223.817748] VT-GPIO_BENCHMARK: Resume ; 0 ; 45455 
[28226.804125] VT-GPIO_BENCHMARK: Pause ; 0 ; 53329 
[28227.824955] VT-GPIO_BENCHMARK: Resume ; 0 ; 43996 
[28232.967707] VT-GPIO_BENCHMARK: Pause ; 0 ; 47287 
[28233.990689] VT-GPIO_BENCHMARK: Resume ; 0 ; 38122 
[28236.405876] VT-GPIO_BENCHMARK: Pause ; 0 ; 51371 
[28237.412572] VT-GPIO_BENCHMARK: Resume ; 0 ; 39789 
[28241.781453] VT-GPIO_BENCHMARK: Pause ; 0 ; 44746 
[28242.801686] VT-GPIO_BENCHMARK: Resume ; 0 ; 45538 
[28245.824228] VT-GPIO_BENCHMARK: Pause ; 0 ; 52412 
[28246.835766] VT-GPIO_BENCHMARK: Resume ; 0 ; 41538 
[28251.903902] VT-GPIO_BENCHMARK: Pause ; 0 ; 46746 
[28252.909929] VT-GPIO_BENCHMARK: Resume ; 0 ; 37789 
[28255.376639] VT-GPIO_BENCHMARK: Pause ; 0 ; 52454 
[28256.397530] VT-GPIO_BENCHMARK: Resume ; 0 ; 44496 
[28260.749675] VT-GPIO_BENCHMARK: Pause ; 0 ; 45080 
[28261.769977] VT-GPIO_BENCHMARK: Resume ; 0 ; 35956 
[28264.473103] VT-GPIO_BENCHMARK: Pause ; 0 ; 60037 
[28265.482088] VT-GPIO_BENCHMARK: Resume ; 0 ; 51662 
[28270.618191] VT-GPIO_BENCHMARK: Pause ; 0 ; 58453 
[28271.625976] VT-GPIO_BENCHMARK: Resume ; 0 ; 44121 
[28274.657920] VT-GPIO_BENCHMARK: Pause ; 0 ; 50745 
[28275.678691] VT-GPIO_BENCHMARK: Resume ; 0 ; 45913 
[28280.794819] VT-GPIO_BENCHMARK: Pause ; 0 ; 42955 
[28281.815069] VT-GPIO_BENCHMARK: Resume ; 0 ; 38580 
[28284.568047] VT-GPIO_BENCHMARK: Pause ; 0 ; 65453 
[28285.576694] VT-GPIO_BENCHMARK: Resume ; 0 ; 42414 
[28290.729576] VT-GPIO_BENCHMARK: Pause ; 0 ; 46496 
[28291.755924] VT-GPIO_BENCHMARK: Resume ; 0 ; 36747 
[28294.442744] VT-GPIO_BENCHMARK: Pause ; 0 ; 53329 
[28295.463766] VT-GPIO_BENCHMARK: Resume ; 0 ; 49162 
[28300.728665] VT-GPIO_BENCHMARK: Pause ; 0 ; 46287 
[28301.748858] VT-GPIO_BENCHMARK: Resume ; 0 ; 41288 
[28304.440201] VT-GPIO_BENCHMARK: Pause ; 0 ; 64036 
[28305.449248] VT-GPIO_BENCHMARK: Resume ; 0 ; 53579 
[28310.572346] VT-GPIO_BENCHMARK: Pause ; 0 ; 54870 
[28311.598535] VT-GPIO_BENCHMARK: Resume ; 0 ; 43121 
[28314.657885] VT-GPIO_BENCHMARK: Pause ; 0 ; 73577 
[28315.685127] VT-GPIO_BENCHMARK: Resume ; 0 ; 45705 
[28320.769640] VT-GPIO_BENCHMARK: Pause ; 0 ; 44788 
[28321.775602] VT-GPIO_BENCHMARK: Resume ; 0 ; 37538 
[28324.510653] VT-GPIO_BENCHMARK: Pause ; 0 ; 50288 
[28325.517679] VT-GPIO_BENCHMARK: Resume ; 0 ; 56412 
[28330.672104] VT-GPIO_BENCHMARK: Pause ; 0 ; 42413 
[28331.697324] VT-GPIO_BENCHMARK: Resume ; 0 ; 36330 
[28334.405867] VT-GPIO_BENCHMARK: Pause ; 0 ; 46038 
[28335.412630] VT-GPIO_BENCHMARK: Resume ; 0 ; 45205 
[28340.693661] VT-GPIO_BENCHMARK: Pause ; 0 ; 46870 
[28341.700544] VT-GPIO_BENCHMARK: Resume ; 0 ; 39830 
[28344.325273] VT-GPIO_BENCHMARK: Pause ; 0 ; 59620 
[28345.334369] VT-GPIO_BENCHMARK: Resume ; 0 ; 52704 
[28350.562561] VT-GPIO_BENCHMARK: Pause ; 0 ; 47955 
[28351.588883] VT-GPIO_BENCHMARK: Resume ; 0 ; 41705 
[28354.294190] VT-GPIO_BENCHMARK: Pause ; 0 ; 56621 
[28355.315020] VT-GPIO_BENCHMARK: Resume ; 0 ; 44496 
[28360.545412] VT-GPIO_BENCHMARK: Pause ; 0 ; 44621 
[28361.551404] VT-GPIO_BENCHMARK: Resume ; 0 ; 35247 
[28364.298325] VT-GPIO_BENCHMARK: Pause ; 0 ; 54537 
[28365.307311] VT-GPIO_BENCHMARK: Resume ; 0 ; 50871 
[28370.424717] VT-GPIO_BENCHMARK: Pause ; 0 ; 46330 
[28371.450944] VT-GPIO_BENCHMARK: Resume ; 0 ; 38039 
[28374.218836] VT-GPIO_BENCHMARK: Pause ; 0 ; 65786 
[28375.239693] VT-GPIO_BENCHMARK: Resume ; 0 ; 38039 
[28380.452012] VT-GPIO_BENCHMARK: Pause ; 0 ; 48912 
[28381.457880] VT-GPIO_BENCHMARK: Resume ; 0 ; 35455 
[28384.044125] VT-GPIO_BENCHMARK: Pause ; 0 ; 66994 
[28385.071059] VT-GPIO_BENCHMARK: Resume ; 0 ; 62828 
[28390.331820] VT-GPIO_BENCHMARK: Pause ; 0 ; 53829 
[28391.339579] VT-GPIO_BENCHMARK: Resume ; 0 ; 44705 
[28394.370230] VT-GPIO_BENCHMARK: Pause ; 0 ; 62953 
[28395.397273] VT-GPIO_BENCHMARK: Resume ; 0 ; 47704 
[28400.507391] VT-GPIO_BENCHMARK: Pause ; 0 ; 71828 
[28401.513259] VT-GPIO_BENCHMARK: Resume ; 0 ; 34663 
[28404.106121] VT-GPIO_BENCHMARK: Pause ; 0 ; 61536 
[28405.133180] VT-GPIO_BENCHMARK: Resume ; 0 ; 61620 
[28410.353676] VT-GPIO_BENCHMARK: Pause ; 0 ; 57162 
[28411.361323] VT-GPIO_BENCHMARK: Resume ; 0 ; 45038 
[28414.443183] VT-GPIO_BENCHMARK: Pause ; 0 ; 63870 
[28415.470410] VT-GPIO_BENCHMARK: Resume ; 0 ; 48621 
[28420.519807] VT-GPIO_BENCHMARK: Pause ; 0 ; 54121 
[28421.540045] VT-GPIO_BENCHMARK: Resume ; 0 ; 45913 
[28424.463718] VT-GPIO_BENCHMARK: Pause ; 0 ; 50413 
[28425.472644] VT-GPIO_BENCHMARK: Resume ; 0 ; 50287 
[28430.591072] VT-GPIO_BENCHMARK: Pause ; 0 ; 55995 
[28431.598839] VT-GPIO_BENCHMARK: Resume ; 0 ; 47829 
[28434.660206] VT-GPIO_BENCHMARK: Pause ; 0 ; 53995 
[28435.667115] VT-GPIO_BENCHMARK: Resume ; 0 ; 51871 
[28440.757663] VT-GPIO_BENCHMARK: Pause ; 0 ; 46163 
[28441.763509] VT-GPIO_BENCHMARK: Resume ; 0 ; 39247 
[28444.503481] VT-GPIO_BENCHMARK: Pause ; 0 ; 61495 
[28445.512513] VT-GPIO_BENCHMARK: Resume ; 0 ; 50162 
[28450.603451] VT-GPIO_BENCHMARK: Pause ; 0 ; 81577 
[28451.619086] VT-GPIO_BENCHMARK: Resume ; 0 ; 46704 
[28454.700069] VT-GPIO_BENCHMARK: Pause ; 0 ; 53121 
[28455.720959] VT-GPIO_BENCHMARK: Resume ; 0 ; 46621 
[28460.787925] VT-GPIO_BENCHMARK: Pause ; 0 ; 45496 
[28461.808198] VT-GPIO_BENCHMARK: Resume ; 0 ; 38289 
[28464.573985] VT-GPIO_BENCHMARK: Pause ; 0 ; 64662 
[28465.601048] VT-GPIO_BENCHMARK: Resume ; 0 ; 52870 
[28470.748725] VT-GPIO_BENCHMARK: Pause ; 0 ; 52703 
[28471.774889] VT-GPIO_BENCHMARK: Resume ; 0 ; 58120 
[28474.952025] VT-GPIO_BENCHMARK: Pause ; 0 ; 51662 
[28475.958864] VT-GPIO_BENCHMARK: Resume ; 0 ; 45288 
[28480.986374] VT-GPIO_BENCHMARK: Pause ; 0 ; 47121 
[28481.994322] VT-GPIO_BENCHMARK: Resume ; 0 ; 40329 
[28484.913459] VT-GPIO_BENCHMARK: Pause ; 0 ; 63411 
[28485.934556] VT-GPIO_BENCHMARK: Resume ; 0 ; 48329 
[28491.131038] VT-GPIO_BENCHMARK: Pause ; 0 ; 44080 
[28492.151405] VT-GPIO_BENCHMARK: Resume ; 0 ; 39289 
[28494.548540] VT-GPIO_BENCHMARK: Pause ; 0 ; 55787 
[28495.560447] VT-GPIO_BENCHMARK: Resume ; 0 ; 43955 
[28499.981848] VT-GPIO_BENCHMARK: Pause ; 0 ; 47954 
[28500.987813] VT-GPIO_BENCHMARK: Resume ; 0 ; 38372 
[28503.484393] VT-GPIO_BENCHMARK: Pause ; 0 ; 63745 
[28504.493698] VT-GPIO_BENCHMARK: Resume ; 0 ; 51537 
[28509.864004] VT-GPIO_BENCHMARK: Pause ; 0 ; 56703 
[28510.890104] VT-GPIO_BENCHMARK: Resume ; 0 ; 46538 
[28513.905033] VT-GPIO_BENCHMARK: Pause ; 0 ; 55912 
[28514.912027] VT-GPIO_BENCHMARK: Resume ; 0 ; 54329 
[28520.054795] VT-GPIO_BENCHMARK: Pause ; 0 ; 44121 
[28521.075138] VT-GPIO_BENCHMARK: Resume ; 0 ; 38539 
[28523.587029] VT-GPIO_BENCHMARK: Pause ; 0 ; 60579 
[28524.614199] VT-GPIO_BENCHMARK: Resume ; 0 ; 47163 
[28529.920512] VT-GPIO_BENCHMARK: Pause ; 0 ; 56371 
[28530.926528] VT-GPIO_BENCHMARK: Resume ; 0 ; 45996 
[28533.759833] VT-GPIO_BENCHMARK: Pause ; 0 ; 54370 
[28534.766942] VT-GPIO_BENCHMARK: Resume ; 0 ; 39622 
[28539.959067] VT-GPIO_BENCHMARK: Pause ; 0 ; 40704 
[28540.965036] VT-GPIO_BENCHMARK: Resume ; 0 ; 36080 
[28543.426130] VT-GPIO_BENCHMARK: Pause ; 0 ; 65244 
[28544.435162] VT-GPIO_BENCHMARK: Resume ; 0 ; 51954 
[28549.824665] VT-GPIO_BENCHMARK: Pause ; 0 ; 57745 
[28550.850865] VT-GPIO_BENCHMARK: Resume ; 0 ; 47162 
[28553.869536] VT-GPIO_BENCHMARK: Pause ; 0 ; 55370 
[28554.876678] VT-GPIO_BENCHMARK: Resume ; 0 ; 43455 
[28560.008319] VT-GPIO_BENCHMARK: Pause ; 0 ; 45871 
[28561.028626] VT-GPIO_BENCHMARK: Resume ; 0 ; 36705 
[28563.532435] VT-GPIO_BENCHMARK: Pause ; 0 ; 61995 
[28564.559677] VT-GPIO_BENCHMARK: Resume ; 0 ; 55287 
[28569.927464] VT-GPIO_BENCHMARK: Pause ; 0 ; 54121 
[28570.953696] VT-GPIO_BENCHMARK: Resume ; 0 ; 42663 
[28574.045676] VT-GPIO_BENCHMARK: Pause ; 0 ; 51121 
[28575.052787] VT-GPIO_BENCHMARK: Resume ; 0 ; 43662 
[28580.137159] VT-GPIO_BENCHMARK: Pause ; 0 ; 46579 
[28581.143091] VT-GPIO_BENCHMARK: Resume ; 0 ; 39830 
[28583.711937] VT-GPIO_BENCHMARK: Pause ; 0 ; 64244 
[28584.739171] VT-GPIO_BENCHMARK: Resume ; 0 ; 52579 
[28589.998832] VT-GPIO_BENCHMARK: Pause ; 0 ; 52162 
[28591.026098] VT-GPIO_BENCHMARK: Resume ; 0 ; 45830 
[28594.079672] VT-GPIO_BENCHMARK: Pause ; 0 ; 57621 
[28595.086689] VT-GPIO_BENCHMARK: Resume ; 0 ; 54079 
[28600.205146] VT-GPIO_BENCHMARK: Pause ; 0 ; 48454 
[28601.211127] VT-GPIO_BENCHMARK: Resume ; 0 ; 33623 
[28603.660732] VT-GPIO_BENCHMARK: Pause ; 0 ; 59078 
[28604.686820] VT-GPIO_BENCHMARK: Resume ; 0 ; 55287 
