[27244.712438] VT-GPIO_BENCHMARK: Pause ; 0 ; 31997 
[27245.728226] VT-GPIO_BENCHMARK: Resume ; 0 ; 25248 
[27248.487435] VT-GPIO_BENCHMARK: Pause ; 0 ; 39454 
[27249.507833] VT-GPIO_BENCHMARK: Resume ; 0 ; 33455 
[27253.755116] VT-GPIO_BENCHMARK: Pause ; 0 ; 33080 
[27254.774378] VT-GPIO_BENCHMARK: Resume ; 0 ; 23290 
[27257.238533] VT-GPIO_BENCHMARK: Pause ; 0 ; 34247 
[27258.244974] VT-GPIO_BENCHMARK: Resume ; 0 ; 27872 
[27262.588357] VT-GPIO_BENCHMARK: Pause ; 0 ; 41621 
[27263.594275] VT-GPIO_BENCHMARK: Resume ; 0 ; 27623 
[27266.570248] VT-GPIO_BENCHMARK: Pause ; 0 ; 36705 
[27267.591372] VT-GPIO_BENCHMARK: Resume ; 0 ; 27956 
[27272.753418] VT-GPIO_BENCHMARK: Pause ; 0 ; 29997 
[27273.773661] VT-GPIO_BENCHMARK: Resume ; 0 ; 23332 
[27276.204209] VT-GPIO_BENCHMARK: Pause ; 0 ; 31705 
[27277.210632] VT-GPIO_BENCHMARK: Resume ; 0 ; 32872 
[27281.569365] VT-GPIO_BENCHMARK: Pause ; 0 ; 31247 
[27282.575068] VT-GPIO_BENCHMARK: Resume ; 0 ; 30205 
[27285.570822] VT-GPIO_BENCHMARK: Pause ; 0 ; 39871 
[27286.591609] VT-GPIO_BENCHMARK: Resume ; 0 ; 29914 
[27291.650405] VT-GPIO_BENCHMARK: Pause ; 0 ; 31580 
[27292.656155] VT-GPIO_BENCHMARK: Resume ; 0 ; 25915 
[27295.107576] VT-GPIO_BENCHMARK: Pause ; 0 ; 33997 
[27296.113962] VT-GPIO_BENCHMARK: Resume ; 0 ; 30747 
[27300.452187] VT-GPIO_BENCHMARK: Pause ; 0 ; 26831 
[27301.458065] VT-GPIO_BENCHMARK: Resume ; 0 ; 25414 
[27304.072953] VT-GPIO_BENCHMARK: Pause ; 0 ; 43538 
[27305.098882] VT-GPIO_BENCHMARK: Resume ; 0 ; 30580 
[27310.314558] VT-GPIO_BENCHMARK: Pause ; 0 ; 31455 
[27311.340359] VT-GPIO_BENCHMARK: Resume ; 0 ; 25248 
[27314.137870] VT-GPIO_BENCHMARK: Pause ; 0 ; 40830 
[27315.158264] VT-GPIO_BENCHMARK: Resume ; 0 ; 25831 
[27320.336205] VT-GPIO_BENCHMARK: Pause ; 0 ; 31705 
[27321.341891] VT-GPIO_BENCHMARK: Resume ; 0 ; 24206 
[27324.019136] VT-GPIO_BENCHMARK: Pause ; 0 ; 43246 
[27325.047929] VT-GPIO_BENCHMARK: Resume ; 0 ; 36955 
[27330.201119] VT-GPIO_BENCHMARK: Pause ; 0 ; 40121 
[27331.227212] VT-GPIO_BENCHMARK: Resume ; 0 ; 45663 
[27334.171561] VT-GPIO_BENCHMARK: Pause ; 0 ; 35414 
[27335.177962] VT-GPIO_BENCHMARK: Resume ; 0 ; 28789 
[27340.372672] VT-GPIO_BENCHMARK: Pause ; 0 ; 39663 
[27341.378491] VT-GPIO_BENCHMARK: Resume ; 0 ; 20707 
[27343.961561] VT-GPIO_BENCHMARK: Pause ; 0 ; 44288 
[27344.988431] VT-GPIO_BENCHMARK: Resume ; 0 ; 31331 
[27350.203532] VT-GPIO_BENCHMARK: Pause ; 0 ; 34872 
[27351.235012] VT-GPIO_BENCHMARK: Resume ; 0 ; 28540 
[27354.284826] VT-GPIO_BENCHMARK: Pause ; 0 ; 44871 
[27355.311624] VT-GPIO_BENCHMARK: Resume ; 0 ; 31622 
[27360.379418] VT-GPIO_BENCHMARK: Pause ; 0 ; 25331 
[27361.385201] VT-GPIO_BENCHMARK: Resume ; 0 ; 21915 
[27364.269357] VT-GPIO_BENCHMARK: Pause ; 0 ; 43788 
[27365.296342] VT-GPIO_BENCHMARK: Resume ; 0 ; 36747 
[27370.436827] VT-GPIO_BENCHMARK: Pause ; 0 ; 32956 
[27371.444491] VT-GPIO_BENCHMARK: Resume ; 0 ; 22623 
[27374.248593] VT-GPIO_BENCHMARK: Pause ; 0 ; 31247 
[27375.255258] VT-GPIO_BENCHMARK: Resume ; 0 ; 31455 
[27380.463106] VT-GPIO_BENCHMARK: Pause ; 0 ; 34122 
[27381.468826] VT-GPIO_BENCHMARK: Resume ; 0 ; 24456 
[27384.105113] VT-GPIO_BENCHMARK: Pause ; 0 ; 45121 
[27385.131953] VT-GPIO_BENCHMARK: Resume ; 0 ; 31789 
[27390.333006] VT-GPIO_BENCHMARK: Pause ; 0 ; 29956 
[27391.357251] VT-GPIO_BENCHMARK: Resume ; 0 ; 24081 
[27394.182506] VT-GPIO_BENCHMARK: Pause ; 0 ; 39622 
[27395.203297] VT-GPIO_BENCHMARK: Resume ; 0 ; 28206 
[27400.366194] VT-GPIO_BENCHMARK: Pause ; 0 ; 35497 
[27401.371914] VT-GPIO_BENCHMARK: Resume ; 0 ; 26164 
[27403.906563] VT-GPIO_BENCHMARK: Pause ; 0 ; 41371 
[27404.933442] VT-GPIO_BENCHMARK: Resume ; 0 ; 33289 
[27410.224506] VT-GPIO_BENCHMARK: Pause ; 0 ; 36872 
[27411.232192] VT-GPIO_BENCHMARK: Resume ; 0 ; 31789 
[27414.258737] VT-GPIO_BENCHMARK: Pause ; 0 ; 42455 
[27415.285517] VT-GPIO_BENCHMARK: Resume ; 0 ; 31456 
[27420.387435] VT-GPIO_BENCHMARK: Pause ; 0 ; 20665 
[27421.393128] VT-GPIO_BENCHMARK: Resume ; 0 ; 34206 
[27424.043499] VT-GPIO_BENCHMARK: Pause ; 0 ; 49787 
[27425.070424] VT-GPIO_BENCHMARK: Resume ; 0 ; 31706 
[27430.257161] VT-GPIO_BENCHMARK: Pause ; 0 ; 30372 
[27431.283363] VT-GPIO_BENCHMARK: Resume ; 0 ; 24456 
[27434.036743] VT-GPIO_BENCHMARK: Pause ; 0 ; 40038 
[27435.057503] VT-GPIO_BENCHMARK: Resume ; 0 ; 31914 
[27440.286961] VT-GPIO_BENCHMARK: Pause ; 0 ; 41121 
[27441.307235] VT-GPIO_BENCHMARK: Resume ; 0 ; 24915 
[27443.830074] VT-GPIO_BENCHMARK: Pause ; 0 ; 43663 
[27444.857643] VT-GPIO_BENCHMARK: Resume ; 0 ; 32039 
[27450.160735] VT-GPIO_BENCHMARK: Pause ; 0 ; 29497 
[27451.186872] VT-GPIO_BENCHMARK: Resume ; 0 ; 25331 
[27454.026045] VT-GPIO_BENCHMARK: Pause ; 0 ; 40080 
[27455.046745] VT-GPIO_BENCHMARK: Resume ; 0 ; 28122 
[27460.212102] VT-GPIO_BENCHMARK: Pause ; 0 ; 27456 
[27461.217970] VT-GPIO_BENCHMARK: Resume ; 0 ; 35747 
[27463.709365] VT-GPIO_BENCHMARK: Pause ; 0 ; 43788 
[27464.736262] VT-GPIO_BENCHMARK: Resume ; 0 ; 35497 
[27470.072057] VT-GPIO_BENCHMARK: Pause ; 0 ; 39496 
[27471.098121] VT-GPIO_BENCHMARK: Resume ; 0 ; 29956 
[27474.083711] VT-GPIO_BENCHMARK: Pause ; 0 ; 39955 
[27475.104530] VT-GPIO_BENCHMARK: Resume ; 0 ; 29956 
[27480.237702] VT-GPIO_BENCHMARK: Pause ; 0 ; 32914 
[27481.257848] VT-GPIO_BENCHMARK: Resume ; 0 ; 23248 
[27483.767241] VT-GPIO_BENCHMARK: Pause ; 0 ; 43080 
[27484.794020] VT-GPIO_BENCHMARK: Resume ; 0 ; 33831 
[27490.112068] VT-GPIO_BENCHMARK: Pause ; 0 ; 35538 
[27491.119624] VT-GPIO_BENCHMARK: Resume ; 0 ; 31914 
[27494.211150] VT-GPIO_BENCHMARK: Pause ; 0 ; 45163 
[27495.238173] VT-GPIO_BENCHMARK: Resume ; 0 ; 31788 
[27500.297049] VT-GPIO_BENCHMARK: Pause ; 0 ; 35330 
[27501.317273] VT-GPIO_BENCHMARK: Resume ; 0 ; 30039 
[27503.918559] VT-GPIO_BENCHMARK: Pause ; 0 ; 40288 
[27504.939655] VT-GPIO_BENCHMARK: Resume ; 0 ; 28831 
[27510.351919] VT-GPIO_BENCHMARK: Pause ; 0 ; 31330 
[27511.378147] VT-GPIO_BENCHMARK: Resume ; 0 ; 25873 
[27514.167983] VT-GPIO_BENCHMARK: Pause ; 0 ; 33080 
[27515.174507] VT-GPIO_BENCHMARK: Resume ; 0 ; 32539 
[27520.337343] VT-GPIO_BENCHMARK: Pause ; 0 ; 34372 
[27521.357584] VT-GPIO_BENCHMARK: Resume ; 0 ; 23414 
[27523.916536] VT-GPIO_BENCHMARK: Pause ; 0 ; 42413 
[27524.943495] VT-GPIO_BENCHMARK: Resume ; 0 ; 37580 
[27530.165400] VT-GPIO_BENCHMARK: Pause ; 0 ; 33039 
[27531.173131] VT-GPIO_BENCHMARK: Resume ; 0 ; 22206 
[27533.967960] VT-GPIO_BENCHMARK: Pause ; 0 ; 39205 
[27534.988902] VT-GPIO_BENCHMARK: Resume ; 0 ; 30622 
[27540.157718] VT-GPIO_BENCHMARK: Pause ; 0 ; 35122 
[27541.177995] VT-GPIO_BENCHMARK: Resume ; 0 ; 22581 
[27543.622287] VT-GPIO_BENCHMARK: Pause ; 0 ; 45996 
[27544.649214] VT-GPIO_BENCHMARK: Resume ; 0 ; 32456 
[27549.997901] VT-GPIO_BENCHMARK: Pause ; 0 ; 35997 
[27551.024191] VT-GPIO_BENCHMARK: Resume ; 0 ; 28206 
[27554.002549] VT-GPIO_BENCHMARK: Pause ; 0 ; 31747 
[27555.009178] VT-GPIO_BENCHMARK: Resume ; 0 ; 30664 
[27560.177017] VT-GPIO_BENCHMARK: Pause ; 0 ; 32497 
[27561.182647] VT-GPIO_BENCHMARK: Resume ; 0 ; 25747 
[27563.680619] VT-GPIO_BENCHMARK: Pause ; 0 ; 46580 
[27564.707514] VT-GPIO_BENCHMARK: Resume ; 0 ; 35872 
[27570.030735] VT-GPIO_BENCHMARK: Pause ; 0 ; 39330 
[27571.038430] VT-GPIO_BENCHMARK: Resume ; 0 ; 30331 
[27574.007963] VT-GPIO_BENCHMARK: Pause ; 0 ; 38830 
[27575.028759] VT-GPIO_BENCHMARK: Resume ; 0 ; 33039 
[27580.195869] VT-GPIO_BENCHMARK: Pause ; 0 ; 34289 
[27581.216041] VT-GPIO_BENCHMARK: Resume ; 0 ; 22540 
[27583.720094] VT-GPIO_BENCHMARK: Pause ; 0 ; 45038 
[27584.747150] VT-GPIO_BENCHMARK: Resume ; 0 ; 39872 
[27590.027502] VT-GPIO_BENCHMARK: Pause ; 0 ; 37247 
[27591.061513] VT-GPIO_BENCHMARK: Resume ; 0 ; 30039 
[27594.089215] VT-GPIO_BENCHMARK: Pause ; 0 ; 38289 
[27595.110040] VT-GPIO_BENCHMARK: Resume ; 0 ; 31539 
[27600.216228] VT-GPIO_BENCHMARK: Pause ; 0 ; 31331 
[27601.236535] VT-GPIO_BENCHMARK: Resume ; 0 ; 24665 
[27603.715984] VT-GPIO_BENCHMARK: Pause ; 0 ; 44079 
[27604.741749] VT-GPIO_BENCHMARK: Resume ; 0 ; 34747 
[27610.044256] VT-GPIO_BENCHMARK: Pause ; 0 ; 31206 
[27611.058158] VT-GPIO_BENCHMARK: Resume ; 0 ; 26331 
[27613.821425] VT-GPIO_BENCHMARK: Pause ; 0 ; 39621 
[27614.842184] VT-GPIO_BENCHMARK: Resume ; 0 ; 30289 
[27620.060808] VT-GPIO_BENCHMARK: Pause ; 0 ; 34372 
[27621.081303] VT-GPIO_BENCHMARK: Resume ; 0 ; 25873 
[27623.544562] VT-GPIO_BENCHMARK: Pause ; 0 ; 38955 
[27624.577696] VT-GPIO_BENCHMARK: Resume ; 0 ; 30122 
[27629.894008] VT-GPIO_BENCHMARK: Pause ; 0 ; 37830 
[27630.920178] VT-GPIO_BENCHMARK: Resume ; 0 ; 29122 
[27633.946384] VT-GPIO_BENCHMARK: Pause ; 0 ; 39455 
[27634.970713] VT-GPIO_BENCHMARK: Resume ; 0 ; 24747 
[27640.073575] VT-GPIO_BENCHMARK: Pause ; 0 ; 29872 
[27641.079405] VT-GPIO_BENCHMARK: Resume ; 0 ; 33414 
[27643.618139] VT-GPIO_BENCHMARK: Pause ; 0 ; 44413 
[27644.646073] VT-GPIO_BENCHMARK: Resume ; 0 ; 36414 
[27649.938037] VT-GPIO_BENCHMARK: Pause ; 0 ; 40955 
[27650.964228] VT-GPIO_BENCHMARK: Resume ; 0 ; 27830 
[27654.010577] VT-GPIO_BENCHMARK: Pause ; 0 ; 32414 
[27655.017326] VT-GPIO_BENCHMARK: Resume ; 0 ; 29706 
[27660.137591] VT-GPIO_BENCHMARK: Pause ; 0 ; 32622 
[27661.143340] VT-GPIO_BENCHMARK: Resume ; 0 ; 25081 
[27663.644064] VT-GPIO_BENCHMARK: Pause ; 0 ; 44788 
[27664.676494] VT-GPIO_BENCHMARK: Resume ; 0 ; 35581 
[27670.013635] VT-GPIO_BENCHMARK: Pause ; 0 ; 33622 
[27671.039866] VT-GPIO_BENCHMARK: Resume ; 0 ; 30706 
[27674.013066] VT-GPIO_BENCHMARK: Pause ; 0 ; 40247 
[27675.033990] VT-GPIO_BENCHMARK: Resume ; 0 ; 28914 
[27680.197357] VT-GPIO_BENCHMARK: Pause ; 0 ; 30872 
[27681.203076] VT-GPIO_BENCHMARK: Resume ; 0 ; 22790 
[27683.746895] VT-GPIO_BENCHMARK: Pause ; 0 ; 45996 
[27684.773946] VT-GPIO_BENCHMARK: Resume ; 0 ; 38871 
[27690.052566] VT-GPIO_BENCHMARK: Pause ; 0 ; 40872 
[27691.078825] VT-GPIO_BENCHMARK: Resume ; 0 ; 31539 
[27694.007977] VT-GPIO_BENCHMARK: Pause ; 0 ; 37497 
[27695.028775] VT-GPIO_BENCHMARK: Resume ; 0 ; 27956 
[27700.224592] VT-GPIO_BENCHMARK: Pause ; 0 ; 30414 
[27701.230402] VT-GPIO_BENCHMARK: Resume ; 0 ; 24290 
[27703.873683] VT-GPIO_BENCHMARK: Pause ; 0 ; 45746 
[27704.900580] VT-GPIO_BENCHMARK: Resume ; 0 ; 38996 
[27710.088928] VT-GPIO_BENCHMARK: Pause ; 0 ; 37080 
[27711.115123] VT-GPIO_BENCHMARK: Resume ; 0 ; 29164 
[27714.047024] VT-GPIO_BENCHMARK: Pause ; 0 ; 38496 
[27715.067820] VT-GPIO_BENCHMARK: Resume ; 0 ; 27456 
[27720.258234] VT-GPIO_BENCHMARK: Pause ; 0 ; 30289 
[27721.278513] VT-GPIO_BENCHMARK: Resume ; 0 ; 23123 
[27723.784030] VT-GPIO_BENCHMARK: Pause ; 0 ; 43205 
[27724.811049] VT-GPIO_BENCHMARK: Resume ; 0 ; 38288 
[27730.086774] VT-GPIO_BENCHMARK: Pause ; 0 ; 39954 
[27731.094581] VT-GPIO_BENCHMARK: Resume ; 0 ; 41996 
[27734.051589] VT-GPIO_BENCHMARK: Pause ; 0 ; 36497 
[27735.058398] VT-GPIO_BENCHMARK: Resume ; 0 ; 30747 
[27740.260416] VT-GPIO_BENCHMARK: Pause ; 0 ; 32247 
[27741.280664] VT-GPIO_BENCHMARK: Resume ; 0 ; 23706 
[27743.722426] VT-GPIO_BENCHMARK: Pause ; 0 ; 47038 
[27744.749445] VT-GPIO_BENCHMARK: Resume ; 0 ; 39080 
[27750.092109] VT-GPIO_BENCHMARK: Pause ; 0 ; 32289 
[27751.118282] VT-GPIO_BENCHMARK: Resume ; 0 ; 26332 
[27753.844311] VT-GPIO_BENCHMARK: Pause ; 0 ; 31498 
[27754.851248] VT-GPIO_BENCHMARK: Resume ; 0 ; 29997 
[27760.089372] VT-GPIO_BENCHMARK: Pause ; 0 ; 32455 
[27761.095365] VT-GPIO_BENCHMARK: Resume ; 0 ; 23248 
[27763.537061] VT-GPIO_BENCHMARK: Pause ; 0 ; 41872 
[27764.564178] VT-GPIO_BENCHMARK: Resume ; 0 ; 35747 
[27769.922311] VT-GPIO_BENCHMARK: Pause ; 0 ; 40829 
[27770.948530] VT-GPIO_BENCHMARK: Resume ; 0 ; 27956 
[27773.949776] VT-GPIO_BENCHMARK: Pause ; 0 ; 36830 
[27774.956521] VT-GPIO_BENCHMARK: Resume ; 0 ; 29706 
[27780.098453] VT-GPIO_BENCHMARK: Pause ; 0 ; 32706 
[27781.104261] VT-GPIO_BENCHMARK: Resume ; 0 ; 23373 
[27783.665937] VT-GPIO_BENCHMARK: Pause ; 0 ; 48871 
[27784.693043] VT-GPIO_BENCHMARK: Resume ; 0 ; 36121 
[27789.992497] VT-GPIO_BENCHMARK: Pause ; 0 ; 34205 
[27791.000195] VT-GPIO_BENCHMARK: Resume ; 0 ; 22914 
[27793.798872] VT-GPIO_BENCHMARK: Pause ; 0 ; 35039 
[27794.805837] VT-GPIO_BENCHMARK: Resume ; 0 ; 30956 
[27800.027694] VT-GPIO_BENCHMARK: Pause ; 0 ; 34789 
[27801.033479] VT-GPIO_BENCHMARK: Resume ; 0 ; 26622 
[27803.430123] VT-GPIO_BENCHMARK: Pause ; 0 ; 37455 
[27804.439047] VT-GPIO_BENCHMARK: Resume ; 0 ; 37455 
[27809.893864] VT-GPIO_BENCHMARK: Pause ; 0 ; 39955 
[27810.901553] VT-GPIO_BENCHMARK: Resume ; 0 ; 27081 
[27813.931826] VT-GPIO_BENCHMARK: Pause ; 0 ; 32289 
[27814.938669] VT-GPIO_BENCHMARK: Resume ; 0 ; 27456 
[27820.063905] VT-GPIO_BENCHMARK: Pause ; 0 ; 33830 
[27821.084056] VT-GPIO_BENCHMARK: Resume ; 0 ; 22498 
[27823.525355] VT-GPIO_BENCHMARK: Pause ; 0 ; 42497 
[27824.551556] VT-GPIO_BENCHMARK: Resume ; 0 ; 31706 
[27829.916845] VT-GPIO_BENCHMARK: Pause ; 0 ; 36205 
[27830.924580] VT-GPIO_BENCHMARK: Resume ; 0 ; 27497 
[27833.944996] VT-GPIO_BENCHMARK: Pause ; 0 ; 34455 
[27834.951868] VT-GPIO_BENCHMARK: Resume ; 0 ; 32788 
[27840.091750] VT-GPIO_BENCHMARK: Pause ; 0 ; 34205 
[27841.112116] VT-GPIO_BENCHMARK: Resume ; 0 ; 25289 
[27843.572275] VT-GPIO_BENCHMARK: Pause ; 0 ; 42246 
[27844.598453] VT-GPIO_BENCHMARK: Resume ; 0 ; 30289 
[27849.948874] VT-GPIO_BENCHMARK: Pause ; 0 ; 36247 
[27850.956632] VT-GPIO_BENCHMARK: Resume ; 0 ; 25915 
[27853.980651] VT-GPIO_BENCHMARK: Pause ; 0 ; 34289 
[27854.992287] VT-GPIO_BENCHMARK: Resume ; 0 ; 31081 
[27860.128055] VT-GPIO_BENCHMARK: Pause ; 0 ; 39039 
[27861.148236] VT-GPIO_BENCHMARK: Resume ; 0 ; 27747 
[27863.684205] VT-GPIO_BENCHMARK: Pause ; 0 ; 45037 
[27864.710160] VT-GPIO_BENCHMARK: Resume ; 0 ; 38455 
[27870.010374] VT-GPIO_BENCHMARK: Pause ; 0 ; 34039 
[27871.018138] VT-GPIO_BENCHMARK: Resume ; 0 ; 24831 
[27873.791528] VT-GPIO_BENCHMARK: Pause ; 0 ; 32872 
[27874.798596] VT-GPIO_BENCHMARK: Resume ; 0 ; 32830 
