[ 6882.217461] VT-GPIO_BENCHMARK: Pause ; 0 ; 40122 
[ 6883.233258] VT-GPIO_BENCHMARK: Resume ; 0 ; 29331 
[ 6885.992441] VT-GPIO_BENCHMARK: Pause ; 0 ; 17499 
[ 6887.012816] VT-GPIO_BENCHMARK: Resume ; 0 ; 15290 
[ 6891.260130] VT-GPIO_BENCHMARK: Pause ; 0 ; 33831 
[ 6892.279373] VT-GPIO_BENCHMARK: Resume ; 0 ; 25997 
[ 6894.743507] VT-GPIO_BENCHMARK: Pause ; 0 ; 16499 
[ 6895.749939] VT-GPIO_BENCHMARK: Resume ; 0 ; 17457 
[ 6900.093289] VT-GPIO_BENCHMARK: Pause ; 0 ; 24790 
[ 6901.099243] VT-GPIO_BENCHMARK: Resume ; 0 ; 32581 
[ 6904.075209] VT-GPIO_BENCHMARK: Pause ; 0 ; 19624 
[ 6905.096286] VT-GPIO_BENCHMARK: Resume ; 0 ; 16707 
[ 6910.258322] VT-GPIO_BENCHMARK: Pause ; 0 ; 31039 
[ 6911.278608] VT-GPIO_BENCHMARK: Resume ; 0 ; 27873 
[ 6913.709113] VT-GPIO_BENCHMARK: Pause ; 0 ; 22040 
[ 6914.715539] VT-GPIO_BENCHMARK: Resume ; 0 ; 15124 
[ 6919.074270] VT-GPIO_BENCHMARK: Pause ; 0 ; 23790 
[ 6920.079969] VT-GPIO_BENCHMARK: Resume ; 0 ; 26956 
[ 6923.075693] VT-GPIO_BENCHMARK: Pause ; 0 ; 19165 
[ 6924.096467] VT-GPIO_BENCHMARK: Resume ; 0 ; 17207 
[ 6929.155254] VT-GPIO_BENCHMARK: Pause ; 0 ; 23206 
[ 6930.161009] VT-GPIO_BENCHMARK: Resume ; 0 ; 26831 
[ 6932.612392] VT-GPIO_BENCHMARK: Pause ; 0 ; 20873 
[ 6933.618790] VT-GPIO_BENCHMARK: Resume ; 0 ; 14749 
[ 6937.957026] VT-GPIO_BENCHMARK: Pause ; 0 ; 25789 
[ 6938.962856] VT-GPIO_BENCHMARK: Resume ; 0 ; 21081 
[ 6941.577748] VT-GPIO_BENCHMARK: Pause ; 0 ; 21790 
[ 6942.603680] VT-GPIO_BENCHMARK: Resume ; 0 ; 20082 
[ 6947.819369] VT-GPIO_BENCHMARK: Pause ; 0 ; 37330 
[ 6948.845181] VT-GPIO_BENCHMARK: Resume ; 0 ; 30039 
[ 6951.642603] VT-GPIO_BENCHMARK: Pause ; 0 ; 17249 
[ 6952.663011] VT-GPIO_BENCHMARK: Resume ; 0 ; 14957 
[ 6957.840978] VT-GPIO_BENCHMARK: Pause ; 0 ; 24790 
[ 6958.846645] VT-GPIO_BENCHMARK: Resume ; 0 ; 27040 
[ 6961.523849] VT-GPIO_BENCHMARK: Pause ; 0 ; 23248 
[ 6962.552647] VT-GPIO_BENCHMARK: Resume ; 0 ; 18791 
[ 6967.705836] VT-GPIO_BENCHMARK: Pause ; 0 ; 37414 
[ 6968.731922] VT-GPIO_BENCHMARK: Resume ; 0 ; 29789 
[ 6971.676234] VT-GPIO_BENCHMARK: Pause ; 0 ; 17082 
[ 6972.682666] VT-GPIO_BENCHMARK: Resume ; 0 ; 15541 
[ 6977.877322] VT-GPIO_BENCHMARK: Pause ; 0 ; 25581 
[ 6978.883178] VT-GPIO_BENCHMARK: Resume ; 0 ; 28998 
[ 6981.466199] VT-GPIO_BENCHMARK: Pause ; 0 ; 32206 
[ 6982.493076] VT-GPIO_BENCHMARK: Resume ; 0 ; 24456 
[ 6987.708180] VT-GPIO_BENCHMARK: Pause ; 0 ; 38205 
[ 6988.739669] VT-GPIO_BENCHMARK: Resume ; 0 ; 28248 
[ 6991.789428] VT-GPIO_BENCHMARK: Pause ; 0 ; 19374 
[ 6992.816211] VT-GPIO_BENCHMARK: Resume ; 0 ; 15165 
[ 6997.884040] VT-GPIO_BENCHMARK: Pause ; 0 ; 26873 
[ 6998.889799] VT-GPIO_BENCHMARK: Resume ; 0 ; 28956 
[ 7001.773951] VT-GPIO_BENCHMARK: Pause ; 0 ; 24290 
[ 7002.800945] VT-GPIO_BENCHMARK: Resume ; 0 ; 19540 
[ 7007.941438] VT-GPIO_BENCHMARK: Pause ; 0 ; 30289 
[ 7008.949058] VT-GPIO_BENCHMARK: Resume ; 0 ; 33164 
[ 7011.753137] VT-GPIO_BENCHMARK: Pause ; 0 ; 18582 
[ 7012.759811] VT-GPIO_BENCHMARK: Resume ; 0 ; 15373 
[ 7017.967655] VT-GPIO_BENCHMARK: Pause ; 0 ; 21706 
[ 7018.973354] VT-GPIO_BENCHMARK: Resume ; 0 ; 27122 
[ 7021.609600] VT-GPIO_BENCHMARK: Pause ; 0 ; 22539 
[ 7022.636444] VT-GPIO_BENCHMARK: Resume ; 0 ; 19415 
[ 7027.837515] VT-GPIO_BENCHMARK: Pause ; 0 ; 29290 
[ 7028.861768] VT-GPIO_BENCHMARK: Resume ; 0 ; 31998 
[ 7031.687002] VT-GPIO_BENCHMARK: Pause ; 0 ; 19498 
[ 7032.707771] VT-GPIO_BENCHMARK: Resume ; 0 ; 14832 
[ 7037.870635] VT-GPIO_BENCHMARK: Pause ; 0 ; 24540 
[ 7038.876392] VT-GPIO_BENCHMARK: Resume ; 0 ; 29123 
[ 7041.411016] VT-GPIO_BENCHMARK: Pause ; 0 ; 31914 
[ 7042.437888] VT-GPIO_BENCHMARK: Resume ; 0 ; 24206 
[ 7047.728917] VT-GPIO_BENCHMARK: Pause ; 0 ; 27164 
[ 7048.736607] VT-GPIO_BENCHMARK: Resume ; 0 ; 33373 
[ 7051.763142] VT-GPIO_BENCHMARK: Pause ; 0 ; 17748 
[ 7052.789900] VT-GPIO_BENCHMARK: Resume ; 0 ; 15082 
[ 7057.891840] VT-GPIO_BENCHMARK: Pause ; 0 ; 22873 
[ 7058.897512] VT-GPIO_BENCHMARK: Resume ; 0 ; 28997 
[ 7061.547859] VT-GPIO_BENCHMARK: Pause ; 0 ; 25706 
[ 7062.574794] VT-GPIO_BENCHMARK: Resume ; 0 ; 18999 
[ 7067.761548] VT-GPIO_BENCHMARK: Pause ; 0 ; 33747 
[ 7068.787758] VT-GPIO_BENCHMARK: Resume ; 0 ; 31498 
[ 7071.541082] VT-GPIO_BENCHMARK: Pause ; 0 ; 18123 
[ 7072.561828] VT-GPIO_BENCHMARK: Resume ; 0 ; 14416 
[ 7077.791254] VT-GPIO_BENCHMARK: Pause ; 0 ; 30790 
[ 7078.811572] VT-GPIO_BENCHMARK: Resume ; 0 ; 26914 
[ 7081.334408] VT-GPIO_BENCHMARK: Pause ; 0 ; 29748 
[ 7082.361960] VT-GPIO_BENCHMARK: Resume ; 0 ; 24539 
[ 7087.665016] VT-GPIO_BENCHMARK: Pause ; 0 ; 32539 
[ 7088.691163] VT-GPIO_BENCHMARK: Resume ; 0 ; 32997 
[ 7091.530303] VT-GPIO_BENCHMARK: Pause ; 0 ; 20165 
[ 7092.551023] VT-GPIO_BENCHMARK: Resume ; 0 ; 16332 
[ 7097.716360] VT-GPIO_BENCHMARK: Pause ; 0 ; 27040 
[ 7098.722205] VT-GPIO_BENCHMARK: Resume ; 0 ; 26081 
[ 7101.213605] VT-GPIO_BENCHMARK: Pause ; 0 ; 25457 
[ 7102.240484] VT-GPIO_BENCHMARK: Resume ; 0 ; 20249 
[ 7107.576269] VT-GPIO_BENCHMARK: Pause ; 0 ; 36538 
[ 7108.602365] VT-GPIO_BENCHMARK: Resume ; 0 ; 29789 
[ 7111.587903] VT-GPIO_BENCHMARK: Pause ; 0 ; 19540 
[ 7112.608734] VT-GPIO_BENCHMARK: Resume ; 0 ; 14624 
[ 7117.741874] VT-GPIO_BENCHMARK: Pause ; 0 ; 30747 
[ 7118.762034] VT-GPIO_BENCHMARK: Resume ; 0 ; 27831 
[ 7121.271414] VT-GPIO_BENCHMARK: Pause ; 0 ; 30289 
[ 7122.298200] VT-GPIO_BENCHMARK: Resume ; 0 ; 24957 
[ 7127.616215] VT-GPIO_BENCHMARK: Pause ; 0 ; 30998 
[ 7128.623742] VT-GPIO_BENCHMARK: Resume ; 0 ; 29956 
[ 7131.715257] VT-GPIO_BENCHMARK: Pause ; 0 ; 18998 
[ 7132.742286] VT-GPIO_BENCHMARK: Resume ; 0 ; 14874 
[ 7137.801170] VT-GPIO_BENCHMARK: Pause ; 0 ; 30831 
[ 7138.821369] VT-GPIO_BENCHMARK: Resume ; 0 ; 25248 
[ 7141.422666] VT-GPIO_BENCHMARK: Pause ; 0 ; 29539 
[ 7142.443751] VT-GPIO_BENCHMARK: Resume ; 0 ; 25289 
[ 7147.856008] VT-GPIO_BENCHMARK: Pause ; 0 ; 36247 
[ 7148.882219] VT-GPIO_BENCHMARK: Resume ; 0 ; 30206 
[ 7151.672010] VT-GPIO_BENCHMARK: Pause ; 0 ; 17416 
[ 7152.678562] VT-GPIO_BENCHMARK: Resume ; 0 ; 15374 
[ 7157.841365] VT-GPIO_BENCHMARK: Pause ; 0 ; 32497 
[ 7158.861622] VT-GPIO_BENCHMARK: Resume ; 0 ; 24456 
[ 7161.420563] VT-GPIO_BENCHMARK: Pause ; 0 ; 29872 
[ 7162.447500] VT-GPIO_BENCHMARK: Resume ; 0 ; 24540 
[ 7167.669413] VT-GPIO_BENCHMARK: Pause ; 0 ; 28997 
[ 7168.677150] VT-GPIO_BENCHMARK: Resume ; 0 ; 30206 
[ 7171.471934] VT-GPIO_BENCHMARK: Pause ; 0 ; 25290 
[ 7172.492885] VT-GPIO_BENCHMARK: Resume ; 0 ; 19623 
[ 7177.661666] VT-GPIO_BENCHMARK: Pause ; 0 ; 31706 
[ 7178.681984] VT-GPIO_BENCHMARK: Resume ; 0 ; 23290 
[ 7181.126232] VT-GPIO_BENCHMARK: Pause ; 0 ; 26498 
[ 7182.153134] VT-GPIO_BENCHMARK: Resume ; 0 ; 19707 
[ 7187.501860] VT-GPIO_BENCHMARK: Pause ; 0 ; 36705 
[ 7188.528123] VT-GPIO_BENCHMARK: Resume ; 0 ; 25165 
[ 7191.506480] VT-GPIO_BENCHMARK: Pause ; 0 ; 25040 
[ 7192.513088] VT-GPIO_BENCHMARK: Resume ; 0 ; 19415 
[ 7197.680919] VT-GPIO_BENCHMARK: Pause ; 0 ; 23748 
[ 7198.686555] VT-GPIO_BENCHMARK: Resume ; 0 ; 25664 
[ 7201.184488] VT-GPIO_BENCHMARK: Pause ; 0 ; 25706 
[ 7202.211371] VT-GPIO_BENCHMARK: Resume ; 0 ; 21456 
[ 7207.534573] VT-GPIO_BENCHMARK: Pause ; 0 ; 27039 
[ 7208.542286] VT-GPIO_BENCHMARK: Resume ; 0 ; 34955 
[ 7211.511821] VT-GPIO_BENCHMARK: Pause ; 0 ; 24540 
[ 7212.532587] VT-GPIO_BENCHMARK: Resume ; 0 ; 15499 
[ 7217.699690] VT-GPIO_BENCHMARK: Pause ; 0 ; 31331 
[ 7218.719887] VT-GPIO_BENCHMARK: Resume ; 0 ; 23748 
[ 7221.223891] VT-GPIO_BENCHMARK: Pause ; 0 ; 27789 
[ 7222.250945] VT-GPIO_BENCHMARK: Resume ; 0 ; 19582 
[ 7227.531309] VT-GPIO_BENCHMARK: Pause ; 0 ; 37664 
[ 7228.565296] VT-GPIO_BENCHMARK: Resume ; 0 ; 25540 
[ 7231.592992] VT-GPIO_BENCHMARK: Pause ; 0 ; 17707 
[ 7232.613795] VT-GPIO_BENCHMARK: Resume ; 0 ; 15749 
[ 7237.719987] VT-GPIO_BENCHMARK: Pause ; 0 ; 30914 
[ 7238.740273] VT-GPIO_BENCHMARK: Resume ; 0 ; 25998 
[ 7241.219706] VT-GPIO_BENCHMARK: Pause ; 0 ; 25539 
[ 7242.245487] VT-GPIO_BENCHMARK: Resume ; 0 ; 19748 
[ 7247.548006] VT-GPIO_BENCHMARK: Pause ; 0 ; 26998 
[ 7248.561885] VT-GPIO_BENCHMARK: Resume ; 0 ; 32997 
[ 7251.325129] VT-GPIO_BENCHMARK: Pause ; 0 ; 23332 
[ 7252.345894] VT-GPIO_BENCHMARK: Resume ; 0 ; 14832 
[ 7257.564483] VT-GPIO_BENCHMARK: Pause ; 0 ; 28331 
[ 7258.584987] VT-GPIO_BENCHMARK: Resume ; 0 ; 23164 
[ 7261.048186] VT-GPIO_BENCHMARK: Pause ; 0 ; 25915 
[ 7262.081348] VT-GPIO_BENCHMARK: Resume ; 0 ; 19957 
[ 7267.397660] VT-GPIO_BENCHMARK: Pause ; 0 ; 35872 
[ 7268.423843] VT-GPIO_BENCHMARK: Resume ; 0 ; 31165 
[ 7271.450011] VT-GPIO_BENCHMARK: Pause ; 0 ; 23081 
[ 7272.474324] VT-GPIO_BENCHMARK: Resume ; 0 ; 18873 
[ 7277.577183] VT-GPIO_BENCHMARK: Pause ; 0 ; 24456 
[ 7278.583001] VT-GPIO_BENCHMARK: Resume ; 0 ; 27081 
[ 7281.121741] VT-GPIO_BENCHMARK: Pause ; 0 ; 29622 
[ 7282.149680] VT-GPIO_BENCHMARK: Resume ; 0 ; 20040 
[ 7287.441609] VT-GPIO_BENCHMARK: Pause ; 0 ; 37164 
[ 7288.467815] VT-GPIO_BENCHMARK: Resume ; 0 ; 32789 
[ 7291.514132] VT-GPIO_BENCHMARK: Pause ; 0 ; 23289 
[ 7292.520836] VT-GPIO_BENCHMARK: Resume ; 0 ; 19623 
[ 7297.641124] VT-GPIO_BENCHMARK: Pause ; 0 ; 26415 
[ 7298.646878] VT-GPIO_BENCHMARK: Resume ; 0 ; 28289 
[ 7301.147590] VT-GPIO_BENCHMARK: Pause ; 0 ; 28539 
[ 7302.179985] VT-GPIO_BENCHMARK: Resume ; 0 ; 18582 
[ 7307.517154] VT-GPIO_BENCHMARK: Pause ; 0 ; 36455 
[ 7308.543384] VT-GPIO_BENCHMARK: Resume ; 0 ; 29331 
[ 7311.516544] VT-GPIO_BENCHMARK: Pause ; 0 ; 24123 
[ 7312.537466] VT-GPIO_BENCHMARK: Resume ; 0 ; 16624 
[ 7317.700845] VT-GPIO_BENCHMARK: Pause ; 0 ; 23331 
[ 7318.706544] VT-GPIO_BENCHMARK: Resume ; 0 ; 27331 
[ 7321.250318] VT-GPIO_BENCHMARK: Pause ; 0 ; 27165 
[ 7322.277406] VT-GPIO_BENCHMARK: Resume ; 0 ; 19415 
[ 7327.556002] VT-GPIO_BENCHMARK: Pause ; 0 ; 38830 
[ 7328.582263] VT-GPIO_BENCHMARK: Resume ; 0 ; 28456 
[ 7331.511417] VT-GPIO_BENCHMARK: Pause ; 0 ; 24873 
[ 7332.532184] VT-GPIO_BENCHMARK: Resume ; 0 ; 15207 
[ 7337.728013] VT-GPIO_BENCHMARK: Pause ; 0 ; 28830 
[ 7338.733799] VT-GPIO_BENCHMARK: Resume ; 0 ; 27498 
[ 7341.377065] VT-GPIO_BENCHMARK: Pause ; 0 ; 27956 
[ 7342.403939] VT-GPIO_BENCHMARK: Resume ; 0 ; 19706 
[ 7347.592280] VT-GPIO_BENCHMARK: Pause ; 0 ; 35289 
[ 7348.618486] VT-GPIO_BENCHMARK: Resume ; 0 ; 30539 
[ 7351.550385] VT-GPIO_BENCHMARK: Pause ; 0 ; 18832 
[ 7352.571158] VT-GPIO_BENCHMARK: Resume ; 0 ; 16540 
[ 7357.761580] VT-GPIO_BENCHMARK: Pause ; 0 ; 30289 
[ 7358.781836] VT-GPIO_BENCHMARK: Resume ; 0 ; 25581 
[ 7361.287336] VT-GPIO_BENCHMARK: Pause ; 0 ; 25456 
[ 7362.314362] VT-GPIO_BENCHMARK: Resume ; 0 ; 20373 
[ 7367.590053] VT-GPIO_BENCHMARK: Pause ; 0 ; 28373 
[ 7368.597827] VT-GPIO_BENCHMARK: Resume ; 0 ; 33414 
[ 7371.554841] VT-GPIO_BENCHMARK: Pause ; 0 ; 19498 
[ 7372.561668] VT-GPIO_BENCHMARK: Resume ; 0 ; 14415 
[ 7377.763685] VT-GPIO_BENCHMARK: Pause ; 0 ; 30497 
[ 7378.783909] VT-GPIO_BENCHMARK: Resume ; 0 ; 22707 
[ 7381.225626] VT-GPIO_BENCHMARK: Pause ; 0 ; 26706 
[ 7382.252682] VT-GPIO_BENCHMARK: Resume ; 0 ; 19457 
[ 7387.595364] VT-GPIO_BENCHMARK: Pause ; 0 ; 35330 
[ 7388.621522] VT-GPIO_BENCHMARK: Resume ; 0 ; 29456 
[ 7391.347527] VT-GPIO_BENCHMARK: Pause ; 0 ; 23289 
[ 7392.354446] VT-GPIO_BENCHMARK: Resume ; 0 ; 20874 
[ 7397.592569] VT-GPIO_BENCHMARK: Pause ; 0 ; 29956 
[ 7398.598567] VT-GPIO_BENCHMARK: Resume ; 0 ; 27914 
[ 7401.040218] VT-GPIO_BENCHMARK: Pause ; 0 ; 28081 
[ 7402.067313] VT-GPIO_BENCHMARK: Resume ; 0 ; 21165 
[ 7407.425467] VT-GPIO_BENCHMARK: Pause ; 0 ; 37788 
[ 7408.451716] VT-GPIO_BENCHMARK: Resume ; 0 ; 29831 
[ 7411.452880] VT-GPIO_BENCHMARK: Pause ; 0 ; 21706 
[ 7412.459679] VT-GPIO_BENCHMARK: Resume ; 0 ; 20207 
[ 7417.601572] VT-GPIO_BENCHMARK: Pause ; 0 ; 26789 
[ 7418.607418] VT-GPIO_BENCHMARK: Resume ; 0 ; 26331 
[ 7421.169016] VT-GPIO_BENCHMARK: Pause ; 0 ; 28915 
[ 7422.196129] VT-GPIO_BENCHMARK: Resume ; 0 ; 18082 
[ 7427.495574] VT-GPIO_BENCHMARK: Pause ; 0 ; 28915 
[ 7428.503313] VT-GPIO_BENCHMARK: Resume ; 0 ; 32913 
[ 7431.301929] VT-GPIO_BENCHMARK: Pause ; 0 ; 19582 
[ 7432.308909] VT-GPIO_BENCHMARK: Resume ; 0 ; 15915 
[ 7437.530730] VT-GPIO_BENCHMARK: Pause ; 0 ; 24081 
[ 7438.536520] VT-GPIO_BENCHMARK: Resume ; 0 ; 28122 
[ 7440.933162] VT-GPIO_BENCHMARK: Pause ; 0 ; 30039 
[ 7441.942061] VT-GPIO_BENCHMARK: Resume ; 0 ; 20999 
[ 7447.396835] VT-GPIO_BENCHMARK: Pause ; 0 ; 29039 
[ 7448.404579] VT-GPIO_BENCHMARK: Resume ; 0 ; 32997 
[ 7451.434781] VT-GPIO_BENCHMARK: Pause ; 0 ; 21539 
[ 7452.441665] VT-GPIO_BENCHMARK: Resume ; 0 ; 14999 
[ 7457.566865] VT-GPIO_BENCHMARK: Pause ; 0 ; 30164 
[ 7458.587030] VT-GPIO_BENCHMARK: Resume ; 0 ; 27706 
[ 7461.028320] VT-GPIO_BENCHMARK: Pause ; 0 ; 28331 
[ 7462.054522] VT-GPIO_BENCHMARK: Resume ; 0 ; 19957 
[ 7467.419786] VT-GPIO_BENCHMARK: Pause ; 0 ; 28831 
[ 7468.427530] VT-GPIO_BENCHMARK: Resume ; 0 ; 34080 
[ 7471.447905] VT-GPIO_BENCHMARK: Pause ; 0 ; 24415 
[ 7472.454792] VT-GPIO_BENCHMARK: Resume ; 0 ; 19832 
[ 7477.594671] VT-GPIO_BENCHMARK: Pause ; 0 ; 32164 
[ 7478.615018] VT-GPIO_BENCHMARK: Resume ; 0 ; 25122 
[ 7481.075132] VT-GPIO_BENCHMARK: Pause ; 0 ; 25623 
[ 7482.101306] VT-GPIO_BENCHMARK: Resume ; 0 ; 19706 
[ 7487.451746] VT-GPIO_BENCHMARK: Pause ; 0 ; 29622 
[ 7488.459514] VT-GPIO_BENCHMARK: Resume ; 0 ; 33581 
[ 7491.483490] VT-GPIO_BENCHMARK: Pause ; 0 ; 26289 
[ 7492.495138] VT-GPIO_BENCHMARK: Resume ; 0 ; 19623 
[ 7497.630862] VT-GPIO_BENCHMARK: Pause ; 0 ; 29456 
[ 7498.651084] VT-GPIO_BENCHMARK: Resume ; 0 ; 25956 
[ 7501.187018] VT-GPIO_BENCHMARK: Pause ; 0 ; 27581 
[ 7502.212973] VT-GPIO_BENCHMARK: Resume ; 0 ; 18665 
[ 7507.513172] VT-GPIO_BENCHMARK: Pause ; 0 ; 30664 
[ 7508.520945] VT-GPIO_BENCHMARK: Resume ; 0 ; 32747 
[ 7511.294299] VT-GPIO_BENCHMARK: Pause ; 0 ; 24498 
[ 7512.301361] VT-GPIO_BENCHMARK: Resume ; 0 ; 14540 
