 
0 ,  
1018639086 ,  
2041674515 ,  
3060680274 ,  
4066174528 ,  
5085543795 ,  
6099204049 ,  
7118564596 ,  
8124181409 ,  
9143460625 ,  
10163490441 ,  
11182981432 ,  
12188569331 ,  
13194939096 ,  
14200800438 ,  
15207184579 ,  
16214678327 ,  
17235285726 ,  
18242842257 ,  
19263305578 ,  
20283263720 ,  
21303763704 ,  
22309533171 ,  
23330087855 ,  
24350104574 ,  
25356685570 ,  
26376676634 ,  
27403475942 ,  
28429522012 ,  
29435984111 ,  
30456065127 ,  
31464703468 ,  
32472195395 ,  
33495131732 ,  
34515424654 ,  
35524150202 ,  
36550006628 ,  
37570595038 ,  
38576296834 ,  
39596773301 ,  
40622698855 ,  
41629307886 ,  
42634946619 ,  
43641522535 ,  
44667419895 ,  
45674110853 ,  
46681665819 ,  
47702227679 ,  
48728212505 ,  
49734677206 ,  
50760817068 ,  
51781434316 ,  
52789052221 ,  
53795677221 ,  
54803289554 ,  
55810110090 ,  
56816001201 ,  
57836617901 ,  
58856664610 ,  
59883587180 ,  
60909603114 ,  
61936595397 ,  
62942390733 ,  
63969346826 ,  
64976992108 ,  
66004011248 ,  
67024089592 ,  
68033069626 ,  
69040631778 ,  
70067437467 ,  
71087417516 ,  
72108087398 ,  
73134072047 ,  
74140682622 ,  
75160582428 ,  
76169512835 ,  
77195580227 ,  
78202299169 ,  
79207914622 ,  
80235080750 ,  
81242735888 ,  
82263312751 ,  
83283326706 ,  
84310226519 ,  
85336264823 ,  
86357065956 ,  
87377085327 ,  
88404009888 ,  
89411601034 ,  
90432327885 ,  
91452434876 ,  
92461354661 ,  
93468846235 ,  
94489761283 ,  
95495466823 ,  
96521317188 ,  
97528989255 ,  
98550339355 ,  
99556165685 ,  
100583059343 ,  
101590670466 ,  
102597554545 ,  
103603477170 ,  
104629295638 ,  
105655365339 ,  
106662281137 ,  
107668016916 ,  
108693812356 ,  
109701486709 ,  
110708334151 ,  
111728437103 ,  
112754386251 ,  
113761933839 ,  
114768932743 ,  
115774619350 ,  
116783557372 ,  
117791234675 ,  
118798229640 ,  
119818409413 ,  
120848837715 ,  
121874828567 ,  
122881640820 ,  
123887401379 ,  
124913126182 ,  
125939378366 ,  
126966540618 ,  
127972307825 ,  
128979325532 ,  
