 
0 ,  
1024218979 ,  
2048192798 ,  
3066136341 ,  
4073531695 ,  
5097378304 ,  
6121231922 ,  
7139422352 ,  
8164883764 ,  
9189998425 ,  
10197528659 ,  
11203872223 ,  
12230128023 ,  
13237674942 ,  
14263279444 ,  
15269747622 ,  
16277177102 ,  
17303270502 ,  
18329911860 ,  
19348642014 ,  
20356132760 ,  
21382209799 ,  
22389659540 ,  
23408368963 ,  
24415913183 ,  
25442351587 ,  
26449871728 ,  
27457544450 ,  
28484041141 ,  
29510470504 ,  
30524099188 ,  
31542831500 ,  
32569751892 ,  
33604019455 ,  
34611662421 ,  
35619224723 ,  
36645624154 ,  
37653159868 ,  
38660753642 ,  
39679415136 ,  
40686861895 ,  
41694586507 ,  
42721165616 ,  
43727941411 ,  
44754540638 ,  
45781003566 ,  
46807607121 ,  
47826378051 ,  
48833966532 ,  
49860355191 ,  
50867933184 ,  
51886666643 ,  
52894334502 ,  
53902252612 ,  
54910011492 ,  
55916980296 ,  
56943573337 ,  
57970122603 ,  
58977650405 ,  
59996448843 ,  
61004021674 ,  
62019557951 ,  
63027119393 ,  
64045830769 ,  
65072160199 ,  
66079786634 ,  
67087347493 ,  
68094202696 ,  
69101716185 ,  
70128145051 ,  
71154784062 ,  
72173539728 ,  
73181077689 ,  
74188630945 ,  
75215103090 ,  
76221862337 ,  
77233156111 ,  
78240839154 ,  
79248361768 ,  
80255294088 ,  
81263011640 ,  
82270593914 ,  
83297102575 ,  
84303991416 ,  
85330453605 ,  
86338115046 ,  
87364491021 ,  
88371461397 ,  
89397937966 ,  
90424353987 ,  
91430171855 ,  
92437654203 ,  
93470299515 ,  
94497024273 ,  
95504576739 ,  
96511725636 ,  
97519317235 ,  
98545820754 ,  
99572416726 ,  
100579539125 ,  
101606088332 ,  
102613719992 ,  
103640222517 ,  
104647247549 ,  
105654898258 ,  
106681301144 ,  
107689088316 ,  
108696607470 ,  
109704319728 ,  
110712024214 ,  
111738463900 ,  
112745579800 ,  
113753295500 ,  
114760905829 ,  
115787665139 ,  
116794811293 ,  
117802496128 ,  
118828929886 ,  
119836621842 ,  
120843800717 ,  
121870217809 ,  
122877928604 ,  
123885680985 ,  
124892929327 ,  
125900639280 ,  
126926989403 ,  
127934719282 ,  
128942685110 ,  
