 
0 ,  
1018516516 ,  
2042124147 ,  
3060637947 ,  
4084458883 ,  
5102982675 ,  
6127434005 ,  
7133828964 ,  
8158893233 ,  
9178248271 ,  
10185643356 ,  
11192120087 ,  
12212123904 ,  
13218475724 ,  
14225842969 ,  
15232223864 ,  
16237705850 ,  
17258275343 ,  
18283886580 ,  
19310831097 ,  
20330852189 ,  
21351518125 ,  
22377527906 ,  
23384062238 ,  
24404060328 ,  
25410538455 ,  
26416233543 ,  
27436767904 ,  
28446942891 ,  
29453417101 ,  
30473776240 ,  
31480131914 ,  
32487679332 ,  
33498287801 ,  
34524367228 ,  
35555983069 ,  
36581810641 ,  
37588460161 ,  
38614526626 ,  
39635214502 ,  
40661065486 ,  
41667536855 ,  
42675080105 ,  
43681463355 ,  
44701385274 ,  
45722294340 ,  
46748275395 ,  
47754902960 ,  
48774844336 ,  
49781442324 ,  
50787417096 ,  
51808050818 ,  
52830808913 ,  
53837312086 ,  
54857286473 ,  
55868611730 ,  
56874430404 ,  
57895124302 ,  
58915225438 ,  
59924010095 ,  
60931590792 ,  
61952130669 ,  
62972140237 ,  
63980623012 ,  
65006736299 ,  
66027523498 ,  
67047506119 ,  
68056319749 ,  
69082297307 ,  
70109338922 ,  
71115094345 ,  
72121893581 ,  
73146872695 ,  
74153464871 ,  
75160104730 ,  
76168977838 ,  
77195055702 ,  
78215689032 ,  
79221479522 ,  
80230265276 ,  
81256285033 ,  
82276949416 ,  
83282578186 ,  
84309297336 ,  
85316839362 ,  
86343695838 ,  
87349390452 ,  
88376213398 ,  
89383665449 ,  
90410701217 ,  
91430730624 ,  
92439455600 ,  
93447003160 ,  
94453750029 ,  
95459375144 ,  
96468188716 ,  
97483640307 ,  
98504298215 ,  
99524373031 ,  
100551222069 ,  
101577144088 ,  
102583809670 ,  
103591510059 ,  
104612415393 ,  
105632579147 ,  
106644301639 ,  
107650021606 ,  
108659105804 ,  
109685000704 ,  
110691775035 ,  
111711867544 ,  
112738844567 ,  
113744667530 ,  
114751576278 ,  
115757337335 ,  
116766191108 ,  
117792186373 ,  
118799157422 ,  
119819261615 ,  
120846306135 ,  
121872316413 ,  
122879228402 ,  
123884961663 ,  
124911974160 ,  
125939034123 ,  
126945846352 ,  
127951639551 ,  
128977485496 ,  
