0 ,  
1013113010 ,  
2031605018 ,  
3055230000 ,  
4073724673 ,  
5097546180 ,  
6116058391 ,  
7140521592 ,  
8146905844 ,  
9171978575 ,  
10191312505 ,  
11198740374 ,  
12205184870 ,  
13225221741 ,  
14231539914 ,  
15238918578 ,  
16245268913 ,  
17250744906 ,  
18271299436 ,  
19296894285 ,  
20323764314 ,  
21343774432 ,  
22364407912 ,  
23390451928 ,  
24396988119 ,  
25417029025 ,  
26423469430 ,  
27429180940 ,  
28449733844 ,  
29459933176 ,  
30466403037 ,  
31486734873 ,  
32493113741 ,  
33500669258 ,  
34511254012 ,  
35537324270 ,  
36568904388 ,  
37594768787 ,  
38601389048 ,  
39627460846 ,  
40648128442 ,  
41673985255 ,  
42680429405 ,  
43688023955 ,  
44694374654 ,  
45714278353 ,  
46735164553 ,  
47761118358 ,  
48767741072 ,  
49787713849 ,  
50794311732 ,  
51800275918 ,  
52820891014 ,  
53843663089 ,  
54850166020 ,  
55870178833 ,  
56881505976 ,  
57887322799 ,  
58907998804 ,  
59928093732 ,  
60936858967 ,  
61944428721 ,  
62964981610 ,  
63985021207 ,  
64993462426 ,  
66019601872 ,  
67040401028 ,  
68060376381 ,  
69069199899 ,  
70095175193 ,  
71122202980 ,  
72127957261 ,  
73134767200 ,  
74159780908 ,  
75166358576 ,  
76173030777 ,  
77181906495 ,  
78208014441 ,  
79228624942 ,  
80234412049 ,  
81243176898 ,  
82269193267 ,  
83289844221 ,  
84295504671 ,  
85322202772 ,  
86329749558 ,  
87356573147 ,  
88362236678 ,  
89389061807 ,  
90396484894 ,  
91423492508 ,  
92443514972 ,  
93452224283 ,  
94459773151 ,  
95466461342 ,  
96472096122 ,  
97480908837 ,  
98496326903 ,  
99516998892 ,  
100537061974 ,  
101563891181 ,  
102589824507 ,  
103596448409 ,  
104604186131 ,  
105625062932 ,  
106645220585 ,  
107656910715 ,  
108662666231 ,  
109671751586 ,  
110697636538 ,  
111704407923 ,  
112724538285 ,  
113751488644 ,  
114757289695 ,  
115764188067 ,  
116769949496 ,  
117778761704 ,  
118804740645 ,  
119811669763 ,  
120831767792 ,  
121858783808 ,  
122884797744 ,  
123891699531 ,  
124897419418 ,  
125924430558 ,  
126951479487 ,  
127958282739 ,  
128964059411 ,  
129989919068 ,  
