 
1007229498 ,  
2031472058 ,  
3051270770 ,  
4074420618 ,  
5097727652 ,  
6121479696 ,  
7141331428 ,  
8148610791 ,  
9155981123 ,  
10163374868 ,  
11181820357 ,  
12189319877 ,  
13196631109 ,  
14222763593 ,  
15242492989 ,  
16268632901 ,  
17275974461 ,  
18283364705 ,  
19289610811 ,  
20315684501 ,  
21342552318 ,  
22349853419 ,  
23368420705 ,  
24388609434 ,  
25395868280 ,  
26403238305 ,  
27421879012 ,  
28429322020 ,  
29455747064 ,  
30482245526 ,  
31488523213 ,  
32514951520 ,  
33522319506 ,  
34529631568 ,  
35536025010 ,  
36543306255 ,  
37550688069 ,  
38558209927 ,  
39564547308 ,  
40571976884 ,  
41579412343 ,  
42586809494 ,  
43593745686 ,  
44614033045 ,  
45621477710 ,  
46628936211 ,  
47635451425 ,  
48640906024 ,  
49648313969 ,  
50668444297 ,  
51688579816 ,  
52695895694 ,  
53722313624 ,  
54729714570 ,  
55748383249 ,  
56755854902 ,  
57782120251 ,  
58789671052 ,  
59808401610 ,  
60818675877 ,  
61826090225 ,  
62852529139 ,  
63871292790 ,  
64897798952 ,  
65924273016 ,  
66931674307 ,  
67950427349 ,  
68957864215 ,  
69965333510 ,  
70991802663 ,  
71998347265 ,  
73024703031 ,  
74032085290 ,  
75058435707 ,  
76065142359 ,  
77091563228 ,  
78099057914 ,  
79125289577 ,  
80132169199 ,  
81158562474 ,  
82184919205 ,  
83192225724 ,  
84199026713 ,  
85225354609 ,  
86232885160 ,  
87259295577 ,  
88266827635 ,  
89277002775 ,  
90303202316 ,  
91310752703 ,  
92317356327 ,  
93332576214 ,  
94358960424 ,  
95385327346 ,  
96392150840 ,  
97399582948 ,  
98426039445 ,  
99433436338 ,  
100440285576 ,  
101467401458 ,  
102474955624 ,  
103501449400 ,  
104508301003 ,  
105534806384 ,  
106561214179 ,  
107568579018 ,  
108587664084 ,  
109595283738 ,  
110621603138 ,  
111629207015 ,  
112635993694 ,  
113643430351 ,  
114650986174 ,  
115677387181 ,  
116684177861 ,  
117691727843 ,  
118699401329 ,  
119725838527 ,  
120732715447 ,  
121759101772 ,  
122785455122 ,  
123811642966 ,  
124818711632 ,  
125826204343 ,  
126833699421 ,  
127841120413 ,  
128860325246 ,  
