 
0 ,  
1007194927 ,  
2031460754 ,  
3051296726 ,  
4074465354 ,  
5097802408 ,  
6121582420 ,  
7141421996 ,  
8148714403 ,  
9156089853 ,  
10163495441 ,  
11181961479 ,  
12189489656 ,  
13196834162 ,  
14222953918 ,  
15242667547 ,  
16268816782 ,  
17276162400 ,  
18283550096 ,  
19289841017 ,  
20315952948 ,  
21342829430 ,  
22350153261 ,  
23368730756 ,  
24388955661 ,  
25396209884 ,  
26403616881 ,  
27422291132 ,  
28429734989 ,  
29456184849 ,  
30482740003 ,  
31489025218 ,  
32515416301 ,  
33522816427 ,  
34530107083 ,  
35536505322 ,  
36543792962 ,  
37551201386 ,  
38558761087 ,  
39565100855 ,  
40572523567 ,  
41579957579 ,  
42587375271 ,  
43594334409 ,  
44614625699 ,  
45622094463 ,  
46629557575 ,  
47636112291 ,  
48641553068 ,  
49648942168 ,  
50669053532 ,  
51689166524 ,  
52696463694 ,  
53722859682 ,  
54730256583 ,  
55748911433 ,  
56756342359 ,  
57782590362 ,  
58790140563 ,  
59808889134 ,  
60819128521 ,  
61826524876 ,  
62852967175 ,  
63871717178 ,  
64898197776 ,  
65924660225 ,  
66932065421 ,  
67950818958 ,  
68958220365 ,  
69965676452 ,  
70992150003 ,  
71998703572 ,  
73025052682 ,  
74032444334 ,  
75058835394 ,  
76065569518 ,  
77091992512 ,  
78099478933 ,  
79125735913 ,  
80132626320 ,  
81159005334 ,  
82185387165 ,  
83192702186 ,  
84199519499 ,  
85225841698 ,  
86233387258 ,  
87259809625 ,  
88267335180 ,  
89277514812 ,  
90303713788 ,  
91311252896 ,  
92317870509 ,  
93333067021 ,  
94359428439 ,  
95385796141 ,  
96392573049 ,  
97399989014 ,  
98426445986 ,  
99433846213 ,  
100440719645 ,  
101467795470 ,  
102475363907 ,  
103501863523 ,  
104508703207 ,  
105535199769 ,  
106561605042 ,  
107568971519 ,  
108588061043 ,  
109595663683 ,  
110622001537 ,  
111629609689 ,  
112636401314 ,  
113643836271 ,  
114651380946 ,  
115677778482 ,  
116684557862 ,  
117692095371 ,  
118699773530 ,  
119726196508 ,  
120733094982 ,  
121759456886 ,  
122785788126 ,  
123811963670 ,  
124819017488 ,  
125826495859 ,  
126833999776 ,  
127841446968 ,  
128860645784 ,  
