 
0 ,  
1007164654 ,  
2031382476 ,  
3051183760 ,  
4074301726 ,  
5097617394 ,  
6121352498 ,  
7141188557 ,  
8148472253 ,  
9155828409 ,  
10163206958 ,  
11181636046 ,  
12189102070 ,  
13196417897 ,  
14222530973 ,  
15242232058 ,  
16268336756 ,  
17275690867 ,  
18283063406 ,  
19289371242 ,  
20315516462 ,  
21342425754 ,  
22349764612 ,  
23368370853 ,  
24388616843 ,  
25395913439 ,  
26403335454 ,  
27421991490 ,  
28429469292 ,  
29455898567 ,  
30482419091 ,  
31488741254 ,  
32515169046 ,  
33522550575 ,  
34529844707 ,  
35536255730 ,  
36543538701 ,  
37550958697 ,  
38558496119 ,  
39564843072 ,  
40572275765 ,  
41579719838 ,  
42587130697 ,  
43594076112 ,  
44614353257 ,  
45621859595 ,  
46629327252 ,  
47635875964 ,  
48641357732 ,  
49648790974 ,  
50668909120 ,  
51689038611 ,  
52696373721 ,  
53722792455 ,  
54730198898 ,  
55748887598 ,  
56756311020 ,  
57782570074 ,  
58790153459 ,  
59808908301 ,  
60819171488 ,  
61826569853 ,  
62853004968 ,  
63871790531 ,  
64898286615 ,  
65924749934 ,  
66932138395 ,  
67950885290 ,  
68958275892 ,  
69965754008 ,  
70992218627 ,  
71998786065 ,  
73025127611 ,  
74032534042 ,  
75058880195 ,  
76065611620 ,  
77092043917 ,  
78099529726 ,  
79125781353 ,  
80132681615 ,  
81159079466 ,  
82185456548 ,  
83192749247 ,  
84199562375 ,  
85225869894 ,  
86233385852 ,  
87259789073 ,  
88267339160 ,  
89277533900 ,  
90303730903 ,  
91311280381 ,  
92317913568 ,  
93333139154 ,  
94359513813 ,  
95385884135 ,  
96392686939 ,  
97400094355 ,  
98426553219 ,  
99433970120 ,  
100440850217 ,  
101467948355 ,  
102475536669 ,  
103502026907 ,  
104508839725 ,  
105535286385 ,  
106561692955 ,  
107569048136 ,  
108588119350 ,  
109595713662 ,  
110622020321 ,  
111629611279 ,  
112636386894 ,  
113643794454 ,  
114651369599 ,  
115677769401 ,  
116684576554 ,  
117692108107 ,  
118699764546 ,  
119726198047 ,  
120733101446 ,  
121759492564 ,  
122785800638 ,  
123811983335 ,  
124819032997 ,  
125826506467 ,  
126834002684 ,  
127841443951 ,  
128860635077 ,  
