0 ,  
1010644460 ,  
2017850299 ,  
3042075005 ,  
4061868428 ,  
5085008830 ,  
6108340546 ,  
7132082351 ,  
8151911866 ,  
9159172622 ,  
10166565657 ,  
11173955525 ,  
12192379947 ,  
13199864803 ,  
14207189757 ,  
15233273227 ,  
16252975411 ,  
17279061461 ,  
18286419699 ,  
19293814056 ,  
20300061594 ,  
21326148224 ,  
22353006912 ,  
23360305273 ,  
24378851629 ,  
25399053301 ,  
26406322411 ,  
27413709968 ,  
28432352226 ,  
29439783986 ,  
30466179994 ,  
31492692573 ,  
32498971886 ,  
33525372556 ,  
34532723607 ,  
35540022620 ,  
36546391921 ,  
37553653352 ,  
38561042061 ,  
39568578425 ,  
40574888142 ,  
41582293932 ,  
42589713594 ,  
43597124296 ,  
44604075621 ,  
45624338680 ,  
46631790711 ,  
47639238781 ,  
48645734557 ,  
49651195463 ,  
50658579451 ,  
51678662891 ,  
52698766623 ,  
53706089196 ,  
54732490634 ,  
55739885199 ,  
56758524967 ,  
57765949154 ,  
58792196810 ,  
59799771315 ,  
60818501446 ,  
61828752887 ,  
62836155652 ,  
63862585827 ,  
64881347282 ,  
65907823409 ,  
66934281579 ,  
67941698837 ,  
68960459455 ,  
69967889043 ,  
70975309256 ,  
72001745504 ,  
73008299874 ,  
74034619673 ,  
75042019883 ,  
76068346053 ,  
77075046614 ,  
78101472816 ,  
79108958724 ,  
80135206106 ,  
81142098229 ,  
82168495679 ,  
83194859381 ,  
84202159173 ,  
85208921511 ,  
86235220798 ,  
87242735111 ,  
88269168469 ,  
89276700403 ,  
90286891650 ,  
91313070192 ,  
92320652160 ,  
93327268752 ,  
94342499563 ,  
95368866960 ,  
96395219898 ,  
97402012762 ,  
98409421406 ,  
99435865625 ,  
100443254519 ,  
101450113081 ,  
102477213824 ,  
103484787282 ,  
104511280616 ,  
105518074139 ,  
106544560388 ,  
107570951602 ,  
108578306282 ,  
109597369334 ,  
110604998238 ,  
111631335871 ,  
112638905570 ,  
113645666338 ,  
114653083882 ,  
115660644204 ,  
116687079573 ,  
117693840919 ,  
118701406528 ,  
119709088460 ,  
120735510201 ,  
121742397573 ,  
122768787398 ,  
123795121060 ,  
124821313942 ,  
125828357507 ,  
126835842200 ,  
127843358597 ,  
128850802249 ,  
129869984477 ,  
